[2024-08-13T17:00:49.488+0000] {local_task_job_runner.py:120} INFO - ::group::Pre task execution logs
[2024-08-13T17:00:49.503+0000] {taskinstance.py:2076} INFO - Dependencies all met for dep_context=non-requeueable deps ti=<TaskInstance: podcast_summary.load_data manual__2024-08-13T17:00:46.576211+00:00 [queued]>
[2024-08-13T17:00:49.507+0000] {taskinstance.py:2076} INFO - Dependencies all met for dep_context=requeueable deps ti=<TaskInstance: podcast_summary.load_data manual__2024-08-13T17:00:46.576211+00:00 [queued]>
[2024-08-13T17:00:49.508+0000] {taskinstance.py:2306} INFO - Starting attempt 1 of 1
[2024-08-13T17:00:49.516+0000] {taskinstance.py:2330} INFO - Executing <Task(_PythonDecoratedOperator): load_data> on 2024-08-13 17:00:46.576211+00:00
[2024-08-13T17:00:49.520+0000] {warnings.py:112} WARNING - /home/***/.local/lib/python3.12/site-packages/***/task/task_runner/standard_task_runner.py:62: DeprecationWarning: This process (pid=1327) is multi-threaded, use of fork() may lead to deadlocks in the child.
  pid = os.fork()

[2024-08-13T17:00:49.520+0000] {standard_task_runner.py:64} INFO - Started process 1329 to run task
[2024-08-13T17:00:49.524+0000] {standard_task_runner.py:90} INFO - Running: ['***', 'tasks', 'run', 'podcast_summary', 'load_data', 'manual__2024-08-13T17:00:46.576211+00:00', '--job-id', '32', '--raw', '--subdir', 'DAGS_FOLDER/dag.py', '--cfg-path', '/tmp/tmpt9rivhlf']
[2024-08-13T17:00:49.525+0000] {standard_task_runner.py:91} INFO - Job 32: Subtask load_data
[2024-08-13T17:00:49.558+0000] {task_command.py:426} INFO - Running <TaskInstance: podcast_summary.load_data manual__2024-08-13T17:00:46.576211+00:00 [running]> on host 2370a6900c77
[2024-08-13T17:00:49.618+0000] {taskinstance.py:2648} INFO - Exporting env vars: AIRFLOW_CTX_DAG_OWNER='***' AIRFLOW_CTX_DAG_ID='podcast_summary' AIRFLOW_CTX_TASK_ID='load_data' AIRFLOW_CTX_EXECUTION_DATE='2024-08-13T17:00:46.576211+00:00' AIRFLOW_CTX_TRY_NUMBER='1' AIRFLOW_CTX_DAG_RUN_ID='manual__2024-08-13T17:00:46.576211+00:00'
[2024-08-13T17:00:49.619+0000] {taskinstance.py:430} INFO - ::endgroup::
[2024-08-13T17:00:49.993+0000] {base.py:84} INFO - Using connection ID 'sqlite_default' for task execution.
[2024-08-13T17:00:50.003+0000] {base.py:84} INFO - Using connection ID 'sqlite_default' for task execution.
[2024-08-13T17:00:50.004+0000] {sql.py:621} INFO - Done loading. Loaded a total of 0 rows into episodes
[2024-08-13T17:00:50.004+0000] {python.py:237} INFO - Done. Returned value was: []
[2024-08-13T17:00:50.005+0000] {taskinstance.py:441} INFO - ::group::Post task execution logs
[2024-08-13T17:00:50.018+0000] {taskinstance.py:1206} INFO - Marking task as SUCCESS. dag_id=podcast_summary, task_id=load_data, run_id=manual__2024-08-13T17:00:46.576211+00:00, execution_date=20240813T170046, start_date=20240813T170049, end_date=20240813T170050
[2024-08-13T17:00:50.059+0000] {local_task_job_runner.py:243} INFO - Task exited with return code 0
[2024-08-13T17:00:50.078+0000] {taskinstance.py:3503} INFO - 0 downstream tasks scheduled from follow-on schedule check
[2024-08-13T17:00:50.081+0000] {local_task_job_runner.py:222} INFO - ::endgroup::
