[2024-08-13T11:52:17.913+0000] {processor.py:161} INFO - Started process (PID=42) to work on /home/airflow/.local/lib/python3.12/site-packages/airflow/example_dags/example_branch_python_dop_operator_3.py
[2024-08-13T11:52:17.914+0000] {processor.py:830} INFO - Processing file /home/airflow/.local/lib/python3.12/site-packages/airflow/example_dags/example_branch_python_dop_operator_3.py for tasks to queue
[2024-08-13T11:52:17.928+0000] {logging_mixin.py:188} INFO - [2024-08-13T11:52:17.916+0000] {dagbag.py:545} INFO - Filling up the DagBag from /home/airflow/.local/lib/python3.12/site-packages/airflow/example_dags/example_branch_python_dop_operator_3.py
[2024-08-13T11:52:17.975+0000] {processor.py:840} INFO - DAG(s) 'example_branch_dop_operator_v3' retrieved from /home/airflow/.local/lib/python3.12/site-packages/airflow/example_dags/example_branch_python_dop_operator_3.py
[2024-08-13T11:52:18.126+0000] {logging_mixin.py:188} INFO - [2024-08-13T11:52:18.125+0000] {override.py:1858} INFO - Created Permission View: can edit on DAG:example_branch_dop_operator_v3
[2024-08-13T11:52:18.148+0000] {logging_mixin.py:188} INFO - [2024-08-13T11:52:18.148+0000] {override.py:1858} INFO - Created Permission View: can read on DAG:example_branch_dop_operator_v3
[2024-08-13T11:52:18.152+0000] {logging_mixin.py:188} INFO - [2024-08-13T11:52:18.151+0000] {override.py:1858} INFO - Created Permission View: can delete on DAG:example_branch_dop_operator_v3
[2024-08-13T11:52:18.152+0000] {logging_mixin.py:188} INFO - [2024-08-13T11:52:18.152+0000] {dag.py:3089} INFO - Sync 1 DAGs
[2024-08-13T11:52:18.173+0000] {logging_mixin.py:188} INFO - [2024-08-13T11:52:18.173+0000] {dag.py:3111} INFO - Creating ORM DAG for example_branch_dop_operator_v3
[2024-08-13T11:52:18.193+0000] {logging_mixin.py:188} INFO - [2024-08-13T11:52:18.193+0000] {dag.py:3947} INFO - Setting next_dagrun for example_branch_dop_operator_v3 to 2024-08-13 11:51:00+00:00, run_after=2024-08-13 11:52:00+00:00
[2024-08-13T11:52:18.209+0000] {processor.py:183} INFO - Processing /home/airflow/.local/lib/python3.12/site-packages/airflow/example_dags/example_branch_python_dop_operator_3.py took 0.310 seconds
[2024-08-13T11:52:48.790+0000] {processor.py:161} INFO - Started process (PID=100) to work on /home/airflow/.local/lib/python3.12/site-packages/airflow/example_dags/example_branch_python_dop_operator_3.py
[2024-08-13T11:52:48.791+0000] {processor.py:830} INFO - Processing file /home/airflow/.local/lib/python3.12/site-packages/airflow/example_dags/example_branch_python_dop_operator_3.py for tasks to queue
[2024-08-13T11:52:48.792+0000] {logging_mixin.py:188} INFO - [2024-08-13T11:52:48.792+0000] {dagbag.py:545} INFO - Filling up the DagBag from /home/airflow/.local/lib/python3.12/site-packages/airflow/example_dags/example_branch_python_dop_operator_3.py
[2024-08-13T11:52:48.798+0000] {processor.py:840} INFO - DAG(s) 'example_branch_dop_operator_v3' retrieved from /home/airflow/.local/lib/python3.12/site-packages/airflow/example_dags/example_branch_python_dop_operator_3.py
[2024-08-13T11:52:48.810+0000] {logging_mixin.py:188} INFO - [2024-08-13T11:52:48.810+0000] {dag.py:3089} INFO - Sync 1 DAGs
[2024-08-13T11:52:48.823+0000] {logging_mixin.py:188} INFO - [2024-08-13T11:52:48.823+0000] {dag.py:3947} INFO - Setting next_dagrun for example_branch_dop_operator_v3 to 2024-08-13 11:51:00+00:00, run_after=2024-08-13 11:52:00+00:00
[2024-08-13T11:52:48.837+0000] {processor.py:183} INFO - Processing /home/airflow/.local/lib/python3.12/site-packages/airflow/example_dags/example_branch_python_dop_operator_3.py took 0.050 seconds
[2024-08-13T11:53:19.125+0000] {processor.py:161} INFO - Started process (PID=158) to work on /home/airflow/.local/lib/python3.12/site-packages/airflow/example_dags/example_branch_python_dop_operator_3.py
[2024-08-13T11:53:19.126+0000] {processor.py:830} INFO - Processing file /home/airflow/.local/lib/python3.12/site-packages/airflow/example_dags/example_branch_python_dop_operator_3.py for tasks to queue
[2024-08-13T11:53:19.127+0000] {logging_mixin.py:188} INFO - [2024-08-13T11:53:19.127+0000] {dagbag.py:545} INFO - Filling up the DagBag from /home/airflow/.local/lib/python3.12/site-packages/airflow/example_dags/example_branch_python_dop_operator_3.py
[2024-08-13T11:53:19.132+0000] {processor.py:840} INFO - DAG(s) 'example_branch_dop_operator_v3' retrieved from /home/airflow/.local/lib/python3.12/site-packages/airflow/example_dags/example_branch_python_dop_operator_3.py
[2024-08-13T11:53:19.142+0000] {logging_mixin.py:188} INFO - [2024-08-13T11:53:19.142+0000] {dag.py:3089} INFO - Sync 1 DAGs
[2024-08-13T11:53:19.154+0000] {logging_mixin.py:188} INFO - [2024-08-13T11:53:19.154+0000] {dag.py:3947} INFO - Setting next_dagrun for example_branch_dop_operator_v3 to 2024-08-13 11:52:00+00:00, run_after=2024-08-13 11:53:00+00:00
[2024-08-13T11:53:19.164+0000] {processor.py:183} INFO - Processing /home/airflow/.local/lib/python3.12/site-packages/airflow/example_dags/example_branch_python_dop_operator_3.py took 0.042 seconds
[2024-08-13T11:53:49.276+0000] {processor.py:161} INFO - Started process (PID=216) to work on /home/airflow/.local/lib/python3.12/site-packages/airflow/example_dags/example_branch_python_dop_operator_3.py
[2024-08-13T11:53:49.276+0000] {processor.py:830} INFO - Processing file /home/airflow/.local/lib/python3.12/site-packages/airflow/example_dags/example_branch_python_dop_operator_3.py for tasks to queue
[2024-08-13T11:53:49.279+0000] {logging_mixin.py:188} INFO - [2024-08-13T11:53:49.277+0000] {dagbag.py:545} INFO - Filling up the DagBag from /home/airflow/.local/lib/python3.12/site-packages/airflow/example_dags/example_branch_python_dop_operator_3.py
[2024-08-13T11:53:49.286+0000] {processor.py:840} INFO - DAG(s) 'example_branch_dop_operator_v3' retrieved from /home/airflow/.local/lib/python3.12/site-packages/airflow/example_dags/example_branch_python_dop_operator_3.py
[2024-08-13T11:53:49.300+0000] {logging_mixin.py:188} INFO - [2024-08-13T11:53:49.300+0000] {dag.py:3089} INFO - Sync 1 DAGs
[2024-08-13T11:53:49.320+0000] {logging_mixin.py:188} INFO - [2024-08-13T11:53:49.320+0000] {dag.py:3947} INFO - Setting next_dagrun for example_branch_dop_operator_v3 to 2024-08-13 11:52:00+00:00, run_after=2024-08-13 11:53:00+00:00
[2024-08-13T11:53:49.330+0000] {processor.py:183} INFO - Processing /home/airflow/.local/lib/python3.12/site-packages/airflow/example_dags/example_branch_python_dop_operator_3.py took 0.058 seconds
[2024-08-13T11:54:19.629+0000] {processor.py:161} INFO - Started process (PID=274) to work on /home/airflow/.local/lib/python3.12/site-packages/airflow/example_dags/example_branch_python_dop_operator_3.py
[2024-08-13T11:54:19.630+0000] {processor.py:830} INFO - Processing file /home/airflow/.local/lib/python3.12/site-packages/airflow/example_dags/example_branch_python_dop_operator_3.py for tasks to queue
[2024-08-13T11:54:19.631+0000] {logging_mixin.py:188} INFO - [2024-08-13T11:54:19.631+0000] {dagbag.py:545} INFO - Filling up the DagBag from /home/airflow/.local/lib/python3.12/site-packages/airflow/example_dags/example_branch_python_dop_operator_3.py
[2024-08-13T11:54:19.636+0000] {processor.py:840} INFO - DAG(s) 'example_branch_dop_operator_v3' retrieved from /home/airflow/.local/lib/python3.12/site-packages/airflow/example_dags/example_branch_python_dop_operator_3.py
[2024-08-13T11:54:19.648+0000] {logging_mixin.py:188} INFO - [2024-08-13T11:54:19.648+0000] {dag.py:3089} INFO - Sync 1 DAGs
[2024-08-13T11:54:19.664+0000] {logging_mixin.py:188} INFO - [2024-08-13T11:54:19.664+0000] {dag.py:3947} INFO - Setting next_dagrun for example_branch_dop_operator_v3 to 2024-08-13 11:53:00+00:00, run_after=2024-08-13 11:54:00+00:00
[2024-08-13T11:54:19.677+0000] {processor.py:183} INFO - Processing /home/airflow/.local/lib/python3.12/site-packages/airflow/example_dags/example_branch_python_dop_operator_3.py took 0.051 seconds
[2024-08-13T11:54:49.799+0000] {processor.py:161} INFO - Started process (PID=332) to work on /home/airflow/.local/lib/python3.12/site-packages/airflow/example_dags/example_branch_python_dop_operator_3.py
[2024-08-13T11:54:49.800+0000] {processor.py:830} INFO - Processing file /home/airflow/.local/lib/python3.12/site-packages/airflow/example_dags/example_branch_python_dop_operator_3.py for tasks to queue
[2024-08-13T11:54:49.802+0000] {logging_mixin.py:188} INFO - [2024-08-13T11:54:49.801+0000] {dagbag.py:545} INFO - Filling up the DagBag from /home/airflow/.local/lib/python3.12/site-packages/airflow/example_dags/example_branch_python_dop_operator_3.py
[2024-08-13T11:54:49.810+0000] {processor.py:840} INFO - DAG(s) 'example_branch_dop_operator_v3' retrieved from /home/airflow/.local/lib/python3.12/site-packages/airflow/example_dags/example_branch_python_dop_operator_3.py
[2024-08-13T11:54:49.825+0000] {logging_mixin.py:188} INFO - [2024-08-13T11:54:49.825+0000] {dag.py:3089} INFO - Sync 1 DAGs
[2024-08-13T11:54:49.840+0000] {logging_mixin.py:188} INFO - [2024-08-13T11:54:49.840+0000] {dag.py:3947} INFO - Setting next_dagrun for example_branch_dop_operator_v3 to 2024-08-13 11:53:00+00:00, run_after=2024-08-13 11:54:00+00:00
[2024-08-13T11:54:49.853+0000] {processor.py:183} INFO - Processing /home/airflow/.local/lib/python3.12/site-packages/airflow/example_dags/example_branch_python_dop_operator_3.py took 0.057 seconds
[2024-08-13T11:55:20.217+0000] {processor.py:161} INFO - Started process (PID=389) to work on /home/airflow/.local/lib/python3.12/site-packages/airflow/example_dags/example_branch_python_dop_operator_3.py
[2024-08-13T11:55:20.219+0000] {processor.py:830} INFO - Processing file /home/airflow/.local/lib/python3.12/site-packages/airflow/example_dags/example_branch_python_dop_operator_3.py for tasks to queue
[2024-08-13T11:55:20.221+0000] {logging_mixin.py:188} INFO - [2024-08-13T11:55:20.220+0000] {dagbag.py:545} INFO - Filling up the DagBag from /home/airflow/.local/lib/python3.12/site-packages/airflow/example_dags/example_branch_python_dop_operator_3.py
[2024-08-13T11:55:20.226+0000] {processor.py:840} INFO - DAG(s) 'example_branch_dop_operator_v3' retrieved from /home/airflow/.local/lib/python3.12/site-packages/airflow/example_dags/example_branch_python_dop_operator_3.py
[2024-08-13T11:55:20.238+0000] {logging_mixin.py:188} INFO - [2024-08-13T11:55:20.238+0000] {dag.py:3089} INFO - Sync 1 DAGs
[2024-08-13T11:55:20.253+0000] {logging_mixin.py:188} INFO - [2024-08-13T11:55:20.253+0000] {dag.py:3947} INFO - Setting next_dagrun for example_branch_dop_operator_v3 to 2024-08-13 11:54:00+00:00, run_after=2024-08-13 11:55:00+00:00
[2024-08-13T11:55:20.266+0000] {processor.py:183} INFO - Processing /home/airflow/.local/lib/python3.12/site-packages/airflow/example_dags/example_branch_python_dop_operator_3.py took 0.052 seconds
[2024-08-13T11:55:50.393+0000] {processor.py:161} INFO - Started process (PID=447) to work on /home/airflow/.local/lib/python3.12/site-packages/airflow/example_dags/example_branch_python_dop_operator_3.py
[2024-08-13T11:55:50.394+0000] {processor.py:830} INFO - Processing file /home/airflow/.local/lib/python3.12/site-packages/airflow/example_dags/example_branch_python_dop_operator_3.py for tasks to queue
[2024-08-13T11:55:50.397+0000] {logging_mixin.py:188} INFO - [2024-08-13T11:55:50.396+0000] {dagbag.py:545} INFO - Filling up the DagBag from /home/airflow/.local/lib/python3.12/site-packages/airflow/example_dags/example_branch_python_dop_operator_3.py
[2024-08-13T11:55:50.402+0000] {processor.py:840} INFO - DAG(s) 'example_branch_dop_operator_v3' retrieved from /home/airflow/.local/lib/python3.12/site-packages/airflow/example_dags/example_branch_python_dop_operator_3.py
[2024-08-13T11:55:50.415+0000] {logging_mixin.py:188} INFO - [2024-08-13T11:55:50.415+0000] {dag.py:3089} INFO - Sync 1 DAGs
[2024-08-13T11:55:50.436+0000] {logging_mixin.py:188} INFO - [2024-08-13T11:55:50.436+0000] {dag.py:3947} INFO - Setting next_dagrun for example_branch_dop_operator_v3 to 2024-08-13 11:54:00+00:00, run_after=2024-08-13 11:55:00+00:00
[2024-08-13T11:55:50.455+0000] {processor.py:183} INFO - Processing /home/airflow/.local/lib/python3.12/site-packages/airflow/example_dags/example_branch_python_dop_operator_3.py took 0.065 seconds
[2024-08-13T11:56:20.596+0000] {processor.py:161} INFO - Started process (PID=505) to work on /home/airflow/.local/lib/python3.12/site-packages/airflow/example_dags/example_branch_python_dop_operator_3.py
[2024-08-13T11:56:20.597+0000] {processor.py:830} INFO - Processing file /home/airflow/.local/lib/python3.12/site-packages/airflow/example_dags/example_branch_python_dop_operator_3.py for tasks to queue
[2024-08-13T11:56:20.598+0000] {logging_mixin.py:188} INFO - [2024-08-13T11:56:20.598+0000] {dagbag.py:545} INFO - Filling up the DagBag from /home/airflow/.local/lib/python3.12/site-packages/airflow/example_dags/example_branch_python_dop_operator_3.py
[2024-08-13T11:56:20.603+0000] {processor.py:840} INFO - DAG(s) 'example_branch_dop_operator_v3' retrieved from /home/airflow/.local/lib/python3.12/site-packages/airflow/example_dags/example_branch_python_dop_operator_3.py
[2024-08-13T11:56:20.616+0000] {logging_mixin.py:188} INFO - [2024-08-13T11:56:20.616+0000] {dag.py:3089} INFO - Sync 1 DAGs
[2024-08-13T11:56:20.633+0000] {logging_mixin.py:188} INFO - [2024-08-13T11:56:20.633+0000] {dag.py:3947} INFO - Setting next_dagrun for example_branch_dop_operator_v3 to 2024-08-13 11:55:00+00:00, run_after=2024-08-13 11:56:00+00:00
[2024-08-13T11:56:20.647+0000] {processor.py:183} INFO - Processing /home/airflow/.local/lib/python3.12/site-packages/airflow/example_dags/example_branch_python_dop_operator_3.py took 0.055 seconds
[2024-08-13T11:56:50.712+0000] {processor.py:161} INFO - Started process (PID=563) to work on /home/airflow/.local/lib/python3.12/site-packages/airflow/example_dags/example_branch_python_dop_operator_3.py
[2024-08-13T11:56:50.712+0000] {processor.py:830} INFO - Processing file /home/airflow/.local/lib/python3.12/site-packages/airflow/example_dags/example_branch_python_dop_operator_3.py for tasks to queue
[2024-08-13T11:56:50.714+0000] {logging_mixin.py:188} INFO - [2024-08-13T11:56:50.713+0000] {dagbag.py:545} INFO - Filling up the DagBag from /home/airflow/.local/lib/python3.12/site-packages/airflow/example_dags/example_branch_python_dop_operator_3.py
[2024-08-13T11:56:50.718+0000] {processor.py:840} INFO - DAG(s) 'example_branch_dop_operator_v3' retrieved from /home/airflow/.local/lib/python3.12/site-packages/airflow/example_dags/example_branch_python_dop_operator_3.py
[2024-08-13T11:56:50.729+0000] {logging_mixin.py:188} INFO - [2024-08-13T11:56:50.729+0000] {dag.py:3089} INFO - Sync 1 DAGs
[2024-08-13T11:56:50.741+0000] {logging_mixin.py:188} INFO - [2024-08-13T11:56:50.741+0000] {dag.py:3947} INFO - Setting next_dagrun for example_branch_dop_operator_v3 to 2024-08-13 11:55:00+00:00, run_after=2024-08-13 11:56:00+00:00
[2024-08-13T11:56:50.756+0000] {processor.py:183} INFO - Processing /home/airflow/.local/lib/python3.12/site-packages/airflow/example_dags/example_branch_python_dop_operator_3.py took 0.048 seconds
