[2024-08-13T11:52:14.583+0000] {processor.py:161} INFO - Started process (PID=27) to work on /home/airflow/.local/lib/python3.12/site-packages/airflow/example_dags/example_xcomargs.py
[2024-08-13T11:52:14.586+0000] {processor.py:830} INFO - Processing file /home/airflow/.local/lib/python3.12/site-packages/airflow/example_dags/example_xcomargs.py for tasks to queue
[2024-08-13T11:52:14.590+0000] {logging_mixin.py:188} INFO - [2024-08-13T11:52:14.590+0000] {dagbag.py:545} INFO - Filling up the DagBag from /home/airflow/.local/lib/python3.12/site-packages/airflow/example_dags/example_xcomargs.py
[2024-08-13T11:52:14.622+0000] {processor.py:840} INFO - DAG(s) 'example_xcom_args', 'example_xcom_args_with_operators' retrieved from /home/airflow/.local/lib/python3.12/site-packages/airflow/example_dags/example_xcomargs.py
[2024-08-13T11:52:14.927+0000] {logging_mixin.py:188} INFO - [2024-08-13T11:52:14.926+0000] {override.py:1858} INFO - Created Permission View: can edit on DAG:example_xcom_args
[2024-08-13T11:52:14.940+0000] {logging_mixin.py:188} INFO - [2024-08-13T11:52:14.940+0000] {override.py:1858} INFO - Created Permission View: can read on DAG:example_xcom_args
[2024-08-13T11:52:14.949+0000] {logging_mixin.py:188} INFO - [2024-08-13T11:52:14.949+0000] {override.py:1858} INFO - Created Permission View: can delete on DAG:example_xcom_args
[2024-08-13T11:52:14.964+0000] {logging_mixin.py:188} INFO - [2024-08-13T11:52:14.964+0000] {override.py:1858} INFO - Created Permission View: can edit on DAG:example_xcom_args_with_operators
[2024-08-13T11:52:14.970+0000] {logging_mixin.py:188} INFO - [2024-08-13T11:52:14.970+0000] {override.py:1858} INFO - Created Permission View: can read on DAG:example_xcom_args_with_operators
[2024-08-13T11:52:14.977+0000] {logging_mixin.py:188} INFO - [2024-08-13T11:52:14.977+0000] {override.py:1858} INFO - Created Permission View: can delete on DAG:example_xcom_args_with_operators
[2024-08-13T11:52:14.978+0000] {logging_mixin.py:188} INFO - [2024-08-13T11:52:14.978+0000] {dag.py:3089} INFO - Sync 2 DAGs
[2024-08-13T11:52:14.992+0000] {logging_mixin.py:188} INFO - [2024-08-13T11:52:14.992+0000] {dag.py:3111} INFO - Creating ORM DAG for example_xcom_args_with_operators
[2024-08-13T11:52:14.994+0000] {logging_mixin.py:188} INFO - [2024-08-13T11:52:14.993+0000] {dag.py:3111} INFO - Creating ORM DAG for example_xcom_args
[2024-08-13T11:52:14.995+0000] {logging_mixin.py:188} INFO - [2024-08-13T11:52:14.995+0000] {dag.py:3947} INFO - Setting next_dagrun for example_xcom_args to None, run_after=None
[2024-08-13T11:52:14.996+0000] {logging_mixin.py:188} INFO - [2024-08-13T11:52:14.996+0000] {dag.py:3947} INFO - Setting next_dagrun for example_xcom_args_with_operators to None, run_after=None
[2024-08-13T11:52:15.038+0000] {processor.py:183} INFO - Processing /home/airflow/.local/lib/python3.12/site-packages/airflow/example_dags/example_xcomargs.py took 0.482 seconds
[2024-08-13T11:52:45.208+0000] {processor.py:161} INFO - Started process (PID=85) to work on /home/airflow/.local/lib/python3.12/site-packages/airflow/example_dags/example_xcomargs.py
[2024-08-13T11:52:45.210+0000] {processor.py:830} INFO - Processing file /home/airflow/.local/lib/python3.12/site-packages/airflow/example_dags/example_xcomargs.py for tasks to queue
[2024-08-13T11:52:45.213+0000] {logging_mixin.py:188} INFO - [2024-08-13T11:52:45.212+0000] {dagbag.py:545} INFO - Filling up the DagBag from /home/airflow/.local/lib/python3.12/site-packages/airflow/example_dags/example_xcomargs.py
[2024-08-13T11:52:45.224+0000] {processor.py:840} INFO - DAG(s) 'example_xcom_args_with_operators', 'example_xcom_args' retrieved from /home/airflow/.local/lib/python3.12/site-packages/airflow/example_dags/example_xcomargs.py
[2024-08-13T11:52:45.243+0000] {logging_mixin.py:188} INFO - [2024-08-13T11:52:45.242+0000] {dag.py:3089} INFO - Sync 2 DAGs
[2024-08-13T11:52:45.251+0000] {logging_mixin.py:188} INFO - [2024-08-13T11:52:45.251+0000] {dag.py:3947} INFO - Setting next_dagrun for example_xcom_args to None, run_after=None
[2024-08-13T11:52:45.254+0000] {logging_mixin.py:188} INFO - [2024-08-13T11:52:45.254+0000] {dag.py:3947} INFO - Setting next_dagrun for example_xcom_args_with_operators to None, run_after=None
[2024-08-13T11:52:45.266+0000] {processor.py:183} INFO - Processing /home/airflow/.local/lib/python3.12/site-packages/airflow/example_dags/example_xcomargs.py took 0.066 seconds
[2024-08-13T11:53:15.524+0000] {processor.py:161} INFO - Started process (PID=143) to work on /home/airflow/.local/lib/python3.12/site-packages/airflow/example_dags/example_xcomargs.py
[2024-08-13T11:53:15.525+0000] {processor.py:830} INFO - Processing file /home/airflow/.local/lib/python3.12/site-packages/airflow/example_dags/example_xcomargs.py for tasks to queue
[2024-08-13T11:53:15.526+0000] {logging_mixin.py:188} INFO - [2024-08-13T11:53:15.526+0000] {dagbag.py:545} INFO - Filling up the DagBag from /home/airflow/.local/lib/python3.12/site-packages/airflow/example_dags/example_xcomargs.py
[2024-08-13T11:53:15.531+0000] {processor.py:840} INFO - DAG(s) 'example_xcom_args_with_operators', 'example_xcom_args' retrieved from /home/airflow/.local/lib/python3.12/site-packages/airflow/example_dags/example_xcomargs.py
[2024-08-13T11:53:15.549+0000] {logging_mixin.py:188} INFO - [2024-08-13T11:53:15.549+0000] {dag.py:3089} INFO - Sync 2 DAGs
[2024-08-13T11:53:15.557+0000] {logging_mixin.py:188} INFO - [2024-08-13T11:53:15.556+0000] {dag.py:3947} INFO - Setting next_dagrun for example_xcom_args to None, run_after=None
[2024-08-13T11:53:15.559+0000] {logging_mixin.py:188} INFO - [2024-08-13T11:53:15.559+0000] {dag.py:3947} INFO - Setting next_dagrun for example_xcom_args_with_operators to None, run_after=None
[2024-08-13T11:53:15.571+0000] {processor.py:183} INFO - Processing /home/airflow/.local/lib/python3.12/site-packages/airflow/example_dags/example_xcomargs.py took 0.051 seconds
[2024-08-13T11:53:45.677+0000] {processor.py:161} INFO - Started process (PID=201) to work on /home/airflow/.local/lib/python3.12/site-packages/airflow/example_dags/example_xcomargs.py
[2024-08-13T11:53:45.680+0000] {processor.py:830} INFO - Processing file /home/airflow/.local/lib/python3.12/site-packages/airflow/example_dags/example_xcomargs.py for tasks to queue
[2024-08-13T11:53:45.682+0000] {logging_mixin.py:188} INFO - [2024-08-13T11:53:45.681+0000] {dagbag.py:545} INFO - Filling up the DagBag from /home/airflow/.local/lib/python3.12/site-packages/airflow/example_dags/example_xcomargs.py
[2024-08-13T11:53:45.693+0000] {processor.py:840} INFO - DAG(s) 'example_xcom_args', 'example_xcom_args_with_operators' retrieved from /home/airflow/.local/lib/python3.12/site-packages/airflow/example_dags/example_xcomargs.py
[2024-08-13T11:53:45.709+0000] {logging_mixin.py:188} INFO - [2024-08-13T11:53:45.709+0000] {dag.py:3089} INFO - Sync 2 DAGs
[2024-08-13T11:53:45.717+0000] {logging_mixin.py:188} INFO - [2024-08-13T11:53:45.717+0000] {dag.py:3947} INFO - Setting next_dagrun for example_xcom_args to None, run_after=None
[2024-08-13T11:53:45.719+0000] {logging_mixin.py:188} INFO - [2024-08-13T11:53:45.719+0000] {dag.py:3947} INFO - Setting next_dagrun for example_xcom_args_with_operators to None, run_after=None
[2024-08-13T11:53:45.728+0000] {processor.py:183} INFO - Processing /home/airflow/.local/lib/python3.12/site-packages/airflow/example_dags/example_xcomargs.py took 0.056 seconds
[2024-08-13T11:54:16.002+0000] {processor.py:161} INFO - Started process (PID=259) to work on /home/airflow/.local/lib/python3.12/site-packages/airflow/example_dags/example_xcomargs.py
[2024-08-13T11:54:16.002+0000] {processor.py:830} INFO - Processing file /home/airflow/.local/lib/python3.12/site-packages/airflow/example_dags/example_xcomargs.py for tasks to queue
[2024-08-13T11:54:16.004+0000] {logging_mixin.py:188} INFO - [2024-08-13T11:54:16.004+0000] {dagbag.py:545} INFO - Filling up the DagBag from /home/airflow/.local/lib/python3.12/site-packages/airflow/example_dags/example_xcomargs.py
[2024-08-13T11:54:16.010+0000] {processor.py:840} INFO - DAG(s) 'example_xcom_args', 'example_xcom_args_with_operators' retrieved from /home/airflow/.local/lib/python3.12/site-packages/airflow/example_dags/example_xcomargs.py
[2024-08-13T11:54:16.026+0000] {logging_mixin.py:188} INFO - [2024-08-13T11:54:16.025+0000] {dag.py:3089} INFO - Sync 2 DAGs
[2024-08-13T11:54:16.033+0000] {logging_mixin.py:188} INFO - [2024-08-13T11:54:16.033+0000] {dag.py:3947} INFO - Setting next_dagrun for example_xcom_args to None, run_after=None
[2024-08-13T11:54:16.035+0000] {logging_mixin.py:188} INFO - [2024-08-13T11:54:16.035+0000] {dag.py:3947} INFO - Setting next_dagrun for example_xcom_args_with_operators to None, run_after=None
[2024-08-13T11:54:16.043+0000] {processor.py:183} INFO - Processing /home/airflow/.local/lib/python3.12/site-packages/airflow/example_dags/example_xcomargs.py took 0.046 seconds
[2024-08-13T11:54:46.145+0000] {processor.py:161} INFO - Started process (PID=317) to work on /home/airflow/.local/lib/python3.12/site-packages/airflow/example_dags/example_xcomargs.py
[2024-08-13T11:54:46.146+0000] {processor.py:830} INFO - Processing file /home/airflow/.local/lib/python3.12/site-packages/airflow/example_dags/example_xcomargs.py for tasks to queue
[2024-08-13T11:54:46.147+0000] {logging_mixin.py:188} INFO - [2024-08-13T11:54:46.147+0000] {dagbag.py:545} INFO - Filling up the DagBag from /home/airflow/.local/lib/python3.12/site-packages/airflow/example_dags/example_xcomargs.py
[2024-08-13T11:54:46.153+0000] {processor.py:840} INFO - DAG(s) 'example_xcom_args', 'example_xcom_args_with_operators' retrieved from /home/airflow/.local/lib/python3.12/site-packages/airflow/example_dags/example_xcomargs.py
[2024-08-13T11:54:46.167+0000] {logging_mixin.py:188} INFO - [2024-08-13T11:54:46.167+0000] {dag.py:3089} INFO - Sync 2 DAGs
[2024-08-13T11:54:46.174+0000] {logging_mixin.py:188} INFO - [2024-08-13T11:54:46.174+0000] {dag.py:3947} INFO - Setting next_dagrun for example_xcom_args to None, run_after=None
[2024-08-13T11:54:46.176+0000] {logging_mixin.py:188} INFO - [2024-08-13T11:54:46.176+0000] {dag.py:3947} INFO - Setting next_dagrun for example_xcom_args_with_operators to None, run_after=None
[2024-08-13T11:54:46.184+0000] {processor.py:183} INFO - Processing /home/airflow/.local/lib/python3.12/site-packages/airflow/example_dags/example_xcomargs.py took 0.044 seconds
[2024-08-13T11:55:16.528+0000] {processor.py:161} INFO - Started process (PID=374) to work on /home/airflow/.local/lib/python3.12/site-packages/airflow/example_dags/example_xcomargs.py
[2024-08-13T11:55:16.529+0000] {processor.py:830} INFO - Processing file /home/airflow/.local/lib/python3.12/site-packages/airflow/example_dags/example_xcomargs.py for tasks to queue
[2024-08-13T11:55:16.532+0000] {logging_mixin.py:188} INFO - [2024-08-13T11:55:16.531+0000] {dagbag.py:545} INFO - Filling up the DagBag from /home/airflow/.local/lib/python3.12/site-packages/airflow/example_dags/example_xcomargs.py
[2024-08-13T11:55:16.540+0000] {processor.py:840} INFO - DAG(s) 'example_xcom_args_with_operators', 'example_xcom_args' retrieved from /home/airflow/.local/lib/python3.12/site-packages/airflow/example_dags/example_xcomargs.py
[2024-08-13T11:55:16.557+0000] {logging_mixin.py:188} INFO - [2024-08-13T11:55:16.557+0000] {dag.py:3089} INFO - Sync 2 DAGs
[2024-08-13T11:55:16.565+0000] {logging_mixin.py:188} INFO - [2024-08-13T11:55:16.565+0000] {dag.py:3947} INFO - Setting next_dagrun for example_xcom_args to None, run_after=None
[2024-08-13T11:55:16.567+0000] {logging_mixin.py:188} INFO - [2024-08-13T11:55:16.567+0000] {dag.py:3947} INFO - Setting next_dagrun for example_xcom_args_with_operators to None, run_after=None
[2024-08-13T11:55:16.576+0000] {processor.py:183} INFO - Processing /home/airflow/.local/lib/python3.12/site-packages/airflow/example_dags/example_xcomargs.py took 0.055 seconds
[2024-08-13T11:55:46.797+0000] {processor.py:161} INFO - Started process (PID=432) to work on /home/airflow/.local/lib/python3.12/site-packages/airflow/example_dags/example_xcomargs.py
[2024-08-13T11:55:46.798+0000] {processor.py:830} INFO - Processing file /home/airflow/.local/lib/python3.12/site-packages/airflow/example_dags/example_xcomargs.py for tasks to queue
[2024-08-13T11:55:46.802+0000] {logging_mixin.py:188} INFO - [2024-08-13T11:55:46.800+0000] {dagbag.py:545} INFO - Filling up the DagBag from /home/airflow/.local/lib/python3.12/site-packages/airflow/example_dags/example_xcomargs.py
[2024-08-13T11:55:46.810+0000] {processor.py:840} INFO - DAG(s) 'example_xcom_args', 'example_xcom_args_with_operators' retrieved from /home/airflow/.local/lib/python3.12/site-packages/airflow/example_dags/example_xcomargs.py
[2024-08-13T11:55:46.828+0000] {logging_mixin.py:188} INFO - [2024-08-13T11:55:46.827+0000] {dag.py:3089} INFO - Sync 2 DAGs
[2024-08-13T11:55:46.836+0000] {logging_mixin.py:188} INFO - [2024-08-13T11:55:46.836+0000] {dag.py:3947} INFO - Setting next_dagrun for example_xcom_args to None, run_after=None
[2024-08-13T11:55:46.839+0000] {logging_mixin.py:188} INFO - [2024-08-13T11:55:46.839+0000] {dag.py:3947} INFO - Setting next_dagrun for example_xcom_args_with_operators to None, run_after=None
[2024-08-13T11:55:46.849+0000] {processor.py:183} INFO - Processing /home/airflow/.local/lib/python3.12/site-packages/airflow/example_dags/example_xcomargs.py took 0.059 seconds
[2024-08-13T11:56:16.990+0000] {processor.py:161} INFO - Started process (PID=490) to work on /home/airflow/.local/lib/python3.12/site-packages/airflow/example_dags/example_xcomargs.py
[2024-08-13T11:56:16.991+0000] {processor.py:830} INFO - Processing file /home/airflow/.local/lib/python3.12/site-packages/airflow/example_dags/example_xcomargs.py for tasks to queue
[2024-08-13T11:56:16.992+0000] {logging_mixin.py:188} INFO - [2024-08-13T11:56:16.992+0000] {dagbag.py:545} INFO - Filling up the DagBag from /home/airflow/.local/lib/python3.12/site-packages/airflow/example_dags/example_xcomargs.py
[2024-08-13T11:56:17.004+0000] {processor.py:840} INFO - DAG(s) 'example_xcom_args', 'example_xcom_args_with_operators' retrieved from /home/airflow/.local/lib/python3.12/site-packages/airflow/example_dags/example_xcomargs.py
[2024-08-13T11:56:17.023+0000] {logging_mixin.py:188} INFO - [2024-08-13T11:56:17.022+0000] {dag.py:3089} INFO - Sync 2 DAGs
[2024-08-13T11:56:17.032+0000] {logging_mixin.py:188} INFO - [2024-08-13T11:56:17.032+0000] {dag.py:3947} INFO - Setting next_dagrun for example_xcom_args to None, run_after=None
[2024-08-13T11:56:17.034+0000] {logging_mixin.py:188} INFO - [2024-08-13T11:56:17.034+0000] {dag.py:3947} INFO - Setting next_dagrun for example_xcom_args_with_operators to None, run_after=None
[2024-08-13T11:56:17.047+0000] {processor.py:183} INFO - Processing /home/airflow/.local/lib/python3.12/site-packages/airflow/example_dags/example_xcomargs.py took 0.062 seconds
[2024-08-13T11:56:47.141+0000] {processor.py:161} INFO - Started process (PID=548) to work on /home/airflow/.local/lib/python3.12/site-packages/airflow/example_dags/example_xcomargs.py
[2024-08-13T11:56:47.141+0000] {processor.py:830} INFO - Processing file /home/airflow/.local/lib/python3.12/site-packages/airflow/example_dags/example_xcomargs.py for tasks to queue
[2024-08-13T11:56:47.144+0000] {logging_mixin.py:188} INFO - [2024-08-13T11:56:47.143+0000] {dagbag.py:545} INFO - Filling up the DagBag from /home/airflow/.local/lib/python3.12/site-packages/airflow/example_dags/example_xcomargs.py
[2024-08-13T11:56:47.152+0000] {processor.py:840} INFO - DAG(s) 'example_xcom_args', 'example_xcom_args_with_operators' retrieved from /home/airflow/.local/lib/python3.12/site-packages/airflow/example_dags/example_xcomargs.py
[2024-08-13T11:56:47.169+0000] {logging_mixin.py:188} INFO - [2024-08-13T11:56:47.169+0000] {dag.py:3089} INFO - Sync 2 DAGs
[2024-08-13T11:56:47.178+0000] {logging_mixin.py:188} INFO - [2024-08-13T11:56:47.177+0000] {dag.py:3947} INFO - Setting next_dagrun for example_xcom_args to None, run_after=None
[2024-08-13T11:56:47.180+0000] {logging_mixin.py:188} INFO - [2024-08-13T11:56:47.180+0000] {dag.py:3947} INFO - Setting next_dagrun for example_xcom_args_with_operators to None, run_after=None
[2024-08-13T11:56:47.190+0000] {processor.py:183} INFO - Processing /home/airflow/.local/lib/python3.12/site-packages/airflow/example_dags/example_xcomargs.py took 0.055 seconds
