[2024-08-13T11:52:16.174+0000] {processor.py:161} INFO - Started process (PID=34) to work on /home/airflow/.local/lib/python3.12/site-packages/airflow/example_dags/example_datasets.py
[2024-08-13T11:52:16.179+0000] {processor.py:830} INFO - Processing file /home/airflow/.local/lib/python3.12/site-packages/airflow/example_dags/example_datasets.py for tasks to queue
[2024-08-13T11:52:16.188+0000] {logging_mixin.py:188} INFO - [2024-08-13T11:52:16.187+0000] {dagbag.py:545} INFO - Filling up the DagBag from /home/airflow/.local/lib/python3.12/site-packages/airflow/example_dags/example_datasets.py
[2024-08-13T11:52:16.267+0000] {processor.py:840} INFO - DAG(s) 'dataset_consumes_1_never_scheduled', 'dataset_consumes_unknown_never_scheduled', 'conditional_dataset_and_time_based_timetable', 'consume_1_and_2_with_dataset_expressions', 'dataset_consumes_1_and_2', 'consume_1_or_both_2_and_3_with_dataset_expressions', 'consume_1_or_2_with_dataset_expressions', 'dataset_consumes_1', 'dataset_produces_1', 'dataset_produces_2' retrieved from /home/airflow/.local/lib/python3.12/site-packages/airflow/example_dags/example_datasets.py
[2024-08-13T11:52:16.502+0000] {logging_mixin.py:188} INFO - [2024-08-13T11:52:16.501+0000] {override.py:1858} INFO - Created Permission View: can edit on DAG:dataset_consumes_1_never_scheduled
[2024-08-13T11:52:16.527+0000] {logging_mixin.py:188} INFO - [2024-08-13T11:52:16.527+0000] {override.py:1858} INFO - Created Permission View: can read on DAG:dataset_consumes_1_never_scheduled
[2024-08-13T11:52:16.540+0000] {logging_mixin.py:188} INFO - [2024-08-13T11:52:16.540+0000] {override.py:1858} INFO - Created Permission View: can delete on DAG:dataset_consumes_1_never_scheduled
[2024-08-13T11:52:16.554+0000] {logging_mixin.py:188} INFO - [2024-08-13T11:52:16.554+0000] {override.py:1858} INFO - Created Permission View: can edit on DAG:dataset_consumes_unknown_never_scheduled
[2024-08-13T11:52:16.557+0000] {logging_mixin.py:188} INFO - [2024-08-13T11:52:16.557+0000] {override.py:1858} INFO - Created Permission View: can read on DAG:dataset_consumes_unknown_never_scheduled
[2024-08-13T11:52:16.571+0000] {logging_mixin.py:188} INFO - [2024-08-13T11:52:16.571+0000] {override.py:1858} INFO - Created Permission View: can delete on DAG:dataset_consumes_unknown_never_scheduled
[2024-08-13T11:52:16.578+0000] {logging_mixin.py:188} INFO - [2024-08-13T11:52:16.578+0000] {override.py:1858} INFO - Created Permission View: can edit on DAG:conditional_dataset_and_time_based_timetable
[2024-08-13T11:52:16.587+0000] {logging_mixin.py:188} INFO - [2024-08-13T11:52:16.587+0000] {override.py:1858} INFO - Created Permission View: can read on DAG:conditional_dataset_and_time_based_timetable
[2024-08-13T11:52:16.594+0000] {logging_mixin.py:188} INFO - [2024-08-13T11:52:16.594+0000] {override.py:1858} INFO - Created Permission View: can delete on DAG:conditional_dataset_and_time_based_timetable
[2024-08-13T11:52:16.615+0000] {logging_mixin.py:188} INFO - [2024-08-13T11:52:16.615+0000] {override.py:1858} INFO - Created Permission View: can edit on DAG:consume_1_and_2_with_dataset_expressions
[2024-08-13T11:52:16.621+0000] {logging_mixin.py:188} INFO - [2024-08-13T11:52:16.621+0000] {override.py:1858} INFO - Created Permission View: can read on DAG:consume_1_and_2_with_dataset_expressions
[2024-08-13T11:52:16.630+0000] {logging_mixin.py:188} INFO - [2024-08-13T11:52:16.630+0000] {override.py:1858} INFO - Created Permission View: can delete on DAG:consume_1_and_2_with_dataset_expressions
[2024-08-13T11:52:16.647+0000] {logging_mixin.py:188} INFO - [2024-08-13T11:52:16.647+0000] {override.py:1858} INFO - Created Permission View: can edit on DAG:dataset_consumes_1_and_2
[2024-08-13T11:52:16.656+0000] {logging_mixin.py:188} INFO - [2024-08-13T11:52:16.656+0000] {override.py:1858} INFO - Created Permission View: can read on DAG:dataset_consumes_1_and_2
[2024-08-13T11:52:16.663+0000] {logging_mixin.py:188} INFO - [2024-08-13T11:52:16.663+0000] {override.py:1858} INFO - Created Permission View: can delete on DAG:dataset_consumes_1_and_2
[2024-08-13T11:52:16.684+0000] {logging_mixin.py:188} INFO - [2024-08-13T11:52:16.684+0000] {override.py:1858} INFO - Created Permission View: can edit on DAG:consume_1_or_both_2_and_3_with_dataset_expressions
[2024-08-13T11:52:16.693+0000] {logging_mixin.py:188} INFO - [2024-08-13T11:52:16.693+0000] {override.py:1858} INFO - Created Permission View: can read on DAG:consume_1_or_both_2_and_3_with_dataset_expressions
[2024-08-13T11:52:16.699+0000] {logging_mixin.py:188} INFO - [2024-08-13T11:52:16.699+0000] {override.py:1858} INFO - Created Permission View: can delete on DAG:consume_1_or_both_2_and_3_with_dataset_expressions
[2024-08-13T11:52:16.716+0000] {logging_mixin.py:188} INFO - [2024-08-13T11:52:16.716+0000] {override.py:1858} INFO - Created Permission View: can edit on DAG:consume_1_or_2_with_dataset_expressions
[2024-08-13T11:52:16.722+0000] {logging_mixin.py:188} INFO - [2024-08-13T11:52:16.722+0000] {override.py:1858} INFO - Created Permission View: can read on DAG:consume_1_or_2_with_dataset_expressions
[2024-08-13T11:52:16.736+0000] {logging_mixin.py:188} INFO - [2024-08-13T11:52:16.736+0000] {override.py:1858} INFO - Created Permission View: can delete on DAG:consume_1_or_2_with_dataset_expressions
[2024-08-13T11:52:16.749+0000] {logging_mixin.py:188} INFO - [2024-08-13T11:52:16.748+0000] {override.py:1858} INFO - Created Permission View: can edit on DAG:dataset_consumes_1
[2024-08-13T11:52:16.755+0000] {logging_mixin.py:188} INFO - [2024-08-13T11:52:16.755+0000] {override.py:1858} INFO - Created Permission View: can read on DAG:dataset_consumes_1
[2024-08-13T11:52:16.763+0000] {logging_mixin.py:188} INFO - [2024-08-13T11:52:16.763+0000] {override.py:1858} INFO - Created Permission View: can delete on DAG:dataset_consumes_1
[2024-08-13T11:52:16.785+0000] {logging_mixin.py:188} INFO - [2024-08-13T11:52:16.784+0000] {override.py:1858} INFO - Created Permission View: can edit on DAG:dataset_produces_1
[2024-08-13T11:52:16.790+0000] {logging_mixin.py:188} INFO - [2024-08-13T11:52:16.790+0000] {override.py:1858} INFO - Created Permission View: can read on DAG:dataset_produces_1
[2024-08-13T11:52:16.796+0000] {logging_mixin.py:188} INFO - [2024-08-13T11:52:16.796+0000] {override.py:1858} INFO - Created Permission View: can delete on DAG:dataset_produces_1
[2024-08-13T11:52:16.810+0000] {logging_mixin.py:188} INFO - [2024-08-13T11:52:16.810+0000] {override.py:1858} INFO - Created Permission View: can edit on DAG:dataset_produces_2
[2024-08-13T11:52:16.825+0000] {logging_mixin.py:188} INFO - [2024-08-13T11:52:16.825+0000] {override.py:1858} INFO - Created Permission View: can read on DAG:dataset_produces_2
[2024-08-13T11:52:16.844+0000] {logging_mixin.py:188} INFO - [2024-08-13T11:52:16.844+0000] {override.py:1858} INFO - Created Permission View: can delete on DAG:dataset_produces_2
[2024-08-13T11:52:16.844+0000] {logging_mixin.py:188} INFO - [2024-08-13T11:52:16.844+0000] {dag.py:3089} INFO - Sync 10 DAGs
[2024-08-13T11:52:16.870+0000] {logging_mixin.py:188} INFO - [2024-08-13T11:52:16.869+0000] {dag.py:3111} INFO - Creating ORM DAG for consume_1_and_2_with_dataset_expressions
[2024-08-13T11:52:16.876+0000] {logging_mixin.py:188} INFO - [2024-08-13T11:52:16.876+0000] {dag.py:3111} INFO - Creating ORM DAG for dataset_consumes_1_never_scheduled
[2024-08-13T11:52:16.880+0000] {logging_mixin.py:188} INFO - [2024-08-13T11:52:16.880+0000] {dag.py:3111} INFO - Creating ORM DAG for dataset_consumes_1_and_2
[2024-08-13T11:52:16.888+0000] {logging_mixin.py:188} INFO - [2024-08-13T11:52:16.887+0000] {dag.py:3111} INFO - Creating ORM DAG for dataset_produces_1
[2024-08-13T11:52:16.889+0000] {logging_mixin.py:188} INFO - [2024-08-13T11:52:16.888+0000] {dag.py:3111} INFO - Creating ORM DAG for dataset_produces_2
[2024-08-13T11:52:16.891+0000] {logging_mixin.py:188} INFO - [2024-08-13T11:52:16.891+0000] {dag.py:3111} INFO - Creating ORM DAG for dataset_consumes_unknown_never_scheduled
[2024-08-13T11:52:16.892+0000] {logging_mixin.py:188} INFO - [2024-08-13T11:52:16.892+0000] {dag.py:3111} INFO - Creating ORM DAG for conditional_dataset_and_time_based_timetable
[2024-08-13T11:52:16.893+0000] {logging_mixin.py:188} INFO - [2024-08-13T11:52:16.893+0000] {dag.py:3111} INFO - Creating ORM DAG for consume_1_or_both_2_and_3_with_dataset_expressions
[2024-08-13T11:52:16.895+0000] {logging_mixin.py:188} INFO - [2024-08-13T11:52:16.895+0000] {dag.py:3111} INFO - Creating ORM DAG for dataset_consumes_1
[2024-08-13T11:52:16.896+0000] {logging_mixin.py:188} INFO - [2024-08-13T11:52:16.896+0000] {dag.py:3111} INFO - Creating ORM DAG for consume_1_or_2_with_dataset_expressions
[2024-08-13T11:52:16.908+0000] {logging_mixin.py:188} INFO - [2024-08-13T11:52:16.908+0000] {dag.py:3947} INFO - Setting next_dagrun for conditional_dataset_and_time_based_timetable to 2024-08-07 01:00:00+00:00, run_after=2024-08-07 01:00:00+00:00
[2024-08-13T11:52:16.909+0000] {logging_mixin.py:188} INFO - [2024-08-13T11:52:16.909+0000] {dag.py:3947} INFO - Setting next_dagrun for consume_1_and_2_with_dataset_expressions to None, run_after=None
[2024-08-13T11:52:16.909+0000] {logging_mixin.py:188} INFO - [2024-08-13T11:52:16.909+0000] {dag.py:3947} INFO - Setting next_dagrun for consume_1_or_2_with_dataset_expressions to None, run_after=None
[2024-08-13T11:52:16.910+0000] {logging_mixin.py:188} INFO - [2024-08-13T11:52:16.910+0000] {dag.py:3947} INFO - Setting next_dagrun for consume_1_or_both_2_and_3_with_dataset_expressions to None, run_after=None
[2024-08-13T11:52:16.910+0000] {logging_mixin.py:188} INFO - [2024-08-13T11:52:16.910+0000] {dag.py:3947} INFO - Setting next_dagrun for dataset_consumes_1 to None, run_after=None
[2024-08-13T11:52:16.911+0000] {logging_mixin.py:188} INFO - [2024-08-13T11:52:16.910+0000] {dag.py:3947} INFO - Setting next_dagrun for dataset_consumes_1_and_2 to None, run_after=None
[2024-08-13T11:52:16.911+0000] {logging_mixin.py:188} INFO - [2024-08-13T11:52:16.911+0000] {dag.py:3947} INFO - Setting next_dagrun for dataset_consumes_1_never_scheduled to None, run_after=None
[2024-08-13T11:52:16.912+0000] {logging_mixin.py:188} INFO - [2024-08-13T11:52:16.912+0000] {dag.py:3947} INFO - Setting next_dagrun for dataset_consumes_unknown_never_scheduled to None, run_after=None
[2024-08-13T11:52:16.915+0000] {logging_mixin.py:188} INFO - [2024-08-13T11:52:16.915+0000] {dag.py:3947} INFO - Setting next_dagrun for dataset_produces_1 to 2024-08-12 00:00:00+00:00, run_after=2024-08-13 00:00:00+00:00
[2024-08-13T11:52:16.916+0000] {logging_mixin.py:188} INFO - [2024-08-13T11:52:16.916+0000] {dag.py:3947} INFO - Setting next_dagrun for dataset_produces_2 to None, run_after=None
[2024-08-13T11:52:16.959+0000] {processor.py:183} INFO - Processing /home/airflow/.local/lib/python3.12/site-packages/airflow/example_dags/example_datasets.py took 0.791 seconds
[2024-08-13T11:52:47.491+0000] {processor.py:161} INFO - Started process (PID=92) to work on /home/airflow/.local/lib/python3.12/site-packages/airflow/example_dags/example_datasets.py
[2024-08-13T11:52:47.491+0000] {processor.py:830} INFO - Processing file /home/airflow/.local/lib/python3.12/site-packages/airflow/example_dags/example_datasets.py for tasks to queue
[2024-08-13T11:52:47.493+0000] {logging_mixin.py:188} INFO - [2024-08-13T11:52:47.492+0000] {dagbag.py:545} INFO - Filling up the DagBag from /home/airflow/.local/lib/python3.12/site-packages/airflow/example_dags/example_datasets.py
[2024-08-13T11:52:47.502+0000] {processor.py:840} INFO - DAG(s) 'consume_1_or_both_2_and_3_with_dataset_expressions', 'conditional_dataset_and_time_based_timetable', 'dataset_consumes_1_and_2', 'consume_1_and_2_with_dataset_expressions', 'dataset_consumes_unknown_never_scheduled', 'dataset_produces_1', 'dataset_consumes_1_never_scheduled', 'dataset_consumes_1', 'consume_1_or_2_with_dataset_expressions', 'dataset_produces_2' retrieved from /home/airflow/.local/lib/python3.12/site-packages/airflow/example_dags/example_datasets.py
[2024-08-13T11:52:47.525+0000] {logging_mixin.py:188} INFO - [2024-08-13T11:52:47.525+0000] {dag.py:3089} INFO - Sync 10 DAGs
[2024-08-13T11:52:47.538+0000] {logging_mixin.py:188} INFO - [2024-08-13T11:52:47.538+0000] {dag.py:3947} INFO - Setting next_dagrun for conditional_dataset_and_time_based_timetable to 2024-08-07 01:00:00+00:00, run_after=2024-08-07 01:00:00+00:00
[2024-08-13T11:52:47.544+0000] {logging_mixin.py:188} INFO - [2024-08-13T11:52:47.544+0000] {dag.py:3947} INFO - Setting next_dagrun for consume_1_and_2_with_dataset_expressions to None, run_after=None
[2024-08-13T11:52:47.544+0000] {logging_mixin.py:188} INFO - [2024-08-13T11:52:47.544+0000] {dag.py:3947} INFO - Setting next_dagrun for consume_1_or_2_with_dataset_expressions to None, run_after=None
[2024-08-13T11:52:47.545+0000] {logging_mixin.py:188} INFO - [2024-08-13T11:52:47.545+0000] {dag.py:3947} INFO - Setting next_dagrun for consume_1_or_both_2_and_3_with_dataset_expressions to None, run_after=None
[2024-08-13T11:52:47.546+0000] {logging_mixin.py:188} INFO - [2024-08-13T11:52:47.546+0000] {dag.py:3947} INFO - Setting next_dagrun for dataset_consumes_1 to None, run_after=None
[2024-08-13T11:52:47.547+0000] {logging_mixin.py:188} INFO - [2024-08-13T11:52:47.547+0000] {dag.py:3947} INFO - Setting next_dagrun for dataset_consumes_1_and_2 to None, run_after=None
[2024-08-13T11:52:47.547+0000] {logging_mixin.py:188} INFO - [2024-08-13T11:52:47.547+0000] {dag.py:3947} INFO - Setting next_dagrun for dataset_consumes_1_never_scheduled to None, run_after=None
[2024-08-13T11:52:47.548+0000] {logging_mixin.py:188} INFO - [2024-08-13T11:52:47.548+0000] {dag.py:3947} INFO - Setting next_dagrun for dataset_consumes_unknown_never_scheduled to None, run_after=None
[2024-08-13T11:52:47.549+0000] {logging_mixin.py:188} INFO - [2024-08-13T11:52:47.549+0000] {dag.py:3947} INFO - Setting next_dagrun for dataset_produces_1 to 2024-08-12 00:00:00+00:00, run_after=2024-08-13 00:00:00+00:00
[2024-08-13T11:52:47.549+0000] {logging_mixin.py:188} INFO - [2024-08-13T11:52:47.549+0000] {dag.py:3947} INFO - Setting next_dagrun for dataset_produces_2 to None, run_after=None
[2024-08-13T11:52:47.564+0000] {processor.py:183} INFO - Processing /home/airflow/.local/lib/python3.12/site-packages/airflow/example_dags/example_datasets.py took 0.078 seconds
[2024-08-13T11:53:17.854+0000] {processor.py:161} INFO - Started process (PID=150) to work on /home/airflow/.local/lib/python3.12/site-packages/airflow/example_dags/example_datasets.py
[2024-08-13T11:53:17.855+0000] {processor.py:830} INFO - Processing file /home/airflow/.local/lib/python3.12/site-packages/airflow/example_dags/example_datasets.py for tasks to queue
[2024-08-13T11:53:17.856+0000] {logging_mixin.py:188} INFO - [2024-08-13T11:53:17.856+0000] {dagbag.py:545} INFO - Filling up the DagBag from /home/airflow/.local/lib/python3.12/site-packages/airflow/example_dags/example_datasets.py
[2024-08-13T11:53:17.869+0000] {processor.py:840} INFO - DAG(s) 'consume_1_and_2_with_dataset_expressions', 'dataset_produces_1', 'consume_1_or_both_2_and_3_with_dataset_expressions', 'dataset_consumes_1_never_scheduled', 'conditional_dataset_and_time_based_timetable', 'dataset_consumes_1', 'consume_1_or_2_with_dataset_expressions', 'dataset_consumes_1_and_2', 'dataset_consumes_unknown_never_scheduled', 'dataset_produces_2' retrieved from /home/airflow/.local/lib/python3.12/site-packages/airflow/example_dags/example_datasets.py
[2024-08-13T11:53:17.895+0000] {logging_mixin.py:188} INFO - [2024-08-13T11:53:17.895+0000] {dag.py:3089} INFO - Sync 10 DAGs
[2024-08-13T11:53:17.911+0000] {logging_mixin.py:188} INFO - [2024-08-13T11:53:17.911+0000] {dag.py:3947} INFO - Setting next_dagrun for conditional_dataset_and_time_based_timetable to 2024-08-07 01:00:00+00:00, run_after=2024-08-07 01:00:00+00:00
[2024-08-13T11:53:17.913+0000] {logging_mixin.py:188} INFO - [2024-08-13T11:53:17.913+0000] {dag.py:3947} INFO - Setting next_dagrun for consume_1_and_2_with_dataset_expressions to None, run_after=None
[2024-08-13T11:53:17.914+0000] {logging_mixin.py:188} INFO - [2024-08-13T11:53:17.914+0000] {dag.py:3947} INFO - Setting next_dagrun for consume_1_or_2_with_dataset_expressions to None, run_after=None
[2024-08-13T11:53:17.915+0000] {logging_mixin.py:188} INFO - [2024-08-13T11:53:17.915+0000] {dag.py:3947} INFO - Setting next_dagrun for consume_1_or_both_2_and_3_with_dataset_expressions to None, run_after=None
[2024-08-13T11:53:17.916+0000] {logging_mixin.py:188} INFO - [2024-08-13T11:53:17.916+0000] {dag.py:3947} INFO - Setting next_dagrun for dataset_consumes_1 to None, run_after=None
[2024-08-13T11:53:17.917+0000] {logging_mixin.py:188} INFO - [2024-08-13T11:53:17.917+0000] {dag.py:3947} INFO - Setting next_dagrun for dataset_consumes_1_and_2 to None, run_after=None
[2024-08-13T11:53:17.917+0000] {logging_mixin.py:188} INFO - [2024-08-13T11:53:17.917+0000] {dag.py:3947} INFO - Setting next_dagrun for dataset_consumes_1_never_scheduled to None, run_after=None
[2024-08-13T11:53:17.918+0000] {logging_mixin.py:188} INFO - [2024-08-13T11:53:17.918+0000] {dag.py:3947} INFO - Setting next_dagrun for dataset_consumes_unknown_never_scheduled to None, run_after=None
[2024-08-13T11:53:17.919+0000] {logging_mixin.py:188} INFO - [2024-08-13T11:53:17.919+0000] {dag.py:3947} INFO - Setting next_dagrun for dataset_produces_1 to 2024-08-12 00:00:00+00:00, run_after=2024-08-13 00:00:00+00:00
[2024-08-13T11:53:17.920+0000] {logging_mixin.py:188} INFO - [2024-08-13T11:53:17.920+0000] {dag.py:3947} INFO - Setting next_dagrun for dataset_produces_2 to None, run_after=None
[2024-08-13T11:53:17.941+0000] {processor.py:183} INFO - Processing /home/airflow/.local/lib/python3.12/site-packages/airflow/example_dags/example_datasets.py took 0.090 seconds
[2024-08-13T11:53:48.003+0000] {processor.py:161} INFO - Started process (PID=208) to work on /home/airflow/.local/lib/python3.12/site-packages/airflow/example_dags/example_datasets.py
[2024-08-13T11:53:48.004+0000] {processor.py:830} INFO - Processing file /home/airflow/.local/lib/python3.12/site-packages/airflow/example_dags/example_datasets.py for tasks to queue
[2024-08-13T11:53:48.005+0000] {logging_mixin.py:188} INFO - [2024-08-13T11:53:48.005+0000] {dagbag.py:545} INFO - Filling up the DagBag from /home/airflow/.local/lib/python3.12/site-packages/airflow/example_dags/example_datasets.py
[2024-08-13T11:53:48.014+0000] {processor.py:840} INFO - DAG(s) 'conditional_dataset_and_time_based_timetable', 'dataset_produces_2', 'dataset_consumes_1_never_scheduled', 'consume_1_and_2_with_dataset_expressions', 'dataset_produces_1', 'dataset_consumes_1', 'consume_1_or_2_with_dataset_expressions', 'consume_1_or_both_2_and_3_with_dataset_expressions', 'dataset_consumes_1_and_2', 'dataset_consumes_unknown_never_scheduled' retrieved from /home/airflow/.local/lib/python3.12/site-packages/airflow/example_dags/example_datasets.py
[2024-08-13T11:53:48.039+0000] {logging_mixin.py:188} INFO - [2024-08-13T11:53:48.039+0000] {dag.py:3089} INFO - Sync 10 DAGs
[2024-08-13T11:53:48.052+0000] {logging_mixin.py:188} INFO - [2024-08-13T11:53:48.051+0000] {dag.py:3947} INFO - Setting next_dagrun for conditional_dataset_and_time_based_timetable to 2024-08-07 01:00:00+00:00, run_after=2024-08-07 01:00:00+00:00
[2024-08-13T11:53:48.054+0000] {logging_mixin.py:188} INFO - [2024-08-13T11:53:48.054+0000] {dag.py:3947} INFO - Setting next_dagrun for consume_1_and_2_with_dataset_expressions to None, run_after=None
[2024-08-13T11:53:48.054+0000] {logging_mixin.py:188} INFO - [2024-08-13T11:53:48.054+0000] {dag.py:3947} INFO - Setting next_dagrun for consume_1_or_2_with_dataset_expressions to None, run_after=None
[2024-08-13T11:53:48.055+0000] {logging_mixin.py:188} INFO - [2024-08-13T11:53:48.055+0000] {dag.py:3947} INFO - Setting next_dagrun for consume_1_or_both_2_and_3_with_dataset_expressions to None, run_after=None
[2024-08-13T11:53:48.056+0000] {logging_mixin.py:188} INFO - [2024-08-13T11:53:48.056+0000] {dag.py:3947} INFO - Setting next_dagrun for dataset_consumes_1 to None, run_after=None
[2024-08-13T11:53:48.057+0000] {logging_mixin.py:188} INFO - [2024-08-13T11:53:48.056+0000] {dag.py:3947} INFO - Setting next_dagrun for dataset_consumes_1_and_2 to None, run_after=None
[2024-08-13T11:53:48.057+0000] {logging_mixin.py:188} INFO - [2024-08-13T11:53:48.057+0000] {dag.py:3947} INFO - Setting next_dagrun for dataset_consumes_1_never_scheduled to None, run_after=None
[2024-08-13T11:53:48.058+0000] {logging_mixin.py:188} INFO - [2024-08-13T11:53:48.058+0000] {dag.py:3947} INFO - Setting next_dagrun for dataset_consumes_unknown_never_scheduled to None, run_after=None
[2024-08-13T11:53:48.059+0000] {logging_mixin.py:188} INFO - [2024-08-13T11:53:48.059+0000] {dag.py:3947} INFO - Setting next_dagrun for dataset_produces_1 to 2024-08-12 00:00:00+00:00, run_after=2024-08-13 00:00:00+00:00
[2024-08-13T11:53:48.060+0000] {logging_mixin.py:188} INFO - [2024-08-13T11:53:48.060+0000] {dag.py:3947} INFO - Setting next_dagrun for dataset_produces_2 to None, run_after=None
[2024-08-13T11:53:48.075+0000] {processor.py:183} INFO - Processing /home/airflow/.local/lib/python3.12/site-packages/airflow/example_dags/example_datasets.py took 0.082 seconds
[2024-08-13T11:54:18.320+0000] {processor.py:161} INFO - Started process (PID=266) to work on /home/airflow/.local/lib/python3.12/site-packages/airflow/example_dags/example_datasets.py
[2024-08-13T11:54:18.321+0000] {processor.py:830} INFO - Processing file /home/airflow/.local/lib/python3.12/site-packages/airflow/example_dags/example_datasets.py for tasks to queue
[2024-08-13T11:54:18.323+0000] {logging_mixin.py:188} INFO - [2024-08-13T11:54:18.322+0000] {dagbag.py:545} INFO - Filling up the DagBag from /home/airflow/.local/lib/python3.12/site-packages/airflow/example_dags/example_datasets.py
[2024-08-13T11:54:18.334+0000] {processor.py:840} INFO - DAG(s) 'dataset_consumes_1', 'conditional_dataset_and_time_based_timetable', 'dataset_consumes_1_never_scheduled', 'dataset_produces_1', 'consume_1_or_both_2_and_3_with_dataset_expressions', 'dataset_consumes_1_and_2', 'consume_1_or_2_with_dataset_expressions', 'dataset_consumes_unknown_never_scheduled', 'dataset_produces_2', 'consume_1_and_2_with_dataset_expressions' retrieved from /home/airflow/.local/lib/python3.12/site-packages/airflow/example_dags/example_datasets.py
[2024-08-13T11:54:18.362+0000] {logging_mixin.py:188} INFO - [2024-08-13T11:54:18.362+0000] {dag.py:3089} INFO - Sync 10 DAGs
[2024-08-13T11:54:18.377+0000] {logging_mixin.py:188} INFO - [2024-08-13T11:54:18.376+0000] {dag.py:3947} INFO - Setting next_dagrun for conditional_dataset_and_time_based_timetable to 2024-08-07 01:00:00+00:00, run_after=2024-08-07 01:00:00+00:00
[2024-08-13T11:54:18.382+0000] {logging_mixin.py:188} INFO - [2024-08-13T11:54:18.382+0000] {dag.py:3947} INFO - Setting next_dagrun for consume_1_and_2_with_dataset_expressions to None, run_after=None
[2024-08-13T11:54:18.385+0000] {logging_mixin.py:188} INFO - [2024-08-13T11:54:18.385+0000] {dag.py:3947} INFO - Setting next_dagrun for consume_1_or_2_with_dataset_expressions to None, run_after=None
[2024-08-13T11:54:18.390+0000] {logging_mixin.py:188} INFO - [2024-08-13T11:54:18.390+0000] {dag.py:3947} INFO - Setting next_dagrun for consume_1_or_both_2_and_3_with_dataset_expressions to None, run_after=None
[2024-08-13T11:54:18.393+0000] {logging_mixin.py:188} INFO - [2024-08-13T11:54:18.393+0000] {dag.py:3947} INFO - Setting next_dagrun for dataset_consumes_1 to None, run_after=None
[2024-08-13T11:54:18.400+0000] {logging_mixin.py:188} INFO - [2024-08-13T11:54:18.400+0000] {dag.py:3947} INFO - Setting next_dagrun for dataset_consumes_1_and_2 to None, run_after=None
[2024-08-13T11:54:18.403+0000] {logging_mixin.py:188} INFO - [2024-08-13T11:54:18.403+0000] {dag.py:3947} INFO - Setting next_dagrun for dataset_consumes_1_never_scheduled to None, run_after=None
[2024-08-13T11:54:18.404+0000] {logging_mixin.py:188} INFO - [2024-08-13T11:54:18.404+0000] {dag.py:3947} INFO - Setting next_dagrun for dataset_consumes_unknown_never_scheduled to None, run_after=None
[2024-08-13T11:54:18.405+0000] {logging_mixin.py:188} INFO - [2024-08-13T11:54:18.405+0000] {dag.py:3947} INFO - Setting next_dagrun for dataset_produces_1 to 2024-08-12 00:00:00+00:00, run_after=2024-08-13 00:00:00+00:00
[2024-08-13T11:54:18.406+0000] {logging_mixin.py:188} INFO - [2024-08-13T11:54:18.406+0000] {dag.py:3947} INFO - Setting next_dagrun for dataset_produces_2 to None, run_after=None
[2024-08-13T11:54:18.436+0000] {processor.py:183} INFO - Processing /home/airflow/.local/lib/python3.12/site-packages/airflow/example_dags/example_datasets.py took 0.120 seconds
[2024-08-13T11:54:48.476+0000] {processor.py:161} INFO - Started process (PID=324) to work on /home/airflow/.local/lib/python3.12/site-packages/airflow/example_dags/example_datasets.py
[2024-08-13T11:54:48.478+0000] {processor.py:830} INFO - Processing file /home/airflow/.local/lib/python3.12/site-packages/airflow/example_dags/example_datasets.py for tasks to queue
[2024-08-13T11:54:48.481+0000] {logging_mixin.py:188} INFO - [2024-08-13T11:54:48.480+0000] {dagbag.py:545} INFO - Filling up the DagBag from /home/airflow/.local/lib/python3.12/site-packages/airflow/example_dags/example_datasets.py
[2024-08-13T11:54:48.492+0000] {processor.py:840} INFO - DAG(s) 'dataset_consumes_1_never_scheduled', 'dataset_consumes_unknown_never_scheduled', 'conditional_dataset_and_time_based_timetable', 'dataset_produces_2', 'consume_1_or_2_with_dataset_expressions', 'consume_1_and_2_with_dataset_expressions', 'dataset_produces_1', 'consume_1_or_both_2_and_3_with_dataset_expressions', 'dataset_consumes_1', 'dataset_consumes_1_and_2' retrieved from /home/airflow/.local/lib/python3.12/site-packages/airflow/example_dags/example_datasets.py
[2024-08-13T11:54:48.516+0000] {logging_mixin.py:188} INFO - [2024-08-13T11:54:48.516+0000] {dag.py:3089} INFO - Sync 10 DAGs
[2024-08-13T11:54:48.528+0000] {logging_mixin.py:188} INFO - [2024-08-13T11:54:48.527+0000] {dag.py:3947} INFO - Setting next_dagrun for conditional_dataset_and_time_based_timetable to 2024-08-07 01:00:00+00:00, run_after=2024-08-07 01:00:00+00:00
[2024-08-13T11:54:48.530+0000] {logging_mixin.py:188} INFO - [2024-08-13T11:54:48.530+0000] {dag.py:3947} INFO - Setting next_dagrun for consume_1_and_2_with_dataset_expressions to None, run_after=None
[2024-08-13T11:54:48.530+0000] {logging_mixin.py:188} INFO - [2024-08-13T11:54:48.530+0000] {dag.py:3947} INFO - Setting next_dagrun for consume_1_or_2_with_dataset_expressions to None, run_after=None
[2024-08-13T11:54:48.531+0000] {logging_mixin.py:188} INFO - [2024-08-13T11:54:48.531+0000] {dag.py:3947} INFO - Setting next_dagrun for consume_1_or_both_2_and_3_with_dataset_expressions to None, run_after=None
[2024-08-13T11:54:48.532+0000] {logging_mixin.py:188} INFO - [2024-08-13T11:54:48.532+0000] {dag.py:3947} INFO - Setting next_dagrun for dataset_consumes_1 to None, run_after=None
[2024-08-13T11:54:48.535+0000] {logging_mixin.py:188} INFO - [2024-08-13T11:54:48.535+0000] {dag.py:3947} INFO - Setting next_dagrun for dataset_consumes_1_and_2 to None, run_after=None
[2024-08-13T11:54:48.537+0000] {logging_mixin.py:188} INFO - [2024-08-13T11:54:48.536+0000] {dag.py:3947} INFO - Setting next_dagrun for dataset_consumes_1_never_scheduled to None, run_after=None
[2024-08-13T11:54:48.537+0000] {logging_mixin.py:188} INFO - [2024-08-13T11:54:48.537+0000] {dag.py:3947} INFO - Setting next_dagrun for dataset_consumes_unknown_never_scheduled to None, run_after=None
[2024-08-13T11:54:48.539+0000] {logging_mixin.py:188} INFO - [2024-08-13T11:54:48.539+0000] {dag.py:3947} INFO - Setting next_dagrun for dataset_produces_1 to 2024-08-12 00:00:00+00:00, run_after=2024-08-13 00:00:00+00:00
[2024-08-13T11:54:48.540+0000] {logging_mixin.py:188} INFO - [2024-08-13T11:54:48.540+0000] {dag.py:3947} INFO - Setting next_dagrun for dataset_produces_2 to None, run_after=None
[2024-08-13T11:54:48.560+0000] {processor.py:183} INFO - Processing /home/airflow/.local/lib/python3.12/site-packages/airflow/example_dags/example_datasets.py took 0.093 seconds
[2024-08-13T11:55:18.836+0000] {processor.py:161} INFO - Started process (PID=381) to work on /home/airflow/.local/lib/python3.12/site-packages/airflow/example_dags/example_datasets.py
[2024-08-13T11:55:18.837+0000] {processor.py:830} INFO - Processing file /home/airflow/.local/lib/python3.12/site-packages/airflow/example_dags/example_datasets.py for tasks to queue
[2024-08-13T11:55:18.839+0000] {logging_mixin.py:188} INFO - [2024-08-13T11:55:18.838+0000] {dagbag.py:545} INFO - Filling up the DagBag from /home/airflow/.local/lib/python3.12/site-packages/airflow/example_dags/example_datasets.py
[2024-08-13T11:55:18.851+0000] {processor.py:840} INFO - DAG(s) 'consume_1_and_2_with_dataset_expressions', 'consume_1_or_both_2_and_3_with_dataset_expressions', 'dataset_consumes_1', 'conditional_dataset_and_time_based_timetable', 'dataset_consumes_1_and_2', 'dataset_consumes_unknown_never_scheduled', 'consume_1_or_2_with_dataset_expressions', 'dataset_produces_1', 'dataset_consumes_1_never_scheduled', 'dataset_produces_2' retrieved from /home/airflow/.local/lib/python3.12/site-packages/airflow/example_dags/example_datasets.py
[2024-08-13T11:55:18.891+0000] {logging_mixin.py:188} INFO - [2024-08-13T11:55:18.890+0000] {dag.py:3089} INFO - Sync 10 DAGs
[2024-08-13T11:55:18.910+0000] {logging_mixin.py:188} INFO - [2024-08-13T11:55:18.910+0000] {dag.py:3947} INFO - Setting next_dagrun for conditional_dataset_and_time_based_timetable to 2024-08-07 01:00:00+00:00, run_after=2024-08-07 01:00:00+00:00
[2024-08-13T11:55:18.915+0000] {logging_mixin.py:188} INFO - [2024-08-13T11:55:18.915+0000] {dag.py:3947} INFO - Setting next_dagrun for consume_1_and_2_with_dataset_expressions to None, run_after=None
[2024-08-13T11:55:18.917+0000] {logging_mixin.py:188} INFO - [2024-08-13T11:55:18.917+0000] {dag.py:3947} INFO - Setting next_dagrun for consume_1_or_2_with_dataset_expressions to None, run_after=None
[2024-08-13T11:55:18.919+0000] {logging_mixin.py:188} INFO - [2024-08-13T11:55:18.919+0000] {dag.py:3947} INFO - Setting next_dagrun for consume_1_or_both_2_and_3_with_dataset_expressions to None, run_after=None
[2024-08-13T11:55:18.920+0000] {logging_mixin.py:188} INFO - [2024-08-13T11:55:18.920+0000] {dag.py:3947} INFO - Setting next_dagrun for dataset_consumes_1 to None, run_after=None
[2024-08-13T11:55:18.921+0000] {logging_mixin.py:188} INFO - [2024-08-13T11:55:18.921+0000] {dag.py:3947} INFO - Setting next_dagrun for dataset_consumes_1_and_2 to None, run_after=None
[2024-08-13T11:55:18.923+0000] {logging_mixin.py:188} INFO - [2024-08-13T11:55:18.922+0000] {dag.py:3947} INFO - Setting next_dagrun for dataset_consumes_1_never_scheduled to None, run_after=None
[2024-08-13T11:55:18.925+0000] {logging_mixin.py:188} INFO - [2024-08-13T11:55:18.925+0000] {dag.py:3947} INFO - Setting next_dagrun for dataset_consumes_unknown_never_scheduled to None, run_after=None
[2024-08-13T11:55:18.927+0000] {logging_mixin.py:188} INFO - [2024-08-13T11:55:18.927+0000] {dag.py:3947} INFO - Setting next_dagrun for dataset_produces_1 to 2024-08-12 00:00:00+00:00, run_after=2024-08-13 00:00:00+00:00
[2024-08-13T11:55:18.928+0000] {logging_mixin.py:188} INFO - [2024-08-13T11:55:18.928+0000] {dag.py:3947} INFO - Setting next_dagrun for dataset_produces_2 to None, run_after=None
[2024-08-13T11:55:18.952+0000] {processor.py:183} INFO - Processing /home/airflow/.local/lib/python3.12/site-packages/airflow/example_dags/example_datasets.py took 0.122 seconds
[2024-08-13T11:55:49.090+0000] {processor.py:161} INFO - Started process (PID=439) to work on /home/airflow/.local/lib/python3.12/site-packages/airflow/example_dags/example_datasets.py
[2024-08-13T11:55:49.090+0000] {processor.py:830} INFO - Processing file /home/airflow/.local/lib/python3.12/site-packages/airflow/example_dags/example_datasets.py for tasks to queue
[2024-08-13T11:55:49.099+0000] {logging_mixin.py:188} INFO - [2024-08-13T11:55:49.099+0000] {dagbag.py:545} INFO - Filling up the DagBag from /home/airflow/.local/lib/python3.12/site-packages/airflow/example_dags/example_datasets.py
[2024-08-13T11:55:49.110+0000] {processor.py:840} INFO - DAG(s) 'dataset_consumes_1_and_2', 'dataset_consumes_1', 'consume_1_or_2_with_dataset_expressions', 'consume_1_or_both_2_and_3_with_dataset_expressions', 'conditional_dataset_and_time_based_timetable', 'dataset_produces_1', 'consume_1_and_2_with_dataset_expressions', 'dataset_produces_2', 'dataset_consumes_unknown_never_scheduled', 'dataset_consumes_1_never_scheduled' retrieved from /home/airflow/.local/lib/python3.12/site-packages/airflow/example_dags/example_datasets.py
[2024-08-13T11:55:49.150+0000] {logging_mixin.py:188} INFO - [2024-08-13T11:55:49.150+0000] {dag.py:3089} INFO - Sync 10 DAGs
[2024-08-13T11:55:49.172+0000] {logging_mixin.py:188} INFO - [2024-08-13T11:55:49.171+0000] {dag.py:3947} INFO - Setting next_dagrun for conditional_dataset_and_time_based_timetable to 2024-08-07 01:00:00+00:00, run_after=2024-08-07 01:00:00+00:00
[2024-08-13T11:55:49.174+0000] {logging_mixin.py:188} INFO - [2024-08-13T11:55:49.174+0000] {dag.py:3947} INFO - Setting next_dagrun for consume_1_and_2_with_dataset_expressions to None, run_after=None
[2024-08-13T11:55:49.176+0000] {logging_mixin.py:188} INFO - [2024-08-13T11:55:49.175+0000] {dag.py:3947} INFO - Setting next_dagrun for consume_1_or_2_with_dataset_expressions to None, run_after=None
[2024-08-13T11:55:49.176+0000] {logging_mixin.py:188} INFO - [2024-08-13T11:55:49.176+0000] {dag.py:3947} INFO - Setting next_dagrun for consume_1_or_both_2_and_3_with_dataset_expressions to None, run_after=None
[2024-08-13T11:55:49.177+0000] {logging_mixin.py:188} INFO - [2024-08-13T11:55:49.177+0000] {dag.py:3947} INFO - Setting next_dagrun for dataset_consumes_1 to None, run_after=None
[2024-08-13T11:55:49.178+0000] {logging_mixin.py:188} INFO - [2024-08-13T11:55:49.178+0000] {dag.py:3947} INFO - Setting next_dagrun for dataset_consumes_1_and_2 to None, run_after=None
[2024-08-13T11:55:49.179+0000] {logging_mixin.py:188} INFO - [2024-08-13T11:55:49.179+0000] {dag.py:3947} INFO - Setting next_dagrun for dataset_consumes_1_never_scheduled to None, run_after=None
[2024-08-13T11:55:49.180+0000] {logging_mixin.py:188} INFO - [2024-08-13T11:55:49.180+0000] {dag.py:3947} INFO - Setting next_dagrun for dataset_consumes_unknown_never_scheduled to None, run_after=None
[2024-08-13T11:55:49.181+0000] {logging_mixin.py:188} INFO - [2024-08-13T11:55:49.181+0000] {dag.py:3947} INFO - Setting next_dagrun for dataset_produces_1 to 2024-08-12 00:00:00+00:00, run_after=2024-08-13 00:00:00+00:00
[2024-08-13T11:55:49.182+0000] {logging_mixin.py:188} INFO - [2024-08-13T11:55:49.182+0000] {dag.py:3947} INFO - Setting next_dagrun for dataset_produces_2 to None, run_after=None
[2024-08-13T11:55:49.199+0000] {processor.py:183} INFO - Processing /home/airflow/.local/lib/python3.12/site-packages/airflow/example_dags/example_datasets.py took 0.113 seconds
[2024-08-13T11:56:19.329+0000] {processor.py:161} INFO - Started process (PID=497) to work on /home/airflow/.local/lib/python3.12/site-packages/airflow/example_dags/example_datasets.py
[2024-08-13T11:56:19.330+0000] {processor.py:830} INFO - Processing file /home/airflow/.local/lib/python3.12/site-packages/airflow/example_dags/example_datasets.py for tasks to queue
[2024-08-13T11:56:19.332+0000] {logging_mixin.py:188} INFO - [2024-08-13T11:56:19.332+0000] {dagbag.py:545} INFO - Filling up the DagBag from /home/airflow/.local/lib/python3.12/site-packages/airflow/example_dags/example_datasets.py
[2024-08-13T11:56:19.343+0000] {processor.py:840} INFO - DAG(s) 'consume_1_and_2_with_dataset_expressions', 'dataset_consumes_1_never_scheduled', 'consume_1_or_both_2_and_3_with_dataset_expressions', 'dataset_produces_1', 'dataset_consumes_unknown_never_scheduled', 'dataset_produces_2', 'dataset_consumes_1', 'conditional_dataset_and_time_based_timetable', 'dataset_consumes_1_and_2', 'consume_1_or_2_with_dataset_expressions' retrieved from /home/airflow/.local/lib/python3.12/site-packages/airflow/example_dags/example_datasets.py
[2024-08-13T11:56:19.368+0000] {logging_mixin.py:188} INFO - [2024-08-13T11:56:19.368+0000] {dag.py:3089} INFO - Sync 10 DAGs
[2024-08-13T11:56:19.380+0000] {logging_mixin.py:188} INFO - [2024-08-13T11:56:19.380+0000] {dag.py:3947} INFO - Setting next_dagrun for conditional_dataset_and_time_based_timetable to 2024-08-07 01:00:00+00:00, run_after=2024-08-07 01:00:00+00:00
[2024-08-13T11:56:19.383+0000] {logging_mixin.py:188} INFO - [2024-08-13T11:56:19.383+0000] {dag.py:3947} INFO - Setting next_dagrun for consume_1_and_2_with_dataset_expressions to None, run_after=None
[2024-08-13T11:56:19.384+0000] {logging_mixin.py:188} INFO - [2024-08-13T11:56:19.384+0000] {dag.py:3947} INFO - Setting next_dagrun for consume_1_or_2_with_dataset_expressions to None, run_after=None
[2024-08-13T11:56:19.384+0000] {logging_mixin.py:188} INFO - [2024-08-13T11:56:19.384+0000] {dag.py:3947} INFO - Setting next_dagrun for consume_1_or_both_2_and_3_with_dataset_expressions to None, run_after=None
[2024-08-13T11:56:19.385+0000] {logging_mixin.py:188} INFO - [2024-08-13T11:56:19.385+0000] {dag.py:3947} INFO - Setting next_dagrun for dataset_consumes_1 to None, run_after=None
[2024-08-13T11:56:19.385+0000] {logging_mixin.py:188} INFO - [2024-08-13T11:56:19.385+0000] {dag.py:3947} INFO - Setting next_dagrun for dataset_consumes_1_and_2 to None, run_after=None
[2024-08-13T11:56:19.386+0000] {logging_mixin.py:188} INFO - [2024-08-13T11:56:19.386+0000] {dag.py:3947} INFO - Setting next_dagrun for dataset_consumes_1_never_scheduled to None, run_after=None
[2024-08-13T11:56:19.386+0000] {logging_mixin.py:188} INFO - [2024-08-13T11:56:19.386+0000] {dag.py:3947} INFO - Setting next_dagrun for dataset_consumes_unknown_never_scheduled to None, run_after=None
[2024-08-13T11:56:19.388+0000] {logging_mixin.py:188} INFO - [2024-08-13T11:56:19.388+0000] {dag.py:3947} INFO - Setting next_dagrun for dataset_produces_1 to 2024-08-12 00:00:00+00:00, run_after=2024-08-13 00:00:00+00:00
[2024-08-13T11:56:19.389+0000] {logging_mixin.py:188} INFO - [2024-08-13T11:56:19.388+0000] {dag.py:3947} INFO - Setting next_dagrun for dataset_produces_2 to None, run_after=None
[2024-08-13T11:56:19.402+0000] {processor.py:183} INFO - Processing /home/airflow/.local/lib/python3.12/site-packages/airflow/example_dags/example_datasets.py took 0.082 seconds
[2024-08-13T11:56:49.444+0000] {processor.py:161} INFO - Started process (PID=555) to work on /home/airflow/.local/lib/python3.12/site-packages/airflow/example_dags/example_datasets.py
[2024-08-13T11:56:49.445+0000] {processor.py:830} INFO - Processing file /home/airflow/.local/lib/python3.12/site-packages/airflow/example_dags/example_datasets.py for tasks to queue
[2024-08-13T11:56:49.447+0000] {logging_mixin.py:188} INFO - [2024-08-13T11:56:49.447+0000] {dagbag.py:545} INFO - Filling up the DagBag from /home/airflow/.local/lib/python3.12/site-packages/airflow/example_dags/example_datasets.py
[2024-08-13T11:56:49.456+0000] {processor.py:840} INFO - DAG(s) 'dataset_consumes_1', 'dataset_produces_1', 'dataset_consumes_1_and_2', 'consume_1_and_2_with_dataset_expressions', 'dataset_consumes_unknown_never_scheduled', 'conditional_dataset_and_time_based_timetable', 'dataset_consumes_1_never_scheduled', 'dataset_produces_2', 'consume_1_or_both_2_and_3_with_dataset_expressions', 'consume_1_or_2_with_dataset_expressions' retrieved from /home/airflow/.local/lib/python3.12/site-packages/airflow/example_dags/example_datasets.py
[2024-08-13T11:56:49.478+0000] {logging_mixin.py:188} INFO - [2024-08-13T11:56:49.478+0000] {dag.py:3089} INFO - Sync 10 DAGs
[2024-08-13T11:56:49.489+0000] {logging_mixin.py:188} INFO - [2024-08-13T11:56:49.489+0000] {dag.py:3947} INFO - Setting next_dagrun for conditional_dataset_and_time_based_timetable to 2024-08-07 01:00:00+00:00, run_after=2024-08-07 01:00:00+00:00
[2024-08-13T11:56:49.491+0000] {logging_mixin.py:188} INFO - [2024-08-13T11:56:49.491+0000] {dag.py:3947} INFO - Setting next_dagrun for consume_1_and_2_with_dataset_expressions to None, run_after=None
[2024-08-13T11:56:49.492+0000] {logging_mixin.py:188} INFO - [2024-08-13T11:56:49.492+0000] {dag.py:3947} INFO - Setting next_dagrun for consume_1_or_2_with_dataset_expressions to None, run_after=None
[2024-08-13T11:56:49.492+0000] {logging_mixin.py:188} INFO - [2024-08-13T11:56:49.492+0000] {dag.py:3947} INFO - Setting next_dagrun for consume_1_or_both_2_and_3_with_dataset_expressions to None, run_after=None
[2024-08-13T11:56:49.493+0000] {logging_mixin.py:188} INFO - [2024-08-13T11:56:49.493+0000] {dag.py:3947} INFO - Setting next_dagrun for dataset_consumes_1 to None, run_after=None
[2024-08-13T11:56:49.494+0000] {logging_mixin.py:188} INFO - [2024-08-13T11:56:49.494+0000] {dag.py:3947} INFO - Setting next_dagrun for dataset_consumes_1_and_2 to None, run_after=None
[2024-08-13T11:56:49.495+0000] {logging_mixin.py:188} INFO - [2024-08-13T11:56:49.495+0000] {dag.py:3947} INFO - Setting next_dagrun for dataset_consumes_1_never_scheduled to None, run_after=None
[2024-08-13T11:56:49.495+0000] {logging_mixin.py:188} INFO - [2024-08-13T11:56:49.495+0000] {dag.py:3947} INFO - Setting next_dagrun for dataset_consumes_unknown_never_scheduled to None, run_after=None
[2024-08-13T11:56:49.496+0000] {logging_mixin.py:188} INFO - [2024-08-13T11:56:49.496+0000] {dag.py:3947} INFO - Setting next_dagrun for dataset_produces_1 to 2024-08-12 00:00:00+00:00, run_after=2024-08-13 00:00:00+00:00
[2024-08-13T11:56:49.497+0000] {logging_mixin.py:188} INFO - [2024-08-13T11:56:49.497+0000] {dag.py:3947} INFO - Setting next_dagrun for dataset_produces_2 to None, run_after=None
[2024-08-13T11:56:49.513+0000] {processor.py:183} INFO - Processing /home/airflow/.local/lib/python3.12/site-packages/airflow/example_dags/example_datasets.py took 0.073 seconds
