[2024-08-13T11:52:15.038+0000] {processor.py:161} INFO - Started process (PID=28) to work on /home/airflow/.local/lib/python3.12/site-packages/airflow/example_dags/example_complex.py
[2024-08-13T11:52:15.044+0000] {processor.py:830} INFO - Processing file /home/airflow/.local/lib/python3.12/site-packages/airflow/example_dags/example_complex.py for tasks to queue
[2024-08-13T11:52:15.049+0000] {logging_mixin.py:188} INFO - [2024-08-13T11:52:15.049+0000] {dagbag.py:545} INFO - Filling up the DagBag from /home/airflow/.local/lib/python3.12/site-packages/airflow/example_dags/example_complex.py
[2024-08-13T11:52:15.066+0000] {processor.py:840} INFO - DAG(s) 'example_complex' retrieved from /home/airflow/.local/lib/python3.12/site-packages/airflow/example_dags/example_complex.py
[2024-08-13T11:52:15.301+0000] {logging_mixin.py:188} INFO - [2024-08-13T11:52:15.300+0000] {override.py:1858} INFO - Created Permission View: can edit on DAG:example_complex
[2024-08-13T11:52:15.305+0000] {logging_mixin.py:188} INFO - [2024-08-13T11:52:15.305+0000] {override.py:1858} INFO - Created Permission View: can read on DAG:example_complex
[2024-08-13T11:52:15.316+0000] {logging_mixin.py:188} INFO - [2024-08-13T11:52:15.316+0000] {override.py:1858} INFO - Created Permission View: can delete on DAG:example_complex
[2024-08-13T11:52:15.318+0000] {logging_mixin.py:188} INFO - [2024-08-13T11:52:15.318+0000] {dag.py:3089} INFO - Sync 1 DAGs
[2024-08-13T11:52:15.330+0000] {logging_mixin.py:188} INFO - [2024-08-13T11:52:15.330+0000] {dag.py:3111} INFO - Creating ORM DAG for example_complex
[2024-08-13T11:52:15.332+0000] {logging_mixin.py:188} INFO - [2024-08-13T11:52:15.332+0000] {dag.py:3947} INFO - Setting next_dagrun for example_complex to None, run_after=None
[2024-08-13T11:52:15.357+0000] {processor.py:183} INFO - Processing /home/airflow/.local/lib/python3.12/site-packages/airflow/example_dags/example_complex.py took 0.323 seconds
[2024-08-13T11:52:46.326+0000] {processor.py:161} INFO - Started process (PID=86) to work on /home/airflow/.local/lib/python3.12/site-packages/airflow/example_dags/example_complex.py
[2024-08-13T11:52:46.328+0000] {processor.py:830} INFO - Processing file /home/airflow/.local/lib/python3.12/site-packages/airflow/example_dags/example_complex.py for tasks to queue
[2024-08-13T11:52:46.331+0000] {logging_mixin.py:188} INFO - [2024-08-13T11:52:46.330+0000] {dagbag.py:545} INFO - Filling up the DagBag from /home/airflow/.local/lib/python3.12/site-packages/airflow/example_dags/example_complex.py
[2024-08-13T11:52:46.341+0000] {processor.py:840} INFO - DAG(s) 'example_complex' retrieved from /home/airflow/.local/lib/python3.12/site-packages/airflow/example_dags/example_complex.py
[2024-08-13T11:52:46.360+0000] {logging_mixin.py:188} INFO - [2024-08-13T11:52:46.360+0000] {dag.py:3089} INFO - Sync 1 DAGs
[2024-08-13T11:52:46.366+0000] {logging_mixin.py:188} INFO - [2024-08-13T11:52:46.366+0000] {dag.py:3947} INFO - Setting next_dagrun for example_complex to None, run_after=None
[2024-08-13T11:52:46.376+0000] {processor.py:183} INFO - Processing /home/airflow/.local/lib/python3.12/site-packages/airflow/example_dags/example_complex.py took 0.059 seconds
[2024-08-13T11:53:16.639+0000] {processor.py:161} INFO - Started process (PID=144) to work on /home/airflow/.local/lib/python3.12/site-packages/airflow/example_dags/example_complex.py
[2024-08-13T11:53:16.641+0000] {processor.py:830} INFO - Processing file /home/airflow/.local/lib/python3.12/site-packages/airflow/example_dags/example_complex.py for tasks to queue
[2024-08-13T11:53:16.644+0000] {logging_mixin.py:188} INFO - [2024-08-13T11:53:16.643+0000] {dagbag.py:545} INFO - Filling up the DagBag from /home/airflow/.local/lib/python3.12/site-packages/airflow/example_dags/example_complex.py
[2024-08-13T11:53:16.654+0000] {processor.py:840} INFO - DAG(s) 'example_complex' retrieved from /home/airflow/.local/lib/python3.12/site-packages/airflow/example_dags/example_complex.py
[2024-08-13T11:53:16.675+0000] {logging_mixin.py:188} INFO - [2024-08-13T11:53:16.675+0000] {dag.py:3089} INFO - Sync 1 DAGs
[2024-08-13T11:53:16.682+0000] {logging_mixin.py:188} INFO - [2024-08-13T11:53:16.682+0000] {dag.py:3947} INFO - Setting next_dagrun for example_complex to None, run_after=None
[2024-08-13T11:53:16.693+0000] {processor.py:183} INFO - Processing /home/airflow/.local/lib/python3.12/site-packages/airflow/example_dags/example_complex.py took 0.064 seconds
[2024-08-13T11:53:46.750+0000] {processor.py:161} INFO - Started process (PID=202) to work on /home/airflow/.local/lib/python3.12/site-packages/airflow/example_dags/example_complex.py
[2024-08-13T11:53:46.750+0000] {processor.py:830} INFO - Processing file /home/airflow/.local/lib/python3.12/site-packages/airflow/example_dags/example_complex.py for tasks to queue
[2024-08-13T11:53:46.752+0000] {logging_mixin.py:188} INFO - [2024-08-13T11:53:46.751+0000] {dagbag.py:545} INFO - Filling up the DagBag from /home/airflow/.local/lib/python3.12/site-packages/airflow/example_dags/example_complex.py
[2024-08-13T11:53:46.758+0000] {processor.py:840} INFO - DAG(s) 'example_complex' retrieved from /home/airflow/.local/lib/python3.12/site-packages/airflow/example_dags/example_complex.py
[2024-08-13T11:53:46.777+0000] {logging_mixin.py:188} INFO - [2024-08-13T11:53:46.777+0000] {dag.py:3089} INFO - Sync 1 DAGs
[2024-08-13T11:53:46.786+0000] {logging_mixin.py:188} INFO - [2024-08-13T11:53:46.785+0000] {dag.py:3947} INFO - Setting next_dagrun for example_complex to None, run_after=None
[2024-08-13T11:53:46.801+0000] {processor.py:183} INFO - Processing /home/airflow/.local/lib/python3.12/site-packages/airflow/example_dags/example_complex.py took 0.055 seconds
[2024-08-13T11:54:17.105+0000] {processor.py:161} INFO - Started process (PID=260) to work on /home/airflow/.local/lib/python3.12/site-packages/airflow/example_dags/example_complex.py
[2024-08-13T11:54:17.105+0000] {processor.py:830} INFO - Processing file /home/airflow/.local/lib/python3.12/site-packages/airflow/example_dags/example_complex.py for tasks to queue
[2024-08-13T11:54:17.108+0000] {logging_mixin.py:188} INFO - [2024-08-13T11:54:17.108+0000] {dagbag.py:545} INFO - Filling up the DagBag from /home/airflow/.local/lib/python3.12/site-packages/airflow/example_dags/example_complex.py
[2024-08-13T11:54:17.115+0000] {processor.py:840} INFO - DAG(s) 'example_complex' retrieved from /home/airflow/.local/lib/python3.12/site-packages/airflow/example_dags/example_complex.py
[2024-08-13T11:54:17.137+0000] {logging_mixin.py:188} INFO - [2024-08-13T11:54:17.137+0000] {dag.py:3089} INFO - Sync 1 DAGs
[2024-08-13T11:54:17.145+0000] {logging_mixin.py:188} INFO - [2024-08-13T11:54:17.145+0000] {dag.py:3947} INFO - Setting next_dagrun for example_complex to None, run_after=None
[2024-08-13T11:54:17.156+0000] {processor.py:183} INFO - Processing /home/airflow/.local/lib/python3.12/site-packages/airflow/example_dags/example_complex.py took 0.060 seconds
[2024-08-13T11:54:47.237+0000] {processor.py:161} INFO - Started process (PID=318) to work on /home/airflow/.local/lib/python3.12/site-packages/airflow/example_dags/example_complex.py
[2024-08-13T11:54:47.238+0000] {processor.py:830} INFO - Processing file /home/airflow/.local/lib/python3.12/site-packages/airflow/example_dags/example_complex.py for tasks to queue
[2024-08-13T11:54:47.242+0000] {logging_mixin.py:188} INFO - [2024-08-13T11:54:47.242+0000] {dagbag.py:545} INFO - Filling up the DagBag from /home/airflow/.local/lib/python3.12/site-packages/airflow/example_dags/example_complex.py
[2024-08-13T11:54:47.253+0000] {processor.py:840} INFO - DAG(s) 'example_complex' retrieved from /home/airflow/.local/lib/python3.12/site-packages/airflow/example_dags/example_complex.py
[2024-08-13T11:54:47.272+0000] {logging_mixin.py:188} INFO - [2024-08-13T11:54:47.272+0000] {dag.py:3089} INFO - Sync 1 DAGs
[2024-08-13T11:54:47.279+0000] {logging_mixin.py:188} INFO - [2024-08-13T11:54:47.279+0000] {dag.py:3947} INFO - Setting next_dagrun for example_complex to None, run_after=None
[2024-08-13T11:54:47.289+0000] {processor.py:183} INFO - Processing /home/airflow/.local/lib/python3.12/site-packages/airflow/example_dags/example_complex.py took 0.061 seconds
[2024-08-13T11:55:17.609+0000] {processor.py:161} INFO - Started process (PID=375) to work on /home/airflow/.local/lib/python3.12/site-packages/airflow/example_dags/example_complex.py
[2024-08-13T11:55:17.609+0000] {processor.py:830} INFO - Processing file /home/airflow/.local/lib/python3.12/site-packages/airflow/example_dags/example_complex.py for tasks to queue
[2024-08-13T11:55:17.612+0000] {logging_mixin.py:188} INFO - [2024-08-13T11:55:17.612+0000] {dagbag.py:545} INFO - Filling up the DagBag from /home/airflow/.local/lib/python3.12/site-packages/airflow/example_dags/example_complex.py
[2024-08-13T11:55:17.621+0000] {processor.py:840} INFO - DAG(s) 'example_complex' retrieved from /home/airflow/.local/lib/python3.12/site-packages/airflow/example_dags/example_complex.py
[2024-08-13T11:55:17.640+0000] {logging_mixin.py:188} INFO - [2024-08-13T11:55:17.640+0000] {dag.py:3089} INFO - Sync 1 DAGs
[2024-08-13T11:55:17.648+0000] {logging_mixin.py:188} INFO - [2024-08-13T11:55:17.647+0000] {dag.py:3947} INFO - Setting next_dagrun for example_complex to None, run_after=None
[2024-08-13T11:55:17.661+0000] {processor.py:183} INFO - Processing /home/airflow/.local/lib/python3.12/site-packages/airflow/example_dags/example_complex.py took 0.056 seconds
[2024-08-13T11:55:47.875+0000] {processor.py:161} INFO - Started process (PID=433) to work on /home/airflow/.local/lib/python3.12/site-packages/airflow/example_dags/example_complex.py
[2024-08-13T11:55:47.876+0000] {processor.py:830} INFO - Processing file /home/airflow/.local/lib/python3.12/site-packages/airflow/example_dags/example_complex.py for tasks to queue
[2024-08-13T11:55:47.877+0000] {logging_mixin.py:188} INFO - [2024-08-13T11:55:47.877+0000] {dagbag.py:545} INFO - Filling up the DagBag from /home/airflow/.local/lib/python3.12/site-packages/airflow/example_dags/example_complex.py
[2024-08-13T11:55:47.887+0000] {processor.py:840} INFO - DAG(s) 'example_complex' retrieved from /home/airflow/.local/lib/python3.12/site-packages/airflow/example_dags/example_complex.py
[2024-08-13T11:55:47.909+0000] {logging_mixin.py:188} INFO - [2024-08-13T11:55:47.908+0000] {dag.py:3089} INFO - Sync 1 DAGs
[2024-08-13T11:55:47.916+0000] {logging_mixin.py:188} INFO - [2024-08-13T11:55:47.916+0000] {dag.py:3947} INFO - Setting next_dagrun for example_complex to None, run_after=None
[2024-08-13T11:55:47.929+0000] {processor.py:183} INFO - Processing /home/airflow/.local/lib/python3.12/site-packages/airflow/example_dags/example_complex.py took 0.060 seconds
[2024-08-13T11:56:18.098+0000] {processor.py:161} INFO - Started process (PID=491) to work on /home/airflow/.local/lib/python3.12/site-packages/airflow/example_dags/example_complex.py
[2024-08-13T11:56:18.101+0000] {processor.py:830} INFO - Processing file /home/airflow/.local/lib/python3.12/site-packages/airflow/example_dags/example_complex.py for tasks to queue
[2024-08-13T11:56:18.104+0000] {logging_mixin.py:188} INFO - [2024-08-13T11:56:18.103+0000] {dagbag.py:545} INFO - Filling up the DagBag from /home/airflow/.local/lib/python3.12/site-packages/airflow/example_dags/example_complex.py
[2024-08-13T11:56:18.114+0000] {processor.py:840} INFO - DAG(s) 'example_complex' retrieved from /home/airflow/.local/lib/python3.12/site-packages/airflow/example_dags/example_complex.py
[2024-08-13T11:56:18.134+0000] {logging_mixin.py:188} INFO - [2024-08-13T11:56:18.134+0000] {dag.py:3089} INFO - Sync 1 DAGs
[2024-08-13T11:56:18.141+0000] {logging_mixin.py:188} INFO - [2024-08-13T11:56:18.141+0000] {dag.py:3947} INFO - Setting next_dagrun for example_complex to None, run_after=None
[2024-08-13T11:56:18.149+0000] {processor.py:183} INFO - Processing /home/airflow/.local/lib/python3.12/site-packages/airflow/example_dags/example_complex.py took 0.060 seconds
[2024-08-13T11:56:48.224+0000] {processor.py:161} INFO - Started process (PID=549) to work on /home/airflow/.local/lib/python3.12/site-packages/airflow/example_dags/example_complex.py
[2024-08-13T11:56:48.225+0000] {processor.py:830} INFO - Processing file /home/airflow/.local/lib/python3.12/site-packages/airflow/example_dags/example_complex.py for tasks to queue
[2024-08-13T11:56:48.228+0000] {logging_mixin.py:188} INFO - [2024-08-13T11:56:48.228+0000] {dagbag.py:545} INFO - Filling up the DagBag from /home/airflow/.local/lib/python3.12/site-packages/airflow/example_dags/example_complex.py
[2024-08-13T11:56:48.236+0000] {processor.py:840} INFO - DAG(s) 'example_complex' retrieved from /home/airflow/.local/lib/python3.12/site-packages/airflow/example_dags/example_complex.py
[2024-08-13T11:56:48.258+0000] {logging_mixin.py:188} INFO - [2024-08-13T11:56:48.258+0000] {dag.py:3089} INFO - Sync 1 DAGs
[2024-08-13T11:56:48.266+0000] {logging_mixin.py:188} INFO - [2024-08-13T11:56:48.266+0000] {dag.py:3947} INFO - Setting next_dagrun for example_complex to None, run_after=None
[2024-08-13T11:56:48.276+0000] {processor.py:183} INFO - Processing /home/airflow/.local/lib/python3.12/site-packages/airflow/example_dags/example_complex.py took 0.058 seconds
