[2024-08-13T11:52:20.875+0000] {processor.py:161} INFO - Started process (PID=63) to work on /home/airflow/.local/lib/python3.12/site-packages/airflow/example_dags/example_sensor_decorator.py
[2024-08-13T11:52:20.878+0000] {processor.py:830} INFO - Processing file /home/airflow/.local/lib/python3.12/site-packages/airflow/example_dags/example_sensor_decorator.py for tasks to queue
[2024-08-13T11:52:20.886+0000] {logging_mixin.py:188} INFO - [2024-08-13T11:52:20.885+0000] {dagbag.py:545} INFO - Filling up the DagBag from /home/airflow/.local/lib/python3.12/site-packages/airflow/example_dags/example_sensor_decorator.py
[2024-08-13T11:52:20.890+0000] {processor.py:840} INFO - DAG(s) 'example_sensor_decorator' retrieved from /home/airflow/.local/lib/python3.12/site-packages/airflow/example_dags/example_sensor_decorator.py
[2024-08-13T11:52:20.992+0000] {logging_mixin.py:188} INFO - [2024-08-13T11:52:20.992+0000] {override.py:1858} INFO - Created Permission View: can edit on DAG:example_sensor_decorator
[2024-08-13T11:52:21.002+0000] {logging_mixin.py:188} INFO - [2024-08-13T11:52:21.002+0000] {override.py:1858} INFO - Created Permission View: can read on DAG:example_sensor_decorator
[2024-08-13T11:52:21.007+0000] {logging_mixin.py:188} INFO - [2024-08-13T11:52:21.007+0000] {override.py:1858} INFO - Created Permission View: can delete on DAG:example_sensor_decorator
[2024-08-13T11:52:21.008+0000] {logging_mixin.py:188} INFO - [2024-08-13T11:52:21.008+0000] {dag.py:3089} INFO - Sync 1 DAGs
[2024-08-13T11:52:21.014+0000] {logging_mixin.py:188} INFO - [2024-08-13T11:52:21.014+0000] {dag.py:3111} INFO - Creating ORM DAG for example_sensor_decorator
[2024-08-13T11:52:21.015+0000] {logging_mixin.py:188} INFO - [2024-08-13T11:52:21.015+0000] {dag.py:3947} INFO - Setting next_dagrun for example_sensor_decorator to None, run_after=None
[2024-08-13T11:52:21.032+0000] {processor.py:183} INFO - Processing /home/airflow/.local/lib/python3.12/site-packages/airflow/example_dags/example_sensor_decorator.py took 0.160 seconds
[2024-08-13T11:52:51.861+0000] {processor.py:161} INFO - Started process (PID=121) to work on /home/airflow/.local/lib/python3.12/site-packages/airflow/example_dags/example_sensor_decorator.py
[2024-08-13T11:52:51.862+0000] {processor.py:830} INFO - Processing file /home/airflow/.local/lib/python3.12/site-packages/airflow/example_dags/example_sensor_decorator.py for tasks to queue
[2024-08-13T11:52:51.863+0000] {logging_mixin.py:188} INFO - [2024-08-13T11:52:51.863+0000] {dagbag.py:545} INFO - Filling up the DagBag from /home/airflow/.local/lib/python3.12/site-packages/airflow/example_dags/example_sensor_decorator.py
[2024-08-13T11:52:51.867+0000] {processor.py:840} INFO - DAG(s) 'example_sensor_decorator' retrieved from /home/airflow/.local/lib/python3.12/site-packages/airflow/example_dags/example_sensor_decorator.py
[2024-08-13T11:52:51.878+0000] {logging_mixin.py:188} INFO - [2024-08-13T11:52:51.878+0000] {dag.py:3089} INFO - Sync 1 DAGs
[2024-08-13T11:52:51.884+0000] {logging_mixin.py:188} INFO - [2024-08-13T11:52:51.884+0000] {dag.py:3947} INFO - Setting next_dagrun for example_sensor_decorator to None, run_after=None
[2024-08-13T11:52:51.894+0000] {processor.py:183} INFO - Processing /home/airflow/.local/lib/python3.12/site-packages/airflow/example_dags/example_sensor_decorator.py took 0.036 seconds
[2024-08-13T11:53:21.970+0000] {processor.py:161} INFO - Started process (PID=179) to work on /home/airflow/.local/lib/python3.12/site-packages/airflow/example_dags/example_sensor_decorator.py
[2024-08-13T11:53:21.971+0000] {processor.py:830} INFO - Processing file /home/airflow/.local/lib/python3.12/site-packages/airflow/example_dags/example_sensor_decorator.py for tasks to queue
[2024-08-13T11:53:21.972+0000] {logging_mixin.py:188} INFO - [2024-08-13T11:53:21.972+0000] {dagbag.py:545} INFO - Filling up the DagBag from /home/airflow/.local/lib/python3.12/site-packages/airflow/example_dags/example_sensor_decorator.py
[2024-08-13T11:53:21.976+0000] {processor.py:840} INFO - DAG(s) 'example_sensor_decorator' retrieved from /home/airflow/.local/lib/python3.12/site-packages/airflow/example_dags/example_sensor_decorator.py
[2024-08-13T11:53:21.987+0000] {logging_mixin.py:188} INFO - [2024-08-13T11:53:21.987+0000] {dag.py:3089} INFO - Sync 1 DAGs
[2024-08-13T11:53:21.993+0000] {logging_mixin.py:188} INFO - [2024-08-13T11:53:21.993+0000] {dag.py:3947} INFO - Setting next_dagrun for example_sensor_decorator to None, run_after=None
[2024-08-13T11:53:22.006+0000] {processor.py:183} INFO - Processing /home/airflow/.local/lib/python3.12/site-packages/airflow/example_dags/example_sensor_decorator.py took 0.039 seconds
[2024-08-13T11:53:52.311+0000] {processor.py:161} INFO - Started process (PID=237) to work on /home/airflow/.local/lib/python3.12/site-packages/airflow/example_dags/example_sensor_decorator.py
[2024-08-13T11:53:52.312+0000] {processor.py:830} INFO - Processing file /home/airflow/.local/lib/python3.12/site-packages/airflow/example_dags/example_sensor_decorator.py for tasks to queue
[2024-08-13T11:53:52.313+0000] {logging_mixin.py:188} INFO - [2024-08-13T11:53:52.313+0000] {dagbag.py:545} INFO - Filling up the DagBag from /home/airflow/.local/lib/python3.12/site-packages/airflow/example_dags/example_sensor_decorator.py
[2024-08-13T11:53:52.317+0000] {processor.py:840} INFO - DAG(s) 'example_sensor_decorator' retrieved from /home/airflow/.local/lib/python3.12/site-packages/airflow/example_dags/example_sensor_decorator.py
[2024-08-13T11:53:52.329+0000] {logging_mixin.py:188} INFO - [2024-08-13T11:53:52.329+0000] {dag.py:3089} INFO - Sync 1 DAGs
[2024-08-13T11:53:52.338+0000] {logging_mixin.py:188} INFO - [2024-08-13T11:53:52.337+0000] {dag.py:3947} INFO - Setting next_dagrun for example_sensor_decorator to None, run_after=None
[2024-08-13T11:53:52.348+0000] {processor.py:183} INFO - Processing /home/airflow/.local/lib/python3.12/site-packages/airflow/example_dags/example_sensor_decorator.py took 0.040 seconds
[2024-08-13T11:54:22.444+0000] {processor.py:161} INFO - Started process (PID=295) to work on /home/airflow/.local/lib/python3.12/site-packages/airflow/example_dags/example_sensor_decorator.py
[2024-08-13T11:54:22.445+0000] {processor.py:830} INFO - Processing file /home/airflow/.local/lib/python3.12/site-packages/airflow/example_dags/example_sensor_decorator.py for tasks to queue
[2024-08-13T11:54:22.446+0000] {logging_mixin.py:188} INFO - [2024-08-13T11:54:22.446+0000] {dagbag.py:545} INFO - Filling up the DagBag from /home/airflow/.local/lib/python3.12/site-packages/airflow/example_dags/example_sensor_decorator.py
[2024-08-13T11:54:22.451+0000] {processor.py:840} INFO - DAG(s) 'example_sensor_decorator' retrieved from /home/airflow/.local/lib/python3.12/site-packages/airflow/example_dags/example_sensor_decorator.py
[2024-08-13T11:54:22.463+0000] {logging_mixin.py:188} INFO - [2024-08-13T11:54:22.463+0000] {dag.py:3089} INFO - Sync 1 DAGs
[2024-08-13T11:54:22.473+0000] {logging_mixin.py:188} INFO - [2024-08-13T11:54:22.473+0000] {dag.py:3947} INFO - Setting next_dagrun for example_sensor_decorator to None, run_after=None
[2024-08-13T11:54:22.485+0000] {processor.py:183} INFO - Processing /home/airflow/.local/lib/python3.12/site-packages/airflow/example_dags/example_sensor_decorator.py took 0.050 seconds
[2024-08-13T11:54:52.804+0000] {processor.py:161} INFO - Started process (PID=353) to work on /home/airflow/.local/lib/python3.12/site-packages/airflow/example_dags/example_sensor_decorator.py
[2024-08-13T11:54:52.805+0000] {processor.py:830} INFO - Processing file /home/airflow/.local/lib/python3.12/site-packages/airflow/example_dags/example_sensor_decorator.py for tasks to queue
[2024-08-13T11:54:52.806+0000] {logging_mixin.py:188} INFO - [2024-08-13T11:54:52.806+0000] {dagbag.py:545} INFO - Filling up the DagBag from /home/airflow/.local/lib/python3.12/site-packages/airflow/example_dags/example_sensor_decorator.py
[2024-08-13T11:54:52.811+0000] {processor.py:840} INFO - DAG(s) 'example_sensor_decorator' retrieved from /home/airflow/.local/lib/python3.12/site-packages/airflow/example_dags/example_sensor_decorator.py
[2024-08-13T11:54:52.826+0000] {logging_mixin.py:188} INFO - [2024-08-13T11:54:52.825+0000] {dag.py:3089} INFO - Sync 1 DAGs
[2024-08-13T11:54:52.837+0000] {logging_mixin.py:188} INFO - [2024-08-13T11:54:52.837+0000] {dag.py:3947} INFO - Setting next_dagrun for example_sensor_decorator to None, run_after=None
[2024-08-13T11:54:52.847+0000] {processor.py:183} INFO - Processing /home/airflow/.local/lib/python3.12/site-packages/airflow/example_dags/example_sensor_decorator.py took 0.048 seconds
[2024-08-13T11:55:23.169+0000] {processor.py:161} INFO - Started process (PID=410) to work on /home/airflow/.local/lib/python3.12/site-packages/airflow/example_dags/example_sensor_decorator.py
[2024-08-13T11:55:23.169+0000] {processor.py:830} INFO - Processing file /home/airflow/.local/lib/python3.12/site-packages/airflow/example_dags/example_sensor_decorator.py for tasks to queue
[2024-08-13T11:55:23.171+0000] {logging_mixin.py:188} INFO - [2024-08-13T11:55:23.170+0000] {dagbag.py:545} INFO - Filling up the DagBag from /home/airflow/.local/lib/python3.12/site-packages/airflow/example_dags/example_sensor_decorator.py
[2024-08-13T11:55:23.175+0000] {processor.py:840} INFO - DAG(s) 'example_sensor_decorator' retrieved from /home/airflow/.local/lib/python3.12/site-packages/airflow/example_dags/example_sensor_decorator.py
[2024-08-13T11:55:23.187+0000] {logging_mixin.py:188} INFO - [2024-08-13T11:55:23.187+0000] {dag.py:3089} INFO - Sync 1 DAGs
[2024-08-13T11:55:23.200+0000] {logging_mixin.py:188} INFO - [2024-08-13T11:55:23.200+0000] {dag.py:3947} INFO - Setting next_dagrun for example_sensor_decorator to None, run_after=None
[2024-08-13T11:55:23.211+0000] {processor.py:183} INFO - Processing /home/airflow/.local/lib/python3.12/site-packages/airflow/example_dags/example_sensor_decorator.py took 0.050 seconds
[2024-08-13T11:55:53.263+0000] {processor.py:161} INFO - Started process (PID=468) to work on /home/airflow/.local/lib/python3.12/site-packages/airflow/example_dags/example_sensor_decorator.py
[2024-08-13T11:55:53.263+0000] {processor.py:830} INFO - Processing file /home/airflow/.local/lib/python3.12/site-packages/airflow/example_dags/example_sensor_decorator.py for tasks to queue
[2024-08-13T11:55:53.265+0000] {logging_mixin.py:188} INFO - [2024-08-13T11:55:53.265+0000] {dagbag.py:545} INFO - Filling up the DagBag from /home/airflow/.local/lib/python3.12/site-packages/airflow/example_dags/example_sensor_decorator.py
[2024-08-13T11:55:53.270+0000] {processor.py:840} INFO - DAG(s) 'example_sensor_decorator' retrieved from /home/airflow/.local/lib/python3.12/site-packages/airflow/example_dags/example_sensor_decorator.py
[2024-08-13T11:55:53.285+0000] {logging_mixin.py:188} INFO - [2024-08-13T11:55:53.285+0000] {dag.py:3089} INFO - Sync 1 DAGs
[2024-08-13T11:55:53.304+0000] {logging_mixin.py:188} INFO - [2024-08-13T11:55:53.304+0000] {dag.py:3947} INFO - Setting next_dagrun for example_sensor_decorator to None, run_after=None
[2024-08-13T11:55:53.320+0000] {processor.py:183} INFO - Processing /home/airflow/.local/lib/python3.12/site-packages/airflow/example_dags/example_sensor_decorator.py took 0.061 seconds
[2024-08-13T11:56:23.404+0000] {processor.py:161} INFO - Started process (PID=526) to work on /home/airflow/.local/lib/python3.12/site-packages/airflow/example_dags/example_sensor_decorator.py
[2024-08-13T11:56:23.404+0000] {processor.py:830} INFO - Processing file /home/airflow/.local/lib/python3.12/site-packages/airflow/example_dags/example_sensor_decorator.py for tasks to queue
[2024-08-13T11:56:23.406+0000] {logging_mixin.py:188} INFO - [2024-08-13T11:56:23.406+0000] {dagbag.py:545} INFO - Filling up the DagBag from /home/airflow/.local/lib/python3.12/site-packages/airflow/example_dags/example_sensor_decorator.py
[2024-08-13T11:56:23.410+0000] {processor.py:840} INFO - DAG(s) 'example_sensor_decorator' retrieved from /home/airflow/.local/lib/python3.12/site-packages/airflow/example_dags/example_sensor_decorator.py
[2024-08-13T11:56:23.421+0000] {logging_mixin.py:188} INFO - [2024-08-13T11:56:23.420+0000] {dag.py:3089} INFO - Sync 1 DAGs
[2024-08-13T11:56:23.427+0000] {logging_mixin.py:188} INFO - [2024-08-13T11:56:23.427+0000] {dag.py:3947} INFO - Setting next_dagrun for example_sensor_decorator to None, run_after=None
[2024-08-13T11:56:23.436+0000] {processor.py:183} INFO - Processing /home/airflow/.local/lib/python3.12/site-packages/airflow/example_dags/example_sensor_decorator.py took 0.037 seconds
