[2024-08-13T11:52:15.704+0000] {processor.py:161} INFO - Started process (PID=32) to work on /home/airflow/.local/lib/python3.12/site-packages/airflow/example_dags/example_latest_only_with_trigger.py
[2024-08-13T11:52:15.704+0000] {processor.py:830} INFO - Processing file /home/airflow/.local/lib/python3.12/site-packages/airflow/example_dags/example_latest_only_with_trigger.py for tasks to queue
[2024-08-13T11:52:15.712+0000] {logging_mixin.py:188} INFO - [2024-08-13T11:52:15.711+0000] {dagbag.py:545} INFO - Filling up the DagBag from /home/airflow/.local/lib/python3.12/site-packages/airflow/example_dags/example_latest_only_with_trigger.py
[2024-08-13T11:52:15.717+0000] {processor.py:840} INFO - DAG(s) 'latest_only_with_trigger' retrieved from /home/airflow/.local/lib/python3.12/site-packages/airflow/example_dags/example_latest_only_with_trigger.py
[2024-08-13T11:52:15.980+0000] {logging_mixin.py:188} INFO - [2024-08-13T11:52:15.979+0000] {override.py:1858} INFO - Created Permission View: can edit on DAG:latest_only_with_trigger
[2024-08-13T11:52:15.998+0000] {logging_mixin.py:188} INFO - [2024-08-13T11:52:15.998+0000] {override.py:1858} INFO - Created Permission View: can read on DAG:latest_only_with_trigger
[2024-08-13T11:52:16.010+0000] {logging_mixin.py:188} INFO - [2024-08-13T11:52:16.010+0000] {override.py:1858} INFO - Created Permission View: can delete on DAG:latest_only_with_trigger
[2024-08-13T11:52:16.010+0000] {logging_mixin.py:188} INFO - [2024-08-13T11:52:16.010+0000] {dag.py:3089} INFO - Sync 1 DAGs
[2024-08-13T11:52:16.025+0000] {logging_mixin.py:188} INFO - [2024-08-13T11:52:16.025+0000] {dag.py:3111} INFO - Creating ORM DAG for latest_only_with_trigger
[2024-08-13T11:52:16.046+0000] {logging_mixin.py:188} INFO - [2024-08-13T11:52:16.046+0000] {dag.py:3947} INFO - Setting next_dagrun for latest_only_with_trigger to 2024-08-13 04:00:00+00:00, run_after=2024-08-13 08:00:00+00:00
[2024-08-13T11:52:16.095+0000] {processor.py:183} INFO - Processing /home/airflow/.local/lib/python3.12/site-packages/airflow/example_dags/example_latest_only_with_trigger.py took 0.399 seconds
[2024-08-13T11:52:46.456+0000] {processor.py:161} INFO - Started process (PID=90) to work on /home/airflow/.local/lib/python3.12/site-packages/airflow/example_dags/example_latest_only_with_trigger.py
[2024-08-13T11:52:46.457+0000] {processor.py:830} INFO - Processing file /home/airflow/.local/lib/python3.12/site-packages/airflow/example_dags/example_latest_only_with_trigger.py for tasks to queue
[2024-08-13T11:52:46.458+0000] {logging_mixin.py:188} INFO - [2024-08-13T11:52:46.457+0000] {dagbag.py:545} INFO - Filling up the DagBag from /home/airflow/.local/lib/python3.12/site-packages/airflow/example_dags/example_latest_only_with_trigger.py
[2024-08-13T11:52:46.461+0000] {processor.py:840} INFO - DAG(s) 'latest_only_with_trigger' retrieved from /home/airflow/.local/lib/python3.12/site-packages/airflow/example_dags/example_latest_only_with_trigger.py
[2024-08-13T11:52:46.474+0000] {logging_mixin.py:188} INFO - [2024-08-13T11:52:46.474+0000] {dag.py:3089} INFO - Sync 1 DAGs
[2024-08-13T11:52:46.488+0000] {logging_mixin.py:188} INFO - [2024-08-13T11:52:46.488+0000] {dag.py:3947} INFO - Setting next_dagrun for latest_only_with_trigger to 2024-08-13 04:00:00+00:00, run_after=2024-08-13 08:00:00+00:00
[2024-08-13T11:52:46.496+0000] {processor.py:183} INFO - Processing /home/airflow/.local/lib/python3.12/site-packages/airflow/example_dags/example_latest_only_with_trigger.py took 0.043 seconds
[2024-08-13T11:53:16.776+0000] {processor.py:161} INFO - Started process (PID=148) to work on /home/airflow/.local/lib/python3.12/site-packages/airflow/example_dags/example_latest_only_with_trigger.py
[2024-08-13T11:53:16.777+0000] {processor.py:830} INFO - Processing file /home/airflow/.local/lib/python3.12/site-packages/airflow/example_dags/example_latest_only_with_trigger.py for tasks to queue
[2024-08-13T11:53:16.779+0000] {logging_mixin.py:188} INFO - [2024-08-13T11:53:16.779+0000] {dagbag.py:545} INFO - Filling up the DagBag from /home/airflow/.local/lib/python3.12/site-packages/airflow/example_dags/example_latest_only_with_trigger.py
[2024-08-13T11:53:16.788+0000] {processor.py:840} INFO - DAG(s) 'latest_only_with_trigger' retrieved from /home/airflow/.local/lib/python3.12/site-packages/airflow/example_dags/example_latest_only_with_trigger.py
[2024-08-13T11:53:16.800+0000] {logging_mixin.py:188} INFO - [2024-08-13T11:53:16.800+0000] {dag.py:3089} INFO - Sync 1 DAGs
[2024-08-13T11:53:16.818+0000] {logging_mixin.py:188} INFO - [2024-08-13T11:53:16.818+0000] {dag.py:3947} INFO - Setting next_dagrun for latest_only_with_trigger to 2024-08-13 04:00:00+00:00, run_after=2024-08-13 08:00:00+00:00
[2024-08-13T11:53:16.828+0000] {processor.py:183} INFO - Processing /home/airflow/.local/lib/python3.12/site-packages/airflow/example_dags/example_latest_only_with_trigger.py took 0.057 seconds
[2024-08-13T11:53:46.958+0000] {processor.py:161} INFO - Started process (PID=206) to work on /home/airflow/.local/lib/python3.12/site-packages/airflow/example_dags/example_latest_only_with_trigger.py
[2024-08-13T11:53:46.959+0000] {processor.py:830} INFO - Processing file /home/airflow/.local/lib/python3.12/site-packages/airflow/example_dags/example_latest_only_with_trigger.py for tasks to queue
[2024-08-13T11:53:46.961+0000] {logging_mixin.py:188} INFO - [2024-08-13T11:53:46.960+0000] {dagbag.py:545} INFO - Filling up the DagBag from /home/airflow/.local/lib/python3.12/site-packages/airflow/example_dags/example_latest_only_with_trigger.py
[2024-08-13T11:53:46.964+0000] {processor.py:840} INFO - DAG(s) 'latest_only_with_trigger' retrieved from /home/airflow/.local/lib/python3.12/site-packages/airflow/example_dags/example_latest_only_with_trigger.py
[2024-08-13T11:53:46.980+0000] {logging_mixin.py:188} INFO - [2024-08-13T11:53:46.980+0000] {dag.py:3089} INFO - Sync 1 DAGs
[2024-08-13T11:53:46.992+0000] {logging_mixin.py:188} INFO - [2024-08-13T11:53:46.992+0000] {dag.py:3947} INFO - Setting next_dagrun for latest_only_with_trigger to 2024-08-13 04:00:00+00:00, run_after=2024-08-13 08:00:00+00:00
[2024-08-13T11:53:47.002+0000] {processor.py:183} INFO - Processing /home/airflow/.local/lib/python3.12/site-packages/airflow/example_dags/example_latest_only_with_trigger.py took 0.049 seconds
[2024-08-13T11:54:17.226+0000] {processor.py:161} INFO - Started process (PID=264) to work on /home/airflow/.local/lib/python3.12/site-packages/airflow/example_dags/example_latest_only_with_trigger.py
[2024-08-13T11:54:17.226+0000] {processor.py:830} INFO - Processing file /home/airflow/.local/lib/python3.12/site-packages/airflow/example_dags/example_latest_only_with_trigger.py for tasks to queue
[2024-08-13T11:54:17.227+0000] {logging_mixin.py:188} INFO - [2024-08-13T11:54:17.227+0000] {dagbag.py:545} INFO - Filling up the DagBag from /home/airflow/.local/lib/python3.12/site-packages/airflow/example_dags/example_latest_only_with_trigger.py
[2024-08-13T11:54:17.230+0000] {processor.py:840} INFO - DAG(s) 'latest_only_with_trigger' retrieved from /home/airflow/.local/lib/python3.12/site-packages/airflow/example_dags/example_latest_only_with_trigger.py
[2024-08-13T11:54:17.243+0000] {logging_mixin.py:188} INFO - [2024-08-13T11:54:17.243+0000] {dag.py:3089} INFO - Sync 1 DAGs
[2024-08-13T11:54:17.257+0000] {logging_mixin.py:188} INFO - [2024-08-13T11:54:17.257+0000] {dag.py:3947} INFO - Setting next_dagrun for latest_only_with_trigger to 2024-08-13 04:00:00+00:00, run_after=2024-08-13 08:00:00+00:00
[2024-08-13T11:54:17.270+0000] {processor.py:183} INFO - Processing /home/airflow/.local/lib/python3.12/site-packages/airflow/example_dags/example_latest_only_with_trigger.py took 0.048 seconds
[2024-08-13T11:54:47.363+0000] {processor.py:161} INFO - Started process (PID=322) to work on /home/airflow/.local/lib/python3.12/site-packages/airflow/example_dags/example_latest_only_with_trigger.py
[2024-08-13T11:54:47.366+0000] {processor.py:830} INFO - Processing file /home/airflow/.local/lib/python3.12/site-packages/airflow/example_dags/example_latest_only_with_trigger.py for tasks to queue
[2024-08-13T11:54:47.368+0000] {logging_mixin.py:188} INFO - [2024-08-13T11:54:47.368+0000] {dagbag.py:545} INFO - Filling up the DagBag from /home/airflow/.local/lib/python3.12/site-packages/airflow/example_dags/example_latest_only_with_trigger.py
[2024-08-13T11:54:47.374+0000] {processor.py:840} INFO - DAG(s) 'latest_only_with_trigger' retrieved from /home/airflow/.local/lib/python3.12/site-packages/airflow/example_dags/example_latest_only_with_trigger.py
[2024-08-13T11:54:47.397+0000] {logging_mixin.py:188} INFO - [2024-08-13T11:54:47.397+0000] {dag.py:3089} INFO - Sync 1 DAGs
[2024-08-13T11:54:47.412+0000] {logging_mixin.py:188} INFO - [2024-08-13T11:54:47.412+0000] {dag.py:3947} INFO - Setting next_dagrun for latest_only_with_trigger to 2024-08-13 04:00:00+00:00, run_after=2024-08-13 08:00:00+00:00
[2024-08-13T11:54:47.423+0000] {processor.py:183} INFO - Processing /home/airflow/.local/lib/python3.12/site-packages/airflow/example_dags/example_latest_only_with_trigger.py took 0.065 seconds
[2024-08-13T11:55:17.750+0000] {processor.py:161} INFO - Started process (PID=379) to work on /home/airflow/.local/lib/python3.12/site-packages/airflow/example_dags/example_latest_only_with_trigger.py
[2024-08-13T11:55:17.750+0000] {processor.py:830} INFO - Processing file /home/airflow/.local/lib/python3.12/site-packages/airflow/example_dags/example_latest_only_with_trigger.py for tasks to queue
[2024-08-13T11:55:17.752+0000] {logging_mixin.py:188} INFO - [2024-08-13T11:55:17.752+0000] {dagbag.py:545} INFO - Filling up the DagBag from /home/airflow/.local/lib/python3.12/site-packages/airflow/example_dags/example_latest_only_with_trigger.py
[2024-08-13T11:55:17.756+0000] {processor.py:840} INFO - DAG(s) 'latest_only_with_trigger' retrieved from /home/airflow/.local/lib/python3.12/site-packages/airflow/example_dags/example_latest_only_with_trigger.py
[2024-08-13T11:55:17.769+0000] {logging_mixin.py:188} INFO - [2024-08-13T11:55:17.769+0000] {dag.py:3089} INFO - Sync 1 DAGs
[2024-08-13T11:55:17.781+0000] {logging_mixin.py:188} INFO - [2024-08-13T11:55:17.781+0000] {dag.py:3947} INFO - Setting next_dagrun for latest_only_with_trigger to 2024-08-13 04:00:00+00:00, run_after=2024-08-13 08:00:00+00:00
[2024-08-13T11:55:17.794+0000] {processor.py:183} INFO - Processing /home/airflow/.local/lib/python3.12/site-packages/airflow/example_dags/example_latest_only_with_trigger.py took 0.049 seconds
[2024-08-13T11:55:48.022+0000] {processor.py:161} INFO - Started process (PID=437) to work on /home/airflow/.local/lib/python3.12/site-packages/airflow/example_dags/example_latest_only_with_trigger.py
[2024-08-13T11:55:48.022+0000] {processor.py:830} INFO - Processing file /home/airflow/.local/lib/python3.12/site-packages/airflow/example_dags/example_latest_only_with_trigger.py for tasks to queue
[2024-08-13T11:55:48.024+0000] {logging_mixin.py:188} INFO - [2024-08-13T11:55:48.023+0000] {dagbag.py:545} INFO - Filling up the DagBag from /home/airflow/.local/lib/python3.12/site-packages/airflow/example_dags/example_latest_only_with_trigger.py
[2024-08-13T11:55:48.027+0000] {processor.py:840} INFO - DAG(s) 'latest_only_with_trigger' retrieved from /home/airflow/.local/lib/python3.12/site-packages/airflow/example_dags/example_latest_only_with_trigger.py
[2024-08-13T11:55:48.040+0000] {logging_mixin.py:188} INFO - [2024-08-13T11:55:48.040+0000] {dag.py:3089} INFO - Sync 1 DAGs
[2024-08-13T11:55:48.054+0000] {logging_mixin.py:188} INFO - [2024-08-13T11:55:48.054+0000] {dag.py:3947} INFO - Setting next_dagrun for latest_only_with_trigger to 2024-08-13 04:00:00+00:00, run_after=2024-08-13 08:00:00+00:00
[2024-08-13T11:55:48.064+0000] {processor.py:183} INFO - Processing /home/airflow/.local/lib/python3.12/site-packages/airflow/example_dags/example_latest_only_with_trigger.py took 0.046 seconds
[2024-08-13T11:56:18.222+0000] {processor.py:161} INFO - Started process (PID=495) to work on /home/airflow/.local/lib/python3.12/site-packages/airflow/example_dags/example_latest_only_with_trigger.py
[2024-08-13T11:56:18.222+0000] {processor.py:830} INFO - Processing file /home/airflow/.local/lib/python3.12/site-packages/airflow/example_dags/example_latest_only_with_trigger.py for tasks to queue
[2024-08-13T11:56:18.224+0000] {logging_mixin.py:188} INFO - [2024-08-13T11:56:18.224+0000] {dagbag.py:545} INFO - Filling up the DagBag from /home/airflow/.local/lib/python3.12/site-packages/airflow/example_dags/example_latest_only_with_trigger.py
[2024-08-13T11:56:18.228+0000] {processor.py:840} INFO - DAG(s) 'latest_only_with_trigger' retrieved from /home/airflow/.local/lib/python3.12/site-packages/airflow/example_dags/example_latest_only_with_trigger.py
[2024-08-13T11:56:18.247+0000] {logging_mixin.py:188} INFO - [2024-08-13T11:56:18.247+0000] {dag.py:3089} INFO - Sync 1 DAGs
[2024-08-13T11:56:18.262+0000] {logging_mixin.py:188} INFO - [2024-08-13T11:56:18.262+0000] {dag.py:3947} INFO - Setting next_dagrun for latest_only_with_trigger to 2024-08-13 04:00:00+00:00, run_after=2024-08-13 08:00:00+00:00
[2024-08-13T11:56:18.273+0000] {processor.py:183} INFO - Processing /home/airflow/.local/lib/python3.12/site-packages/airflow/example_dags/example_latest_only_with_trigger.py took 0.055 seconds
[2024-08-13T11:56:48.364+0000] {processor.py:161} INFO - Started process (PID=553) to work on /home/airflow/.local/lib/python3.12/site-packages/airflow/example_dags/example_latest_only_with_trigger.py
[2024-08-13T11:56:48.365+0000] {processor.py:830} INFO - Processing file /home/airflow/.local/lib/python3.12/site-packages/airflow/example_dags/example_latest_only_with_trigger.py for tasks to queue
[2024-08-13T11:56:48.368+0000] {logging_mixin.py:188} INFO - [2024-08-13T11:56:48.368+0000] {dagbag.py:545} INFO - Filling up the DagBag from /home/airflow/.local/lib/python3.12/site-packages/airflow/example_dags/example_latest_only_with_trigger.py
[2024-08-13T11:56:48.372+0000] {processor.py:840} INFO - DAG(s) 'latest_only_with_trigger' retrieved from /home/airflow/.local/lib/python3.12/site-packages/airflow/example_dags/example_latest_only_with_trigger.py
[2024-08-13T11:56:48.390+0000] {logging_mixin.py:188} INFO - [2024-08-13T11:56:48.389+0000] {dag.py:3089} INFO - Sync 1 DAGs
[2024-08-13T11:56:48.406+0000] {logging_mixin.py:188} INFO - [2024-08-13T11:56:48.406+0000] {dag.py:3947} INFO - Setting next_dagrun for latest_only_with_trigger to 2024-08-13 04:00:00+00:00, run_after=2024-08-13 08:00:00+00:00
[2024-08-13T11:56:48.418+0000] {processor.py:183} INFO - Processing /home/airflow/.local/lib/python3.12/site-packages/airflow/example_dags/example_latest_only_with_trigger.py took 0.059 seconds
