[2024-08-13T11:52:20.872+0000] {processor.py:161} INFO - Started process (PID=64) to work on /home/airflow/.local/lib/python3.12/site-packages/airflow/example_dags/example_time_delta_sensor_async.py
[2024-08-13T11:52:20.873+0000] {processor.py:830} INFO - Processing file /home/airflow/.local/lib/python3.12/site-packages/airflow/example_dags/example_time_delta_sensor_async.py for tasks to queue
[2024-08-13T11:52:20.874+0000] {logging_mixin.py:188} INFO - [2024-08-13T11:52:20.874+0000] {dagbag.py:545} INFO - Filling up the DagBag from /home/airflow/.local/lib/python3.12/site-packages/airflow/example_dags/example_time_delta_sensor_async.py
[2024-08-13T11:52:20.877+0000] {processor.py:840} INFO - DAG(s) 'example_time_delta_sensor_async' retrieved from /home/airflow/.local/lib/python3.12/site-packages/airflow/example_dags/example_time_delta_sensor_async.py
[2024-08-13T11:52:20.985+0000] {logging_mixin.py:188} INFO - [2024-08-13T11:52:20.985+0000] {override.py:1858} INFO - Created Permission View: can edit on DAG:example_time_delta_sensor_async
[2024-08-13T11:52:20.991+0000] {logging_mixin.py:188} INFO - [2024-08-13T11:52:20.991+0000] {override.py:1858} INFO - Created Permission View: can read on DAG:example_time_delta_sensor_async
[2024-08-13T11:52:20.997+0000] {logging_mixin.py:188} INFO - [2024-08-13T11:52:20.997+0000] {override.py:1858} INFO - Created Permission View: can delete on DAG:example_time_delta_sensor_async
[2024-08-13T11:52:20.998+0000] {logging_mixin.py:188} INFO - [2024-08-13T11:52:20.998+0000] {dag.py:3089} INFO - Sync 1 DAGs
[2024-08-13T11:52:21.014+0000] {logging_mixin.py:188} INFO - [2024-08-13T11:52:21.014+0000] {dag.py:3111} INFO - Creating ORM DAG for example_time_delta_sensor_async
[2024-08-13T11:52:21.017+0000] {logging_mixin.py:188} INFO - [2024-08-13T11:52:21.017+0000] {dag.py:3947} INFO - Setting next_dagrun for example_time_delta_sensor_async to None, run_after=None
[2024-08-13T11:52:21.032+0000] {processor.py:183} INFO - Processing /home/airflow/.local/lib/python3.12/site-packages/airflow/example_dags/example_time_delta_sensor_async.py took 0.163 seconds
[2024-08-13T11:52:51.909+0000] {processor.py:161} INFO - Started process (PID=122) to work on /home/airflow/.local/lib/python3.12/site-packages/airflow/example_dags/example_time_delta_sensor_async.py
[2024-08-13T11:52:51.909+0000] {processor.py:830} INFO - Processing file /home/airflow/.local/lib/python3.12/site-packages/airflow/example_dags/example_time_delta_sensor_async.py for tasks to queue
[2024-08-13T11:52:51.910+0000] {logging_mixin.py:188} INFO - [2024-08-13T11:52:51.910+0000] {dagbag.py:545} INFO - Filling up the DagBag from /home/airflow/.local/lib/python3.12/site-packages/airflow/example_dags/example_time_delta_sensor_async.py
[2024-08-13T11:52:51.913+0000] {processor.py:840} INFO - DAG(s) 'example_time_delta_sensor_async' retrieved from /home/airflow/.local/lib/python3.12/site-packages/airflow/example_dags/example_time_delta_sensor_async.py
[2024-08-13T11:52:51.925+0000] {logging_mixin.py:188} INFO - [2024-08-13T11:52:51.924+0000] {dag.py:3089} INFO - Sync 1 DAGs
[2024-08-13T11:52:51.931+0000] {logging_mixin.py:188} INFO - [2024-08-13T11:52:51.931+0000] {dag.py:3947} INFO - Setting next_dagrun for example_time_delta_sensor_async to None, run_after=None
[2024-08-13T11:52:51.940+0000] {processor.py:183} INFO - Processing /home/airflow/.local/lib/python3.12/site-packages/airflow/example_dags/example_time_delta_sensor_async.py took 0.035 seconds
[2024-08-13T11:53:22.022+0000] {processor.py:161} INFO - Started process (PID=180) to work on /home/airflow/.local/lib/python3.12/site-packages/airflow/example_dags/example_time_delta_sensor_async.py
[2024-08-13T11:53:22.023+0000] {processor.py:830} INFO - Processing file /home/airflow/.local/lib/python3.12/site-packages/airflow/example_dags/example_time_delta_sensor_async.py for tasks to queue
[2024-08-13T11:53:22.024+0000] {logging_mixin.py:188} INFO - [2024-08-13T11:53:22.024+0000] {dagbag.py:545} INFO - Filling up the DagBag from /home/airflow/.local/lib/python3.12/site-packages/airflow/example_dags/example_time_delta_sensor_async.py
[2024-08-13T11:53:22.027+0000] {processor.py:840} INFO - DAG(s) 'example_time_delta_sensor_async' retrieved from /home/airflow/.local/lib/python3.12/site-packages/airflow/example_dags/example_time_delta_sensor_async.py
[2024-08-13T11:53:22.039+0000] {logging_mixin.py:188} INFO - [2024-08-13T11:53:22.038+0000] {dag.py:3089} INFO - Sync 1 DAGs
[2024-08-13T11:53:22.049+0000] {logging_mixin.py:188} INFO - [2024-08-13T11:53:22.049+0000] {dag.py:3947} INFO - Setting next_dagrun for example_time_delta_sensor_async to None, run_after=None
[2024-08-13T11:53:22.060+0000] {processor.py:183} INFO - Processing /home/airflow/.local/lib/python3.12/site-packages/airflow/example_dags/example_time_delta_sensor_async.py took 0.042 seconds
[2024-08-13T11:53:52.331+0000] {processor.py:161} INFO - Started process (PID=238) to work on /home/airflow/.local/lib/python3.12/site-packages/airflow/example_dags/example_time_delta_sensor_async.py
[2024-08-13T11:53:52.331+0000] {processor.py:830} INFO - Processing file /home/airflow/.local/lib/python3.12/site-packages/airflow/example_dags/example_time_delta_sensor_async.py for tasks to queue
[2024-08-13T11:53:52.332+0000] {logging_mixin.py:188} INFO - [2024-08-13T11:53:52.332+0000] {dagbag.py:545} INFO - Filling up the DagBag from /home/airflow/.local/lib/python3.12/site-packages/airflow/example_dags/example_time_delta_sensor_async.py
[2024-08-13T11:53:52.335+0000] {processor.py:840} INFO - DAG(s) 'example_time_delta_sensor_async' retrieved from /home/airflow/.local/lib/python3.12/site-packages/airflow/example_dags/example_time_delta_sensor_async.py
[2024-08-13T11:53:52.346+0000] {logging_mixin.py:188} INFO - [2024-08-13T11:53:52.346+0000] {dag.py:3089} INFO - Sync 1 DAGs
[2024-08-13T11:53:52.353+0000] {logging_mixin.py:188} INFO - [2024-08-13T11:53:52.353+0000] {dag.py:3947} INFO - Setting next_dagrun for example_time_delta_sensor_async to None, run_after=None
[2024-08-13T11:53:52.363+0000] {processor.py:183} INFO - Processing /home/airflow/.local/lib/python3.12/site-packages/airflow/example_dags/example_time_delta_sensor_async.py took 0.036 seconds
[2024-08-13T11:54:22.448+0000] {processor.py:161} INFO - Started process (PID=296) to work on /home/airflow/.local/lib/python3.12/site-packages/airflow/example_dags/example_time_delta_sensor_async.py
[2024-08-13T11:54:22.448+0000] {processor.py:830} INFO - Processing file /home/airflow/.local/lib/python3.12/site-packages/airflow/example_dags/example_time_delta_sensor_async.py for tasks to queue
[2024-08-13T11:54:22.449+0000] {logging_mixin.py:188} INFO - [2024-08-13T11:54:22.449+0000] {dagbag.py:545} INFO - Filling up the DagBag from /home/airflow/.local/lib/python3.12/site-packages/airflow/example_dags/example_time_delta_sensor_async.py
[2024-08-13T11:54:22.452+0000] {processor.py:840} INFO - DAG(s) 'example_time_delta_sensor_async' retrieved from /home/airflow/.local/lib/python3.12/site-packages/airflow/example_dags/example_time_delta_sensor_async.py
[2024-08-13T11:54:22.470+0000] {logging_mixin.py:188} INFO - [2024-08-13T11:54:22.470+0000] {dag.py:3089} INFO - Sync 1 DAGs
[2024-08-13T11:54:22.478+0000] {logging_mixin.py:188} INFO - [2024-08-13T11:54:22.478+0000] {dag.py:3947} INFO - Setting next_dagrun for example_time_delta_sensor_async to None, run_after=None
[2024-08-13T11:54:22.498+0000] {processor.py:183} INFO - Processing /home/airflow/.local/lib/python3.12/site-packages/airflow/example_dags/example_time_delta_sensor_async.py took 0.054 seconds
[2024-08-13T11:54:52.808+0000] {processor.py:161} INFO - Started process (PID=354) to work on /home/airflow/.local/lib/python3.12/site-packages/airflow/example_dags/example_time_delta_sensor_async.py
[2024-08-13T11:54:52.809+0000] {processor.py:830} INFO - Processing file /home/airflow/.local/lib/python3.12/site-packages/airflow/example_dags/example_time_delta_sensor_async.py for tasks to queue
[2024-08-13T11:54:52.810+0000] {logging_mixin.py:188} INFO - [2024-08-13T11:54:52.810+0000] {dagbag.py:545} INFO - Filling up the DagBag from /home/airflow/.local/lib/python3.12/site-packages/airflow/example_dags/example_time_delta_sensor_async.py
[2024-08-13T11:54:52.814+0000] {processor.py:840} INFO - DAG(s) 'example_time_delta_sensor_async' retrieved from /home/airflow/.local/lib/python3.12/site-packages/airflow/example_dags/example_time_delta_sensor_async.py
[2024-08-13T11:54:52.835+0000] {logging_mixin.py:188} INFO - [2024-08-13T11:54:52.835+0000] {dag.py:3089} INFO - Sync 1 DAGs
[2024-08-13T11:54:52.842+0000] {logging_mixin.py:188} INFO - [2024-08-13T11:54:52.842+0000] {dag.py:3947} INFO - Setting next_dagrun for example_time_delta_sensor_async to None, run_after=None
[2024-08-13T11:54:52.852+0000] {processor.py:183} INFO - Processing /home/airflow/.local/lib/python3.12/site-packages/airflow/example_dags/example_time_delta_sensor_async.py took 0.047 seconds
[2024-08-13T11:55:23.181+0000] {processor.py:161} INFO - Started process (PID=411) to work on /home/airflow/.local/lib/python3.12/site-packages/airflow/example_dags/example_time_delta_sensor_async.py
[2024-08-13T11:55:23.181+0000] {processor.py:830} INFO - Processing file /home/airflow/.local/lib/python3.12/site-packages/airflow/example_dags/example_time_delta_sensor_async.py for tasks to queue
[2024-08-13T11:55:23.183+0000] {logging_mixin.py:188} INFO - [2024-08-13T11:55:23.183+0000] {dagbag.py:545} INFO - Filling up the DagBag from /home/airflow/.local/lib/python3.12/site-packages/airflow/example_dags/example_time_delta_sensor_async.py
[2024-08-13T11:55:23.187+0000] {processor.py:840} INFO - DAG(s) 'example_time_delta_sensor_async' retrieved from /home/airflow/.local/lib/python3.12/site-packages/airflow/example_dags/example_time_delta_sensor_async.py
[2024-08-13T11:55:23.200+0000] {logging_mixin.py:188} INFO - [2024-08-13T11:55:23.200+0000] {dag.py:3089} INFO - Sync 1 DAGs
[2024-08-13T11:55:23.209+0000] {logging_mixin.py:188} INFO - [2024-08-13T11:55:23.208+0000] {dag.py:3947} INFO - Setting next_dagrun for example_time_delta_sensor_async to None, run_after=None
[2024-08-13T11:55:23.225+0000] {processor.py:183} INFO - Processing /home/airflow/.local/lib/python3.12/site-packages/airflow/example_dags/example_time_delta_sensor_async.py took 0.052 seconds
[2024-08-13T11:55:53.302+0000] {processor.py:161} INFO - Started process (PID=469) to work on /home/airflow/.local/lib/python3.12/site-packages/airflow/example_dags/example_time_delta_sensor_async.py
[2024-08-13T11:55:53.303+0000] {processor.py:830} INFO - Processing file /home/airflow/.local/lib/python3.12/site-packages/airflow/example_dags/example_time_delta_sensor_async.py for tasks to queue
[2024-08-13T11:55:53.305+0000] {logging_mixin.py:188} INFO - [2024-08-13T11:55:53.305+0000] {dagbag.py:545} INFO - Filling up the DagBag from /home/airflow/.local/lib/python3.12/site-packages/airflow/example_dags/example_time_delta_sensor_async.py
[2024-08-13T11:55:53.309+0000] {processor.py:840} INFO - DAG(s) 'example_time_delta_sensor_async' retrieved from /home/airflow/.local/lib/python3.12/site-packages/airflow/example_dags/example_time_delta_sensor_async.py
[2024-08-13T11:55:53.326+0000] {logging_mixin.py:188} INFO - [2024-08-13T11:55:53.325+0000] {dag.py:3089} INFO - Sync 1 DAGs
[2024-08-13T11:55:53.343+0000] {logging_mixin.py:188} INFO - [2024-08-13T11:55:53.342+0000] {dag.py:3947} INFO - Setting next_dagrun for example_time_delta_sensor_async to None, run_after=None
[2024-08-13T11:55:53.355+0000] {processor.py:183} INFO - Processing /home/airflow/.local/lib/python3.12/site-packages/airflow/example_dags/example_time_delta_sensor_async.py took 0.057 seconds
[2024-08-13T11:56:23.417+0000] {processor.py:161} INFO - Started process (PID=527) to work on /home/airflow/.local/lib/python3.12/site-packages/airflow/example_dags/example_time_delta_sensor_async.py
[2024-08-13T11:56:23.418+0000] {processor.py:830} INFO - Processing file /home/airflow/.local/lib/python3.12/site-packages/airflow/example_dags/example_time_delta_sensor_async.py for tasks to queue
[2024-08-13T11:56:23.419+0000] {logging_mixin.py:188} INFO - [2024-08-13T11:56:23.419+0000] {dagbag.py:545} INFO - Filling up the DagBag from /home/airflow/.local/lib/python3.12/site-packages/airflow/example_dags/example_time_delta_sensor_async.py
[2024-08-13T11:56:23.422+0000] {processor.py:840} INFO - DAG(s) 'example_time_delta_sensor_async' retrieved from /home/airflow/.local/lib/python3.12/site-packages/airflow/example_dags/example_time_delta_sensor_async.py
[2024-08-13T11:56:23.434+0000] {logging_mixin.py:188} INFO - [2024-08-13T11:56:23.434+0000] {dag.py:3089} INFO - Sync 1 DAGs
[2024-08-13T11:56:23.441+0000] {logging_mixin.py:188} INFO - [2024-08-13T11:56:23.440+0000] {dag.py:3947} INFO - Setting next_dagrun for example_time_delta_sensor_async to None, run_after=None
[2024-08-13T11:56:23.451+0000] {processor.py:183} INFO - Processing /home/airflow/.local/lib/python3.12/site-packages/airflow/example_dags/example_time_delta_sensor_async.py took 0.037 seconds
