[2024-08-13T11:52:19.582+0000] {processor.py:161} INFO - Started process (PID=53) to work on /home/airflow/.local/lib/python3.12/site-packages/airflow/example_dags/example_latest_only.py
[2024-08-13T11:52:19.586+0000] {processor.py:830} INFO - Processing file /home/airflow/.local/lib/python3.12/site-packages/airflow/example_dags/example_latest_only.py for tasks to queue
[2024-08-13T11:52:19.587+0000] {logging_mixin.py:188} INFO - [2024-08-13T11:52:19.587+0000] {dagbag.py:545} INFO - Filling up the DagBag from /home/airflow/.local/lib/python3.12/site-packages/airflow/example_dags/example_latest_only.py
[2024-08-13T11:52:19.599+0000] {processor.py:840} INFO - DAG(s) 'latest_only' retrieved from /home/airflow/.local/lib/python3.12/site-packages/airflow/example_dags/example_latest_only.py
[2024-08-13T11:52:19.708+0000] {logging_mixin.py:188} INFO - [2024-08-13T11:52:19.708+0000] {override.py:1858} INFO - Created Permission View: can edit on DAG:latest_only
[2024-08-13T11:52:19.712+0000] {logging_mixin.py:188} INFO - [2024-08-13T11:52:19.712+0000] {override.py:1858} INFO - Created Permission View: can read on DAG:latest_only
[2024-08-13T11:52:19.715+0000] {logging_mixin.py:188} INFO - [2024-08-13T11:52:19.714+0000] {override.py:1858} INFO - Created Permission View: can delete on DAG:latest_only
[2024-08-13T11:52:19.715+0000] {logging_mixin.py:188} INFO - [2024-08-13T11:52:19.715+0000] {dag.py:3089} INFO - Sync 1 DAGs
[2024-08-13T11:52:19.720+0000] {logging_mixin.py:188} INFO - [2024-08-13T11:52:19.719+0000] {dag.py:3111} INFO - Creating ORM DAG for latest_only
[2024-08-13T11:52:19.726+0000] {logging_mixin.py:188} INFO - [2024-08-13T11:52:19.726+0000] {dag.py:3947} INFO - Setting next_dagrun for latest_only to 2024-08-13 04:00:00+00:00, run_after=2024-08-13 08:00:00+00:00
[2024-08-13T11:52:19.740+0000] {processor.py:183} INFO - Processing /home/airflow/.local/lib/python3.12/site-packages/airflow/example_dags/example_latest_only.py took 0.161 seconds
[2024-08-13T11:52:50.313+0000] {processor.py:161} INFO - Started process (PID=111) to work on /home/airflow/.local/lib/python3.12/site-packages/airflow/example_dags/example_latest_only.py
[2024-08-13T11:52:50.319+0000] {processor.py:830} INFO - Processing file /home/airflow/.local/lib/python3.12/site-packages/airflow/example_dags/example_latest_only.py for tasks to queue
[2024-08-13T11:52:50.322+0000] {logging_mixin.py:188} INFO - [2024-08-13T11:52:50.322+0000] {dagbag.py:545} INFO - Filling up the DagBag from /home/airflow/.local/lib/python3.12/site-packages/airflow/example_dags/example_latest_only.py
[2024-08-13T11:52:50.330+0000] {processor.py:840} INFO - DAG(s) 'latest_only' retrieved from /home/airflow/.local/lib/python3.12/site-packages/airflow/example_dags/example_latest_only.py
[2024-08-13T11:52:50.345+0000] {logging_mixin.py:188} INFO - [2024-08-13T11:52:50.345+0000] {dag.py:3089} INFO - Sync 1 DAGs
[2024-08-13T11:52:50.371+0000] {logging_mixin.py:188} INFO - [2024-08-13T11:52:50.371+0000] {dag.py:3947} INFO - Setting next_dagrun for latest_only to 2024-08-13 04:00:00+00:00, run_after=2024-08-13 08:00:00+00:00
[2024-08-13T11:52:50.388+0000] {processor.py:183} INFO - Processing /home/airflow/.local/lib/python3.12/site-packages/airflow/example_dags/example_latest_only.py took 0.091 seconds
[2024-08-13T11:53:20.527+0000] {processor.py:161} INFO - Started process (PID=169) to work on /home/airflow/.local/lib/python3.12/site-packages/airflow/example_dags/example_latest_only.py
[2024-08-13T11:53:20.528+0000] {processor.py:830} INFO - Processing file /home/airflow/.local/lib/python3.12/site-packages/airflow/example_dags/example_latest_only.py for tasks to queue
[2024-08-13T11:53:20.529+0000] {logging_mixin.py:188} INFO - [2024-08-13T11:53:20.529+0000] {dagbag.py:545} INFO - Filling up the DagBag from /home/airflow/.local/lib/python3.12/site-packages/airflow/example_dags/example_latest_only.py
[2024-08-13T11:53:20.533+0000] {processor.py:840} INFO - DAG(s) 'latest_only' retrieved from /home/airflow/.local/lib/python3.12/site-packages/airflow/example_dags/example_latest_only.py
[2024-08-13T11:53:20.545+0000] {logging_mixin.py:188} INFO - [2024-08-13T11:53:20.545+0000] {dag.py:3089} INFO - Sync 1 DAGs
[2024-08-13T11:53:20.557+0000] {logging_mixin.py:188} INFO - [2024-08-13T11:53:20.557+0000] {dag.py:3947} INFO - Setting next_dagrun for latest_only to 2024-08-13 04:00:00+00:00, run_after=2024-08-13 08:00:00+00:00
[2024-08-13T11:53:20.567+0000] {processor.py:183} INFO - Processing /home/airflow/.local/lib/python3.12/site-packages/airflow/example_dags/example_latest_only.py took 0.046 seconds
[2024-08-13T11:53:50.766+0000] {processor.py:161} INFO - Started process (PID=227) to work on /home/airflow/.local/lib/python3.12/site-packages/airflow/example_dags/example_latest_only.py
[2024-08-13T11:53:50.767+0000] {processor.py:830} INFO - Processing file /home/airflow/.local/lib/python3.12/site-packages/airflow/example_dags/example_latest_only.py for tasks to queue
[2024-08-13T11:53:50.769+0000] {logging_mixin.py:188} INFO - [2024-08-13T11:53:50.768+0000] {dagbag.py:545} INFO - Filling up the DagBag from /home/airflow/.local/lib/python3.12/site-packages/airflow/example_dags/example_latest_only.py
[2024-08-13T11:53:50.773+0000] {processor.py:840} INFO - DAG(s) 'latest_only' retrieved from /home/airflow/.local/lib/python3.12/site-packages/airflow/example_dags/example_latest_only.py
[2024-08-13T11:53:50.787+0000] {logging_mixin.py:188} INFO - [2024-08-13T11:53:50.787+0000] {dag.py:3089} INFO - Sync 1 DAGs
[2024-08-13T11:53:50.803+0000] {logging_mixin.py:188} INFO - [2024-08-13T11:53:50.803+0000] {dag.py:3947} INFO - Setting next_dagrun for latest_only to 2024-08-13 04:00:00+00:00, run_after=2024-08-13 08:00:00+00:00
[2024-08-13T11:53:50.815+0000] {processor.py:183} INFO - Processing /home/airflow/.local/lib/python3.12/site-packages/airflow/example_dags/example_latest_only.py took 0.057 seconds
[2024-08-13T11:54:21.027+0000] {processor.py:161} INFO - Started process (PID=285) to work on /home/airflow/.local/lib/python3.12/site-packages/airflow/example_dags/example_latest_only.py
[2024-08-13T11:54:21.028+0000] {processor.py:830} INFO - Processing file /home/airflow/.local/lib/python3.12/site-packages/airflow/example_dags/example_latest_only.py for tasks to queue
[2024-08-13T11:54:21.029+0000] {logging_mixin.py:188} INFO - [2024-08-13T11:54:21.029+0000] {dagbag.py:545} INFO - Filling up the DagBag from /home/airflow/.local/lib/python3.12/site-packages/airflow/example_dags/example_latest_only.py
[2024-08-13T11:54:21.032+0000] {processor.py:840} INFO - DAG(s) 'latest_only' retrieved from /home/airflow/.local/lib/python3.12/site-packages/airflow/example_dags/example_latest_only.py
[2024-08-13T11:54:21.042+0000] {logging_mixin.py:188} INFO - [2024-08-13T11:54:21.042+0000] {dag.py:3089} INFO - Sync 1 DAGs
[2024-08-13T11:54:21.054+0000] {logging_mixin.py:188} INFO - [2024-08-13T11:54:21.054+0000] {dag.py:3947} INFO - Setting next_dagrun for latest_only to 2024-08-13 04:00:00+00:00, run_after=2024-08-13 08:00:00+00:00
[2024-08-13T11:54:21.070+0000] {processor.py:183} INFO - Processing /home/airflow/.local/lib/python3.12/site-packages/airflow/example_dags/example_latest_only.py took 0.046 seconds
[2024-08-13T11:54:51.280+0000] {processor.py:161} INFO - Started process (PID=343) to work on /home/airflow/.local/lib/python3.12/site-packages/airflow/example_dags/example_latest_only.py
[2024-08-13T11:54:51.281+0000] {processor.py:830} INFO - Processing file /home/airflow/.local/lib/python3.12/site-packages/airflow/example_dags/example_latest_only.py for tasks to queue
[2024-08-13T11:54:51.282+0000] {logging_mixin.py:188} INFO - [2024-08-13T11:54:51.282+0000] {dagbag.py:545} INFO - Filling up the DagBag from /home/airflow/.local/lib/python3.12/site-packages/airflow/example_dags/example_latest_only.py
[2024-08-13T11:54:51.286+0000] {processor.py:840} INFO - DAG(s) 'latest_only' retrieved from /home/airflow/.local/lib/python3.12/site-packages/airflow/example_dags/example_latest_only.py
[2024-08-13T11:54:51.298+0000] {logging_mixin.py:188} INFO - [2024-08-13T11:54:51.298+0000] {dag.py:3089} INFO - Sync 1 DAGs
[2024-08-13T11:54:51.311+0000] {logging_mixin.py:188} INFO - [2024-08-13T11:54:51.311+0000] {dag.py:3947} INFO - Setting next_dagrun for latest_only to 2024-08-13 04:00:00+00:00, run_after=2024-08-13 08:00:00+00:00
[2024-08-13T11:54:51.322+0000] {processor.py:183} INFO - Processing /home/airflow/.local/lib/python3.12/site-packages/airflow/example_dags/example_latest_only.py took 0.046 seconds
[2024-08-13T11:55:21.643+0000] {processor.py:161} INFO - Started process (PID=400) to work on /home/airflow/.local/lib/python3.12/site-packages/airflow/example_dags/example_latest_only.py
[2024-08-13T11:55:21.643+0000] {processor.py:830} INFO - Processing file /home/airflow/.local/lib/python3.12/site-packages/airflow/example_dags/example_latest_only.py for tasks to queue
[2024-08-13T11:55:21.645+0000] {logging_mixin.py:188} INFO - [2024-08-13T11:55:21.645+0000] {dagbag.py:545} INFO - Filling up the DagBag from /home/airflow/.local/lib/python3.12/site-packages/airflow/example_dags/example_latest_only.py
[2024-08-13T11:55:21.650+0000] {processor.py:840} INFO - DAG(s) 'latest_only' retrieved from /home/airflow/.local/lib/python3.12/site-packages/airflow/example_dags/example_latest_only.py
[2024-08-13T11:55:21.666+0000] {logging_mixin.py:188} INFO - [2024-08-13T11:55:21.665+0000] {dag.py:3089} INFO - Sync 1 DAGs
[2024-08-13T11:55:21.682+0000] {logging_mixin.py:188} INFO - [2024-08-13T11:55:21.682+0000] {dag.py:3947} INFO - Setting next_dagrun for latest_only to 2024-08-13 04:00:00+00:00, run_after=2024-08-13 08:00:00+00:00
[2024-08-13T11:55:21.696+0000] {processor.py:183} INFO - Processing /home/airflow/.local/lib/python3.12/site-packages/airflow/example_dags/example_latest_only.py took 0.058 seconds
[2024-08-13T11:55:51.820+0000] {processor.py:161} INFO - Started process (PID=458) to work on /home/airflow/.local/lib/python3.12/site-packages/airflow/example_dags/example_latest_only.py
[2024-08-13T11:55:51.821+0000] {processor.py:830} INFO - Processing file /home/airflow/.local/lib/python3.12/site-packages/airflow/example_dags/example_latest_only.py for tasks to queue
[2024-08-13T11:55:51.826+0000] {logging_mixin.py:188} INFO - [2024-08-13T11:55:51.826+0000] {dagbag.py:545} INFO - Filling up the DagBag from /home/airflow/.local/lib/python3.12/site-packages/airflow/example_dags/example_latest_only.py
[2024-08-13T11:55:51.829+0000] {processor.py:840} INFO - DAG(s) 'latest_only' retrieved from /home/airflow/.local/lib/python3.12/site-packages/airflow/example_dags/example_latest_only.py
[2024-08-13T11:55:51.841+0000] {logging_mixin.py:188} INFO - [2024-08-13T11:55:51.841+0000] {dag.py:3089} INFO - Sync 1 DAGs
[2024-08-13T11:55:51.857+0000] {logging_mixin.py:188} INFO - [2024-08-13T11:55:51.857+0000] {dag.py:3947} INFO - Setting next_dagrun for latest_only to 2024-08-13 04:00:00+00:00, run_after=2024-08-13 08:00:00+00:00
[2024-08-13T11:55:51.868+0000] {processor.py:183} INFO - Processing /home/airflow/.local/lib/python3.12/site-packages/airflow/example_dags/example_latest_only.py took 0.052 seconds
[2024-08-13T11:56:21.956+0000] {processor.py:161} INFO - Started process (PID=516) to work on /home/airflow/.local/lib/python3.12/site-packages/airflow/example_dags/example_latest_only.py
[2024-08-13T11:56:21.957+0000] {processor.py:830} INFO - Processing file /home/airflow/.local/lib/python3.12/site-packages/airflow/example_dags/example_latest_only.py for tasks to queue
[2024-08-13T11:56:21.958+0000] {logging_mixin.py:188} INFO - [2024-08-13T11:56:21.958+0000] {dagbag.py:545} INFO - Filling up the DagBag from /home/airflow/.local/lib/python3.12/site-packages/airflow/example_dags/example_latest_only.py
[2024-08-13T11:56:21.962+0000] {processor.py:840} INFO - DAG(s) 'latest_only' retrieved from /home/airflow/.local/lib/python3.12/site-packages/airflow/example_dags/example_latest_only.py
[2024-08-13T11:56:21.974+0000] {logging_mixin.py:188} INFO - [2024-08-13T11:56:21.974+0000] {dag.py:3089} INFO - Sync 1 DAGs
[2024-08-13T11:56:21.985+0000] {logging_mixin.py:188} INFO - [2024-08-13T11:56:21.985+0000] {dag.py:3947} INFO - Setting next_dagrun for latest_only to 2024-08-13 04:00:00+00:00, run_after=2024-08-13 08:00:00+00:00
[2024-08-13T11:56:21.997+0000] {processor.py:183} INFO - Processing /home/airflow/.local/lib/python3.12/site-packages/airflow/example_dags/example_latest_only.py took 0.045 seconds
[2024-08-13T11:56:52.349+0000] {processor.py:161} INFO - Started process (PID=574) to work on /home/airflow/.local/lib/python3.12/site-packages/airflow/example_dags/example_latest_only.py
[2024-08-13T11:56:52.360+0000] {processor.py:830} INFO - Processing file /home/airflow/.local/lib/python3.12/site-packages/airflow/example_dags/example_latest_only.py for tasks to queue
[2024-08-13T11:56:52.363+0000] {logging_mixin.py:188} INFO - [2024-08-13T11:56:52.362+0000] {dagbag.py:545} INFO - Filling up the DagBag from /home/airflow/.local/lib/python3.12/site-packages/airflow/example_dags/example_latest_only.py
[2024-08-13T11:56:52.370+0000] {processor.py:840} INFO - DAG(s) 'latest_only' retrieved from /home/airflow/.local/lib/python3.12/site-packages/airflow/example_dags/example_latest_only.py
[2024-08-13T11:56:52.403+0000] {logging_mixin.py:188} INFO - [2024-08-13T11:56:52.403+0000] {dag.py:3089} INFO - Sync 1 DAGs
[2024-08-13T11:56:52.440+0000] {logging_mixin.py:188} INFO - [2024-08-13T11:56:52.440+0000] {dag.py:3947} INFO - Setting next_dagrun for latest_only to 2024-08-13 04:00:00+00:00, run_after=2024-08-13 08:00:00+00:00
[2024-08-13T11:56:52.468+0000] {processor.py:183} INFO - Processing /home/airflow/.local/lib/python3.12/site-packages/airflow/example_dags/example_latest_only.py took 0.123 seconds
