[2024-08-13T11:52:21.642+0000] {processor.py:161} INFO - Started process (PID=70) to work on /home/airflow/.local/lib/python3.12/site-packages/airflow/example_dags/example_bash_decorator.py
[2024-08-13T11:52:21.649+0000] {processor.py:830} INFO - Processing file /home/airflow/.local/lib/python3.12/site-packages/airflow/example_dags/example_bash_decorator.py for tasks to queue
[2024-08-13T11:52:21.651+0000] {logging_mixin.py:188} INFO - [2024-08-13T11:52:21.650+0000] {dagbag.py:545} INFO - Filling up the DagBag from /home/airflow/.local/lib/python3.12/site-packages/airflow/example_dags/example_bash_decorator.py
[2024-08-13T11:52:21.671+0000] {processor.py:840} INFO - DAG(s) 'example_bash_decorator' retrieved from /home/airflow/.local/lib/python3.12/site-packages/airflow/example_dags/example_bash_decorator.py
[2024-08-13T11:52:21.786+0000] {logging_mixin.py:188} INFO - [2024-08-13T11:52:21.785+0000] {override.py:1858} INFO - Created Permission View: can edit on DAG:example_bash_decorator
[2024-08-13T11:52:21.796+0000] {logging_mixin.py:188} INFO - [2024-08-13T11:52:21.795+0000] {override.py:1858} INFO - Created Permission View: can read on DAG:example_bash_decorator
[2024-08-13T11:52:21.799+0000] {logging_mixin.py:188} INFO - [2024-08-13T11:52:21.798+0000] {override.py:1858} INFO - Created Permission View: can delete on DAG:example_bash_decorator
[2024-08-13T11:52:21.799+0000] {logging_mixin.py:188} INFO - [2024-08-13T11:52:21.799+0000] {dag.py:3089} INFO - Sync 1 DAGs
[2024-08-13T11:52:21.814+0000] {logging_mixin.py:188} INFO - [2024-08-13T11:52:21.814+0000] {dag.py:3111} INFO - Creating ORM DAG for example_bash_decorator
[2024-08-13T11:52:21.815+0000] {logging_mixin.py:188} INFO - [2024-08-13T11:52:21.815+0000] {dag.py:3947} INFO - Setting next_dagrun for example_bash_decorator to None, run_after=None
[2024-08-13T11:52:21.832+0000] {processor.py:183} INFO - Processing /home/airflow/.local/lib/python3.12/site-packages/airflow/example_dags/example_bash_decorator.py took 0.193 seconds
[2024-08-13T11:52:52.108+0000] {processor.py:161} INFO - Started process (PID=128) to work on /home/airflow/.local/lib/python3.12/site-packages/airflow/example_dags/example_bash_decorator.py
[2024-08-13T11:52:52.109+0000] {processor.py:830} INFO - Processing file /home/airflow/.local/lib/python3.12/site-packages/airflow/example_dags/example_bash_decorator.py for tasks to queue
[2024-08-13T11:52:52.110+0000] {logging_mixin.py:188} INFO - [2024-08-13T11:52:52.110+0000] {dagbag.py:545} INFO - Filling up the DagBag from /home/airflow/.local/lib/python3.12/site-packages/airflow/example_dags/example_bash_decorator.py
[2024-08-13T11:52:52.117+0000] {processor.py:840} INFO - DAG(s) 'example_bash_decorator' retrieved from /home/airflow/.local/lib/python3.12/site-packages/airflow/example_dags/example_bash_decorator.py
[2024-08-13T11:52:52.130+0000] {logging_mixin.py:188} INFO - [2024-08-13T11:52:52.129+0000] {dag.py:3089} INFO - Sync 1 DAGs
[2024-08-13T11:52:52.137+0000] {logging_mixin.py:188} INFO - [2024-08-13T11:52:52.136+0000] {dag.py:3947} INFO - Setting next_dagrun for example_bash_decorator to None, run_after=None
[2024-08-13T11:52:52.147+0000] {processor.py:183} INFO - Processing /home/airflow/.local/lib/python3.12/site-packages/airflow/example_dags/example_bash_decorator.py took 0.042 seconds
[2024-08-13T11:53:22.261+0000] {processor.py:161} INFO - Started process (PID=186) to work on /home/airflow/.local/lib/python3.12/site-packages/airflow/example_dags/example_bash_decorator.py
[2024-08-13T11:53:22.262+0000] {processor.py:830} INFO - Processing file /home/airflow/.local/lib/python3.12/site-packages/airflow/example_dags/example_bash_decorator.py for tasks to queue
[2024-08-13T11:53:22.263+0000] {logging_mixin.py:188} INFO - [2024-08-13T11:53:22.263+0000] {dagbag.py:545} INFO - Filling up the DagBag from /home/airflow/.local/lib/python3.12/site-packages/airflow/example_dags/example_bash_decorator.py
[2024-08-13T11:53:22.272+0000] {processor.py:840} INFO - DAG(s) 'example_bash_decorator' retrieved from /home/airflow/.local/lib/python3.12/site-packages/airflow/example_dags/example_bash_decorator.py
[2024-08-13T11:53:22.288+0000] {logging_mixin.py:188} INFO - [2024-08-13T11:53:22.288+0000] {dag.py:3089} INFO - Sync 1 DAGs
[2024-08-13T11:53:22.296+0000] {logging_mixin.py:188} INFO - [2024-08-13T11:53:22.296+0000] {dag.py:3947} INFO - Setting next_dagrun for example_bash_decorator to None, run_after=None
[2024-08-13T11:53:22.314+0000] {processor.py:183} INFO - Processing /home/airflow/.local/lib/python3.12/site-packages/airflow/example_dags/example_bash_decorator.py took 0.057 seconds
[2024-08-13T11:53:52.573+0000] {processor.py:161} INFO - Started process (PID=244) to work on /home/airflow/.local/lib/python3.12/site-packages/airflow/example_dags/example_bash_decorator.py
[2024-08-13T11:53:52.574+0000] {processor.py:830} INFO - Processing file /home/airflow/.local/lib/python3.12/site-packages/airflow/example_dags/example_bash_decorator.py for tasks to queue
[2024-08-13T11:53:52.576+0000] {logging_mixin.py:188} INFO - [2024-08-13T11:53:52.575+0000] {dagbag.py:545} INFO - Filling up the DagBag from /home/airflow/.local/lib/python3.12/site-packages/airflow/example_dags/example_bash_decorator.py
[2024-08-13T11:53:52.587+0000] {processor.py:840} INFO - DAG(s) 'example_bash_decorator' retrieved from /home/airflow/.local/lib/python3.12/site-packages/airflow/example_dags/example_bash_decorator.py
[2024-08-13T11:53:52.606+0000] {logging_mixin.py:188} INFO - [2024-08-13T11:53:52.606+0000] {dag.py:3089} INFO - Sync 1 DAGs
[2024-08-13T11:53:52.615+0000] {logging_mixin.py:188} INFO - [2024-08-13T11:53:52.614+0000] {dag.py:3947} INFO - Setting next_dagrun for example_bash_decorator to None, run_after=None
[2024-08-13T11:53:52.627+0000] {processor.py:183} INFO - Processing /home/airflow/.local/lib/python3.12/site-packages/airflow/example_dags/example_bash_decorator.py took 0.057 seconds
[2024-08-13T11:54:22.660+0000] {processor.py:161} INFO - Started process (PID=302) to work on /home/airflow/.local/lib/python3.12/site-packages/airflow/example_dags/example_bash_decorator.py
[2024-08-13T11:54:22.661+0000] {processor.py:830} INFO - Processing file /home/airflow/.local/lib/python3.12/site-packages/airflow/example_dags/example_bash_decorator.py for tasks to queue
[2024-08-13T11:54:22.662+0000] {logging_mixin.py:188} INFO - [2024-08-13T11:54:22.662+0000] {dagbag.py:545} INFO - Filling up the DagBag from /home/airflow/.local/lib/python3.12/site-packages/airflow/example_dags/example_bash_decorator.py
[2024-08-13T11:54:22.674+0000] {processor.py:840} INFO - DAG(s) 'example_bash_decorator' retrieved from /home/airflow/.local/lib/python3.12/site-packages/airflow/example_dags/example_bash_decorator.py
[2024-08-13T11:54:22.688+0000] {logging_mixin.py:188} INFO - [2024-08-13T11:54:22.688+0000] {dag.py:3089} INFO - Sync 1 DAGs
[2024-08-13T11:54:22.694+0000] {logging_mixin.py:188} INFO - [2024-08-13T11:54:22.694+0000] {dag.py:3947} INFO - Setting next_dagrun for example_bash_decorator to None, run_after=None
[2024-08-13T11:54:22.704+0000] {processor.py:183} INFO - Processing /home/airflow/.local/lib/python3.12/site-packages/airflow/example_dags/example_bash_decorator.py took 0.047 seconds
[2024-08-13T11:54:53.078+0000] {processor.py:161} INFO - Started process (PID=360) to work on /home/airflow/.local/lib/python3.12/site-packages/airflow/example_dags/example_bash_decorator.py
[2024-08-13T11:54:53.079+0000] {processor.py:830} INFO - Processing file /home/airflow/.local/lib/python3.12/site-packages/airflow/example_dags/example_bash_decorator.py for tasks to queue
[2024-08-13T11:54:53.084+0000] {logging_mixin.py:188} INFO - [2024-08-13T11:54:53.083+0000] {dagbag.py:545} INFO - Filling up the DagBag from /home/airflow/.local/lib/python3.12/site-packages/airflow/example_dags/example_bash_decorator.py
[2024-08-13T11:54:53.092+0000] {processor.py:840} INFO - DAG(s) 'example_bash_decorator' retrieved from /home/airflow/.local/lib/python3.12/site-packages/airflow/example_dags/example_bash_decorator.py
[2024-08-13T11:54:53.105+0000] {logging_mixin.py:188} INFO - [2024-08-13T11:54:53.105+0000] {dag.py:3089} INFO - Sync 1 DAGs
[2024-08-13T11:54:53.112+0000] {logging_mixin.py:188} INFO - [2024-08-13T11:54:53.112+0000] {dag.py:3947} INFO - Setting next_dagrun for example_bash_decorator to None, run_after=None
[2024-08-13T11:54:53.120+0000] {processor.py:183} INFO - Processing /home/airflow/.local/lib/python3.12/site-packages/airflow/example_dags/example_bash_decorator.py took 0.047 seconds
[2024-08-13T11:55:23.416+0000] {processor.py:161} INFO - Started process (PID=417) to work on /home/airflow/.local/lib/python3.12/site-packages/airflow/example_dags/example_bash_decorator.py
[2024-08-13T11:55:23.416+0000] {processor.py:830} INFO - Processing file /home/airflow/.local/lib/python3.12/site-packages/airflow/example_dags/example_bash_decorator.py for tasks to queue
[2024-08-13T11:55:23.417+0000] {logging_mixin.py:188} INFO - [2024-08-13T11:55:23.417+0000] {dagbag.py:545} INFO - Filling up the DagBag from /home/airflow/.local/lib/python3.12/site-packages/airflow/example_dags/example_bash_decorator.py
[2024-08-13T11:55:23.425+0000] {processor.py:840} INFO - DAG(s) 'example_bash_decorator' retrieved from /home/airflow/.local/lib/python3.12/site-packages/airflow/example_dags/example_bash_decorator.py
[2024-08-13T11:55:23.437+0000] {logging_mixin.py:188} INFO - [2024-08-13T11:55:23.437+0000] {dag.py:3089} INFO - Sync 1 DAGs
[2024-08-13T11:55:23.444+0000] {logging_mixin.py:188} INFO - [2024-08-13T11:55:23.444+0000] {dag.py:3947} INFO - Setting next_dagrun for example_bash_decorator to None, run_after=None
[2024-08-13T11:55:23.453+0000] {processor.py:183} INFO - Processing /home/airflow/.local/lib/python3.12/site-packages/airflow/example_dags/example_bash_decorator.py took 0.041 seconds
[2024-08-13T11:55:53.528+0000] {processor.py:161} INFO - Started process (PID=475) to work on /home/airflow/.local/lib/python3.12/site-packages/airflow/example_dags/example_bash_decorator.py
[2024-08-13T11:55:53.529+0000] {processor.py:830} INFO - Processing file /home/airflow/.local/lib/python3.12/site-packages/airflow/example_dags/example_bash_decorator.py for tasks to queue
[2024-08-13T11:55:53.530+0000] {logging_mixin.py:188} INFO - [2024-08-13T11:55:53.530+0000] {dagbag.py:545} INFO - Filling up the DagBag from /home/airflow/.local/lib/python3.12/site-packages/airflow/example_dags/example_bash_decorator.py
[2024-08-13T11:55:53.538+0000] {processor.py:840} INFO - DAG(s) 'example_bash_decorator' retrieved from /home/airflow/.local/lib/python3.12/site-packages/airflow/example_dags/example_bash_decorator.py
[2024-08-13T11:55:53.551+0000] {logging_mixin.py:188} INFO - [2024-08-13T11:55:53.551+0000] {dag.py:3089} INFO - Sync 1 DAGs
[2024-08-13T11:55:53.558+0000] {logging_mixin.py:188} INFO - [2024-08-13T11:55:53.558+0000] {dag.py:3947} INFO - Setting next_dagrun for example_bash_decorator to None, run_after=None
[2024-08-13T11:55:53.567+0000] {processor.py:183} INFO - Processing /home/airflow/.local/lib/python3.12/site-packages/airflow/example_dags/example_bash_decorator.py took 0.042 seconds
[2024-08-13T11:56:23.641+0000] {processor.py:161} INFO - Started process (PID=533) to work on /home/airflow/.local/lib/python3.12/site-packages/airflow/example_dags/example_bash_decorator.py
[2024-08-13T11:56:23.641+0000] {processor.py:830} INFO - Processing file /home/airflow/.local/lib/python3.12/site-packages/airflow/example_dags/example_bash_decorator.py for tasks to queue
[2024-08-13T11:56:23.642+0000] {logging_mixin.py:188} INFO - [2024-08-13T11:56:23.642+0000] {dagbag.py:545} INFO - Filling up the DagBag from /home/airflow/.local/lib/python3.12/site-packages/airflow/example_dags/example_bash_decorator.py
[2024-08-13T11:56:23.649+0000] {processor.py:840} INFO - DAG(s) 'example_bash_decorator' retrieved from /home/airflow/.local/lib/python3.12/site-packages/airflow/example_dags/example_bash_decorator.py
[2024-08-13T11:56:23.663+0000] {logging_mixin.py:188} INFO - [2024-08-13T11:56:23.662+0000] {dag.py:3089} INFO - Sync 1 DAGs
[2024-08-13T11:56:23.669+0000] {logging_mixin.py:188} INFO - [2024-08-13T11:56:23.669+0000] {dag.py:3947} INFO - Setting next_dagrun for example_bash_decorator to None, run_after=None
[2024-08-13T11:56:23.680+0000] {processor.py:183} INFO - Processing /home/airflow/.local/lib/python3.12/site-packages/airflow/example_dags/example_bash_decorator.py took 0.043 seconds
