[2024-08-13T11:52:15.489+0000] {processor.py:161} INFO - Started process (PID=31) to work on /home/airflow/.local/lib/python3.12/site-packages/airflow/example_dags/example_params_trigger_ui.py
[2024-08-13T11:52:15.492+0000] {processor.py:830} INFO - Processing file /home/airflow/.local/lib/python3.12/site-packages/airflow/example_dags/example_params_trigger_ui.py for tasks to queue
[2024-08-13T11:52:15.494+0000] {logging_mixin.py:188} INFO - [2024-08-13T11:52:15.494+0000] {dagbag.py:545} INFO - Filling up the DagBag from /home/airflow/.local/lib/python3.12/site-packages/airflow/example_dags/example_params_trigger_ui.py
[2024-08-13T11:52:15.513+0000] {processor.py:840} INFO - DAG(s) 'example_params_trigger_ui' retrieved from /home/airflow/.local/lib/python3.12/site-packages/airflow/example_dags/example_params_trigger_ui.py
[2024-08-13T11:52:15.695+0000] {logging_mixin.py:188} INFO - [2024-08-13T11:52:15.694+0000] {override.py:1858} INFO - Created Permission View: can edit on DAG:example_params_trigger_ui
[2024-08-13T11:52:15.705+0000] {logging_mixin.py:188} INFO - [2024-08-13T11:52:15.705+0000] {override.py:1858} INFO - Created Permission View: can read on DAG:example_params_trigger_ui
[2024-08-13T11:52:15.713+0000] {logging_mixin.py:188} INFO - [2024-08-13T11:52:15.713+0000] {override.py:1858} INFO - Created Permission View: can delete on DAG:example_params_trigger_ui
[2024-08-13T11:52:15.714+0000] {logging_mixin.py:188} INFO - [2024-08-13T11:52:15.714+0000] {dag.py:3089} INFO - Sync 1 DAGs
[2024-08-13T11:52:15.725+0000] {logging_mixin.py:188} INFO - [2024-08-13T11:52:15.725+0000] {dag.py:3111} INFO - Creating ORM DAG for example_params_trigger_ui
[2024-08-13T11:52:15.733+0000] {logging_mixin.py:188} INFO - [2024-08-13T11:52:15.726+0000] {dag.py:3947} INFO - Setting next_dagrun for example_params_trigger_ui to None, run_after=None
[2024-08-13T11:52:15.757+0000] {processor.py:183} INFO - Processing /home/airflow/.local/lib/python3.12/site-packages/airflow/example_dags/example_params_trigger_ui.py took 0.272 seconds
[2024-08-13T11:52:46.394+0000] {processor.py:161} INFO - Started process (PID=89) to work on /home/airflow/.local/lib/python3.12/site-packages/airflow/example_dags/example_params_trigger_ui.py
[2024-08-13T11:52:46.394+0000] {processor.py:830} INFO - Processing file /home/airflow/.local/lib/python3.12/site-packages/airflow/example_dags/example_params_trigger_ui.py for tasks to queue
[2024-08-13T11:52:46.395+0000] {logging_mixin.py:188} INFO - [2024-08-13T11:52:46.395+0000] {dagbag.py:545} INFO - Filling up the DagBag from /home/airflow/.local/lib/python3.12/site-packages/airflow/example_dags/example_params_trigger_ui.py
[2024-08-13T11:52:46.400+0000] {processor.py:840} INFO - DAG(s) 'example_params_trigger_ui' retrieved from /home/airflow/.local/lib/python3.12/site-packages/airflow/example_dags/example_params_trigger_ui.py
[2024-08-13T11:52:46.423+0000] {logging_mixin.py:188} INFO - [2024-08-13T11:52:46.423+0000] {dag.py:3089} INFO - Sync 1 DAGs
[2024-08-13T11:52:46.430+0000] {logging_mixin.py:188} INFO - [2024-08-13T11:52:46.430+0000] {dag.py:3947} INFO - Setting next_dagrun for example_params_trigger_ui to None, run_after=None
[2024-08-13T11:52:46.442+0000] {processor.py:183} INFO - Processing /home/airflow/.local/lib/python3.12/site-packages/airflow/example_dags/example_params_trigger_ui.py took 0.051 seconds
[2024-08-13T11:53:16.726+0000] {processor.py:161} INFO - Started process (PID=147) to work on /home/airflow/.local/lib/python3.12/site-packages/airflow/example_dags/example_params_trigger_ui.py
[2024-08-13T11:53:16.727+0000] {processor.py:830} INFO - Processing file /home/airflow/.local/lib/python3.12/site-packages/airflow/example_dags/example_params_trigger_ui.py for tasks to queue
[2024-08-13T11:53:16.728+0000] {logging_mixin.py:188} INFO - [2024-08-13T11:53:16.728+0000] {dagbag.py:545} INFO - Filling up the DagBag from /home/airflow/.local/lib/python3.12/site-packages/airflow/example_dags/example_params_trigger_ui.py
[2024-08-13T11:53:16.735+0000] {processor.py:840} INFO - DAG(s) 'example_params_trigger_ui' retrieved from /home/airflow/.local/lib/python3.12/site-packages/airflow/example_dags/example_params_trigger_ui.py
[2024-08-13T11:53:16.761+0000] {logging_mixin.py:188} INFO - [2024-08-13T11:53:16.761+0000] {dag.py:3089} INFO - Sync 1 DAGs
[2024-08-13T11:53:16.769+0000] {logging_mixin.py:188} INFO - [2024-08-13T11:53:16.769+0000] {dag.py:3947} INFO - Setting next_dagrun for example_params_trigger_ui to None, run_after=None
[2024-08-13T11:53:16.782+0000] {processor.py:183} INFO - Processing /home/airflow/.local/lib/python3.12/site-packages/airflow/example_dags/example_params_trigger_ui.py took 0.062 seconds
[2024-08-13T11:53:46.885+0000] {processor.py:161} INFO - Started process (PID=205) to work on /home/airflow/.local/lib/python3.12/site-packages/airflow/example_dags/example_params_trigger_ui.py
[2024-08-13T11:53:46.886+0000] {processor.py:830} INFO - Processing file /home/airflow/.local/lib/python3.12/site-packages/airflow/example_dags/example_params_trigger_ui.py for tasks to queue
[2024-08-13T11:53:46.888+0000] {logging_mixin.py:188} INFO - [2024-08-13T11:53:46.888+0000] {dagbag.py:545} INFO - Filling up the DagBag from /home/airflow/.local/lib/python3.12/site-packages/airflow/example_dags/example_params_trigger_ui.py
[2024-08-13T11:53:46.894+0000] {processor.py:840} INFO - DAG(s) 'example_params_trigger_ui' retrieved from /home/airflow/.local/lib/python3.12/site-packages/airflow/example_dags/example_params_trigger_ui.py
[2024-08-13T11:53:46.917+0000] {logging_mixin.py:188} INFO - [2024-08-13T11:53:46.917+0000] {dag.py:3089} INFO - Sync 1 DAGs
[2024-08-13T11:53:46.924+0000] {logging_mixin.py:188} INFO - [2024-08-13T11:53:46.924+0000] {dag.py:3947} INFO - Setting next_dagrun for example_params_trigger_ui to None, run_after=None
[2024-08-13T11:53:46.937+0000] {processor.py:183} INFO - Processing /home/airflow/.local/lib/python3.12/site-packages/airflow/example_dags/example_params_trigger_ui.py took 0.056 seconds
[2024-08-13T11:54:17.220+0000] {processor.py:161} INFO - Started process (PID=263) to work on /home/airflow/.local/lib/python3.12/site-packages/airflow/example_dags/example_params_trigger_ui.py
[2024-08-13T11:54:17.221+0000] {processor.py:830} INFO - Processing file /home/airflow/.local/lib/python3.12/site-packages/airflow/example_dags/example_params_trigger_ui.py for tasks to queue
[2024-08-13T11:54:17.223+0000] {logging_mixin.py:188} INFO - [2024-08-13T11:54:17.223+0000] {dagbag.py:545} INFO - Filling up the DagBag from /home/airflow/.local/lib/python3.12/site-packages/airflow/example_dags/example_params_trigger_ui.py
[2024-08-13T11:54:17.229+0000] {processor.py:840} INFO - DAG(s) 'example_params_trigger_ui' retrieved from /home/airflow/.local/lib/python3.12/site-packages/airflow/example_dags/example_params_trigger_ui.py
[2024-08-13T11:54:17.254+0000] {logging_mixin.py:188} INFO - [2024-08-13T11:54:17.254+0000] {dag.py:3089} INFO - Sync 1 DAGs
[2024-08-13T11:54:17.265+0000] {logging_mixin.py:188} INFO - [2024-08-13T11:54:17.265+0000] {dag.py:3947} INFO - Setting next_dagrun for example_params_trigger_ui to None, run_after=None
[2024-08-13T11:54:17.278+0000] {processor.py:183} INFO - Processing /home/airflow/.local/lib/python3.12/site-packages/airflow/example_dags/example_params_trigger_ui.py took 0.061 seconds
[2024-08-13T11:54:47.319+0000] {processor.py:161} INFO - Started process (PID=321) to work on /home/airflow/.local/lib/python3.12/site-packages/airflow/example_dags/example_params_trigger_ui.py
[2024-08-13T11:54:47.320+0000] {processor.py:830} INFO - Processing file /home/airflow/.local/lib/python3.12/site-packages/airflow/example_dags/example_params_trigger_ui.py for tasks to queue
[2024-08-13T11:54:47.321+0000] {logging_mixin.py:188} INFO - [2024-08-13T11:54:47.321+0000] {dagbag.py:545} INFO - Filling up the DagBag from /home/airflow/.local/lib/python3.12/site-packages/airflow/example_dags/example_params_trigger_ui.py
[2024-08-13T11:54:47.327+0000] {processor.py:840} INFO - DAG(s) 'example_params_trigger_ui' retrieved from /home/airflow/.local/lib/python3.12/site-packages/airflow/example_dags/example_params_trigger_ui.py
[2024-08-13T11:54:47.353+0000] {logging_mixin.py:188} INFO - [2024-08-13T11:54:47.353+0000] {dag.py:3089} INFO - Sync 1 DAGs
[2024-08-13T11:54:47.364+0000] {logging_mixin.py:188} INFO - [2024-08-13T11:54:47.364+0000] {dag.py:3947} INFO - Setting next_dagrun for example_params_trigger_ui to None, run_after=None
[2024-08-13T11:54:47.381+0000] {processor.py:183} INFO - Processing /home/airflow/.local/lib/python3.12/site-packages/airflow/example_dags/example_params_trigger_ui.py took 0.066 seconds
[2024-08-13T11:55:17.745+0000] {processor.py:161} INFO - Started process (PID=378) to work on /home/airflow/.local/lib/python3.12/site-packages/airflow/example_dags/example_params_trigger_ui.py
[2024-08-13T11:55:17.746+0000] {processor.py:830} INFO - Processing file /home/airflow/.local/lib/python3.12/site-packages/airflow/example_dags/example_params_trigger_ui.py for tasks to queue
[2024-08-13T11:55:17.748+0000] {logging_mixin.py:188} INFO - [2024-08-13T11:55:17.748+0000] {dagbag.py:545} INFO - Filling up the DagBag from /home/airflow/.local/lib/python3.12/site-packages/airflow/example_dags/example_params_trigger_ui.py
[2024-08-13T11:55:17.757+0000] {processor.py:840} INFO - DAG(s) 'example_params_trigger_ui' retrieved from /home/airflow/.local/lib/python3.12/site-packages/airflow/example_dags/example_params_trigger_ui.py
[2024-08-13T11:55:17.780+0000] {logging_mixin.py:188} INFO - [2024-08-13T11:55:17.780+0000] {dag.py:3089} INFO - Sync 1 DAGs
[2024-08-13T11:55:17.790+0000] {logging_mixin.py:188} INFO - [2024-08-13T11:55:17.789+0000] {dag.py:3947} INFO - Setting next_dagrun for example_params_trigger_ui to None, run_after=None
[2024-08-13T11:55:17.808+0000] {processor.py:183} INFO - Processing /home/airflow/.local/lib/python3.12/site-packages/airflow/example_dags/example_params_trigger_ui.py took 0.067 seconds
[2024-08-13T11:55:47.986+0000] {processor.py:161} INFO - Started process (PID=436) to work on /home/airflow/.local/lib/python3.12/site-packages/airflow/example_dags/example_params_trigger_ui.py
[2024-08-13T11:55:47.986+0000] {processor.py:830} INFO - Processing file /home/airflow/.local/lib/python3.12/site-packages/airflow/example_dags/example_params_trigger_ui.py for tasks to queue
[2024-08-13T11:55:47.989+0000] {logging_mixin.py:188} INFO - [2024-08-13T11:55:47.989+0000] {dagbag.py:545} INFO - Filling up the DagBag from /home/airflow/.local/lib/python3.12/site-packages/airflow/example_dags/example_params_trigger_ui.py
[2024-08-13T11:55:47.997+0000] {processor.py:840} INFO - DAG(s) 'example_params_trigger_ui' retrieved from /home/airflow/.local/lib/python3.12/site-packages/airflow/example_dags/example_params_trigger_ui.py
[2024-08-13T11:55:48.028+0000] {logging_mixin.py:188} INFO - [2024-08-13T11:55:48.028+0000] {dag.py:3089} INFO - Sync 1 DAGs
[2024-08-13T11:55:48.036+0000] {logging_mixin.py:188} INFO - [2024-08-13T11:55:48.035+0000] {dag.py:3947} INFO - Setting next_dagrun for example_params_trigger_ui to None, run_after=None
[2024-08-13T11:55:48.049+0000] {processor.py:183} INFO - Processing /home/airflow/.local/lib/python3.12/site-packages/airflow/example_dags/example_params_trigger_ui.py took 0.067 seconds
[2024-08-13T11:56:18.180+0000] {processor.py:161} INFO - Started process (PID=494) to work on /home/airflow/.local/lib/python3.12/site-packages/airflow/example_dags/example_params_trigger_ui.py
[2024-08-13T11:56:18.180+0000] {processor.py:830} INFO - Processing file /home/airflow/.local/lib/python3.12/site-packages/airflow/example_dags/example_params_trigger_ui.py for tasks to queue
[2024-08-13T11:56:18.182+0000] {logging_mixin.py:188} INFO - [2024-08-13T11:56:18.181+0000] {dagbag.py:545} INFO - Filling up the DagBag from /home/airflow/.local/lib/python3.12/site-packages/airflow/example_dags/example_params_trigger_ui.py
[2024-08-13T11:56:18.187+0000] {processor.py:840} INFO - DAG(s) 'example_params_trigger_ui' retrieved from /home/airflow/.local/lib/python3.12/site-packages/airflow/example_dags/example_params_trigger_ui.py
[2024-08-13T11:56:18.209+0000] {logging_mixin.py:188} INFO - [2024-08-13T11:56:18.209+0000] {dag.py:3089} INFO - Sync 1 DAGs
[2024-08-13T11:56:18.217+0000] {logging_mixin.py:188} INFO - [2024-08-13T11:56:18.217+0000] {dag.py:3947} INFO - Setting next_dagrun for example_params_trigger_ui to None, run_after=None
[2024-08-13T11:56:18.227+0000] {processor.py:183} INFO - Processing /home/airflow/.local/lib/python3.12/site-packages/airflow/example_dags/example_params_trigger_ui.py took 0.051 seconds
[2024-08-13T11:56:48.306+0000] {processor.py:161} INFO - Started process (PID=552) to work on /home/airflow/.local/lib/python3.12/site-packages/airflow/example_dags/example_params_trigger_ui.py
[2024-08-13T11:56:48.307+0000] {processor.py:830} INFO - Processing file /home/airflow/.local/lib/python3.12/site-packages/airflow/example_dags/example_params_trigger_ui.py for tasks to queue
[2024-08-13T11:56:48.308+0000] {logging_mixin.py:188} INFO - [2024-08-13T11:56:48.308+0000] {dagbag.py:545} INFO - Filling up the DagBag from /home/airflow/.local/lib/python3.12/site-packages/airflow/example_dags/example_params_trigger_ui.py
[2024-08-13T11:56:48.314+0000] {processor.py:840} INFO - DAG(s) 'example_params_trigger_ui' retrieved from /home/airflow/.local/lib/python3.12/site-packages/airflow/example_dags/example_params_trigger_ui.py
[2024-08-13T11:56:48.336+0000] {logging_mixin.py:188} INFO - [2024-08-13T11:56:48.335+0000] {dag.py:3089} INFO - Sync 1 DAGs
[2024-08-13T11:56:48.343+0000] {logging_mixin.py:188} INFO - [2024-08-13T11:56:48.343+0000] {dag.py:3947} INFO - Setting next_dagrun for example_params_trigger_ui to None, run_after=None
[2024-08-13T11:56:48.358+0000] {processor.py:183} INFO - Processing /home/airflow/.local/lib/python3.12/site-packages/airflow/example_dags/example_params_trigger_ui.py took 0.056 seconds
