[2024-08-13T11:52:14.468+0000] {processor.py:161} INFO - Started process (PID=26) to work on /home/airflow/.local/lib/python3.12/site-packages/airflow/example_dags/example_branch_labels.py
[2024-08-13T11:52:14.479+0000] {processor.py:830} INFO - Processing file /home/airflow/.local/lib/python3.12/site-packages/airflow/example_dags/example_branch_labels.py for tasks to queue
[2024-08-13T11:52:14.487+0000] {logging_mixin.py:188} INFO - [2024-08-13T11:52:14.487+0000] {dagbag.py:545} INFO - Filling up the DagBag from /home/airflow/.local/lib/python3.12/site-packages/airflow/example_dags/example_branch_labels.py
[2024-08-13T11:52:14.520+0000] {processor.py:840} INFO - DAG(s) 'example_branch_labels' retrieved from /home/airflow/.local/lib/python3.12/site-packages/airflow/example_dags/example_branch_labels.py
[2024-08-13T11:52:14.926+0000] {logging_mixin.py:188} INFO - [2024-08-13T11:52:14.926+0000] {override.py:1858} INFO - Created Permission View: can edit on DAG:example_branch_labels
[2024-08-13T11:52:14.941+0000] {logging_mixin.py:188} INFO - [2024-08-13T11:52:14.941+0000] {override.py:1858} INFO - Created Permission View: can read on DAG:example_branch_labels
[2024-08-13T11:52:14.944+0000] {logging_mixin.py:188} INFO - [2024-08-13T11:52:14.943+0000] {override.py:1858} INFO - Created Permission View: can delete on DAG:example_branch_labels
[2024-08-13T11:52:14.944+0000] {logging_mixin.py:188} INFO - [2024-08-13T11:52:14.944+0000] {dag.py:3089} INFO - Sync 1 DAGs
[2024-08-13T11:52:14.962+0000] {logging_mixin.py:188} INFO - [2024-08-13T11:52:14.962+0000] {dag.py:3111} INFO - Creating ORM DAG for example_branch_labels
[2024-08-13T11:52:14.983+0000] {logging_mixin.py:188} INFO - [2024-08-13T11:52:14.983+0000] {dag.py:3947} INFO - Setting next_dagrun for example_branch_labels to 2024-08-12 00:00:00+00:00, run_after=2024-08-13 00:00:00+00:00
[2024-08-13T11:52:15.005+0000] {processor.py:183} INFO - Processing /home/airflow/.local/lib/python3.12/site-packages/airflow/example_dags/example_branch_labels.py took 0.546 seconds
[2024-08-13T11:52:45.203+0000] {processor.py:161} INFO - Started process (PID=84) to work on /home/airflow/.local/lib/python3.12/site-packages/airflow/example_dags/example_branch_labels.py
[2024-08-13T11:52:45.205+0000] {processor.py:830} INFO - Processing file /home/airflow/.local/lib/python3.12/site-packages/airflow/example_dags/example_branch_labels.py for tasks to queue
[2024-08-13T11:52:45.211+0000] {logging_mixin.py:188} INFO - [2024-08-13T11:52:45.210+0000] {dagbag.py:545} INFO - Filling up the DagBag from /home/airflow/.local/lib/python3.12/site-packages/airflow/example_dags/example_branch_labels.py
[2024-08-13T11:52:45.222+0000] {processor.py:840} INFO - DAG(s) 'example_branch_labels' retrieved from /home/airflow/.local/lib/python3.12/site-packages/airflow/example_dags/example_branch_labels.py
[2024-08-13T11:52:45.241+0000] {logging_mixin.py:188} INFO - [2024-08-13T11:52:45.240+0000] {dag.py:3089} INFO - Sync 1 DAGs
[2024-08-13T11:52:45.257+0000] {logging_mixin.py:188} INFO - [2024-08-13T11:52:45.256+0000] {dag.py:3947} INFO - Setting next_dagrun for example_branch_labels to 2024-08-12 00:00:00+00:00, run_after=2024-08-13 00:00:00+00:00
[2024-08-13T11:52:45.270+0000] {processor.py:183} INFO - Processing /home/airflow/.local/lib/python3.12/site-packages/airflow/example_dags/example_branch_labels.py took 0.084 seconds
[2024-08-13T11:53:15.521+0000] {processor.py:161} INFO - Started process (PID=142) to work on /home/airflow/.local/lib/python3.12/site-packages/airflow/example_dags/example_branch_labels.py
[2024-08-13T11:53:15.522+0000] {processor.py:830} INFO - Processing file /home/airflow/.local/lib/python3.12/site-packages/airflow/example_dags/example_branch_labels.py for tasks to queue
[2024-08-13T11:53:15.524+0000] {logging_mixin.py:188} INFO - [2024-08-13T11:53:15.524+0000] {dagbag.py:545} INFO - Filling up the DagBag from /home/airflow/.local/lib/python3.12/site-packages/airflow/example_dags/example_branch_labels.py
[2024-08-13T11:53:15.530+0000] {processor.py:840} INFO - DAG(s) 'example_branch_labels' retrieved from /home/airflow/.local/lib/python3.12/site-packages/airflow/example_dags/example_branch_labels.py
[2024-08-13T11:53:15.549+0000] {logging_mixin.py:188} INFO - [2024-08-13T11:53:15.549+0000] {dag.py:3089} INFO - Sync 1 DAGs
[2024-08-13T11:53:15.563+0000] {logging_mixin.py:188} INFO - [2024-08-13T11:53:15.563+0000] {dag.py:3947} INFO - Setting next_dagrun for example_branch_labels to 2024-08-12 00:00:00+00:00, run_after=2024-08-13 00:00:00+00:00
[2024-08-13T11:53:15.578+0000] {processor.py:183} INFO - Processing /home/airflow/.local/lib/python3.12/site-packages/airflow/example_dags/example_branch_labels.py took 0.063 seconds
[2024-08-13T11:53:45.666+0000] {processor.py:161} INFO - Started process (PID=200) to work on /home/airflow/.local/lib/python3.12/site-packages/airflow/example_dags/example_branch_labels.py
[2024-08-13T11:53:45.667+0000] {processor.py:830} INFO - Processing file /home/airflow/.local/lib/python3.12/site-packages/airflow/example_dags/example_branch_labels.py for tasks to queue
[2024-08-13T11:53:45.669+0000] {logging_mixin.py:188} INFO - [2024-08-13T11:53:45.669+0000] {dagbag.py:545} INFO - Filling up the DagBag from /home/airflow/.local/lib/python3.12/site-packages/airflow/example_dags/example_branch_labels.py
[2024-08-13T11:53:45.686+0000] {processor.py:840} INFO - DAG(s) 'example_branch_labels' retrieved from /home/airflow/.local/lib/python3.12/site-packages/airflow/example_dags/example_branch_labels.py
[2024-08-13T11:53:45.706+0000] {logging_mixin.py:188} INFO - [2024-08-13T11:53:45.706+0000] {dag.py:3089} INFO - Sync 1 DAGs
[2024-08-13T11:53:45.719+0000] {logging_mixin.py:188} INFO - [2024-08-13T11:53:45.719+0000] {dag.py:3947} INFO - Setting next_dagrun for example_branch_labels to 2024-08-12 00:00:00+00:00, run_after=2024-08-13 00:00:00+00:00
[2024-08-13T11:53:45.728+0000] {processor.py:183} INFO - Processing /home/airflow/.local/lib/python3.12/site-packages/airflow/example_dags/example_branch_labels.py took 0.071 seconds
[2024-08-13T11:54:15.998+0000] {processor.py:161} INFO - Started process (PID=258) to work on /home/airflow/.local/lib/python3.12/site-packages/airflow/example_dags/example_branch_labels.py
[2024-08-13T11:54:15.999+0000] {processor.py:830} INFO - Processing file /home/airflow/.local/lib/python3.12/site-packages/airflow/example_dags/example_branch_labels.py for tasks to queue
[2024-08-13T11:54:16.001+0000] {logging_mixin.py:188} INFO - [2024-08-13T11:54:16.001+0000] {dagbag.py:545} INFO - Filling up the DagBag from /home/airflow/.local/lib/python3.12/site-packages/airflow/example_dags/example_branch_labels.py
[2024-08-13T11:54:16.009+0000] {processor.py:840} INFO - DAG(s) 'example_branch_labels' retrieved from /home/airflow/.local/lib/python3.12/site-packages/airflow/example_dags/example_branch_labels.py
[2024-08-13T11:54:16.024+0000] {logging_mixin.py:188} INFO - [2024-08-13T11:54:16.024+0000] {dag.py:3089} INFO - Sync 1 DAGs
[2024-08-13T11:54:16.038+0000] {logging_mixin.py:188} INFO - [2024-08-13T11:54:16.038+0000] {dag.py:3947} INFO - Setting next_dagrun for example_branch_labels to 2024-08-12 00:00:00+00:00, run_after=2024-08-13 00:00:00+00:00
[2024-08-13T11:54:16.047+0000] {processor.py:183} INFO - Processing /home/airflow/.local/lib/python3.12/site-packages/airflow/example_dags/example_branch_labels.py took 0.057 seconds
[2024-08-13T11:54:46.138+0000] {processor.py:161} INFO - Started process (PID=316) to work on /home/airflow/.local/lib/python3.12/site-packages/airflow/example_dags/example_branch_labels.py
[2024-08-13T11:54:46.139+0000] {processor.py:830} INFO - Processing file /home/airflow/.local/lib/python3.12/site-packages/airflow/example_dags/example_branch_labels.py for tasks to queue
[2024-08-13T11:54:46.142+0000] {logging_mixin.py:188} INFO - [2024-08-13T11:54:46.141+0000] {dagbag.py:545} INFO - Filling up the DagBag from /home/airflow/.local/lib/python3.12/site-packages/airflow/example_dags/example_branch_labels.py
[2024-08-13T11:54:46.149+0000] {processor.py:840} INFO - DAG(s) 'example_branch_labels' retrieved from /home/airflow/.local/lib/python3.12/site-packages/airflow/example_dags/example_branch_labels.py
[2024-08-13T11:54:46.165+0000] {logging_mixin.py:188} INFO - [2024-08-13T11:54:46.165+0000] {dag.py:3089} INFO - Sync 1 DAGs
[2024-08-13T11:54:46.178+0000] {logging_mixin.py:188} INFO - [2024-08-13T11:54:46.178+0000] {dag.py:3947} INFO - Setting next_dagrun for example_branch_labels to 2024-08-12 00:00:00+00:00, run_after=2024-08-13 00:00:00+00:00
[2024-08-13T11:54:46.187+0000] {processor.py:183} INFO - Processing /home/airflow/.local/lib/python3.12/site-packages/airflow/example_dags/example_branch_labels.py took 0.058 seconds
[2024-08-13T11:55:16.531+0000] {processor.py:161} INFO - Started process (PID=373) to work on /home/airflow/.local/lib/python3.12/site-packages/airflow/example_dags/example_branch_labels.py
[2024-08-13T11:55:16.533+0000] {processor.py:830} INFO - Processing file /home/airflow/.local/lib/python3.12/site-packages/airflow/example_dags/example_branch_labels.py for tasks to queue
[2024-08-13T11:55:16.537+0000] {logging_mixin.py:188} INFO - [2024-08-13T11:55:16.537+0000] {dagbag.py:545} INFO - Filling up the DagBag from /home/airflow/.local/lib/python3.12/site-packages/airflow/example_dags/example_branch_labels.py
[2024-08-13T11:55:16.545+0000] {processor.py:840} INFO - DAG(s) 'example_branch_labels' retrieved from /home/airflow/.local/lib/python3.12/site-packages/airflow/example_dags/example_branch_labels.py
[2024-08-13T11:55:16.558+0000] {logging_mixin.py:188} INFO - [2024-08-13T11:55:16.557+0000] {dag.py:3089} INFO - Sync 1 DAGs
[2024-08-13T11:55:16.571+0000] {logging_mixin.py:188} INFO - [2024-08-13T11:55:16.570+0000] {dag.py:3947} INFO - Setting next_dagrun for example_branch_labels to 2024-08-12 00:00:00+00:00, run_after=2024-08-13 00:00:00+00:00
[2024-08-13T11:55:16.580+0000] {processor.py:183} INFO - Processing /home/airflow/.local/lib/python3.12/site-packages/airflow/example_dags/example_branch_labels.py took 0.061 seconds
[2024-08-13T11:55:46.788+0000] {processor.py:161} INFO - Started process (PID=431) to work on /home/airflow/.local/lib/python3.12/site-packages/airflow/example_dags/example_branch_labels.py
[2024-08-13T11:55:46.789+0000] {processor.py:830} INFO - Processing file /home/airflow/.local/lib/python3.12/site-packages/airflow/example_dags/example_branch_labels.py for tasks to queue
[2024-08-13T11:55:46.791+0000] {logging_mixin.py:188} INFO - [2024-08-13T11:55:46.790+0000] {dagbag.py:545} INFO - Filling up the DagBag from /home/airflow/.local/lib/python3.12/site-packages/airflow/example_dags/example_branch_labels.py
[2024-08-13T11:55:46.799+0000] {processor.py:840} INFO - DAG(s) 'example_branch_labels' retrieved from /home/airflow/.local/lib/python3.12/site-packages/airflow/example_dags/example_branch_labels.py
[2024-08-13T11:55:46.818+0000] {logging_mixin.py:188} INFO - [2024-08-13T11:55:46.818+0000] {dag.py:3089} INFO - Sync 1 DAGs
[2024-08-13T11:55:46.832+0000] {logging_mixin.py:188} INFO - [2024-08-13T11:55:46.832+0000] {dag.py:3947} INFO - Setting next_dagrun for example_branch_labels to 2024-08-12 00:00:00+00:00, run_after=2024-08-13 00:00:00+00:00
[2024-08-13T11:55:46.844+0000] {processor.py:183} INFO - Processing /home/airflow/.local/lib/python3.12/site-packages/airflow/example_dags/example_branch_labels.py took 0.062 seconds
[2024-08-13T11:56:16.979+0000] {processor.py:161} INFO - Started process (PID=489) to work on /home/airflow/.local/lib/python3.12/site-packages/airflow/example_dags/example_branch_labels.py
[2024-08-13T11:56:16.980+0000] {processor.py:830} INFO - Processing file /home/airflow/.local/lib/python3.12/site-packages/airflow/example_dags/example_branch_labels.py for tasks to queue
[2024-08-13T11:56:16.985+0000] {logging_mixin.py:188} INFO - [2024-08-13T11:56:16.984+0000] {dagbag.py:545} INFO - Filling up the DagBag from /home/airflow/.local/lib/python3.12/site-packages/airflow/example_dags/example_branch_labels.py
[2024-08-13T11:56:16.992+0000] {processor.py:840} INFO - DAG(s) 'example_branch_labels' retrieved from /home/airflow/.local/lib/python3.12/site-packages/airflow/example_dags/example_branch_labels.py
[2024-08-13T11:56:17.013+0000] {logging_mixin.py:188} INFO - [2024-08-13T11:56:17.012+0000] {dag.py:3089} INFO - Sync 1 DAGs
[2024-08-13T11:56:17.028+0000] {logging_mixin.py:188} INFO - [2024-08-13T11:56:17.028+0000] {dag.py:3947} INFO - Setting next_dagrun for example_branch_labels to 2024-08-12 00:00:00+00:00, run_after=2024-08-13 00:00:00+00:00
[2024-08-13T11:56:17.040+0000] {processor.py:183} INFO - Processing /home/airflow/.local/lib/python3.12/site-packages/airflow/example_dags/example_branch_labels.py took 0.066 seconds
[2024-08-13T11:56:47.127+0000] {processor.py:161} INFO - Started process (PID=547) to work on /home/airflow/.local/lib/python3.12/site-packages/airflow/example_dags/example_branch_labels.py
[2024-08-13T11:56:47.131+0000] {processor.py:830} INFO - Processing file /home/airflow/.local/lib/python3.12/site-packages/airflow/example_dags/example_branch_labels.py for tasks to queue
[2024-08-13T11:56:47.134+0000] {logging_mixin.py:188} INFO - [2024-08-13T11:56:47.133+0000] {dagbag.py:545} INFO - Filling up the DagBag from /home/airflow/.local/lib/python3.12/site-packages/airflow/example_dags/example_branch_labels.py
[2024-08-13T11:56:47.141+0000] {processor.py:840} INFO - DAG(s) 'example_branch_labels' retrieved from /home/airflow/.local/lib/python3.12/site-packages/airflow/example_dags/example_branch_labels.py
[2024-08-13T11:56:47.158+0000] {logging_mixin.py:188} INFO - [2024-08-13T11:56:47.158+0000] {dag.py:3089} INFO - Sync 1 DAGs
[2024-08-13T11:56:47.173+0000] {logging_mixin.py:188} INFO - [2024-08-13T11:56:47.172+0000] {dag.py:3947} INFO - Setting next_dagrun for example_branch_labels to 2024-08-12 00:00:00+00:00, run_after=2024-08-13 00:00:00+00:00
[2024-08-13T11:56:47.182+0000] {processor.py:183} INFO - Processing /home/airflow/.local/lib/python3.12/site-packages/airflow/example_dags/example_branch_labels.py took 0.062 seconds
