[2024-08-13T11:52:19.407+0000] {processor.py:161} INFO - Started process (PID=51) to work on /home/airflow/.local/lib/python3.12/site-packages/airflow/example_dags/example_branch_datetime_operator.py
[2024-08-13T11:52:19.408+0000] {processor.py:830} INFO - Processing file /home/airflow/.local/lib/python3.12/site-packages/airflow/example_dags/example_branch_datetime_operator.py for tasks to queue
[2024-08-13T11:52:19.415+0000] {logging_mixin.py:188} INFO - [2024-08-13T11:52:19.409+0000] {dagbag.py:545} INFO - Filling up the DagBag from /home/airflow/.local/lib/python3.12/site-packages/airflow/example_dags/example_branch_datetime_operator.py
[2024-08-13T11:52:19.424+0000] {processor.py:840} INFO - DAG(s) 'example_branch_datetime_operator_2', 'example_branch_datetime_operator_3', 'example_branch_datetime_operator' retrieved from /home/airflow/.local/lib/python3.12/site-packages/airflow/example_dags/example_branch_datetime_operator.py
[2024-08-13T11:52:19.491+0000] {logging_mixin.py:188} INFO - [2024-08-13T11:52:19.490+0000] {override.py:1858} INFO - Created Permission View: can edit on DAG:example_branch_datetime_operator_2
[2024-08-13T11:52:19.495+0000] {logging_mixin.py:188} INFO - [2024-08-13T11:52:19.495+0000] {override.py:1858} INFO - Created Permission View: can read on DAG:example_branch_datetime_operator_2
[2024-08-13T11:52:19.498+0000] {logging_mixin.py:188} INFO - [2024-08-13T11:52:19.498+0000] {override.py:1858} INFO - Created Permission View: can delete on DAG:example_branch_datetime_operator_2
[2024-08-13T11:52:19.503+0000] {logging_mixin.py:188} INFO - [2024-08-13T11:52:19.503+0000] {override.py:1858} INFO - Created Permission View: can edit on DAG:example_branch_datetime_operator_3
[2024-08-13T11:52:19.509+0000] {logging_mixin.py:188} INFO - [2024-08-13T11:52:19.509+0000] {override.py:1858} INFO - Created Permission View: can read on DAG:example_branch_datetime_operator_3
[2024-08-13T11:52:19.512+0000] {logging_mixin.py:188} INFO - [2024-08-13T11:52:19.512+0000] {override.py:1858} INFO - Created Permission View: can delete on DAG:example_branch_datetime_operator_3
[2024-08-13T11:52:19.517+0000] {logging_mixin.py:188} INFO - [2024-08-13T11:52:19.517+0000] {override.py:1858} INFO - Created Permission View: can edit on DAG:example_branch_datetime_operator
[2024-08-13T11:52:19.520+0000] {logging_mixin.py:188} INFO - [2024-08-13T11:52:19.520+0000] {override.py:1858} INFO - Created Permission View: can read on DAG:example_branch_datetime_operator
[2024-08-13T11:52:19.523+0000] {logging_mixin.py:188} INFO - [2024-08-13T11:52:19.522+0000] {override.py:1858} INFO - Created Permission View: can delete on DAG:example_branch_datetime_operator
[2024-08-13T11:52:19.523+0000] {logging_mixin.py:188} INFO - [2024-08-13T11:52:19.523+0000] {dag.py:3089} INFO - Sync 3 DAGs
[2024-08-13T11:52:19.528+0000] {logging_mixin.py:188} INFO - [2024-08-13T11:52:19.528+0000] {dag.py:3111} INFO - Creating ORM DAG for example_branch_datetime_operator
[2024-08-13T11:52:19.529+0000] {logging_mixin.py:188} INFO - [2024-08-13T11:52:19.529+0000] {dag.py:3111} INFO - Creating ORM DAG for example_branch_datetime_operator_3
[2024-08-13T11:52:19.530+0000] {logging_mixin.py:188} INFO - [2024-08-13T11:52:19.529+0000] {dag.py:3111} INFO - Creating ORM DAG for example_branch_datetime_operator_2
[2024-08-13T11:52:19.535+0000] {logging_mixin.py:188} INFO - [2024-08-13T11:52:19.535+0000] {dag.py:3947} INFO - Setting next_dagrun for example_branch_datetime_operator to 2024-08-12 00:00:00+00:00, run_after=2024-08-13 00:00:00+00:00
[2024-08-13T11:52:19.536+0000] {logging_mixin.py:188} INFO - [2024-08-13T11:52:19.536+0000] {dag.py:3947} INFO - Setting next_dagrun for example_branch_datetime_operator_2 to 2024-08-12 00:00:00+00:00, run_after=2024-08-13 00:00:00+00:00
[2024-08-13T11:52:19.537+0000] {logging_mixin.py:188} INFO - [2024-08-13T11:52:19.537+0000] {dag.py:3947} INFO - Setting next_dagrun for example_branch_datetime_operator_3 to 2024-08-12 00:00:00+00:00, run_after=2024-08-13 00:00:00+00:00
[2024-08-13T11:52:19.549+0000] {processor.py:183} INFO - Processing /home/airflow/.local/lib/python3.12/site-packages/airflow/example_dags/example_branch_datetime_operator.py took 0.146 seconds
[2024-08-13T11:52:50.207+0000] {processor.py:161} INFO - Started process (PID=109) to work on /home/airflow/.local/lib/python3.12/site-packages/airflow/example_dags/example_branch_datetime_operator.py
[2024-08-13T11:52:50.208+0000] {processor.py:830} INFO - Processing file /home/airflow/.local/lib/python3.12/site-packages/airflow/example_dags/example_branch_datetime_operator.py for tasks to queue
[2024-08-13T11:52:50.210+0000] {logging_mixin.py:188} INFO - [2024-08-13T11:52:50.209+0000] {dagbag.py:545} INFO - Filling up the DagBag from /home/airflow/.local/lib/python3.12/site-packages/airflow/example_dags/example_branch_datetime_operator.py
[2024-08-13T11:52:50.220+0000] {processor.py:840} INFO - DAG(s) 'example_branch_datetime_operator_2', 'example_branch_datetime_operator_3', 'example_branch_datetime_operator' retrieved from /home/airflow/.local/lib/python3.12/site-packages/airflow/example_dags/example_branch_datetime_operator.py
[2024-08-13T11:52:50.261+0000] {logging_mixin.py:188} INFO - [2024-08-13T11:52:50.261+0000] {dag.py:3089} INFO - Sync 3 DAGs
[2024-08-13T11:52:50.276+0000] {logging_mixin.py:188} INFO - [2024-08-13T11:52:50.276+0000] {dag.py:3947} INFO - Setting next_dagrun for example_branch_datetime_operator to 2024-08-12 00:00:00+00:00, run_after=2024-08-13 00:00:00+00:00
[2024-08-13T11:52:50.279+0000] {logging_mixin.py:188} INFO - [2024-08-13T11:52:50.279+0000] {dag.py:3947} INFO - Setting next_dagrun for example_branch_datetime_operator_2 to 2024-08-12 00:00:00+00:00, run_after=2024-08-13 00:00:00+00:00
[2024-08-13T11:52:50.281+0000] {logging_mixin.py:188} INFO - [2024-08-13T11:52:50.281+0000] {dag.py:3947} INFO - Setting next_dagrun for example_branch_datetime_operator_3 to 2024-08-12 00:00:00+00:00, run_after=2024-08-13 00:00:00+00:00
[2024-08-13T11:52:50.292+0000] {processor.py:183} INFO - Processing /home/airflow/.local/lib/python3.12/site-packages/airflow/example_dags/example_branch_datetime_operator.py took 0.090 seconds
[2024-08-13T11:53:20.451+0000] {processor.py:161} INFO - Started process (PID=167) to work on /home/airflow/.local/lib/python3.12/site-packages/airflow/example_dags/example_branch_datetime_operator.py
[2024-08-13T11:53:20.452+0000] {processor.py:830} INFO - Processing file /home/airflow/.local/lib/python3.12/site-packages/airflow/example_dags/example_branch_datetime_operator.py for tasks to queue
[2024-08-13T11:53:20.453+0000] {logging_mixin.py:188} INFO - [2024-08-13T11:53:20.453+0000] {dagbag.py:545} INFO - Filling up the DagBag from /home/airflow/.local/lib/python3.12/site-packages/airflow/example_dags/example_branch_datetime_operator.py
[2024-08-13T11:53:20.460+0000] {processor.py:840} INFO - DAG(s) 'example_branch_datetime_operator_2', 'example_branch_datetime_operator', 'example_branch_datetime_operator_3' retrieved from /home/airflow/.local/lib/python3.12/site-packages/airflow/example_dags/example_branch_datetime_operator.py
[2024-08-13T11:53:20.483+0000] {logging_mixin.py:188} INFO - [2024-08-13T11:53:20.483+0000] {dag.py:3089} INFO - Sync 3 DAGs
[2024-08-13T11:53:20.496+0000] {logging_mixin.py:188} INFO - [2024-08-13T11:53:20.496+0000] {dag.py:3947} INFO - Setting next_dagrun for example_branch_datetime_operator to 2024-08-12 00:00:00+00:00, run_after=2024-08-13 00:00:00+00:00
[2024-08-13T11:53:20.499+0000] {logging_mixin.py:188} INFO - [2024-08-13T11:53:20.499+0000] {dag.py:3947} INFO - Setting next_dagrun for example_branch_datetime_operator_2 to 2024-08-12 00:00:00+00:00, run_after=2024-08-13 00:00:00+00:00
[2024-08-13T11:53:20.500+0000] {logging_mixin.py:188} INFO - [2024-08-13T11:53:20.500+0000] {dag.py:3947} INFO - Setting next_dagrun for example_branch_datetime_operator_3 to 2024-08-12 00:00:00+00:00, run_after=2024-08-13 00:00:00+00:00
[2024-08-13T11:53:20.508+0000] {processor.py:183} INFO - Processing /home/airflow/.local/lib/python3.12/site-packages/airflow/example_dags/example_branch_datetime_operator.py took 0.061 seconds
[2024-08-13T11:53:50.664+0000] {processor.py:161} INFO - Started process (PID=225) to work on /home/airflow/.local/lib/python3.12/site-packages/airflow/example_dags/example_branch_datetime_operator.py
[2024-08-13T11:53:50.665+0000] {processor.py:830} INFO - Processing file /home/airflow/.local/lib/python3.12/site-packages/airflow/example_dags/example_branch_datetime_operator.py for tasks to queue
[2024-08-13T11:53:50.672+0000] {logging_mixin.py:188} INFO - [2024-08-13T11:53:50.669+0000] {dagbag.py:545} INFO - Filling up the DagBag from /home/airflow/.local/lib/python3.12/site-packages/airflow/example_dags/example_branch_datetime_operator.py
[2024-08-13T11:53:50.682+0000] {processor.py:840} INFO - DAG(s) 'example_branch_datetime_operator', 'example_branch_datetime_operator_3', 'example_branch_datetime_operator_2' retrieved from /home/airflow/.local/lib/python3.12/site-packages/airflow/example_dags/example_branch_datetime_operator.py
[2024-08-13T11:53:50.701+0000] {logging_mixin.py:188} INFO - [2024-08-13T11:53:50.701+0000] {dag.py:3089} INFO - Sync 3 DAGs
[2024-08-13T11:53:50.715+0000] {logging_mixin.py:188} INFO - [2024-08-13T11:53:50.714+0000] {dag.py:3947} INFO - Setting next_dagrun for example_branch_datetime_operator to 2024-08-12 00:00:00+00:00, run_after=2024-08-13 00:00:00+00:00
[2024-08-13T11:53:50.718+0000] {logging_mixin.py:188} INFO - [2024-08-13T11:53:50.718+0000] {dag.py:3947} INFO - Setting next_dagrun for example_branch_datetime_operator_2 to 2024-08-12 00:00:00+00:00, run_after=2024-08-13 00:00:00+00:00
[2024-08-13T11:53:50.720+0000] {logging_mixin.py:188} INFO - [2024-08-13T11:53:50.720+0000] {dag.py:3947} INFO - Setting next_dagrun for example_branch_datetime_operator_3 to 2024-08-12 00:00:00+00:00, run_after=2024-08-13 00:00:00+00:00
[2024-08-13T11:53:50.729+0000] {processor.py:183} INFO - Processing /home/airflow/.local/lib/python3.12/site-packages/airflow/example_dags/example_branch_datetime_operator.py took 0.069 seconds
[2024-08-13T11:54:20.946+0000] {processor.py:161} INFO - Started process (PID=283) to work on /home/airflow/.local/lib/python3.12/site-packages/airflow/example_dags/example_branch_datetime_operator.py
[2024-08-13T11:54:20.948+0000] {processor.py:830} INFO - Processing file /home/airflow/.local/lib/python3.12/site-packages/airflow/example_dags/example_branch_datetime_operator.py for tasks to queue
[2024-08-13T11:54:20.949+0000] {logging_mixin.py:188} INFO - [2024-08-13T11:54:20.949+0000] {dagbag.py:545} INFO - Filling up the DagBag from /home/airflow/.local/lib/python3.12/site-packages/airflow/example_dags/example_branch_datetime_operator.py
[2024-08-13T11:54:20.956+0000] {processor.py:840} INFO - DAG(s) 'example_branch_datetime_operator_3', 'example_branch_datetime_operator_2', 'example_branch_datetime_operator' retrieved from /home/airflow/.local/lib/python3.12/site-packages/airflow/example_dags/example_branch_datetime_operator.py
[2024-08-13T11:54:20.981+0000] {logging_mixin.py:188} INFO - [2024-08-13T11:54:20.980+0000] {dag.py:3089} INFO - Sync 3 DAGs
[2024-08-13T11:54:20.996+0000] {logging_mixin.py:188} INFO - [2024-08-13T11:54:20.996+0000] {dag.py:3947} INFO - Setting next_dagrun for example_branch_datetime_operator to 2024-08-12 00:00:00+00:00, run_after=2024-08-13 00:00:00+00:00
[2024-08-13T11:54:20.999+0000] {logging_mixin.py:188} INFO - [2024-08-13T11:54:20.999+0000] {dag.py:3947} INFO - Setting next_dagrun for example_branch_datetime_operator_2 to 2024-08-12 00:00:00+00:00, run_after=2024-08-13 00:00:00+00:00
[2024-08-13T11:54:21.001+0000] {logging_mixin.py:188} INFO - [2024-08-13T11:54:21.000+0000] {dag.py:3947} INFO - Setting next_dagrun for example_branch_datetime_operator_3 to 2024-08-12 00:00:00+00:00, run_after=2024-08-13 00:00:00+00:00
[2024-08-13T11:54:21.010+0000] {processor.py:183} INFO - Processing /home/airflow/.local/lib/python3.12/site-packages/airflow/example_dags/example_branch_datetime_operator.py took 0.069 seconds
[2024-08-13T11:54:51.204+0000] {processor.py:161} INFO - Started process (PID=341) to work on /home/airflow/.local/lib/python3.12/site-packages/airflow/example_dags/example_branch_datetime_operator.py
[2024-08-13T11:54:51.205+0000] {processor.py:830} INFO - Processing file /home/airflow/.local/lib/python3.12/site-packages/airflow/example_dags/example_branch_datetime_operator.py for tasks to queue
[2024-08-13T11:54:51.207+0000] {logging_mixin.py:188} INFO - [2024-08-13T11:54:51.207+0000] {dagbag.py:545} INFO - Filling up the DagBag from /home/airflow/.local/lib/python3.12/site-packages/airflow/example_dags/example_branch_datetime_operator.py
[2024-08-13T11:54:51.214+0000] {processor.py:840} INFO - DAG(s) 'example_branch_datetime_operator', 'example_branch_datetime_operator_3', 'example_branch_datetime_operator_2' retrieved from /home/airflow/.local/lib/python3.12/site-packages/airflow/example_dags/example_branch_datetime_operator.py
[2024-08-13T11:54:51.231+0000] {logging_mixin.py:188} INFO - [2024-08-13T11:54:51.230+0000] {dag.py:3089} INFO - Sync 3 DAGs
[2024-08-13T11:54:51.243+0000] {logging_mixin.py:188} INFO - [2024-08-13T11:54:51.243+0000] {dag.py:3947} INFO - Setting next_dagrun for example_branch_datetime_operator to 2024-08-12 00:00:00+00:00, run_after=2024-08-13 00:00:00+00:00
[2024-08-13T11:54:51.247+0000] {logging_mixin.py:188} INFO - [2024-08-13T11:54:51.247+0000] {dag.py:3947} INFO - Setting next_dagrun for example_branch_datetime_operator_2 to 2024-08-12 00:00:00+00:00, run_after=2024-08-13 00:00:00+00:00
[2024-08-13T11:54:51.249+0000] {logging_mixin.py:188} INFO - [2024-08-13T11:54:51.248+0000] {dag.py:3947} INFO - Setting next_dagrun for example_branch_datetime_operator_3 to 2024-08-12 00:00:00+00:00, run_after=2024-08-13 00:00:00+00:00
[2024-08-13T11:54:51.259+0000] {processor.py:183} INFO - Processing /home/airflow/.local/lib/python3.12/site-packages/airflow/example_dags/example_branch_datetime_operator.py took 0.059 seconds
[2024-08-13T11:55:21.564+0000] {processor.py:161} INFO - Started process (PID=398) to work on /home/airflow/.local/lib/python3.12/site-packages/airflow/example_dags/example_branch_datetime_operator.py
[2024-08-13T11:55:21.564+0000] {processor.py:830} INFO - Processing file /home/airflow/.local/lib/python3.12/site-packages/airflow/example_dags/example_branch_datetime_operator.py for tasks to queue
[2024-08-13T11:55:21.566+0000] {logging_mixin.py:188} INFO - [2024-08-13T11:55:21.565+0000] {dagbag.py:545} INFO - Filling up the DagBag from /home/airflow/.local/lib/python3.12/site-packages/airflow/example_dags/example_branch_datetime_operator.py
[2024-08-13T11:55:21.572+0000] {processor.py:840} INFO - DAG(s) 'example_branch_datetime_operator_3', 'example_branch_datetime_operator', 'example_branch_datetime_operator_2' retrieved from /home/airflow/.local/lib/python3.12/site-packages/airflow/example_dags/example_branch_datetime_operator.py
[2024-08-13T11:55:21.590+0000] {logging_mixin.py:188} INFO - [2024-08-13T11:55:21.590+0000] {dag.py:3089} INFO - Sync 3 DAGs
[2024-08-13T11:55:21.604+0000] {logging_mixin.py:188} INFO - [2024-08-13T11:55:21.604+0000] {dag.py:3947} INFO - Setting next_dagrun for example_branch_datetime_operator to 2024-08-12 00:00:00+00:00, run_after=2024-08-13 00:00:00+00:00
[2024-08-13T11:55:21.607+0000] {logging_mixin.py:188} INFO - [2024-08-13T11:55:21.607+0000] {dag.py:3947} INFO - Setting next_dagrun for example_branch_datetime_operator_2 to 2024-08-12 00:00:00+00:00, run_after=2024-08-13 00:00:00+00:00
[2024-08-13T11:55:21.609+0000] {logging_mixin.py:188} INFO - [2024-08-13T11:55:21.609+0000] {dag.py:3947} INFO - Setting next_dagrun for example_branch_datetime_operator_3 to 2024-08-12 00:00:00+00:00, run_after=2024-08-13 00:00:00+00:00
[2024-08-13T11:55:21.620+0000] {processor.py:183} INFO - Processing /home/airflow/.local/lib/python3.12/site-packages/airflow/example_dags/example_branch_datetime_operator.py took 0.061 seconds
[2024-08-13T11:55:51.750+0000] {processor.py:161} INFO - Started process (PID=456) to work on /home/airflow/.local/lib/python3.12/site-packages/airflow/example_dags/example_branch_datetime_operator.py
[2024-08-13T11:55:51.751+0000] {processor.py:830} INFO - Processing file /home/airflow/.local/lib/python3.12/site-packages/airflow/example_dags/example_branch_datetime_operator.py for tasks to queue
[2024-08-13T11:55:51.752+0000] {logging_mixin.py:188} INFO - [2024-08-13T11:55:51.751+0000] {dagbag.py:545} INFO - Filling up the DagBag from /home/airflow/.local/lib/python3.12/site-packages/airflow/example_dags/example_branch_datetime_operator.py
[2024-08-13T11:55:51.758+0000] {processor.py:840} INFO - DAG(s) 'example_branch_datetime_operator', 'example_branch_datetime_operator_3', 'example_branch_datetime_operator_2' retrieved from /home/airflow/.local/lib/python3.12/site-packages/airflow/example_dags/example_branch_datetime_operator.py
[2024-08-13T11:55:51.774+0000] {logging_mixin.py:188} INFO - [2024-08-13T11:55:51.774+0000] {dag.py:3089} INFO - Sync 3 DAGs
[2024-08-13T11:55:51.786+0000] {logging_mixin.py:188} INFO - [2024-08-13T11:55:51.786+0000] {dag.py:3947} INFO - Setting next_dagrun for example_branch_datetime_operator to 2024-08-12 00:00:00+00:00, run_after=2024-08-13 00:00:00+00:00
[2024-08-13T11:55:51.789+0000] {logging_mixin.py:188} INFO - [2024-08-13T11:55:51.789+0000] {dag.py:3947} INFO - Setting next_dagrun for example_branch_datetime_operator_2 to 2024-08-12 00:00:00+00:00, run_after=2024-08-13 00:00:00+00:00
[2024-08-13T11:55:51.790+0000] {logging_mixin.py:188} INFO - [2024-08-13T11:55:51.790+0000] {dag.py:3947} INFO - Setting next_dagrun for example_branch_datetime_operator_3 to 2024-08-12 00:00:00+00:00, run_after=2024-08-13 00:00:00+00:00
[2024-08-13T11:55:51.798+0000] {processor.py:183} INFO - Processing /home/airflow/.local/lib/python3.12/site-packages/airflow/example_dags/example_branch_datetime_operator.py took 0.053 seconds
[2024-08-13T11:56:21.890+0000] {processor.py:161} INFO - Started process (PID=514) to work on /home/airflow/.local/lib/python3.12/site-packages/airflow/example_dags/example_branch_datetime_operator.py
[2024-08-13T11:56:21.891+0000] {processor.py:830} INFO - Processing file /home/airflow/.local/lib/python3.12/site-packages/airflow/example_dags/example_branch_datetime_operator.py for tasks to queue
[2024-08-13T11:56:21.892+0000] {logging_mixin.py:188} INFO - [2024-08-13T11:56:21.892+0000] {dagbag.py:545} INFO - Filling up the DagBag from /home/airflow/.local/lib/python3.12/site-packages/airflow/example_dags/example_branch_datetime_operator.py
[2024-08-13T11:56:21.897+0000] {processor.py:840} INFO - DAG(s) 'example_branch_datetime_operator', 'example_branch_datetime_operator_2', 'example_branch_datetime_operator_3' retrieved from /home/airflow/.local/lib/python3.12/site-packages/airflow/example_dags/example_branch_datetime_operator.py
[2024-08-13T11:56:21.911+0000] {logging_mixin.py:188} INFO - [2024-08-13T11:56:21.911+0000] {dag.py:3089} INFO - Sync 3 DAGs
[2024-08-13T11:56:21.925+0000] {logging_mixin.py:188} INFO - [2024-08-13T11:56:21.925+0000] {dag.py:3947} INFO - Setting next_dagrun for example_branch_datetime_operator to 2024-08-12 00:00:00+00:00, run_after=2024-08-13 00:00:00+00:00
[2024-08-13T11:56:21.927+0000] {logging_mixin.py:188} INFO - [2024-08-13T11:56:21.927+0000] {dag.py:3947} INFO - Setting next_dagrun for example_branch_datetime_operator_2 to 2024-08-12 00:00:00+00:00, run_after=2024-08-13 00:00:00+00:00
[2024-08-13T11:56:21.928+0000] {logging_mixin.py:188} INFO - [2024-08-13T11:56:21.928+0000] {dag.py:3947} INFO - Setting next_dagrun for example_branch_datetime_operator_3 to 2024-08-12 00:00:00+00:00, run_after=2024-08-13 00:00:00+00:00
[2024-08-13T11:56:21.937+0000] {processor.py:183} INFO - Processing /home/airflow/.local/lib/python3.12/site-packages/airflow/example_dags/example_branch_datetime_operator.py took 0.050 seconds
[2024-08-13T11:56:52.200+0000] {processor.py:161} INFO - Started process (PID=572) to work on /home/airflow/.local/lib/python3.12/site-packages/airflow/example_dags/example_branch_datetime_operator.py
[2024-08-13T11:56:52.209+0000] {processor.py:830} INFO - Processing file /home/airflow/.local/lib/python3.12/site-packages/airflow/example_dags/example_branch_datetime_operator.py for tasks to queue
[2024-08-13T11:56:52.211+0000] {logging_mixin.py:188} INFO - [2024-08-13T11:56:52.211+0000] {dagbag.py:545} INFO - Filling up the DagBag from /home/airflow/.local/lib/python3.12/site-packages/airflow/example_dags/example_branch_datetime_operator.py
[2024-08-13T11:56:52.224+0000] {processor.py:840} INFO - DAG(s) 'example_branch_datetime_operator', 'example_branch_datetime_operator_3', 'example_branch_datetime_operator_2' retrieved from /home/airflow/.local/lib/python3.12/site-packages/airflow/example_dags/example_branch_datetime_operator.py
[2024-08-13T11:56:52.259+0000] {logging_mixin.py:188} INFO - [2024-08-13T11:56:52.259+0000] {dag.py:3089} INFO - Sync 3 DAGs
[2024-08-13T11:56:52.290+0000] {logging_mixin.py:188} INFO - [2024-08-13T11:56:52.289+0000] {dag.py:3947} INFO - Setting next_dagrun for example_branch_datetime_operator to 2024-08-12 00:00:00+00:00, run_after=2024-08-13 00:00:00+00:00
[2024-08-13T11:56:52.296+0000] {logging_mixin.py:188} INFO - [2024-08-13T11:56:52.296+0000] {dag.py:3947} INFO - Setting next_dagrun for example_branch_datetime_operator_2 to 2024-08-12 00:00:00+00:00, run_after=2024-08-13 00:00:00+00:00
[2024-08-13T11:56:52.299+0000] {logging_mixin.py:188} INFO - [2024-08-13T11:56:52.298+0000] {dag.py:3947} INFO - Setting next_dagrun for example_branch_datetime_operator_3 to 2024-08-12 00:00:00+00:00, run_after=2024-08-13 00:00:00+00:00
[2024-08-13T11:56:52.327+0000] {processor.py:183} INFO - Processing /home/airflow/.local/lib/python3.12/site-packages/airflow/example_dags/example_branch_datetime_operator.py took 0.132 seconds
