[2024-08-13T11:52:18.215+0000] {processor.py:161} INFO - Started process (PID=43) to work on /home/airflow/.local/lib/python3.12/site-packages/airflow/example_dags/example_bash_operator.py
[2024-08-13T11:52:18.222+0000] {processor.py:830} INFO - Processing file /home/airflow/.local/lib/python3.12/site-packages/airflow/example_dags/example_bash_operator.py for tasks to queue
[2024-08-13T11:52:18.223+0000] {logging_mixin.py:188} INFO - [2024-08-13T11:52:18.223+0000] {dagbag.py:545} INFO - Filling up the DagBag from /home/airflow/.local/lib/python3.12/site-packages/airflow/example_dags/example_bash_operator.py
[2024-08-13T11:52:18.256+0000] {processor.py:840} INFO - DAG(s) 'example_bash_operator' retrieved from /home/airflow/.local/lib/python3.12/site-packages/airflow/example_dags/example_bash_operator.py
[2024-08-13T11:52:18.352+0000] {logging_mixin.py:188} INFO - [2024-08-13T11:52:18.352+0000] {override.py:1858} INFO - Created Permission View: can edit on DAG:example_bash_operator
[2024-08-13T11:52:18.359+0000] {logging_mixin.py:188} INFO - [2024-08-13T11:52:18.359+0000] {override.py:1858} INFO - Created Permission View: can read on DAG:example_bash_operator
[2024-08-13T11:52:18.372+0000] {logging_mixin.py:188} INFO - [2024-08-13T11:52:18.372+0000] {override.py:1858} INFO - Created Permission View: can delete on DAG:example_bash_operator
[2024-08-13T11:52:18.372+0000] {logging_mixin.py:188} INFO - [2024-08-13T11:52:18.372+0000] {dag.py:3089} INFO - Sync 1 DAGs
[2024-08-13T11:52:18.385+0000] {logging_mixin.py:188} INFO - [2024-08-13T11:52:18.385+0000] {dag.py:3111} INFO - Creating ORM DAG for example_bash_operator
[2024-08-13T11:52:18.404+0000] {logging_mixin.py:188} INFO - [2024-08-13T11:52:18.404+0000] {dag.py:3947} INFO - Setting next_dagrun for example_bash_operator to 2024-08-12 00:00:00+00:00, run_after=2024-08-13 00:00:00+00:00
[2024-08-13T11:52:18.441+0000] {processor.py:183} INFO - Processing /home/airflow/.local/lib/python3.12/site-packages/airflow/example_dags/example_bash_operator.py took 0.232 seconds
[2024-08-13T11:52:48.802+0000] {processor.py:161} INFO - Started process (PID=101) to work on /home/airflow/.local/lib/python3.12/site-packages/airflow/example_dags/example_bash_operator.py
[2024-08-13T11:52:48.802+0000] {processor.py:830} INFO - Processing file /home/airflow/.local/lib/python3.12/site-packages/airflow/example_dags/example_bash_operator.py for tasks to queue
[2024-08-13T11:52:48.804+0000] {logging_mixin.py:188} INFO - [2024-08-13T11:52:48.803+0000] {dagbag.py:545} INFO - Filling up the DagBag from /home/airflow/.local/lib/python3.12/site-packages/airflow/example_dags/example_bash_operator.py
[2024-08-13T11:52:48.809+0000] {processor.py:840} INFO - DAG(s) 'example_bash_operator' retrieved from /home/airflow/.local/lib/python3.12/site-packages/airflow/example_dags/example_bash_operator.py
[2024-08-13T11:52:48.822+0000] {logging_mixin.py:188} INFO - [2024-08-13T11:52:48.822+0000] {dag.py:3089} INFO - Sync 1 DAGs
[2024-08-13T11:52:48.837+0000] {logging_mixin.py:188} INFO - [2024-08-13T11:52:48.837+0000] {dag.py:3947} INFO - Setting next_dagrun for example_bash_operator to 2024-08-12 00:00:00+00:00, run_after=2024-08-13 00:00:00+00:00
[2024-08-13T11:52:48.846+0000] {processor.py:183} INFO - Processing /home/airflow/.local/lib/python3.12/site-packages/airflow/example_dags/example_bash_operator.py took 0.047 seconds
[2024-08-13T11:53:19.183+0000] {processor.py:161} INFO - Started process (PID=159) to work on /home/airflow/.local/lib/python3.12/site-packages/airflow/example_dags/example_bash_operator.py
[2024-08-13T11:53:19.184+0000] {processor.py:830} INFO - Processing file /home/airflow/.local/lib/python3.12/site-packages/airflow/example_dags/example_bash_operator.py for tasks to queue
[2024-08-13T11:53:19.186+0000] {logging_mixin.py:188} INFO - [2024-08-13T11:53:19.186+0000] {dagbag.py:545} INFO - Filling up the DagBag from /home/airflow/.local/lib/python3.12/site-packages/airflow/example_dags/example_bash_operator.py
[2024-08-13T11:53:19.193+0000] {processor.py:840} INFO - DAG(s) 'example_bash_operator' retrieved from /home/airflow/.local/lib/python3.12/site-packages/airflow/example_dags/example_bash_operator.py
[2024-08-13T11:53:19.213+0000] {logging_mixin.py:188} INFO - [2024-08-13T11:53:19.213+0000] {dag.py:3089} INFO - Sync 1 DAGs
[2024-08-13T11:53:19.225+0000] {logging_mixin.py:188} INFO - [2024-08-13T11:53:19.225+0000] {dag.py:3947} INFO - Setting next_dagrun for example_bash_operator to 2024-08-12 00:00:00+00:00, run_after=2024-08-13 00:00:00+00:00
[2024-08-13T11:53:19.240+0000] {processor.py:183} INFO - Processing /home/airflow/.local/lib/python3.12/site-packages/airflow/example_dags/example_bash_operator.py took 0.061 seconds
[2024-08-13T11:53:49.325+0000] {processor.py:161} INFO - Started process (PID=217) to work on /home/airflow/.local/lib/python3.12/site-packages/airflow/example_dags/example_bash_operator.py
[2024-08-13T11:53:49.326+0000] {processor.py:830} INFO - Processing file /home/airflow/.local/lib/python3.12/site-packages/airflow/example_dags/example_bash_operator.py for tasks to queue
[2024-08-13T11:53:49.327+0000] {logging_mixin.py:188} INFO - [2024-08-13T11:53:49.327+0000] {dagbag.py:545} INFO - Filling up the DagBag from /home/airflow/.local/lib/python3.12/site-packages/airflow/example_dags/example_bash_operator.py
[2024-08-13T11:53:49.334+0000] {processor.py:840} INFO - DAG(s) 'example_bash_operator' retrieved from /home/airflow/.local/lib/python3.12/site-packages/airflow/example_dags/example_bash_operator.py
[2024-08-13T11:53:49.350+0000] {logging_mixin.py:188} INFO - [2024-08-13T11:53:49.350+0000] {dag.py:3089} INFO - Sync 1 DAGs
[2024-08-13T11:53:49.365+0000] {logging_mixin.py:188} INFO - [2024-08-13T11:53:49.365+0000] {dag.py:3947} INFO - Setting next_dagrun for example_bash_operator to 2024-08-12 00:00:00+00:00, run_after=2024-08-13 00:00:00+00:00
[2024-08-13T11:53:49.380+0000] {processor.py:183} INFO - Processing /home/airflow/.local/lib/python3.12/site-packages/airflow/example_dags/example_bash_operator.py took 0.059 seconds
[2024-08-13T11:54:19.668+0000] {processor.py:161} INFO - Started process (PID=275) to work on /home/airflow/.local/lib/python3.12/site-packages/airflow/example_dags/example_bash_operator.py
[2024-08-13T11:54:19.669+0000] {processor.py:830} INFO - Processing file /home/airflow/.local/lib/python3.12/site-packages/airflow/example_dags/example_bash_operator.py for tasks to queue
[2024-08-13T11:54:19.670+0000] {logging_mixin.py:188} INFO - [2024-08-13T11:54:19.670+0000] {dagbag.py:545} INFO - Filling up the DagBag from /home/airflow/.local/lib/python3.12/site-packages/airflow/example_dags/example_bash_operator.py
[2024-08-13T11:54:19.679+0000] {processor.py:840} INFO - DAG(s) 'example_bash_operator' retrieved from /home/airflow/.local/lib/python3.12/site-packages/airflow/example_dags/example_bash_operator.py
[2024-08-13T11:54:19.701+0000] {logging_mixin.py:188} INFO - [2024-08-13T11:54:19.701+0000] {dag.py:3089} INFO - Sync 1 DAGs
[2024-08-13T11:54:19.719+0000] {logging_mixin.py:188} INFO - [2024-08-13T11:54:19.719+0000] {dag.py:3947} INFO - Setting next_dagrun for example_bash_operator to 2024-08-12 00:00:00+00:00, run_after=2024-08-13 00:00:00+00:00
[2024-08-13T11:54:19.729+0000] {processor.py:183} INFO - Processing /home/airflow/.local/lib/python3.12/site-packages/airflow/example_dags/example_bash_operator.py took 0.065 seconds
[2024-08-13T11:54:49.870+0000] {processor.py:161} INFO - Started process (PID=333) to work on /home/airflow/.local/lib/python3.12/site-packages/airflow/example_dags/example_bash_operator.py
[2024-08-13T11:54:49.871+0000] {processor.py:830} INFO - Processing file /home/airflow/.local/lib/python3.12/site-packages/airflow/example_dags/example_bash_operator.py for tasks to queue
[2024-08-13T11:54:49.872+0000] {logging_mixin.py:188} INFO - [2024-08-13T11:54:49.872+0000] {dagbag.py:545} INFO - Filling up the DagBag from /home/airflow/.local/lib/python3.12/site-packages/airflow/example_dags/example_bash_operator.py
[2024-08-13T11:54:49.879+0000] {processor.py:840} INFO - DAG(s) 'example_bash_operator' retrieved from /home/airflow/.local/lib/python3.12/site-packages/airflow/example_dags/example_bash_operator.py
[2024-08-13T11:54:49.895+0000] {logging_mixin.py:188} INFO - [2024-08-13T11:54:49.894+0000] {dag.py:3089} INFO - Sync 1 DAGs
[2024-08-13T11:54:49.907+0000] {logging_mixin.py:188} INFO - [2024-08-13T11:54:49.906+0000] {dag.py:3947} INFO - Setting next_dagrun for example_bash_operator to 2024-08-12 00:00:00+00:00, run_after=2024-08-13 00:00:00+00:00
[2024-08-13T11:54:49.917+0000] {processor.py:183} INFO - Processing /home/airflow/.local/lib/python3.12/site-packages/airflow/example_dags/example_bash_operator.py took 0.051 seconds
[2024-08-13T11:55:20.225+0000] {processor.py:161} INFO - Started process (PID=390) to work on /home/airflow/.local/lib/python3.12/site-packages/airflow/example_dags/example_bash_operator.py
[2024-08-13T11:55:20.226+0000] {processor.py:830} INFO - Processing file /home/airflow/.local/lib/python3.12/site-packages/airflow/example_dags/example_bash_operator.py for tasks to queue
[2024-08-13T11:55:20.228+0000] {logging_mixin.py:188} INFO - [2024-08-13T11:55:20.228+0000] {dagbag.py:545} INFO - Filling up the DagBag from /home/airflow/.local/lib/python3.12/site-packages/airflow/example_dags/example_bash_operator.py
[2024-08-13T11:55:20.241+0000] {processor.py:840} INFO - DAG(s) 'example_bash_operator' retrieved from /home/airflow/.local/lib/python3.12/site-packages/airflow/example_dags/example_bash_operator.py
[2024-08-13T11:55:20.257+0000] {logging_mixin.py:188} INFO - [2024-08-13T11:55:20.257+0000] {dag.py:3089} INFO - Sync 1 DAGs
[2024-08-13T11:55:20.276+0000] {logging_mixin.py:188} INFO - [2024-08-13T11:55:20.276+0000] {dag.py:3947} INFO - Setting next_dagrun for example_bash_operator to 2024-08-12 00:00:00+00:00, run_after=2024-08-13 00:00:00+00:00
[2024-08-13T11:55:20.288+0000] {processor.py:183} INFO - Processing /home/airflow/.local/lib/python3.12/site-packages/airflow/example_dags/example_bash_operator.py took 0.067 seconds
[2024-08-13T11:55:50.443+0000] {processor.py:161} INFO - Started process (PID=448) to work on /home/airflow/.local/lib/python3.12/site-packages/airflow/example_dags/example_bash_operator.py
[2024-08-13T11:55:50.444+0000] {processor.py:830} INFO - Processing file /home/airflow/.local/lib/python3.12/site-packages/airflow/example_dags/example_bash_operator.py for tasks to queue
[2024-08-13T11:55:50.447+0000] {logging_mixin.py:188} INFO - [2024-08-13T11:55:50.446+0000] {dagbag.py:545} INFO - Filling up the DagBag from /home/airflow/.local/lib/python3.12/site-packages/airflow/example_dags/example_bash_operator.py
[2024-08-13T11:55:50.458+0000] {processor.py:840} INFO - DAG(s) 'example_bash_operator' retrieved from /home/airflow/.local/lib/python3.12/site-packages/airflow/example_dags/example_bash_operator.py
[2024-08-13T11:55:50.483+0000] {logging_mixin.py:188} INFO - [2024-08-13T11:55:50.483+0000] {dag.py:3089} INFO - Sync 1 DAGs
[2024-08-13T11:55:50.496+0000] {logging_mixin.py:188} INFO - [2024-08-13T11:55:50.495+0000] {dag.py:3947} INFO - Setting next_dagrun for example_bash_operator to 2024-08-12 00:00:00+00:00, run_after=2024-08-13 00:00:00+00:00
[2024-08-13T11:55:50.507+0000] {processor.py:183} INFO - Processing /home/airflow/.local/lib/python3.12/site-packages/airflow/example_dags/example_bash_operator.py took 0.069 seconds
[2024-08-13T11:56:20.668+0000] {processor.py:161} INFO - Started process (PID=506) to work on /home/airflow/.local/lib/python3.12/site-packages/airflow/example_dags/example_bash_operator.py
[2024-08-13T11:56:20.669+0000] {processor.py:830} INFO - Processing file /home/airflow/.local/lib/python3.12/site-packages/airflow/example_dags/example_bash_operator.py for tasks to queue
[2024-08-13T11:56:20.670+0000] {logging_mixin.py:188} INFO - [2024-08-13T11:56:20.670+0000] {dagbag.py:545} INFO - Filling up the DagBag from /home/airflow/.local/lib/python3.12/site-packages/airflow/example_dags/example_bash_operator.py
[2024-08-13T11:56:20.680+0000] {processor.py:840} INFO - DAG(s) 'example_bash_operator' retrieved from /home/airflow/.local/lib/python3.12/site-packages/airflow/example_dags/example_bash_operator.py
[2024-08-13T11:56:20.700+0000] {logging_mixin.py:188} INFO - [2024-08-13T11:56:20.700+0000] {dag.py:3089} INFO - Sync 1 DAGs
[2024-08-13T11:56:20.717+0000] {logging_mixin.py:188} INFO - [2024-08-13T11:56:20.717+0000] {dag.py:3947} INFO - Setting next_dagrun for example_bash_operator to 2024-08-12 00:00:00+00:00, run_after=2024-08-13 00:00:00+00:00
[2024-08-13T11:56:20.729+0000] {processor.py:183} INFO - Processing /home/airflow/.local/lib/python3.12/site-packages/airflow/example_dags/example_bash_operator.py took 0.067 seconds
[2024-08-13T11:56:50.758+0000] {processor.py:161} INFO - Started process (PID=564) to work on /home/airflow/.local/lib/python3.12/site-packages/airflow/example_dags/example_bash_operator.py
[2024-08-13T11:56:50.759+0000] {processor.py:830} INFO - Processing file /home/airflow/.local/lib/python3.12/site-packages/airflow/example_dags/example_bash_operator.py for tasks to queue
[2024-08-13T11:56:50.760+0000] {logging_mixin.py:188} INFO - [2024-08-13T11:56:50.760+0000] {dagbag.py:545} INFO - Filling up the DagBag from /home/airflow/.local/lib/python3.12/site-packages/airflow/example_dags/example_bash_operator.py
[2024-08-13T11:56:50.767+0000] {processor.py:840} INFO - DAG(s) 'example_bash_operator' retrieved from /home/airflow/.local/lib/python3.12/site-packages/airflow/example_dags/example_bash_operator.py
[2024-08-13T11:56:50.783+0000] {logging_mixin.py:188} INFO - [2024-08-13T11:56:50.783+0000] {dag.py:3089} INFO - Sync 1 DAGs
[2024-08-13T11:56:50.800+0000] {logging_mixin.py:188} INFO - [2024-08-13T11:56:50.800+0000] {dag.py:3947} INFO - Setting next_dagrun for example_bash_operator to 2024-08-12 00:00:00+00:00, run_after=2024-08-13 00:00:00+00:00
[2024-08-13T11:56:50.810+0000] {processor.py:183} INFO - Processing /home/airflow/.local/lib/python3.12/site-packages/airflow/example_dags/example_bash_operator.py took 0.056 seconds
