[2024-08-13T11:52:18.291+0000] {processor.py:161} INFO - Started process (PID=44) to work on /home/airflow/.local/lib/python3.12/site-packages/airflow/example_dags/example_sla_dag.py
[2024-08-13T11:52:18.316+0000] {processor.py:830} INFO - Processing file /home/airflow/.local/lib/python3.12/site-packages/airflow/example_dags/example_sla_dag.py for tasks to queue
[2024-08-13T11:52:18.333+0000] {logging_mixin.py:188} INFO - [2024-08-13T11:52:18.332+0000] {dagbag.py:545} INFO - Filling up the DagBag from /home/airflow/.local/lib/python3.12/site-packages/airflow/example_dags/example_sla_dag.py
[2024-08-13T11:52:18.350+0000] {processor.py:840} INFO - DAG(s) 'example_sla_dag' retrieved from /home/airflow/.local/lib/python3.12/site-packages/airflow/example_dags/example_sla_dag.py
[2024-08-13T11:52:18.593+0000] {logging_mixin.py:188} INFO - [2024-08-13T11:52:18.592+0000] {override.py:1858} INFO - Created Permission View: can edit on DAG:example_sla_dag
[2024-08-13T11:52:18.616+0000] {logging_mixin.py:188} INFO - [2024-08-13T11:52:18.615+0000] {override.py:1858} INFO - Created Permission View: can read on DAG:example_sla_dag
[2024-08-13T11:52:18.618+0000] {logging_mixin.py:188} INFO - [2024-08-13T11:52:18.618+0000] {override.py:1858} INFO - Created Permission View: can delete on DAG:example_sla_dag
[2024-08-13T11:52:18.620+0000] {logging_mixin.py:188} INFO - [2024-08-13T11:52:18.620+0000] {dag.py:3089} INFO - Sync 1 DAGs
[2024-08-13T11:52:18.631+0000] {logging_mixin.py:188} INFO - [2024-08-13T11:52:18.631+0000] {dag.py:3111} INFO - Creating ORM DAG for example_sla_dag
[2024-08-13T11:52:18.646+0000] {logging_mixin.py:188} INFO - [2024-08-13T11:52:18.646+0000] {dag.py:3947} INFO - Setting next_dagrun for example_sla_dag to 2024-08-13 11:50:00+00:00, run_after=2024-08-13 11:52:00+00:00
[2024-08-13T11:52:18.684+0000] {processor.py:183} INFO - Processing /home/airflow/.local/lib/python3.12/site-packages/airflow/example_dags/example_sla_dag.py took 0.402 seconds
[2024-08-13T11:52:48.855+0000] {processor.py:161} INFO - Started process (PID=102) to work on /home/airflow/.local/lib/python3.12/site-packages/airflow/example_dags/example_sla_dag.py
[2024-08-13T11:52:48.856+0000] {processor.py:830} INFO - Processing file /home/airflow/.local/lib/python3.12/site-packages/airflow/example_dags/example_sla_dag.py for tasks to queue
[2024-08-13T11:52:48.857+0000] {logging_mixin.py:188} INFO - [2024-08-13T11:52:48.857+0000] {dagbag.py:545} INFO - Filling up the DagBag from /home/airflow/.local/lib/python3.12/site-packages/airflow/example_dags/example_sla_dag.py
[2024-08-13T11:52:48.862+0000] {processor.py:840} INFO - DAG(s) 'example_sla_dag' retrieved from /home/airflow/.local/lib/python3.12/site-packages/airflow/example_dags/example_sla_dag.py
[2024-08-13T11:52:48.874+0000] {logging_mixin.py:188} INFO - [2024-08-13T11:52:48.874+0000] {dag.py:3089} INFO - Sync 1 DAGs
[2024-08-13T11:52:48.888+0000] {logging_mixin.py:188} INFO - [2024-08-13T11:52:48.888+0000] {dag.py:3947} INFO - Setting next_dagrun for example_sla_dag to 2024-08-13 11:50:00+00:00, run_after=2024-08-13 11:52:00+00:00
[2024-08-13T11:52:48.899+0000] {processor.py:183} INFO - Processing /home/airflow/.local/lib/python3.12/site-packages/airflow/example_dags/example_sla_dag.py took 0.047 seconds
[2024-08-13T11:53:19.183+0000] {processor.py:161} INFO - Started process (PID=160) to work on /home/airflow/.local/lib/python3.12/site-packages/airflow/example_dags/example_sla_dag.py
[2024-08-13T11:53:19.184+0000] {processor.py:830} INFO - Processing file /home/airflow/.local/lib/python3.12/site-packages/airflow/example_dags/example_sla_dag.py for tasks to queue
[2024-08-13T11:53:19.185+0000] {logging_mixin.py:188} INFO - [2024-08-13T11:53:19.185+0000] {dagbag.py:545} INFO - Filling up the DagBag from /home/airflow/.local/lib/python3.12/site-packages/airflow/example_dags/example_sla_dag.py
[2024-08-13T11:53:19.191+0000] {processor.py:840} INFO - DAG(s) 'example_sla_dag' retrieved from /home/airflow/.local/lib/python3.12/site-packages/airflow/example_dags/example_sla_dag.py
[2024-08-13T11:53:19.206+0000] {logging_mixin.py:188} INFO - [2024-08-13T11:53:19.205+0000] {dag.py:3089} INFO - Sync 1 DAGs
[2024-08-13T11:53:19.218+0000] {logging_mixin.py:188} INFO - [2024-08-13T11:53:19.217+0000] {dag.py:3947} INFO - Setting next_dagrun for example_sla_dag to 2024-08-13 11:50:00+00:00, run_after=2024-08-13 11:52:00+00:00
[2024-08-13T11:53:19.228+0000] {processor.py:183} INFO - Processing /home/airflow/.local/lib/python3.12/site-packages/airflow/example_dags/example_sla_dag.py took 0.048 seconds
[2024-08-13T11:53:49.351+0000] {processor.py:161} INFO - Started process (PID=218) to work on /home/airflow/.local/lib/python3.12/site-packages/airflow/example_dags/example_sla_dag.py
[2024-08-13T11:53:49.352+0000] {processor.py:830} INFO - Processing file /home/airflow/.local/lib/python3.12/site-packages/airflow/example_dags/example_sla_dag.py for tasks to queue
[2024-08-13T11:53:49.353+0000] {logging_mixin.py:188} INFO - [2024-08-13T11:53:49.353+0000] {dagbag.py:545} INFO - Filling up the DagBag from /home/airflow/.local/lib/python3.12/site-packages/airflow/example_dags/example_sla_dag.py
[2024-08-13T11:53:49.361+0000] {processor.py:840} INFO - DAG(s) 'example_sla_dag' retrieved from /home/airflow/.local/lib/python3.12/site-packages/airflow/example_dags/example_sla_dag.py
[2024-08-13T11:53:49.377+0000] {logging_mixin.py:188} INFO - [2024-08-13T11:53:49.377+0000] {dag.py:3089} INFO - Sync 1 DAGs
[2024-08-13T11:53:49.402+0000] {logging_mixin.py:188} INFO - [2024-08-13T11:53:49.402+0000] {dag.py:3947} INFO - Setting next_dagrun for example_sla_dag to 2024-08-13 11:50:00+00:00, run_after=2024-08-13 11:52:00+00:00
[2024-08-13T11:53:49.417+0000] {processor.py:183} INFO - Processing /home/airflow/.local/lib/python3.12/site-packages/airflow/example_dags/example_sla_dag.py took 0.070 seconds
[2024-08-13T11:54:19.695+0000] {processor.py:161} INFO - Started process (PID=276) to work on /home/airflow/.local/lib/python3.12/site-packages/airflow/example_dags/example_sla_dag.py
[2024-08-13T11:54:19.695+0000] {processor.py:830} INFO - Processing file /home/airflow/.local/lib/python3.12/site-packages/airflow/example_dags/example_sla_dag.py for tasks to queue
[2024-08-13T11:54:19.697+0000] {logging_mixin.py:188} INFO - [2024-08-13T11:54:19.697+0000] {dagbag.py:545} INFO - Filling up the DagBag from /home/airflow/.local/lib/python3.12/site-packages/airflow/example_dags/example_sla_dag.py
[2024-08-13T11:54:19.705+0000] {processor.py:840} INFO - DAG(s) 'example_sla_dag' retrieved from /home/airflow/.local/lib/python3.12/site-packages/airflow/example_dags/example_sla_dag.py
[2024-08-13T11:54:19.718+0000] {logging_mixin.py:188} INFO - [2024-08-13T11:54:19.718+0000] {dag.py:3089} INFO - Sync 1 DAGs
[2024-08-13T11:54:19.736+0000] {logging_mixin.py:188} INFO - [2024-08-13T11:54:19.736+0000] {dag.py:3947} INFO - Setting next_dagrun for example_sla_dag to 2024-08-13 11:52:00+00:00, run_after=2024-08-13 11:54:00+00:00
[2024-08-13T11:54:19.745+0000] {processor.py:183} INFO - Processing /home/airflow/.local/lib/python3.12/site-packages/airflow/example_dags/example_sla_dag.py took 0.055 seconds
[2024-08-13T11:54:49.876+0000] {processor.py:161} INFO - Started process (PID=334) to work on /home/airflow/.local/lib/python3.12/site-packages/airflow/example_dags/example_sla_dag.py
[2024-08-13T11:54:49.876+0000] {processor.py:830} INFO - Processing file /home/airflow/.local/lib/python3.12/site-packages/airflow/example_dags/example_sla_dag.py for tasks to queue
[2024-08-13T11:54:49.878+0000] {logging_mixin.py:188} INFO - [2024-08-13T11:54:49.878+0000] {dagbag.py:545} INFO - Filling up the DagBag from /home/airflow/.local/lib/python3.12/site-packages/airflow/example_dags/example_sla_dag.py
[2024-08-13T11:54:49.884+0000] {processor.py:840} INFO - DAG(s) 'example_sla_dag' retrieved from /home/airflow/.local/lib/python3.12/site-packages/airflow/example_dags/example_sla_dag.py
[2024-08-13T11:54:49.896+0000] {logging_mixin.py:188} INFO - [2024-08-13T11:54:49.896+0000] {dag.py:3089} INFO - Sync 1 DAGs
[2024-08-13T11:54:49.907+0000] {logging_mixin.py:188} INFO - [2024-08-13T11:54:49.907+0000] {dag.py:3947} INFO - Setting next_dagrun for example_sla_dag to 2024-08-13 11:52:00+00:00, run_after=2024-08-13 11:54:00+00:00
[2024-08-13T11:54:49.917+0000] {processor.py:183} INFO - Processing /home/airflow/.local/lib/python3.12/site-packages/airflow/example_dags/example_sla_dag.py took 0.046 seconds
[2024-08-13T11:55:20.290+0000] {processor.py:161} INFO - Started process (PID=391) to work on /home/airflow/.local/lib/python3.12/site-packages/airflow/example_dags/example_sla_dag.py
[2024-08-13T11:55:20.290+0000] {processor.py:830} INFO - Processing file /home/airflow/.local/lib/python3.12/site-packages/airflow/example_dags/example_sla_dag.py for tasks to queue
[2024-08-13T11:55:20.297+0000] {logging_mixin.py:188} INFO - [2024-08-13T11:55:20.294+0000] {dagbag.py:545} INFO - Filling up the DagBag from /home/airflow/.local/lib/python3.12/site-packages/airflow/example_dags/example_sla_dag.py
[2024-08-13T11:55:20.304+0000] {processor.py:840} INFO - DAG(s) 'example_sla_dag' retrieved from /home/airflow/.local/lib/python3.12/site-packages/airflow/example_dags/example_sla_dag.py
[2024-08-13T11:55:20.316+0000] {logging_mixin.py:188} INFO - [2024-08-13T11:55:20.316+0000] {dag.py:3089} INFO - Sync 1 DAGs
[2024-08-13T11:55:20.328+0000] {logging_mixin.py:188} INFO - [2024-08-13T11:55:20.328+0000] {dag.py:3947} INFO - Setting next_dagrun for example_sla_dag to 2024-08-13 11:52:00+00:00, run_after=2024-08-13 11:54:00+00:00
[2024-08-13T11:55:20.352+0000] {processor.py:183} INFO - Processing /home/airflow/.local/lib/python3.12/site-packages/airflow/example_dags/example_sla_dag.py took 0.068 seconds
[2024-08-13T11:55:50.474+0000] {processor.py:161} INFO - Started process (PID=449) to work on /home/airflow/.local/lib/python3.12/site-packages/airflow/example_dags/example_sla_dag.py
[2024-08-13T11:55:50.474+0000] {processor.py:830} INFO - Processing file /home/airflow/.local/lib/python3.12/site-packages/airflow/example_dags/example_sla_dag.py for tasks to queue
[2024-08-13T11:55:50.475+0000] {logging_mixin.py:188} INFO - [2024-08-13T11:55:50.475+0000] {dagbag.py:545} INFO - Filling up the DagBag from /home/airflow/.local/lib/python3.12/site-packages/airflow/example_dags/example_sla_dag.py
[2024-08-13T11:55:50.480+0000] {processor.py:840} INFO - DAG(s) 'example_sla_dag' retrieved from /home/airflow/.local/lib/python3.12/site-packages/airflow/example_dags/example_sla_dag.py
[2024-08-13T11:55:50.493+0000] {logging_mixin.py:188} INFO - [2024-08-13T11:55:50.492+0000] {dag.py:3089} INFO - Sync 1 DAGs
[2024-08-13T11:55:50.505+0000] {logging_mixin.py:188} INFO - [2024-08-13T11:55:50.505+0000] {dag.py:3947} INFO - Setting next_dagrun for example_sla_dag to 2024-08-13 11:52:00+00:00, run_after=2024-08-13 11:54:00+00:00
[2024-08-13T11:55:50.516+0000] {processor.py:183} INFO - Processing /home/airflow/.local/lib/python3.12/site-packages/airflow/example_dags/example_sla_dag.py took 0.046 seconds
[2024-08-13T11:56:20.672+0000] {processor.py:161} INFO - Started process (PID=507) to work on /home/airflow/.local/lib/python3.12/site-packages/airflow/example_dags/example_sla_dag.py
[2024-08-13T11:56:20.673+0000] {processor.py:830} INFO - Processing file /home/airflow/.local/lib/python3.12/site-packages/airflow/example_dags/example_sla_dag.py for tasks to queue
[2024-08-13T11:56:20.674+0000] {logging_mixin.py:188} INFO - [2024-08-13T11:56:20.674+0000] {dagbag.py:545} INFO - Filling up the DagBag from /home/airflow/.local/lib/python3.12/site-packages/airflow/example_dags/example_sla_dag.py
[2024-08-13T11:56:20.682+0000] {processor.py:840} INFO - DAG(s) 'example_sla_dag' retrieved from /home/airflow/.local/lib/python3.12/site-packages/airflow/example_dags/example_sla_dag.py
[2024-08-13T11:56:20.696+0000] {logging_mixin.py:188} INFO - [2024-08-13T11:56:20.696+0000] {dag.py:3089} INFO - Sync 1 DAGs
[2024-08-13T11:56:20.712+0000] {logging_mixin.py:188} INFO - [2024-08-13T11:56:20.712+0000] {dag.py:3947} INFO - Setting next_dagrun for example_sla_dag to 2024-08-13 11:54:00+00:00, run_after=2024-08-13 11:56:00+00:00
[2024-08-13T11:56:20.726+0000] {processor.py:183} INFO - Processing /home/airflow/.local/lib/python3.12/site-packages/airflow/example_dags/example_sla_dag.py took 0.058 seconds
[2024-08-13T11:56:50.774+0000] {processor.py:161} INFO - Started process (PID=565) to work on /home/airflow/.local/lib/python3.12/site-packages/airflow/example_dags/example_sla_dag.py
[2024-08-13T11:56:50.774+0000] {processor.py:830} INFO - Processing file /home/airflow/.local/lib/python3.12/site-packages/airflow/example_dags/example_sla_dag.py for tasks to queue
[2024-08-13T11:56:50.776+0000] {logging_mixin.py:188} INFO - [2024-08-13T11:56:50.775+0000] {dagbag.py:545} INFO - Filling up the DagBag from /home/airflow/.local/lib/python3.12/site-packages/airflow/example_dags/example_sla_dag.py
[2024-08-13T11:56:50.780+0000] {processor.py:840} INFO - DAG(s) 'example_sla_dag' retrieved from /home/airflow/.local/lib/python3.12/site-packages/airflow/example_dags/example_sla_dag.py
[2024-08-13T11:56:50.793+0000] {logging_mixin.py:188} INFO - [2024-08-13T11:56:50.793+0000] {dag.py:3089} INFO - Sync 1 DAGs
[2024-08-13T11:56:50.804+0000] {logging_mixin.py:188} INFO - [2024-08-13T11:56:50.804+0000] {dag.py:3947} INFO - Setting next_dagrun for example_sla_dag to 2024-08-13 11:54:00+00:00, run_after=2024-08-13 11:56:00+00:00
[2024-08-13T11:56:50.813+0000] {processor.py:183} INFO - Processing /home/airflow/.local/lib/python3.12/site-packages/airflow/example_dags/example_sla_dag.py took 0.042 seconds
