[2024-08-13T11:52:16.742+0000] {processor.py:161} INFO - Started process (PID=36) to work on /home/airflow/.local/lib/python3.12/site-packages/airflow/example_dags/example_python_decorator.py
[2024-08-13T11:52:16.755+0000] {processor.py:830} INFO - Processing file /home/airflow/.local/lib/python3.12/site-packages/airflow/example_dags/example_python_decorator.py for tasks to queue
[2024-08-13T11:52:16.757+0000] {logging_mixin.py:188} INFO - [2024-08-13T11:52:16.757+0000] {dagbag.py:545} INFO - Filling up the DagBag from /home/airflow/.local/lib/python3.12/site-packages/airflow/example_dags/example_python_decorator.py
[2024-08-13T11:52:16.789+0000] {processor.py:840} INFO - DAG(s) 'example_python_decorator' retrieved from /home/airflow/.local/lib/python3.12/site-packages/airflow/example_dags/example_python_decorator.py
[2024-08-13T11:52:16.985+0000] {logging_mixin.py:188} INFO - [2024-08-13T11:52:16.984+0000] {override.py:1858} INFO - Created Permission View: can edit on DAG:example_python_decorator
[2024-08-13T11:52:16.997+0000] {logging_mixin.py:188} INFO - [2024-08-13T11:52:16.997+0000] {override.py:1858} INFO - Created Permission View: can read on DAG:example_python_decorator
[2024-08-13T11:52:17.010+0000] {logging_mixin.py:188} INFO - [2024-08-13T11:52:17.009+0000] {override.py:1858} INFO - Created Permission View: can delete on DAG:example_python_decorator
[2024-08-13T11:52:17.011+0000] {logging_mixin.py:188} INFO - [2024-08-13T11:52:17.011+0000] {dag.py:3089} INFO - Sync 1 DAGs
[2024-08-13T11:52:17.026+0000] {logging_mixin.py:188} INFO - [2024-08-13T11:52:17.026+0000] {dag.py:3111} INFO - Creating ORM DAG for example_python_decorator
[2024-08-13T11:52:17.032+0000] {logging_mixin.py:188} INFO - [2024-08-13T11:52:17.032+0000] {dag.py:3947} INFO - Setting next_dagrun for example_python_decorator to None, run_after=None
[2024-08-13T11:52:17.060+0000] {processor.py:183} INFO - Processing /home/airflow/.local/lib/python3.12/site-packages/airflow/example_dags/example_python_decorator.py took 0.323 seconds
[2024-08-13T11:52:47.551+0000] {processor.py:161} INFO - Started process (PID=94) to work on /home/airflow/.local/lib/python3.12/site-packages/airflow/example_dags/example_python_decorator.py
[2024-08-13T11:52:47.552+0000] {processor.py:830} INFO - Processing file /home/airflow/.local/lib/python3.12/site-packages/airflow/example_dags/example_python_decorator.py for tasks to queue
[2024-08-13T11:52:47.553+0000] {logging_mixin.py:188} INFO - [2024-08-13T11:52:47.553+0000] {dagbag.py:545} INFO - Filling up the DagBag from /home/airflow/.local/lib/python3.12/site-packages/airflow/example_dags/example_python_decorator.py
[2024-08-13T11:52:47.561+0000] {processor.py:840} INFO - DAG(s) 'example_python_decorator' retrieved from /home/airflow/.local/lib/python3.12/site-packages/airflow/example_dags/example_python_decorator.py
[2024-08-13T11:52:47.574+0000] {logging_mixin.py:188} INFO - [2024-08-13T11:52:47.573+0000] {dag.py:3089} INFO - Sync 1 DAGs
[2024-08-13T11:52:47.581+0000] {logging_mixin.py:188} INFO - [2024-08-13T11:52:47.581+0000] {dag.py:3947} INFO - Setting next_dagrun for example_python_decorator to None, run_after=None
[2024-08-13T11:52:47.593+0000] {processor.py:183} INFO - Processing /home/airflow/.local/lib/python3.12/site-packages/airflow/example_dags/example_python_decorator.py took 0.046 seconds
[2024-08-13T11:53:17.922+0000] {processor.py:161} INFO - Started process (PID=152) to work on /home/airflow/.local/lib/python3.12/site-packages/airflow/example_dags/example_python_decorator.py
[2024-08-13T11:53:17.922+0000] {processor.py:830} INFO - Processing file /home/airflow/.local/lib/python3.12/site-packages/airflow/example_dags/example_python_decorator.py for tasks to queue
[2024-08-13T11:53:17.923+0000] {logging_mixin.py:188} INFO - [2024-08-13T11:53:17.923+0000] {dagbag.py:545} INFO - Filling up the DagBag from /home/airflow/.local/lib/python3.12/site-packages/airflow/example_dags/example_python_decorator.py
[2024-08-13T11:53:17.932+0000] {processor.py:840} INFO - DAG(s) 'example_python_decorator' retrieved from /home/airflow/.local/lib/python3.12/site-packages/airflow/example_dags/example_python_decorator.py
[2024-08-13T11:53:17.950+0000] {logging_mixin.py:188} INFO - [2024-08-13T11:53:17.950+0000] {dag.py:3089} INFO - Sync 1 DAGs
[2024-08-13T11:53:17.958+0000] {logging_mixin.py:188} INFO - [2024-08-13T11:53:17.957+0000] {dag.py:3947} INFO - Setting next_dagrun for example_python_decorator to None, run_after=None
[2024-08-13T11:53:17.969+0000] {processor.py:183} INFO - Processing /home/airflow/.local/lib/python3.12/site-packages/airflow/example_dags/example_python_decorator.py took 0.052 seconds
[2024-08-13T11:53:48.071+0000] {processor.py:161} INFO - Started process (PID=210) to work on /home/airflow/.local/lib/python3.12/site-packages/airflow/example_dags/example_python_decorator.py
[2024-08-13T11:53:48.072+0000] {processor.py:830} INFO - Processing file /home/airflow/.local/lib/python3.12/site-packages/airflow/example_dags/example_python_decorator.py for tasks to queue
[2024-08-13T11:53:48.073+0000] {logging_mixin.py:188} INFO - [2024-08-13T11:53:48.073+0000] {dagbag.py:545} INFO - Filling up the DagBag from /home/airflow/.local/lib/python3.12/site-packages/airflow/example_dags/example_python_decorator.py
[2024-08-13T11:53:48.084+0000] {processor.py:840} INFO - DAG(s) 'example_python_decorator' retrieved from /home/airflow/.local/lib/python3.12/site-packages/airflow/example_dags/example_python_decorator.py
[2024-08-13T11:53:48.099+0000] {logging_mixin.py:188} INFO - [2024-08-13T11:53:48.099+0000] {dag.py:3089} INFO - Sync 1 DAGs
[2024-08-13T11:53:48.106+0000] {logging_mixin.py:188} INFO - [2024-08-13T11:53:48.106+0000] {dag.py:3947} INFO - Setting next_dagrun for example_python_decorator to None, run_after=None
[2024-08-13T11:53:48.116+0000] {processor.py:183} INFO - Processing /home/airflow/.local/lib/python3.12/site-packages/airflow/example_dags/example_python_decorator.py took 0.048 seconds
[2024-08-13T11:54:18.424+0000] {processor.py:161} INFO - Started process (PID=268) to work on /home/airflow/.local/lib/python3.12/site-packages/airflow/example_dags/example_python_decorator.py
[2024-08-13T11:54:18.426+0000] {processor.py:830} INFO - Processing file /home/airflow/.local/lib/python3.12/site-packages/airflow/example_dags/example_python_decorator.py for tasks to queue
[2024-08-13T11:54:18.428+0000] {logging_mixin.py:188} INFO - [2024-08-13T11:54:18.428+0000] {dagbag.py:545} INFO - Filling up the DagBag from /home/airflow/.local/lib/python3.12/site-packages/airflow/example_dags/example_python_decorator.py
[2024-08-13T11:54:18.449+0000] {processor.py:840} INFO - DAG(s) 'example_python_decorator' retrieved from /home/airflow/.local/lib/python3.12/site-packages/airflow/example_dags/example_python_decorator.py
[2024-08-13T11:54:18.494+0000] {logging_mixin.py:188} INFO - [2024-08-13T11:54:18.494+0000] {dag.py:3089} INFO - Sync 1 DAGs
[2024-08-13T11:54:18.502+0000] {logging_mixin.py:188} INFO - [2024-08-13T11:54:18.502+0000] {dag.py:3947} INFO - Setting next_dagrun for example_python_decorator to None, run_after=None
[2024-08-13T11:54:18.514+0000] {processor.py:183} INFO - Processing /home/airflow/.local/lib/python3.12/site-packages/airflow/example_dags/example_python_decorator.py took 0.097 seconds
[2024-08-13T11:54:48.559+0000] {processor.py:161} INFO - Started process (PID=326) to work on /home/airflow/.local/lib/python3.12/site-packages/airflow/example_dags/example_python_decorator.py
[2024-08-13T11:54:48.568+0000] {processor.py:830} INFO - Processing file /home/airflow/.local/lib/python3.12/site-packages/airflow/example_dags/example_python_decorator.py for tasks to queue
[2024-08-13T11:54:48.570+0000] {logging_mixin.py:188} INFO - [2024-08-13T11:54:48.569+0000] {dagbag.py:545} INFO - Filling up the DagBag from /home/airflow/.local/lib/python3.12/site-packages/airflow/example_dags/example_python_decorator.py
[2024-08-13T11:54:48.584+0000] {processor.py:840} INFO - DAG(s) 'example_python_decorator' retrieved from /home/airflow/.local/lib/python3.12/site-packages/airflow/example_dags/example_python_decorator.py
[2024-08-13T11:54:48.598+0000] {logging_mixin.py:188} INFO - [2024-08-13T11:54:48.598+0000] {dag.py:3089} INFO - Sync 1 DAGs
[2024-08-13T11:54:48.605+0000] {logging_mixin.py:188} INFO - [2024-08-13T11:54:48.605+0000] {dag.py:3947} INFO - Setting next_dagrun for example_python_decorator to None, run_after=None
[2024-08-13T11:54:48.615+0000] {processor.py:183} INFO - Processing /home/airflow/.local/lib/python3.12/site-packages/airflow/example_dags/example_python_decorator.py took 0.059 seconds
[2024-08-13T11:55:18.921+0000] {processor.py:161} INFO - Started process (PID=383) to work on /home/airflow/.local/lib/python3.12/site-packages/airflow/example_dags/example_python_decorator.py
[2024-08-13T11:55:18.922+0000] {processor.py:830} INFO - Processing file /home/airflow/.local/lib/python3.12/site-packages/airflow/example_dags/example_python_decorator.py for tasks to queue
[2024-08-13T11:55:18.924+0000] {logging_mixin.py:188} INFO - [2024-08-13T11:55:18.924+0000] {dagbag.py:545} INFO - Filling up the DagBag from /home/airflow/.local/lib/python3.12/site-packages/airflow/example_dags/example_python_decorator.py
[2024-08-13T11:55:18.935+0000] {processor.py:840} INFO - DAG(s) 'example_python_decorator' retrieved from /home/airflow/.local/lib/python3.12/site-packages/airflow/example_dags/example_python_decorator.py
[2024-08-13T11:55:18.954+0000] {logging_mixin.py:188} INFO - [2024-08-13T11:55:18.954+0000] {dag.py:3089} INFO - Sync 1 DAGs
[2024-08-13T11:55:18.969+0000] {logging_mixin.py:188} INFO - [2024-08-13T11:55:18.969+0000] {dag.py:3947} INFO - Setting next_dagrun for example_python_decorator to None, run_after=None
[2024-08-13T11:55:18.982+0000] {processor.py:183} INFO - Processing /home/airflow/.local/lib/python3.12/site-packages/airflow/example_dags/example_python_decorator.py took 0.067 seconds
[2024-08-13T11:55:49.164+0000] {processor.py:161} INFO - Started process (PID=441) to work on /home/airflow/.local/lib/python3.12/site-packages/airflow/example_dags/example_python_decorator.py
[2024-08-13T11:55:49.165+0000] {processor.py:830} INFO - Processing file /home/airflow/.local/lib/python3.12/site-packages/airflow/example_dags/example_python_decorator.py for tasks to queue
[2024-08-13T11:55:49.166+0000] {logging_mixin.py:188} INFO - [2024-08-13T11:55:49.166+0000] {dagbag.py:545} INFO - Filling up the DagBag from /home/airflow/.local/lib/python3.12/site-packages/airflow/example_dags/example_python_decorator.py
[2024-08-13T11:55:49.173+0000] {processor.py:840} INFO - DAG(s) 'example_python_decorator' retrieved from /home/airflow/.local/lib/python3.12/site-packages/airflow/example_dags/example_python_decorator.py
[2024-08-13T11:55:49.186+0000] {logging_mixin.py:188} INFO - [2024-08-13T11:55:49.185+0000] {dag.py:3089} INFO - Sync 1 DAGs
[2024-08-13T11:55:49.193+0000] {logging_mixin.py:188} INFO - [2024-08-13T11:55:49.192+0000] {dag.py:3947} INFO - Setting next_dagrun for example_python_decorator to None, run_after=None
[2024-08-13T11:55:49.203+0000] {processor.py:183} INFO - Processing /home/airflow/.local/lib/python3.12/site-packages/airflow/example_dags/example_python_decorator.py took 0.042 seconds
[2024-08-13T11:56:19.398+0000] {processor.py:161} INFO - Started process (PID=499) to work on /home/airflow/.local/lib/python3.12/site-packages/airflow/example_dags/example_python_decorator.py
[2024-08-13T11:56:19.399+0000] {processor.py:830} INFO - Processing file /home/airflow/.local/lib/python3.12/site-packages/airflow/example_dags/example_python_decorator.py for tasks to queue
[2024-08-13T11:56:19.401+0000] {logging_mixin.py:188} INFO - [2024-08-13T11:56:19.400+0000] {dagbag.py:545} INFO - Filling up the DagBag from /home/airflow/.local/lib/python3.12/site-packages/airflow/example_dags/example_python_decorator.py
[2024-08-13T11:56:19.413+0000] {processor.py:840} INFO - DAG(s) 'example_python_decorator' retrieved from /home/airflow/.local/lib/python3.12/site-packages/airflow/example_dags/example_python_decorator.py
[2024-08-13T11:56:19.425+0000] {logging_mixin.py:188} INFO - [2024-08-13T11:56:19.425+0000] {dag.py:3089} INFO - Sync 1 DAGs
[2024-08-13T11:56:19.432+0000] {logging_mixin.py:188} INFO - [2024-08-13T11:56:19.432+0000] {dag.py:3947} INFO - Setting next_dagrun for example_python_decorator to None, run_after=None
[2024-08-13T11:56:19.442+0000] {processor.py:183} INFO - Processing /home/airflow/.local/lib/python3.12/site-packages/airflow/example_dags/example_python_decorator.py took 0.047 seconds
[2024-08-13T11:56:49.511+0000] {processor.py:161} INFO - Started process (PID=557) to work on /home/airflow/.local/lib/python3.12/site-packages/airflow/example_dags/example_python_decorator.py
[2024-08-13T11:56:49.512+0000] {processor.py:830} INFO - Processing file /home/airflow/.local/lib/python3.12/site-packages/airflow/example_dags/example_python_decorator.py for tasks to queue
[2024-08-13T11:56:49.513+0000] {logging_mixin.py:188} INFO - [2024-08-13T11:56:49.513+0000] {dagbag.py:545} INFO - Filling up the DagBag from /home/airflow/.local/lib/python3.12/site-packages/airflow/example_dags/example_python_decorator.py
[2024-08-13T11:56:49.523+0000] {processor.py:840} INFO - DAG(s) 'example_python_decorator' retrieved from /home/airflow/.local/lib/python3.12/site-packages/airflow/example_dags/example_python_decorator.py
[2024-08-13T11:56:49.535+0000] {logging_mixin.py:188} INFO - [2024-08-13T11:56:49.535+0000] {dag.py:3089} INFO - Sync 1 DAGs
[2024-08-13T11:56:49.541+0000] {logging_mixin.py:188} INFO - [2024-08-13T11:56:49.541+0000] {dag.py:3947} INFO - Setting next_dagrun for example_python_decorator to None, run_after=None
[2024-08-13T11:56:49.554+0000] {processor.py:183} INFO - Processing /home/airflow/.local/lib/python3.12/site-packages/airflow/example_dags/example_python_decorator.py took 0.047 seconds
