[2024-08-13T11:52:18.481+0000] {processor.py:161} INFO - Started process (PID=45) to work on /home/airflow/.local/lib/python3.12/site-packages/airflow/example_dags/example_subdag_operator.py
[2024-08-13T11:52:18.491+0000] {processor.py:830} INFO - Processing file /home/airflow/.local/lib/python3.12/site-packages/airflow/example_dags/example_subdag_operator.py for tasks to queue
[2024-08-13T11:52:18.493+0000] {logging_mixin.py:188} INFO - [2024-08-13T11:52:18.493+0000] {dagbag.py:545} INFO - Filling up the DagBag from /home/airflow/.local/lib/python3.12/site-packages/airflow/example_dags/example_subdag_operator.py
[2024-08-13T11:52:18.537+0000] {processor.py:840} INFO - DAG(s) 'example_subdag_operator.section-1', 'example_subdag_operator.section-2', 'example_subdag_operator' retrieved from /home/airflow/.local/lib/python3.12/site-packages/airflow/example_dags/example_subdag_operator.py
[2024-08-13T11:52:18.737+0000] {logging_mixin.py:188} INFO - [2024-08-13T11:52:18.737+0000] {override.py:1858} INFO - Created Permission View: can edit on DAG:example_subdag_operator
[2024-08-13T11:52:18.751+0000] {logging_mixin.py:188} INFO - [2024-08-13T11:52:18.750+0000] {override.py:1858} INFO - Created Permission View: can read on DAG:example_subdag_operator
[2024-08-13T11:52:18.761+0000] {logging_mixin.py:188} INFO - [2024-08-13T11:52:18.761+0000] {override.py:1858} INFO - Created Permission View: can delete on DAG:example_subdag_operator
[2024-08-13T11:52:18.761+0000] {logging_mixin.py:188} INFO - [2024-08-13T11:52:18.761+0000] {dag.py:3089} INFO - Sync 3 DAGs
[2024-08-13T11:52:18.794+0000] {logging_mixin.py:188} INFO - [2024-08-13T11:52:18.793+0000] {dag.py:3111} INFO - Creating ORM DAG for example_subdag_operator
[2024-08-13T11:52:18.795+0000] {logging_mixin.py:188} INFO - [2024-08-13T11:52:18.795+0000] {dag.py:3111} INFO - Creating ORM DAG for example_subdag_operator.section-2
[2024-08-13T11:52:18.796+0000] {logging_mixin.py:188} INFO - [2024-08-13T11:52:18.796+0000] {dag.py:3111} INFO - Creating ORM DAG for example_subdag_operator.section-1
[2024-08-13T11:52:18.816+0000] {logging_mixin.py:188} INFO - [2024-08-13T11:52:18.816+0000] {dag.py:3947} INFO - Setting next_dagrun for example_subdag_operator to 2022-01-01 00:00:00+00:00, run_after=2022-01-01 00:00:00+00:00
[2024-08-13T11:52:18.816+0000] {logging_mixin.py:188} INFO - [2024-08-13T11:52:18.816+0000] {dag.py:3947} INFO - Setting next_dagrun for example_subdag_operator.section-1 to None, run_after=None
[2024-08-13T11:52:18.817+0000] {logging_mixin.py:188} INFO - [2024-08-13T11:52:18.817+0000] {dag.py:3947} INFO - Setting next_dagrun for example_subdag_operator.section-2 to None, run_after=None
[2024-08-13T11:52:18.823+0000] {logging_mixin.py:188} INFO - [2024-08-13T11:52:18.823+0000] {dag.py:3089} INFO - Sync 2 DAGs
[2024-08-13T11:52:18.826+0000] {logging_mixin.py:188} INFO - [2024-08-13T11:52:18.825+0000] {dag.py:3947} INFO - Setting next_dagrun for example_subdag_operator.section-1 to None, run_after=None
[2024-08-13T11:52:18.828+0000] {logging_mixin.py:188} INFO - [2024-08-13T11:52:18.828+0000] {dag.py:3947} INFO - Setting next_dagrun for example_subdag_operator.section-2 to None, run_after=None
[2024-08-13T11:52:18.844+0000] {processor.py:183} INFO - Processing /home/airflow/.local/lib/python3.12/site-packages/airflow/example_dags/example_subdag_operator.py took 0.366 seconds
[2024-08-13T11:52:48.864+0000] {processor.py:161} INFO - Started process (PID=103) to work on /home/airflow/.local/lib/python3.12/site-packages/airflow/example_dags/example_subdag_operator.py
[2024-08-13T11:52:48.865+0000] {processor.py:830} INFO - Processing file /home/airflow/.local/lib/python3.12/site-packages/airflow/example_dags/example_subdag_operator.py for tasks to queue
[2024-08-13T11:52:48.866+0000] {logging_mixin.py:188} INFO - [2024-08-13T11:52:48.866+0000] {dagbag.py:545} INFO - Filling up the DagBag from /home/airflow/.local/lib/python3.12/site-packages/airflow/example_dags/example_subdag_operator.py
[2024-08-13T11:52:48.880+0000] {processor.py:840} INFO - DAG(s) 'example_subdag_operator.section-1', 'example_subdag_operator.section-2', 'example_subdag_operator' retrieved from /home/airflow/.local/lib/python3.12/site-packages/airflow/example_dags/example_subdag_operator.py
[2024-08-13T11:52:48.887+0000] {logging_mixin.py:188} INFO - [2024-08-13T11:52:48.887+0000] {dag.py:3089} INFO - Sync 3 DAGs
[2024-08-13T11:52:48.900+0000] {logging_mixin.py:188} INFO - [2024-08-13T11:52:48.899+0000] {dag.py:3947} INFO - Setting next_dagrun for example_subdag_operator to 2022-01-01 00:00:00+00:00, run_after=2022-01-01 00:00:00+00:00
[2024-08-13T11:52:48.902+0000] {logging_mixin.py:188} INFO - [2024-08-13T11:52:48.902+0000] {dag.py:3947} INFO - Setting next_dagrun for example_subdag_operator.section-1 to None, run_after=None
[2024-08-13T11:52:48.903+0000] {logging_mixin.py:188} INFO - [2024-08-13T11:52:48.903+0000] {dag.py:3947} INFO - Setting next_dagrun for example_subdag_operator.section-2 to None, run_after=None
[2024-08-13T11:52:48.911+0000] {logging_mixin.py:188} INFO - [2024-08-13T11:52:48.911+0000] {dag.py:3089} INFO - Sync 2 DAGs
[2024-08-13T11:52:48.913+0000] {logging_mixin.py:188} INFO - [2024-08-13T11:52:48.913+0000] {dag.py:3947} INFO - Setting next_dagrun for example_subdag_operator.section-1 to None, run_after=None
[2024-08-13T11:52:48.914+0000] {logging_mixin.py:188} INFO - [2024-08-13T11:52:48.914+0000] {dag.py:3947} INFO - Setting next_dagrun for example_subdag_operator.section-2 to None, run_after=None
[2024-08-13T11:52:48.919+0000] {processor.py:183} INFO - Processing /home/airflow/.local/lib/python3.12/site-packages/airflow/example_dags/example_subdag_operator.py took 0.059 seconds
[2024-08-13T11:53:19.248+0000] {processor.py:161} INFO - Started process (PID=161) to work on /home/airflow/.local/lib/python3.12/site-packages/airflow/example_dags/example_subdag_operator.py
[2024-08-13T11:53:19.249+0000] {processor.py:830} INFO - Processing file /home/airflow/.local/lib/python3.12/site-packages/airflow/example_dags/example_subdag_operator.py for tasks to queue
[2024-08-13T11:53:19.250+0000] {logging_mixin.py:188} INFO - [2024-08-13T11:53:19.250+0000] {dagbag.py:545} INFO - Filling up the DagBag from /home/airflow/.local/lib/python3.12/site-packages/airflow/example_dags/example_subdag_operator.py
[2024-08-13T11:53:19.263+0000] {processor.py:840} INFO - DAG(s) 'example_subdag_operator.section-1', 'example_subdag_operator.section-2', 'example_subdag_operator' retrieved from /home/airflow/.local/lib/python3.12/site-packages/airflow/example_dags/example_subdag_operator.py
[2024-08-13T11:53:19.270+0000] {logging_mixin.py:188} INFO - [2024-08-13T11:53:19.270+0000] {dag.py:3089} INFO - Sync 3 DAGs
[2024-08-13T11:53:19.281+0000] {logging_mixin.py:188} INFO - [2024-08-13T11:53:19.281+0000] {dag.py:3947} INFO - Setting next_dagrun for example_subdag_operator to 2022-01-01 00:00:00+00:00, run_after=2022-01-01 00:00:00+00:00
[2024-08-13T11:53:19.283+0000] {logging_mixin.py:188} INFO - [2024-08-13T11:53:19.283+0000] {dag.py:3947} INFO - Setting next_dagrun for example_subdag_operator.section-1 to None, run_after=None
[2024-08-13T11:53:19.284+0000] {logging_mixin.py:188} INFO - [2024-08-13T11:53:19.284+0000] {dag.py:3947} INFO - Setting next_dagrun for example_subdag_operator.section-2 to None, run_after=None
[2024-08-13T11:53:19.287+0000] {logging_mixin.py:188} INFO - [2024-08-13T11:53:19.287+0000] {dag.py:3089} INFO - Sync 2 DAGs
[2024-08-13T11:53:19.291+0000] {logging_mixin.py:188} INFO - [2024-08-13T11:53:19.290+0000] {dag.py:3947} INFO - Setting next_dagrun for example_subdag_operator.section-1 to None, run_after=None
[2024-08-13T11:53:19.291+0000] {logging_mixin.py:188} INFO - [2024-08-13T11:53:19.291+0000] {dag.py:3947} INFO - Setting next_dagrun for example_subdag_operator.section-2 to None, run_after=None
[2024-08-13T11:53:19.298+0000] {processor.py:183} INFO - Processing /home/airflow/.local/lib/python3.12/site-packages/airflow/example_dags/example_subdag_operator.py took 0.055 seconds
[2024-08-13T11:53:49.399+0000] {processor.py:161} INFO - Started process (PID=219) to work on /home/airflow/.local/lib/python3.12/site-packages/airflow/example_dags/example_subdag_operator.py
[2024-08-13T11:53:49.400+0000] {processor.py:830} INFO - Processing file /home/airflow/.local/lib/python3.12/site-packages/airflow/example_dags/example_subdag_operator.py for tasks to queue
[2024-08-13T11:53:49.401+0000] {logging_mixin.py:188} INFO - [2024-08-13T11:53:49.401+0000] {dagbag.py:545} INFO - Filling up the DagBag from /home/airflow/.local/lib/python3.12/site-packages/airflow/example_dags/example_subdag_operator.py
[2024-08-13T11:53:49.421+0000] {processor.py:840} INFO - DAG(s) 'example_subdag_operator.section-1', 'example_subdag_operator.section-2', 'example_subdag_operator' retrieved from /home/airflow/.local/lib/python3.12/site-packages/airflow/example_dags/example_subdag_operator.py
[2024-08-13T11:53:49.431+0000] {logging_mixin.py:188} INFO - [2024-08-13T11:53:49.430+0000] {dag.py:3089} INFO - Sync 3 DAGs
[2024-08-13T11:53:49.445+0000] {logging_mixin.py:188} INFO - [2024-08-13T11:53:49.445+0000] {dag.py:3947} INFO - Setting next_dagrun for example_subdag_operator to 2022-01-01 00:00:00+00:00, run_after=2022-01-01 00:00:00+00:00
[2024-08-13T11:53:49.449+0000] {logging_mixin.py:188} INFO - [2024-08-13T11:53:49.448+0000] {dag.py:3947} INFO - Setting next_dagrun for example_subdag_operator.section-1 to None, run_after=None
[2024-08-13T11:53:49.450+0000] {logging_mixin.py:188} INFO - [2024-08-13T11:53:49.450+0000] {dag.py:3947} INFO - Setting next_dagrun for example_subdag_operator.section-2 to None, run_after=None
[2024-08-13T11:53:49.463+0000] {logging_mixin.py:188} INFO - [2024-08-13T11:53:49.462+0000] {dag.py:3089} INFO - Sync 2 DAGs
[2024-08-13T11:53:49.474+0000] {logging_mixin.py:188} INFO - [2024-08-13T11:53:49.473+0000] {dag.py:3947} INFO - Setting next_dagrun for example_subdag_operator.section-1 to None, run_after=None
[2024-08-13T11:53:49.475+0000] {logging_mixin.py:188} INFO - [2024-08-13T11:53:49.474+0000] {dag.py:3947} INFO - Setting next_dagrun for example_subdag_operator.section-2 to None, run_after=None
[2024-08-13T11:53:49.496+0000] {processor.py:183} INFO - Processing /home/airflow/.local/lib/python3.12/site-packages/airflow/example_dags/example_subdag_operator.py took 0.102 seconds
[2024-08-13T11:54:19.745+0000] {processor.py:161} INFO - Started process (PID=277) to work on /home/airflow/.local/lib/python3.12/site-packages/airflow/example_dags/example_subdag_operator.py
[2024-08-13T11:54:19.745+0000] {processor.py:830} INFO - Processing file /home/airflow/.local/lib/python3.12/site-packages/airflow/example_dags/example_subdag_operator.py for tasks to queue
[2024-08-13T11:54:19.747+0000] {logging_mixin.py:188} INFO - [2024-08-13T11:54:19.746+0000] {dagbag.py:545} INFO - Filling up the DagBag from /home/airflow/.local/lib/python3.12/site-packages/airflow/example_dags/example_subdag_operator.py
[2024-08-13T11:54:19.763+0000] {processor.py:840} INFO - DAG(s) 'example_subdag_operator.section-1', 'example_subdag_operator.section-2', 'example_subdag_operator' retrieved from /home/airflow/.local/lib/python3.12/site-packages/airflow/example_dags/example_subdag_operator.py
[2024-08-13T11:54:19.772+0000] {logging_mixin.py:188} INFO - [2024-08-13T11:54:19.771+0000] {dag.py:3089} INFO - Sync 3 DAGs
[2024-08-13T11:54:19.783+0000] {logging_mixin.py:188} INFO - [2024-08-13T11:54:19.782+0000] {dag.py:3947} INFO - Setting next_dagrun for example_subdag_operator to 2022-01-01 00:00:00+00:00, run_after=2022-01-01 00:00:00+00:00
[2024-08-13T11:54:19.785+0000] {logging_mixin.py:188} INFO - [2024-08-13T11:54:19.785+0000] {dag.py:3947} INFO - Setting next_dagrun for example_subdag_operator.section-1 to None, run_after=None
[2024-08-13T11:54:19.785+0000] {logging_mixin.py:188} INFO - [2024-08-13T11:54:19.785+0000] {dag.py:3947} INFO - Setting next_dagrun for example_subdag_operator.section-2 to None, run_after=None
[2024-08-13T11:54:19.789+0000] {logging_mixin.py:188} INFO - [2024-08-13T11:54:19.789+0000] {dag.py:3089} INFO - Sync 2 DAGs
[2024-08-13T11:54:19.792+0000] {logging_mixin.py:188} INFO - [2024-08-13T11:54:19.792+0000] {dag.py:3947} INFO - Setting next_dagrun for example_subdag_operator.section-1 to None, run_after=None
[2024-08-13T11:54:19.793+0000] {logging_mixin.py:188} INFO - [2024-08-13T11:54:19.793+0000] {dag.py:3947} INFO - Setting next_dagrun for example_subdag_operator.section-2 to None, run_after=None
[2024-08-13T11:54:19.801+0000] {processor.py:183} INFO - Processing /home/airflow/.local/lib/python3.12/site-packages/airflow/example_dags/example_subdag_operator.py took 0.059 seconds
[2024-08-13T11:54:49.939+0000] {processor.py:161} INFO - Started process (PID=335) to work on /home/airflow/.local/lib/python3.12/site-packages/airflow/example_dags/example_subdag_operator.py
[2024-08-13T11:54:49.940+0000] {processor.py:830} INFO - Processing file /home/airflow/.local/lib/python3.12/site-packages/airflow/example_dags/example_subdag_operator.py for tasks to queue
[2024-08-13T11:54:49.941+0000] {logging_mixin.py:188} INFO - [2024-08-13T11:54:49.941+0000] {dagbag.py:545} INFO - Filling up the DagBag from /home/airflow/.local/lib/python3.12/site-packages/airflow/example_dags/example_subdag_operator.py
[2024-08-13T11:54:49.956+0000] {processor.py:840} INFO - DAG(s) 'example_subdag_operator.section-1', 'example_subdag_operator.section-2', 'example_subdag_operator' retrieved from /home/airflow/.local/lib/python3.12/site-packages/airflow/example_dags/example_subdag_operator.py
[2024-08-13T11:54:49.965+0000] {logging_mixin.py:188} INFO - [2024-08-13T11:54:49.965+0000] {dag.py:3089} INFO - Sync 3 DAGs
[2024-08-13T11:54:49.977+0000] {logging_mixin.py:188} INFO - [2024-08-13T11:54:49.977+0000] {dag.py:3947} INFO - Setting next_dagrun for example_subdag_operator to 2022-01-01 00:00:00+00:00, run_after=2022-01-01 00:00:00+00:00
[2024-08-13T11:54:49.980+0000] {logging_mixin.py:188} INFO - [2024-08-13T11:54:49.980+0000] {dag.py:3947} INFO - Setting next_dagrun for example_subdag_operator.section-1 to None, run_after=None
[2024-08-13T11:54:49.980+0000] {logging_mixin.py:188} INFO - [2024-08-13T11:54:49.980+0000] {dag.py:3947} INFO - Setting next_dagrun for example_subdag_operator.section-2 to None, run_after=None
[2024-08-13T11:54:49.985+0000] {logging_mixin.py:188} INFO - [2024-08-13T11:54:49.985+0000] {dag.py:3089} INFO - Sync 2 DAGs
[2024-08-13T11:54:49.989+0000] {logging_mixin.py:188} INFO - [2024-08-13T11:54:49.989+0000] {dag.py:3947} INFO - Setting next_dagrun for example_subdag_operator.section-1 to None, run_after=None
[2024-08-13T11:54:49.989+0000] {logging_mixin.py:188} INFO - [2024-08-13T11:54:49.989+0000] {dag.py:3947} INFO - Setting next_dagrun for example_subdag_operator.section-2 to None, run_after=None
[2024-08-13T11:54:49.997+0000] {processor.py:183} INFO - Processing /home/airflow/.local/lib/python3.12/site-packages/airflow/example_dags/example_subdag_operator.py took 0.062 seconds
[2024-08-13T11:55:20.304+0000] {processor.py:161} INFO - Started process (PID=392) to work on /home/airflow/.local/lib/python3.12/site-packages/airflow/example_dags/example_subdag_operator.py
[2024-08-13T11:55:20.305+0000] {processor.py:830} INFO - Processing file /home/airflow/.local/lib/python3.12/site-packages/airflow/example_dags/example_subdag_operator.py for tasks to queue
[2024-08-13T11:55:20.306+0000] {logging_mixin.py:188} INFO - [2024-08-13T11:55:20.306+0000] {dagbag.py:545} INFO - Filling up the DagBag from /home/airflow/.local/lib/python3.12/site-packages/airflow/example_dags/example_subdag_operator.py
[2024-08-13T11:55:20.319+0000] {processor.py:840} INFO - DAG(s) 'example_subdag_operator.section-1', 'example_subdag_operator.section-2', 'example_subdag_operator' retrieved from /home/airflow/.local/lib/python3.12/site-packages/airflow/example_dags/example_subdag_operator.py
[2024-08-13T11:55:20.327+0000] {logging_mixin.py:188} INFO - [2024-08-13T11:55:20.327+0000] {dag.py:3089} INFO - Sync 3 DAGs
[2024-08-13T11:55:20.341+0000] {logging_mixin.py:188} INFO - [2024-08-13T11:55:20.340+0000] {dag.py:3947} INFO - Setting next_dagrun for example_subdag_operator to 2022-01-01 00:00:00+00:00, run_after=2022-01-01 00:00:00+00:00
[2024-08-13T11:55:20.344+0000] {logging_mixin.py:188} INFO - [2024-08-13T11:55:20.344+0000] {dag.py:3947} INFO - Setting next_dagrun for example_subdag_operator.section-1 to None, run_after=None
[2024-08-13T11:55:20.346+0000] {logging_mixin.py:188} INFO - [2024-08-13T11:55:20.345+0000] {dag.py:3947} INFO - Setting next_dagrun for example_subdag_operator.section-2 to None, run_after=None
[2024-08-13T11:55:20.350+0000] {logging_mixin.py:188} INFO - [2024-08-13T11:55:20.350+0000] {dag.py:3089} INFO - Sync 2 DAGs
[2024-08-13T11:55:20.355+0000] {logging_mixin.py:188} INFO - [2024-08-13T11:55:20.354+0000] {dag.py:3947} INFO - Setting next_dagrun for example_subdag_operator.section-1 to None, run_after=None
[2024-08-13T11:55:20.355+0000] {logging_mixin.py:188} INFO - [2024-08-13T11:55:20.355+0000] {dag.py:3947} INFO - Setting next_dagrun for example_subdag_operator.section-2 to None, run_after=None
[2024-08-13T11:55:20.361+0000] {processor.py:183} INFO - Processing /home/airflow/.local/lib/python3.12/site-packages/airflow/example_dags/example_subdag_operator.py took 0.060 seconds
[2024-08-13T11:55:50.528+0000] {processor.py:161} INFO - Started process (PID=450) to work on /home/airflow/.local/lib/python3.12/site-packages/airflow/example_dags/example_subdag_operator.py
[2024-08-13T11:55:50.529+0000] {processor.py:830} INFO - Processing file /home/airflow/.local/lib/python3.12/site-packages/airflow/example_dags/example_subdag_operator.py for tasks to queue
[2024-08-13T11:55:50.531+0000] {logging_mixin.py:188} INFO - [2024-08-13T11:55:50.530+0000] {dagbag.py:545} INFO - Filling up the DagBag from /home/airflow/.local/lib/python3.12/site-packages/airflow/example_dags/example_subdag_operator.py
[2024-08-13T11:55:50.552+0000] {processor.py:840} INFO - DAG(s) 'example_subdag_operator.section-1', 'example_subdag_operator.section-2', 'example_subdag_operator' retrieved from /home/airflow/.local/lib/python3.12/site-packages/airflow/example_dags/example_subdag_operator.py
[2024-08-13T11:55:50.562+0000] {logging_mixin.py:188} INFO - [2024-08-13T11:55:50.561+0000] {dag.py:3089} INFO - Sync 3 DAGs
[2024-08-13T11:55:50.574+0000] {logging_mixin.py:188} INFO - [2024-08-13T11:55:50.574+0000] {dag.py:3947} INFO - Setting next_dagrun for example_subdag_operator to 2022-01-01 00:00:00+00:00, run_after=2022-01-01 00:00:00+00:00
[2024-08-13T11:55:50.576+0000] {logging_mixin.py:188} INFO - [2024-08-13T11:55:50.576+0000] {dag.py:3947} INFO - Setting next_dagrun for example_subdag_operator.section-1 to None, run_after=None
[2024-08-13T11:55:50.577+0000] {logging_mixin.py:188} INFO - [2024-08-13T11:55:50.577+0000] {dag.py:3947} INFO - Setting next_dagrun for example_subdag_operator.section-2 to None, run_after=None
[2024-08-13T11:55:50.582+0000] {logging_mixin.py:188} INFO - [2024-08-13T11:55:50.582+0000] {dag.py:3089} INFO - Sync 2 DAGs
[2024-08-13T11:55:50.586+0000] {logging_mixin.py:188} INFO - [2024-08-13T11:55:50.585+0000] {dag.py:3947} INFO - Setting next_dagrun for example_subdag_operator.section-1 to None, run_after=None
[2024-08-13T11:55:50.586+0000] {logging_mixin.py:188} INFO - [2024-08-13T11:55:50.586+0000] {dag.py:3947} INFO - Setting next_dagrun for example_subdag_operator.section-2 to None, run_after=None
[2024-08-13T11:55:50.593+0000] {processor.py:183} INFO - Processing /home/airflow/.local/lib/python3.12/site-packages/airflow/example_dags/example_subdag_operator.py took 0.068 seconds
[2024-08-13T11:56:20.745+0000] {processor.py:161} INFO - Started process (PID=508) to work on /home/airflow/.local/lib/python3.12/site-packages/airflow/example_dags/example_subdag_operator.py
[2024-08-13T11:56:20.746+0000] {processor.py:830} INFO - Processing file /home/airflow/.local/lib/python3.12/site-packages/airflow/example_dags/example_subdag_operator.py for tasks to queue
[2024-08-13T11:56:20.748+0000] {logging_mixin.py:188} INFO - [2024-08-13T11:56:20.747+0000] {dagbag.py:545} INFO - Filling up the DagBag from /home/airflow/.local/lib/python3.12/site-packages/airflow/example_dags/example_subdag_operator.py
[2024-08-13T11:56:20.763+0000] {processor.py:840} INFO - DAG(s) 'example_subdag_operator.section-1', 'example_subdag_operator.section-2', 'example_subdag_operator' retrieved from /home/airflow/.local/lib/python3.12/site-packages/airflow/example_dags/example_subdag_operator.py
[2024-08-13T11:56:20.774+0000] {logging_mixin.py:188} INFO - [2024-08-13T11:56:20.773+0000] {dag.py:3089} INFO - Sync 3 DAGs
[2024-08-13T11:56:20.788+0000] {logging_mixin.py:188} INFO - [2024-08-13T11:56:20.788+0000] {dag.py:3947} INFO - Setting next_dagrun for example_subdag_operator to 2022-01-01 00:00:00+00:00, run_after=2022-01-01 00:00:00+00:00
[2024-08-13T11:56:20.791+0000] {logging_mixin.py:188} INFO - [2024-08-13T11:56:20.791+0000] {dag.py:3947} INFO - Setting next_dagrun for example_subdag_operator.section-1 to None, run_after=None
[2024-08-13T11:56:20.792+0000] {logging_mixin.py:188} INFO - [2024-08-13T11:56:20.792+0000] {dag.py:3947} INFO - Setting next_dagrun for example_subdag_operator.section-2 to None, run_after=None
[2024-08-13T11:56:20.797+0000] {logging_mixin.py:188} INFO - [2024-08-13T11:56:20.796+0000] {dag.py:3089} INFO - Sync 2 DAGs
[2024-08-13T11:56:20.800+0000] {logging_mixin.py:188} INFO - [2024-08-13T11:56:20.800+0000] {dag.py:3947} INFO - Setting next_dagrun for example_subdag_operator.section-1 to None, run_after=None
[2024-08-13T11:56:20.801+0000] {logging_mixin.py:188} INFO - [2024-08-13T11:56:20.801+0000] {dag.py:3947} INFO - Setting next_dagrun for example_subdag_operator.section-2 to None, run_after=None
[2024-08-13T11:56:20.809+0000] {processor.py:183} INFO - Processing /home/airflow/.local/lib/python3.12/site-packages/airflow/example_dags/example_subdag_operator.py took 0.068 seconds
[2024-08-13T11:56:50.828+0000] {processor.py:161} INFO - Started process (PID=566) to work on /home/airflow/.local/lib/python3.12/site-packages/airflow/example_dags/example_subdag_operator.py
[2024-08-13T11:56:50.828+0000] {processor.py:830} INFO - Processing file /home/airflow/.local/lib/python3.12/site-packages/airflow/example_dags/example_subdag_operator.py for tasks to queue
[2024-08-13T11:56:50.830+0000] {logging_mixin.py:188} INFO - [2024-08-13T11:56:50.830+0000] {dagbag.py:545} INFO - Filling up the DagBag from /home/airflow/.local/lib/python3.12/site-packages/airflow/example_dags/example_subdag_operator.py
[2024-08-13T11:56:50.844+0000] {processor.py:840} INFO - DAG(s) 'example_subdag_operator.section-1', 'example_subdag_operator.section-2', 'example_subdag_operator' retrieved from /home/airflow/.local/lib/python3.12/site-packages/airflow/example_dags/example_subdag_operator.py
[2024-08-13T11:56:50.851+0000] {logging_mixin.py:188} INFO - [2024-08-13T11:56:50.851+0000] {dag.py:3089} INFO - Sync 3 DAGs
[2024-08-13T11:56:50.862+0000] {logging_mixin.py:188} INFO - [2024-08-13T11:56:50.862+0000] {dag.py:3947} INFO - Setting next_dagrun for example_subdag_operator to 2022-01-01 00:00:00+00:00, run_after=2022-01-01 00:00:00+00:00
[2024-08-13T11:56:50.864+0000] {logging_mixin.py:188} INFO - [2024-08-13T11:56:50.864+0000] {dag.py:3947} INFO - Setting next_dagrun for example_subdag_operator.section-1 to None, run_after=None
[2024-08-13T11:56:50.865+0000] {logging_mixin.py:188} INFO - [2024-08-13T11:56:50.865+0000] {dag.py:3947} INFO - Setting next_dagrun for example_subdag_operator.section-2 to None, run_after=None
[2024-08-13T11:56:50.869+0000] {logging_mixin.py:188} INFO - [2024-08-13T11:56:50.869+0000] {dag.py:3089} INFO - Sync 2 DAGs
[2024-08-13T11:56:50.872+0000] {logging_mixin.py:188} INFO - [2024-08-13T11:56:50.872+0000] {dag.py:3947} INFO - Setting next_dagrun for example_subdag_operator.section-1 to None, run_after=None
[2024-08-13T11:56:50.873+0000] {logging_mixin.py:188} INFO - [2024-08-13T11:56:50.873+0000] {dag.py:3947} INFO - Setting next_dagrun for example_subdag_operator.section-2 to None, run_after=None
[2024-08-13T11:56:50.890+0000] {processor.py:183} INFO - Processing /home/airflow/.local/lib/python3.12/site-packages/airflow/example_dags/example_subdag_operator.py took 0.066 seconds
