[2024-08-13T11:52:20.648+0000] {processor.py:161} INFO - Started process (PID=61) to work on /home/airflow/.local/lib/python3.12/site-packages/airflow/example_dags/example_external_task_marker_dag.py
[2024-08-13T11:52:20.652+0000] {processor.py:830} INFO - Processing file /home/airflow/.local/lib/python3.12/site-packages/airflow/example_dags/example_external_task_marker_dag.py for tasks to queue
[2024-08-13T11:52:20.654+0000] {logging_mixin.py:188} INFO - [2024-08-13T11:52:20.654+0000] {dagbag.py:545} INFO - Filling up the DagBag from /home/airflow/.local/lib/python3.12/site-packages/airflow/example_dags/example_external_task_marker_dag.py
[2024-08-13T11:52:20.662+0000] {processor.py:840} INFO - DAG(s) 'example_external_task_marker_child', 'example_external_task_marker_parent' retrieved from /home/airflow/.local/lib/python3.12/site-packages/airflow/example_dags/example_external_task_marker_dag.py
[2024-08-13T11:52:20.776+0000] {logging_mixin.py:188} INFO - [2024-08-13T11:52:20.775+0000] {override.py:1858} INFO - Created Permission View: can edit on DAG:example_external_task_marker_child
[2024-08-13T11:52:20.782+0000] {logging_mixin.py:188} INFO - [2024-08-13T11:52:20.782+0000] {override.py:1858} INFO - Created Permission View: can read on DAG:example_external_task_marker_child
[2024-08-13T11:52:20.788+0000] {logging_mixin.py:188} INFO - [2024-08-13T11:52:20.787+0000] {override.py:1858} INFO - Created Permission View: can delete on DAG:example_external_task_marker_child
[2024-08-13T11:52:20.804+0000] {logging_mixin.py:188} INFO - [2024-08-13T11:52:20.804+0000] {override.py:1858} INFO - Created Permission View: can edit on DAG:example_external_task_marker_parent
[2024-08-13T11:52:20.809+0000] {logging_mixin.py:188} INFO - [2024-08-13T11:52:20.808+0000] {override.py:1858} INFO - Created Permission View: can read on DAG:example_external_task_marker_parent
[2024-08-13T11:52:20.812+0000] {logging_mixin.py:188} INFO - [2024-08-13T11:52:20.812+0000] {override.py:1858} INFO - Created Permission View: can delete on DAG:example_external_task_marker_parent
[2024-08-13T11:52:20.812+0000] {logging_mixin.py:188} INFO - [2024-08-13T11:52:20.812+0000] {dag.py:3089} INFO - Sync 2 DAGs
[2024-08-13T11:52:20.819+0000] {logging_mixin.py:188} INFO - [2024-08-13T11:52:20.819+0000] {dag.py:3111} INFO - Creating ORM DAG for example_external_task_marker_parent
[2024-08-13T11:52:20.819+0000] {logging_mixin.py:188} INFO - [2024-08-13T11:52:20.819+0000] {dag.py:3111} INFO - Creating ORM DAG for example_external_task_marker_child
[2024-08-13T11:52:20.820+0000] {logging_mixin.py:188} INFO - [2024-08-13T11:52:20.820+0000] {dag.py:3947} INFO - Setting next_dagrun for example_external_task_marker_child to None, run_after=None
[2024-08-13T11:52:20.821+0000] {logging_mixin.py:188} INFO - [2024-08-13T11:52:20.820+0000] {dag.py:3947} INFO - Setting next_dagrun for example_external_task_marker_parent to None, run_after=None
[2024-08-13T11:52:20.847+0000] {processor.py:183} INFO - Processing /home/airflow/.local/lib/python3.12/site-packages/airflow/example_dags/example_external_task_marker_dag.py took 0.202 seconds
[2024-08-13T11:52:51.800+0000] {processor.py:161} INFO - Started process (PID=119) to work on /home/airflow/.local/lib/python3.12/site-packages/airflow/example_dags/example_external_task_marker_dag.py
[2024-08-13T11:52:51.801+0000] {processor.py:830} INFO - Processing file /home/airflow/.local/lib/python3.12/site-packages/airflow/example_dags/example_external_task_marker_dag.py for tasks to queue
[2024-08-13T11:52:51.804+0000] {logging_mixin.py:188} INFO - [2024-08-13T11:52:51.804+0000] {dagbag.py:545} INFO - Filling up the DagBag from /home/airflow/.local/lib/python3.12/site-packages/airflow/example_dags/example_external_task_marker_dag.py
[2024-08-13T11:52:51.810+0000] {processor.py:840} INFO - DAG(s) 'example_external_task_marker_parent', 'example_external_task_marker_child' retrieved from /home/airflow/.local/lib/python3.12/site-packages/airflow/example_dags/example_external_task_marker_dag.py
[2024-08-13T11:52:51.826+0000] {logging_mixin.py:188} INFO - [2024-08-13T11:52:51.825+0000] {dag.py:3089} INFO - Sync 2 DAGs
[2024-08-13T11:52:51.833+0000] {logging_mixin.py:188} INFO - [2024-08-13T11:52:51.833+0000] {dag.py:3947} INFO - Setting next_dagrun for example_external_task_marker_child to None, run_after=None
[2024-08-13T11:52:51.836+0000] {logging_mixin.py:188} INFO - [2024-08-13T11:52:51.835+0000] {dag.py:3947} INFO - Setting next_dagrun for example_external_task_marker_parent to None, run_after=None
[2024-08-13T11:52:51.845+0000] {processor.py:183} INFO - Processing /home/airflow/.local/lib/python3.12/site-packages/airflow/example_dags/example_external_task_marker_dag.py took 0.053 seconds
[2024-08-13T11:53:21.893+0000] {processor.py:161} INFO - Started process (PID=177) to work on /home/airflow/.local/lib/python3.12/site-packages/airflow/example_dags/example_external_task_marker_dag.py
[2024-08-13T11:53:21.894+0000] {processor.py:830} INFO - Processing file /home/airflow/.local/lib/python3.12/site-packages/airflow/example_dags/example_external_task_marker_dag.py for tasks to queue
[2024-08-13T11:53:21.895+0000] {logging_mixin.py:188} INFO - [2024-08-13T11:53:21.895+0000] {dagbag.py:545} INFO - Filling up the DagBag from /home/airflow/.local/lib/python3.12/site-packages/airflow/example_dags/example_external_task_marker_dag.py
[2024-08-13T11:53:21.900+0000] {processor.py:840} INFO - DAG(s) 'example_external_task_marker_child', 'example_external_task_marker_parent' retrieved from /home/airflow/.local/lib/python3.12/site-packages/airflow/example_dags/example_external_task_marker_dag.py
[2024-08-13T11:53:21.914+0000] {logging_mixin.py:188} INFO - [2024-08-13T11:53:21.914+0000] {dag.py:3089} INFO - Sync 2 DAGs
[2024-08-13T11:53:21.924+0000] {logging_mixin.py:188} INFO - [2024-08-13T11:53:21.924+0000] {dag.py:3947} INFO - Setting next_dagrun for example_external_task_marker_child to None, run_after=None
[2024-08-13T11:53:21.927+0000] {logging_mixin.py:188} INFO - [2024-08-13T11:53:21.926+0000] {dag.py:3947} INFO - Setting next_dagrun for example_external_task_marker_parent to None, run_after=None
[2024-08-13T11:53:21.936+0000] {processor.py:183} INFO - Processing /home/airflow/.local/lib/python3.12/site-packages/airflow/example_dags/example_external_task_marker_dag.py took 0.046 seconds
[2024-08-13T11:53:52.261+0000] {processor.py:161} INFO - Started process (PID=235) to work on /home/airflow/.local/lib/python3.12/site-packages/airflow/example_dags/example_external_task_marker_dag.py
[2024-08-13T11:53:52.262+0000] {processor.py:830} INFO - Processing file /home/airflow/.local/lib/python3.12/site-packages/airflow/example_dags/example_external_task_marker_dag.py for tasks to queue
[2024-08-13T11:53:52.263+0000] {logging_mixin.py:188} INFO - [2024-08-13T11:53:52.263+0000] {dagbag.py:545} INFO - Filling up the DagBag from /home/airflow/.local/lib/python3.12/site-packages/airflow/example_dags/example_external_task_marker_dag.py
[2024-08-13T11:53:52.267+0000] {processor.py:840} INFO - DAG(s) 'example_external_task_marker_parent', 'example_external_task_marker_child' retrieved from /home/airflow/.local/lib/python3.12/site-packages/airflow/example_dags/example_external_task_marker_dag.py
[2024-08-13T11:53:52.280+0000] {logging_mixin.py:188} INFO - [2024-08-13T11:53:52.280+0000] {dag.py:3089} INFO - Sync 2 DAGs
[2024-08-13T11:53:52.287+0000] {logging_mixin.py:188} INFO - [2024-08-13T11:53:52.287+0000] {dag.py:3947} INFO - Setting next_dagrun for example_external_task_marker_child to None, run_after=None
[2024-08-13T11:53:52.289+0000] {logging_mixin.py:188} INFO - [2024-08-13T11:53:52.289+0000] {dag.py:3947} INFO - Setting next_dagrun for example_external_task_marker_parent to None, run_after=None
[2024-08-13T11:53:52.296+0000] {processor.py:183} INFO - Processing /home/airflow/.local/lib/python3.12/site-packages/airflow/example_dags/example_external_task_marker_dag.py took 0.039 seconds
[2024-08-13T11:54:22.374+0000] {processor.py:161} INFO - Started process (PID=293) to work on /home/airflow/.local/lib/python3.12/site-packages/airflow/example_dags/example_external_task_marker_dag.py
[2024-08-13T11:54:22.375+0000] {processor.py:830} INFO - Processing file /home/airflow/.local/lib/python3.12/site-packages/airflow/example_dags/example_external_task_marker_dag.py for tasks to queue
[2024-08-13T11:54:22.378+0000] {logging_mixin.py:188} INFO - [2024-08-13T11:54:22.378+0000] {dagbag.py:545} INFO - Filling up the DagBag from /home/airflow/.local/lib/python3.12/site-packages/airflow/example_dags/example_external_task_marker_dag.py
[2024-08-13T11:54:22.386+0000] {processor.py:840} INFO - DAG(s) 'example_external_task_marker_parent', 'example_external_task_marker_child' retrieved from /home/airflow/.local/lib/python3.12/site-packages/airflow/example_dags/example_external_task_marker_dag.py
[2024-08-13T11:54:22.403+0000] {logging_mixin.py:188} INFO - [2024-08-13T11:54:22.403+0000] {dag.py:3089} INFO - Sync 2 DAGs
[2024-08-13T11:54:22.411+0000] {logging_mixin.py:188} INFO - [2024-08-13T11:54:22.411+0000] {dag.py:3947} INFO - Setting next_dagrun for example_external_task_marker_child to None, run_after=None
[2024-08-13T11:54:22.413+0000] {logging_mixin.py:188} INFO - [2024-08-13T11:54:22.413+0000] {dag.py:3947} INFO - Setting next_dagrun for example_external_task_marker_parent to None, run_after=None
[2024-08-13T11:54:22.421+0000] {processor.py:183} INFO - Processing /home/airflow/.local/lib/python3.12/site-packages/airflow/example_dags/example_external_task_marker_dag.py took 0.056 seconds
[2024-08-13T11:54:52.733+0000] {processor.py:161} INFO - Started process (PID=351) to work on /home/airflow/.local/lib/python3.12/site-packages/airflow/example_dags/example_external_task_marker_dag.py
[2024-08-13T11:54:52.736+0000] {processor.py:830} INFO - Processing file /home/airflow/.local/lib/python3.12/site-packages/airflow/example_dags/example_external_task_marker_dag.py for tasks to queue
[2024-08-13T11:54:52.739+0000] {logging_mixin.py:188} INFO - [2024-08-13T11:54:52.738+0000] {dagbag.py:545} INFO - Filling up the DagBag from /home/airflow/.local/lib/python3.12/site-packages/airflow/example_dags/example_external_task_marker_dag.py
[2024-08-13T11:54:52.743+0000] {processor.py:840} INFO - DAG(s) 'example_external_task_marker_parent', 'example_external_task_marker_child' retrieved from /home/airflow/.local/lib/python3.12/site-packages/airflow/example_dags/example_external_task_marker_dag.py
[2024-08-13T11:54:52.757+0000] {logging_mixin.py:188} INFO - [2024-08-13T11:54:52.757+0000] {dag.py:3089} INFO - Sync 2 DAGs
[2024-08-13T11:54:52.765+0000] {logging_mixin.py:188} INFO - [2024-08-13T11:54:52.764+0000] {dag.py:3947} INFO - Setting next_dagrun for example_external_task_marker_child to None, run_after=None
[2024-08-13T11:54:52.767+0000] {logging_mixin.py:188} INFO - [2024-08-13T11:54:52.767+0000] {dag.py:3947} INFO - Setting next_dagrun for example_external_task_marker_parent to None, run_after=None
[2024-08-13T11:54:52.777+0000] {processor.py:183} INFO - Processing /home/airflow/.local/lib/python3.12/site-packages/airflow/example_dags/example_external_task_marker_dag.py took 0.048 seconds
[2024-08-13T11:55:23.101+0000] {processor.py:161} INFO - Started process (PID=408) to work on /home/airflow/.local/lib/python3.12/site-packages/airflow/example_dags/example_external_task_marker_dag.py
[2024-08-13T11:55:23.102+0000] {processor.py:830} INFO - Processing file /home/airflow/.local/lib/python3.12/site-packages/airflow/example_dags/example_external_task_marker_dag.py for tasks to queue
[2024-08-13T11:55:23.104+0000] {logging_mixin.py:188} INFO - [2024-08-13T11:55:23.103+0000] {dagbag.py:545} INFO - Filling up the DagBag from /home/airflow/.local/lib/python3.12/site-packages/airflow/example_dags/example_external_task_marker_dag.py
[2024-08-13T11:55:23.108+0000] {processor.py:840} INFO - DAG(s) 'example_external_task_marker_parent', 'example_external_task_marker_child' retrieved from /home/airflow/.local/lib/python3.12/site-packages/airflow/example_dags/example_external_task_marker_dag.py
[2024-08-13T11:55:23.131+0000] {logging_mixin.py:188} INFO - [2024-08-13T11:55:23.130+0000] {dag.py:3089} INFO - Sync 2 DAGs
[2024-08-13T11:55:23.137+0000] {logging_mixin.py:188} INFO - [2024-08-13T11:55:23.137+0000] {dag.py:3947} INFO - Setting next_dagrun for example_external_task_marker_child to None, run_after=None
[2024-08-13T11:55:23.140+0000] {logging_mixin.py:188} INFO - [2024-08-13T11:55:23.140+0000] {dag.py:3947} INFO - Setting next_dagrun for example_external_task_marker_parent to None, run_after=None
[2024-08-13T11:55:23.148+0000] {processor.py:183} INFO - Processing /home/airflow/.local/lib/python3.12/site-packages/airflow/example_dags/example_external_task_marker_dag.py took 0.052 seconds
[2024-08-13T11:55:53.192+0000] {processor.py:161} INFO - Started process (PID=466) to work on /home/airflow/.local/lib/python3.12/site-packages/airflow/example_dags/example_external_task_marker_dag.py
[2024-08-13T11:55:53.193+0000] {processor.py:830} INFO - Processing file /home/airflow/.local/lib/python3.12/site-packages/airflow/example_dags/example_external_task_marker_dag.py for tasks to queue
[2024-08-13T11:55:53.196+0000] {logging_mixin.py:188} INFO - [2024-08-13T11:55:53.196+0000] {dagbag.py:545} INFO - Filling up the DagBag from /home/airflow/.local/lib/python3.12/site-packages/airflow/example_dags/example_external_task_marker_dag.py
[2024-08-13T11:55:53.205+0000] {processor.py:840} INFO - DAG(s) 'example_external_task_marker_child', 'example_external_task_marker_parent' retrieved from /home/airflow/.local/lib/python3.12/site-packages/airflow/example_dags/example_external_task_marker_dag.py
[2024-08-13T11:55:53.230+0000] {logging_mixin.py:188} INFO - [2024-08-13T11:55:53.229+0000] {dag.py:3089} INFO - Sync 2 DAGs
[2024-08-13T11:55:53.237+0000] {logging_mixin.py:188} INFO - [2024-08-13T11:55:53.237+0000] {dag.py:3947} INFO - Setting next_dagrun for example_external_task_marker_child to None, run_after=None
[2024-08-13T11:55:53.239+0000] {logging_mixin.py:188} INFO - [2024-08-13T11:55:53.239+0000] {dag.py:3947} INFO - Setting next_dagrun for example_external_task_marker_parent to None, run_after=None
[2024-08-13T11:55:53.246+0000] {processor.py:183} INFO - Processing /home/airflow/.local/lib/python3.12/site-packages/airflow/example_dags/example_external_task_marker_dag.py took 0.063 seconds
[2024-08-13T11:56:23.340+0000] {processor.py:161} INFO - Started process (PID=524) to work on /home/airflow/.local/lib/python3.12/site-packages/airflow/example_dags/example_external_task_marker_dag.py
[2024-08-13T11:56:23.341+0000] {processor.py:830} INFO - Processing file /home/airflow/.local/lib/python3.12/site-packages/airflow/example_dags/example_external_task_marker_dag.py for tasks to queue
[2024-08-13T11:56:23.344+0000] {logging_mixin.py:188} INFO - [2024-08-13T11:56:23.343+0000] {dagbag.py:545} INFO - Filling up the DagBag from /home/airflow/.local/lib/python3.12/site-packages/airflow/example_dags/example_external_task_marker_dag.py
[2024-08-13T11:56:23.349+0000] {processor.py:840} INFO - DAG(s) 'example_external_task_marker_parent', 'example_external_task_marker_child' retrieved from /home/airflow/.local/lib/python3.12/site-packages/airflow/example_dags/example_external_task_marker_dag.py
[2024-08-13T11:56:23.367+0000] {logging_mixin.py:188} INFO - [2024-08-13T11:56:23.367+0000] {dag.py:3089} INFO - Sync 2 DAGs
[2024-08-13T11:56:23.375+0000] {logging_mixin.py:188} INFO - [2024-08-13T11:56:23.375+0000] {dag.py:3947} INFO - Setting next_dagrun for example_external_task_marker_child to None, run_after=None
[2024-08-13T11:56:23.378+0000] {logging_mixin.py:188} INFO - [2024-08-13T11:56:23.378+0000] {dag.py:3947} INFO - Setting next_dagrun for example_external_task_marker_parent to None, run_after=None
[2024-08-13T11:56:23.388+0000] {processor.py:183} INFO - Processing /home/airflow/.local/lib/python3.12/site-packages/airflow/example_dags/example_external_task_marker_dag.py took 0.055 seconds
