[2024-08-13T11:52:20.702+0000] {processor.py:161} INFO - Started process (PID=62) to work on /home/airflow/.local/lib/python3.12/site-packages/airflow/example_dags/example_task_group_decorator.py
[2024-08-13T11:52:20.702+0000] {processor.py:830} INFO - Processing file /home/airflow/.local/lib/python3.12/site-packages/airflow/example_dags/example_task_group_decorator.py for tasks to queue
[2024-08-13T11:52:20.704+0000] {logging_mixin.py:188} INFO - [2024-08-13T11:52:20.703+0000] {dagbag.py:545} INFO - Filling up the DagBag from /home/airflow/.local/lib/python3.12/site-packages/airflow/example_dags/example_task_group_decorator.py
[2024-08-13T11:52:20.715+0000] {processor.py:840} INFO - DAG(s) 'example_task_group_decorator' retrieved from /home/airflow/.local/lib/python3.12/site-packages/airflow/example_dags/example_task_group_decorator.py
[2024-08-13T11:52:20.780+0000] {logging_mixin.py:188} INFO - [2024-08-13T11:52:20.780+0000] {override.py:1858} INFO - Created Permission View: can edit on DAG:example_task_group_decorator
[2024-08-13T11:52:20.787+0000] {logging_mixin.py:188} INFO - [2024-08-13T11:52:20.787+0000] {override.py:1858} INFO - Created Permission View: can read on DAG:example_task_group_decorator
[2024-08-13T11:52:20.793+0000] {logging_mixin.py:188} INFO - [2024-08-13T11:52:20.793+0000] {override.py:1858} INFO - Created Permission View: can delete on DAG:example_task_group_decorator
[2024-08-13T11:52:20.794+0000] {logging_mixin.py:188} INFO - [2024-08-13T11:52:20.794+0000] {dag.py:3089} INFO - Sync 1 DAGs
[2024-08-13T11:52:20.802+0000] {logging_mixin.py:188} INFO - [2024-08-13T11:52:20.801+0000] {dag.py:3111} INFO - Creating ORM DAG for example_task_group_decorator
[2024-08-13T11:52:20.817+0000] {logging_mixin.py:188} INFO - [2024-08-13T11:52:20.817+0000] {dag.py:3947} INFO - Setting next_dagrun for example_task_group_decorator to 2024-08-12 00:00:00+00:00, run_after=2024-08-13 00:00:00+00:00
[2024-08-13T11:52:20.836+0000] {processor.py:183} INFO - Processing /home/airflow/.local/lib/python3.12/site-packages/airflow/example_dags/example_task_group_decorator.py took 0.138 seconds
[2024-08-13T11:52:51.805+0000] {processor.py:161} INFO - Started process (PID=120) to work on /home/airflow/.local/lib/python3.12/site-packages/airflow/example_dags/example_task_group_decorator.py
[2024-08-13T11:52:51.805+0000] {processor.py:830} INFO - Processing file /home/airflow/.local/lib/python3.12/site-packages/airflow/example_dags/example_task_group_decorator.py for tasks to queue
[2024-08-13T11:52:51.807+0000] {logging_mixin.py:188} INFO - [2024-08-13T11:52:51.806+0000] {dagbag.py:545} INFO - Filling up the DagBag from /home/airflow/.local/lib/python3.12/site-packages/airflow/example_dags/example_task_group_decorator.py
[2024-08-13T11:52:51.816+0000] {processor.py:840} INFO - DAG(s) 'example_task_group_decorator' retrieved from /home/airflow/.local/lib/python3.12/site-packages/airflow/example_dags/example_task_group_decorator.py
[2024-08-13T11:52:51.830+0000] {logging_mixin.py:188} INFO - [2024-08-13T11:52:51.830+0000] {dag.py:3089} INFO - Sync 1 DAGs
[2024-08-13T11:52:51.841+0000] {logging_mixin.py:188} INFO - [2024-08-13T11:52:51.841+0000] {dag.py:3947} INFO - Setting next_dagrun for example_task_group_decorator to 2024-08-12 00:00:00+00:00, run_after=2024-08-13 00:00:00+00:00
[2024-08-13T11:52:51.849+0000] {processor.py:183} INFO - Processing /home/airflow/.local/lib/python3.12/site-packages/airflow/example_dags/example_task_group_decorator.py took 0.050 seconds
[2024-08-13T11:53:21.898+0000] {processor.py:161} INFO - Started process (PID=178) to work on /home/airflow/.local/lib/python3.12/site-packages/airflow/example_dags/example_task_group_decorator.py
[2024-08-13T11:53:21.899+0000] {processor.py:830} INFO - Processing file /home/airflow/.local/lib/python3.12/site-packages/airflow/example_dags/example_task_group_decorator.py for tasks to queue
[2024-08-13T11:53:21.901+0000] {logging_mixin.py:188} INFO - [2024-08-13T11:53:21.901+0000] {dagbag.py:545} INFO - Filling up the DagBag from /home/airflow/.local/lib/python3.12/site-packages/airflow/example_dags/example_task_group_decorator.py
[2024-08-13T11:53:21.913+0000] {processor.py:840} INFO - DAG(s) 'example_task_group_decorator' retrieved from /home/airflow/.local/lib/python3.12/site-packages/airflow/example_dags/example_task_group_decorator.py
[2024-08-13T11:53:21.929+0000] {logging_mixin.py:188} INFO - [2024-08-13T11:53:21.929+0000] {dag.py:3089} INFO - Sync 1 DAGs
[2024-08-13T11:53:21.947+0000] {logging_mixin.py:188} INFO - [2024-08-13T11:53:21.946+0000] {dag.py:3947} INFO - Setting next_dagrun for example_task_group_decorator to 2024-08-12 00:00:00+00:00, run_after=2024-08-13 00:00:00+00:00
[2024-08-13T11:53:21.956+0000] {processor.py:183} INFO - Processing /home/airflow/.local/lib/python3.12/site-packages/airflow/example_dags/example_task_group_decorator.py took 0.063 seconds
[2024-08-13T11:53:52.266+0000] {processor.py:161} INFO - Started process (PID=236) to work on /home/airflow/.local/lib/python3.12/site-packages/airflow/example_dags/example_task_group_decorator.py
[2024-08-13T11:53:52.267+0000] {processor.py:830} INFO - Processing file /home/airflow/.local/lib/python3.12/site-packages/airflow/example_dags/example_task_group_decorator.py for tasks to queue
[2024-08-13T11:53:52.268+0000] {logging_mixin.py:188} INFO - [2024-08-13T11:53:52.268+0000] {dagbag.py:545} INFO - Filling up the DagBag from /home/airflow/.local/lib/python3.12/site-packages/airflow/example_dags/example_task_group_decorator.py
[2024-08-13T11:53:52.278+0000] {processor.py:840} INFO - DAG(s) 'example_task_group_decorator' retrieved from /home/airflow/.local/lib/python3.12/site-packages/airflow/example_dags/example_task_group_decorator.py
[2024-08-13T11:53:52.291+0000] {logging_mixin.py:188} INFO - [2024-08-13T11:53:52.291+0000] {dag.py:3089} INFO - Sync 1 DAGs
[2024-08-13T11:53:52.303+0000] {logging_mixin.py:188} INFO - [2024-08-13T11:53:52.303+0000] {dag.py:3947} INFO - Setting next_dagrun for example_task_group_decorator to 2024-08-12 00:00:00+00:00, run_after=2024-08-13 00:00:00+00:00
[2024-08-13T11:53:52.313+0000] {processor.py:183} INFO - Processing /home/airflow/.local/lib/python3.12/site-packages/airflow/example_dags/example_task_group_decorator.py took 0.051 seconds
[2024-08-13T11:54:22.381+0000] {processor.py:161} INFO - Started process (PID=294) to work on /home/airflow/.local/lib/python3.12/site-packages/airflow/example_dags/example_task_group_decorator.py
[2024-08-13T11:54:22.382+0000] {processor.py:830} INFO - Processing file /home/airflow/.local/lib/python3.12/site-packages/airflow/example_dags/example_task_group_decorator.py for tasks to queue
[2024-08-13T11:54:22.385+0000] {logging_mixin.py:188} INFO - [2024-08-13T11:54:22.385+0000] {dagbag.py:545} INFO - Filling up the DagBag from /home/airflow/.local/lib/python3.12/site-packages/airflow/example_dags/example_task_group_decorator.py
[2024-08-13T11:54:22.396+0000] {processor.py:840} INFO - DAG(s) 'example_task_group_decorator' retrieved from /home/airflow/.local/lib/python3.12/site-packages/airflow/example_dags/example_task_group_decorator.py
[2024-08-13T11:54:22.410+0000] {logging_mixin.py:188} INFO - [2024-08-13T11:54:22.410+0000] {dag.py:3089} INFO - Sync 1 DAGs
[2024-08-13T11:54:22.422+0000] {logging_mixin.py:188} INFO - [2024-08-13T11:54:22.422+0000] {dag.py:3947} INFO - Setting next_dagrun for example_task_group_decorator to 2024-08-12 00:00:00+00:00, run_after=2024-08-13 00:00:00+00:00
[2024-08-13T11:54:22.433+0000] {processor.py:183} INFO - Processing /home/airflow/.local/lib/python3.12/site-packages/airflow/example_dags/example_task_group_decorator.py took 0.061 seconds
[2024-08-13T11:54:52.733+0000] {processor.py:161} INFO - Started process (PID=352) to work on /home/airflow/.local/lib/python3.12/site-packages/airflow/example_dags/example_task_group_decorator.py
[2024-08-13T11:54:52.734+0000] {processor.py:830} INFO - Processing file /home/airflow/.local/lib/python3.12/site-packages/airflow/example_dags/example_task_group_decorator.py for tasks to queue
[2024-08-13T11:54:52.737+0000] {logging_mixin.py:188} INFO - [2024-08-13T11:54:52.736+0000] {dagbag.py:545} INFO - Filling up the DagBag from /home/airflow/.local/lib/python3.12/site-packages/airflow/example_dags/example_task_group_decorator.py
[2024-08-13T11:54:52.747+0000] {processor.py:840} INFO - DAG(s) 'example_task_group_decorator' retrieved from /home/airflow/.local/lib/python3.12/site-packages/airflow/example_dags/example_task_group_decorator.py
[2024-08-13T11:54:52.761+0000] {logging_mixin.py:188} INFO - [2024-08-13T11:54:52.761+0000] {dag.py:3089} INFO - Sync 1 DAGs
[2024-08-13T11:54:52.773+0000] {logging_mixin.py:188} INFO - [2024-08-13T11:54:52.773+0000] {dag.py:3947} INFO - Setting next_dagrun for example_task_group_decorator to 2024-08-12 00:00:00+00:00, run_after=2024-08-13 00:00:00+00:00
[2024-08-13T11:54:52.787+0000] {processor.py:183} INFO - Processing /home/airflow/.local/lib/python3.12/site-packages/airflow/example_dags/example_task_group_decorator.py took 0.057 seconds
[2024-08-13T11:55:23.108+0000] {processor.py:161} INFO - Started process (PID=409) to work on /home/airflow/.local/lib/python3.12/site-packages/airflow/example_dags/example_task_group_decorator.py
[2024-08-13T11:55:23.109+0000] {processor.py:830} INFO - Processing file /home/airflow/.local/lib/python3.12/site-packages/airflow/example_dags/example_task_group_decorator.py for tasks to queue
[2024-08-13T11:55:23.112+0000] {logging_mixin.py:188} INFO - [2024-08-13T11:55:23.111+0000] {dagbag.py:545} INFO - Filling up the DagBag from /home/airflow/.local/lib/python3.12/site-packages/airflow/example_dags/example_task_group_decorator.py
[2024-08-13T11:55:23.119+0000] {processor.py:840} INFO - DAG(s) 'example_task_group_decorator' retrieved from /home/airflow/.local/lib/python3.12/site-packages/airflow/example_dags/example_task_group_decorator.py
[2024-08-13T11:55:23.139+0000] {logging_mixin.py:188} INFO - [2024-08-13T11:55:23.139+0000] {dag.py:3089} INFO - Sync 1 DAGs
[2024-08-13T11:55:23.150+0000] {logging_mixin.py:188} INFO - [2024-08-13T11:55:23.150+0000] {dag.py:3947} INFO - Setting next_dagrun for example_task_group_decorator to 2024-08-12 00:00:00+00:00, run_after=2024-08-13 00:00:00+00:00
[2024-08-13T11:55:23.159+0000] {processor.py:183} INFO - Processing /home/airflow/.local/lib/python3.12/site-packages/airflow/example_dags/example_task_group_decorator.py took 0.055 seconds
[2024-08-13T11:55:53.232+0000] {processor.py:161} INFO - Started process (PID=467) to work on /home/airflow/.local/lib/python3.12/site-packages/airflow/example_dags/example_task_group_decorator.py
[2024-08-13T11:55:53.232+0000] {processor.py:830} INFO - Processing file /home/airflow/.local/lib/python3.12/site-packages/airflow/example_dags/example_task_group_decorator.py for tasks to queue
[2024-08-13T11:55:53.234+0000] {logging_mixin.py:188} INFO - [2024-08-13T11:55:53.234+0000] {dagbag.py:545} INFO - Filling up the DagBag from /home/airflow/.local/lib/python3.12/site-packages/airflow/example_dags/example_task_group_decorator.py
[2024-08-13T11:55:53.242+0000] {processor.py:840} INFO - DAG(s) 'example_task_group_decorator' retrieved from /home/airflow/.local/lib/python3.12/site-packages/airflow/example_dags/example_task_group_decorator.py
[2024-08-13T11:55:53.259+0000] {logging_mixin.py:188} INFO - [2024-08-13T11:55:53.259+0000] {dag.py:3089} INFO - Sync 1 DAGs
[2024-08-13T11:55:53.271+0000] {logging_mixin.py:188} INFO - [2024-08-13T11:55:53.270+0000] {dag.py:3947} INFO - Setting next_dagrun for example_task_group_decorator to 2024-08-12 00:00:00+00:00, run_after=2024-08-13 00:00:00+00:00
[2024-08-13T11:55:53.285+0000] {processor.py:183} INFO - Processing /home/airflow/.local/lib/python3.12/site-packages/airflow/example_dags/example_task_group_decorator.py took 0.058 seconds
[2024-08-13T11:56:23.343+0000] {processor.py:161} INFO - Started process (PID=525) to work on /home/airflow/.local/lib/python3.12/site-packages/airflow/example_dags/example_task_group_decorator.py
[2024-08-13T11:56:23.344+0000] {processor.py:830} INFO - Processing file /home/airflow/.local/lib/python3.12/site-packages/airflow/example_dags/example_task_group_decorator.py for tasks to queue
[2024-08-13T11:56:23.345+0000] {logging_mixin.py:188} INFO - [2024-08-13T11:56:23.345+0000] {dagbag.py:545} INFO - Filling up the DagBag from /home/airflow/.local/lib/python3.12/site-packages/airflow/example_dags/example_task_group_decorator.py
[2024-08-13T11:56:23.358+0000] {processor.py:840} INFO - DAG(s) 'example_task_group_decorator' retrieved from /home/airflow/.local/lib/python3.12/site-packages/airflow/example_dags/example_task_group_decorator.py
[2024-08-13T11:56:23.374+0000] {logging_mixin.py:188} INFO - [2024-08-13T11:56:23.374+0000] {dag.py:3089} INFO - Sync 1 DAGs
[2024-08-13T11:56:23.388+0000] {logging_mixin.py:188} INFO - [2024-08-13T11:56:23.388+0000] {dag.py:3947} INFO - Setting next_dagrun for example_task_group_decorator to 2024-08-12 00:00:00+00:00, run_after=2024-08-13 00:00:00+00:00
[2024-08-13T11:56:23.398+0000] {processor.py:183} INFO - Processing /home/airflow/.local/lib/python3.12/site-packages/airflow/example_dags/example_task_group_decorator.py took 0.064 seconds
