[2024-08-13T11:52:16.321+0000] {processor.py:161} INFO - Started process (PID=35) to work on /home/airflow/.local/lib/python3.12/site-packages/airflow/example_dags/example_short_circuit_operator.py
[2024-08-13T11:52:16.324+0000] {processor.py:830} INFO - Processing file /home/airflow/.local/lib/python3.12/site-packages/airflow/example_dags/example_short_circuit_operator.py for tasks to queue
[2024-08-13T11:52:16.327+0000] {logging_mixin.py:188} INFO - [2024-08-13T11:52:16.327+0000] {dagbag.py:545} INFO - Filling up the DagBag from /home/airflow/.local/lib/python3.12/site-packages/airflow/example_dags/example_short_circuit_operator.py
[2024-08-13T11:52:16.368+0000] {processor.py:840} INFO - DAG(s) 'example_short_circuit_operator' retrieved from /home/airflow/.local/lib/python3.12/site-packages/airflow/example_dags/example_short_circuit_operator.py
[2024-08-13T11:52:16.617+0000] {logging_mixin.py:188} INFO - [2024-08-13T11:52:16.617+0000] {override.py:1858} INFO - Created Permission View: can edit on DAG:example_short_circuit_operator
[2024-08-13T11:52:16.629+0000] {logging_mixin.py:188} INFO - [2024-08-13T11:52:16.629+0000] {override.py:1858} INFO - Created Permission View: can read on DAG:example_short_circuit_operator
[2024-08-13T11:52:16.638+0000] {logging_mixin.py:188} INFO - [2024-08-13T11:52:16.638+0000] {override.py:1858} INFO - Created Permission View: can delete on DAG:example_short_circuit_operator
[2024-08-13T11:52:16.638+0000] {logging_mixin.py:188} INFO - [2024-08-13T11:52:16.638+0000] {dag.py:3089} INFO - Sync 1 DAGs
[2024-08-13T11:52:16.652+0000] {logging_mixin.py:188} INFO - [2024-08-13T11:52:16.652+0000] {dag.py:3111} INFO - Creating ORM DAG for example_short_circuit_operator
[2024-08-13T11:52:16.669+0000] {logging_mixin.py:188} INFO - [2024-08-13T11:52:16.669+0000] {dag.py:3947} INFO - Setting next_dagrun for example_short_circuit_operator to 2024-08-12 00:00:00+00:00, run_after=2024-08-13 00:00:00+00:00
[2024-08-13T11:52:16.700+0000] {processor.py:183} INFO - Processing /home/airflow/.local/lib/python3.12/site-packages/airflow/example_dags/example_short_circuit_operator.py took 0.401 seconds
[2024-08-13T11:52:47.494+0000] {processor.py:161} INFO - Started process (PID=93) to work on /home/airflow/.local/lib/python3.12/site-packages/airflow/example_dags/example_short_circuit_operator.py
[2024-08-13T11:52:47.494+0000] {processor.py:830} INFO - Processing file /home/airflow/.local/lib/python3.12/site-packages/airflow/example_dags/example_short_circuit_operator.py for tasks to queue
[2024-08-13T11:52:47.495+0000] {logging_mixin.py:188} INFO - [2024-08-13T11:52:47.495+0000] {dagbag.py:545} INFO - Filling up the DagBag from /home/airflow/.local/lib/python3.12/site-packages/airflow/example_dags/example_short_circuit_operator.py
[2024-08-13T11:52:47.499+0000] {processor.py:840} INFO - DAG(s) 'example_short_circuit_operator' retrieved from /home/airflow/.local/lib/python3.12/site-packages/airflow/example_dags/example_short_circuit_operator.py
[2024-08-13T11:52:47.515+0000] {logging_mixin.py:188} INFO - [2024-08-13T11:52:47.515+0000] {dag.py:3089} INFO - Sync 1 DAGs
[2024-08-13T11:52:47.525+0000] {logging_mixin.py:188} INFO - [2024-08-13T11:52:47.525+0000] {dag.py:3947} INFO - Setting next_dagrun for example_short_circuit_operator to 2024-08-12 00:00:00+00:00, run_after=2024-08-13 00:00:00+00:00
[2024-08-13T11:52:47.535+0000] {processor.py:183} INFO - Processing /home/airflow/.local/lib/python3.12/site-packages/airflow/example_dags/example_short_circuit_operator.py took 0.045 seconds
[2024-08-13T11:53:17.861+0000] {processor.py:161} INFO - Started process (PID=151) to work on /home/airflow/.local/lib/python3.12/site-packages/airflow/example_dags/example_short_circuit_operator.py
[2024-08-13T11:53:17.862+0000] {processor.py:830} INFO - Processing file /home/airflow/.local/lib/python3.12/site-packages/airflow/example_dags/example_short_circuit_operator.py for tasks to queue
[2024-08-13T11:53:17.863+0000] {logging_mixin.py:188} INFO - [2024-08-13T11:53:17.863+0000] {dagbag.py:545} INFO - Filling up the DagBag from /home/airflow/.local/lib/python3.12/site-packages/airflow/example_dags/example_short_circuit_operator.py
[2024-08-13T11:53:17.869+0000] {processor.py:840} INFO - DAG(s) 'example_short_circuit_operator' retrieved from /home/airflow/.local/lib/python3.12/site-packages/airflow/example_dags/example_short_circuit_operator.py
[2024-08-13T11:53:17.883+0000] {logging_mixin.py:188} INFO - [2024-08-13T11:53:17.883+0000] {dag.py:3089} INFO - Sync 1 DAGs
[2024-08-13T11:53:17.894+0000] {logging_mixin.py:188} INFO - [2024-08-13T11:53:17.894+0000] {dag.py:3947} INFO - Setting next_dagrun for example_short_circuit_operator to 2024-08-12 00:00:00+00:00, run_after=2024-08-13 00:00:00+00:00
[2024-08-13T11:53:17.905+0000] {processor.py:183} INFO - Processing /home/airflow/.local/lib/python3.12/site-packages/airflow/example_dags/example_short_circuit_operator.py took 0.047 seconds
[2024-08-13T11:53:48.008+0000] {processor.py:161} INFO - Started process (PID=209) to work on /home/airflow/.local/lib/python3.12/site-packages/airflow/example_dags/example_short_circuit_operator.py
[2024-08-13T11:53:48.009+0000] {processor.py:830} INFO - Processing file /home/airflow/.local/lib/python3.12/site-packages/airflow/example_dags/example_short_circuit_operator.py for tasks to queue
[2024-08-13T11:53:48.011+0000] {logging_mixin.py:188} INFO - [2024-08-13T11:53:48.011+0000] {dagbag.py:545} INFO - Filling up the DagBag from /home/airflow/.local/lib/python3.12/site-packages/airflow/example_dags/example_short_circuit_operator.py
[2024-08-13T11:53:48.016+0000] {processor.py:840} INFO - DAG(s) 'example_short_circuit_operator' retrieved from /home/airflow/.local/lib/python3.12/site-packages/airflow/example_dags/example_short_circuit_operator.py
[2024-08-13T11:53:48.031+0000] {logging_mixin.py:188} INFO - [2024-08-13T11:53:48.031+0000] {dag.py:3089} INFO - Sync 1 DAGs
[2024-08-13T11:53:48.044+0000] {logging_mixin.py:188} INFO - [2024-08-13T11:53:48.044+0000] {dag.py:3947} INFO - Setting next_dagrun for example_short_circuit_operator to 2024-08-12 00:00:00+00:00, run_after=2024-08-13 00:00:00+00:00
[2024-08-13T11:53:48.054+0000] {processor.py:183} INFO - Processing /home/airflow/.local/lib/python3.12/site-packages/airflow/example_dags/example_short_circuit_operator.py took 0.051 seconds
[2024-08-13T11:54:18.332+0000] {processor.py:161} INFO - Started process (PID=267) to work on /home/airflow/.local/lib/python3.12/site-packages/airflow/example_dags/example_short_circuit_operator.py
[2024-08-13T11:54:18.332+0000] {processor.py:830} INFO - Processing file /home/airflow/.local/lib/python3.12/site-packages/airflow/example_dags/example_short_circuit_operator.py for tasks to queue
[2024-08-13T11:54:18.333+0000] {logging_mixin.py:188} INFO - [2024-08-13T11:54:18.333+0000] {dagbag.py:545} INFO - Filling up the DagBag from /home/airflow/.local/lib/python3.12/site-packages/airflow/example_dags/example_short_circuit_operator.py
[2024-08-13T11:54:18.338+0000] {processor.py:840} INFO - DAG(s) 'example_short_circuit_operator' retrieved from /home/airflow/.local/lib/python3.12/site-packages/airflow/example_dags/example_short_circuit_operator.py
[2024-08-13T11:54:18.351+0000] {logging_mixin.py:188} INFO - [2024-08-13T11:54:18.351+0000] {dag.py:3089} INFO - Sync 1 DAGs
[2024-08-13T11:54:18.363+0000] {logging_mixin.py:188} INFO - [2024-08-13T11:54:18.363+0000] {dag.py:3947} INFO - Setting next_dagrun for example_short_circuit_operator to 2024-08-12 00:00:00+00:00, run_after=2024-08-13 00:00:00+00:00
[2024-08-13T11:54:18.372+0000] {processor.py:183} INFO - Processing /home/airflow/.local/lib/python3.12/site-packages/airflow/example_dags/example_short_circuit_operator.py took 0.048 seconds
[2024-08-13T11:54:48.487+0000] {processor.py:161} INFO - Started process (PID=325) to work on /home/airflow/.local/lib/python3.12/site-packages/airflow/example_dags/example_short_circuit_operator.py
[2024-08-13T11:54:48.488+0000] {processor.py:830} INFO - Processing file /home/airflow/.local/lib/python3.12/site-packages/airflow/example_dags/example_short_circuit_operator.py for tasks to queue
[2024-08-13T11:54:48.490+0000] {logging_mixin.py:188} INFO - [2024-08-13T11:54:48.490+0000] {dagbag.py:545} INFO - Filling up the DagBag from /home/airflow/.local/lib/python3.12/site-packages/airflow/example_dags/example_short_circuit_operator.py
[2024-08-13T11:54:48.497+0000] {processor.py:840} INFO - DAG(s) 'example_short_circuit_operator' retrieved from /home/airflow/.local/lib/python3.12/site-packages/airflow/example_dags/example_short_circuit_operator.py
[2024-08-13T11:54:48.509+0000] {logging_mixin.py:188} INFO - [2024-08-13T11:54:48.509+0000] {dag.py:3089} INFO - Sync 1 DAGs
[2024-08-13T11:54:48.521+0000] {logging_mixin.py:188} INFO - [2024-08-13T11:54:48.521+0000] {dag.py:3947} INFO - Setting next_dagrun for example_short_circuit_operator to 2024-08-12 00:00:00+00:00, run_after=2024-08-13 00:00:00+00:00
[2024-08-13T11:54:48.531+0000] {processor.py:183} INFO - Processing /home/airflow/.local/lib/python3.12/site-packages/airflow/example_dags/example_short_circuit_operator.py took 0.048 seconds
[2024-08-13T11:55:18.841+0000] {processor.py:161} INFO - Started process (PID=382) to work on /home/airflow/.local/lib/python3.12/site-packages/airflow/example_dags/example_short_circuit_operator.py
[2024-08-13T11:55:18.842+0000] {processor.py:830} INFO - Processing file /home/airflow/.local/lib/python3.12/site-packages/airflow/example_dags/example_short_circuit_operator.py for tasks to queue
[2024-08-13T11:55:18.844+0000] {logging_mixin.py:188} INFO - [2024-08-13T11:55:18.844+0000] {dagbag.py:545} INFO - Filling up the DagBag from /home/airflow/.local/lib/python3.12/site-packages/airflow/example_dags/example_short_circuit_operator.py
[2024-08-13T11:55:18.848+0000] {processor.py:840} INFO - DAG(s) 'example_short_circuit_operator' retrieved from /home/airflow/.local/lib/python3.12/site-packages/airflow/example_dags/example_short_circuit_operator.py
[2024-08-13T11:55:18.867+0000] {logging_mixin.py:188} INFO - [2024-08-13T11:55:18.866+0000] {dag.py:3089} INFO - Sync 1 DAGs
[2024-08-13T11:55:18.881+0000] {logging_mixin.py:188} INFO - [2024-08-13T11:55:18.881+0000] {dag.py:3947} INFO - Setting next_dagrun for example_short_circuit_operator to 2024-08-12 00:00:00+00:00, run_after=2024-08-13 00:00:00+00:00
[2024-08-13T11:55:18.892+0000] {processor.py:183} INFO - Processing /home/airflow/.local/lib/python3.12/site-packages/airflow/example_dags/example_short_circuit_operator.py took 0.056 seconds
[2024-08-13T11:55:49.090+0000] {processor.py:161} INFO - Started process (PID=440) to work on /home/airflow/.local/lib/python3.12/site-packages/airflow/example_dags/example_short_circuit_operator.py
[2024-08-13T11:55:49.091+0000] {processor.py:830} INFO - Processing file /home/airflow/.local/lib/python3.12/site-packages/airflow/example_dags/example_short_circuit_operator.py for tasks to queue
[2024-08-13T11:55:49.094+0000] {logging_mixin.py:188} INFO - [2024-08-13T11:55:49.093+0000] {dagbag.py:545} INFO - Filling up the DagBag from /home/airflow/.local/lib/python3.12/site-packages/airflow/example_dags/example_short_circuit_operator.py
[2024-08-13T11:55:49.099+0000] {processor.py:840} INFO - DAG(s) 'example_short_circuit_operator' retrieved from /home/airflow/.local/lib/python3.12/site-packages/airflow/example_dags/example_short_circuit_operator.py
[2024-08-13T11:55:49.120+0000] {logging_mixin.py:188} INFO - [2024-08-13T11:55:49.120+0000] {dag.py:3089} INFO - Sync 1 DAGs
[2024-08-13T11:55:49.135+0000] {logging_mixin.py:188} INFO - [2024-08-13T11:55:49.135+0000] {dag.py:3947} INFO - Setting next_dagrun for example_short_circuit_operator to 2024-08-12 00:00:00+00:00, run_after=2024-08-13 00:00:00+00:00
[2024-08-13T11:55:49.146+0000] {processor.py:183} INFO - Processing /home/airflow/.local/lib/python3.12/site-packages/airflow/example_dags/example_short_circuit_operator.py took 0.060 seconds
[2024-08-13T11:56:19.336+0000] {processor.py:161} INFO - Started process (PID=498) to work on /home/airflow/.local/lib/python3.12/site-packages/airflow/example_dags/example_short_circuit_operator.py
[2024-08-13T11:56:19.337+0000] {processor.py:830} INFO - Processing file /home/airflow/.local/lib/python3.12/site-packages/airflow/example_dags/example_short_circuit_operator.py for tasks to queue
[2024-08-13T11:56:19.339+0000] {logging_mixin.py:188} INFO - [2024-08-13T11:56:19.338+0000] {dagbag.py:545} INFO - Filling up the DagBag from /home/airflow/.local/lib/python3.12/site-packages/airflow/example_dags/example_short_circuit_operator.py
[2024-08-13T11:56:19.344+0000] {processor.py:840} INFO - DAG(s) 'example_short_circuit_operator' retrieved from /home/airflow/.local/lib/python3.12/site-packages/airflow/example_dags/example_short_circuit_operator.py
[2024-08-13T11:56:19.358+0000] {logging_mixin.py:188} INFO - [2024-08-13T11:56:19.358+0000] {dag.py:3089} INFO - Sync 1 DAGs
[2024-08-13T11:56:19.371+0000] {logging_mixin.py:188} INFO - [2024-08-13T11:56:19.371+0000] {dag.py:3947} INFO - Setting next_dagrun for example_short_circuit_operator to 2024-08-12 00:00:00+00:00, run_after=2024-08-13 00:00:00+00:00
[2024-08-13T11:56:19.380+0000] {processor.py:183} INFO - Processing /home/airflow/.local/lib/python3.12/site-packages/airflow/example_dags/example_short_circuit_operator.py took 0.050 seconds
[2024-08-13T11:56:49.452+0000] {processor.py:161} INFO - Started process (PID=556) to work on /home/airflow/.local/lib/python3.12/site-packages/airflow/example_dags/example_short_circuit_operator.py
[2024-08-13T11:56:49.453+0000] {processor.py:830} INFO - Processing file /home/airflow/.local/lib/python3.12/site-packages/airflow/example_dags/example_short_circuit_operator.py for tasks to queue
[2024-08-13T11:56:49.454+0000] {logging_mixin.py:188} INFO - [2024-08-13T11:56:49.454+0000] {dagbag.py:545} INFO - Filling up the DagBag from /home/airflow/.local/lib/python3.12/site-packages/airflow/example_dags/example_short_circuit_operator.py
[2024-08-13T11:56:49.460+0000] {processor.py:840} INFO - DAG(s) 'example_short_circuit_operator' retrieved from /home/airflow/.local/lib/python3.12/site-packages/airflow/example_dags/example_short_circuit_operator.py
[2024-08-13T11:56:49.472+0000] {logging_mixin.py:188} INFO - [2024-08-13T11:56:49.472+0000] {dag.py:3089} INFO - Sync 1 DAGs
[2024-08-13T11:56:49.483+0000] {logging_mixin.py:188} INFO - [2024-08-13T11:56:49.483+0000] {dag.py:3947} INFO - Setting next_dagrun for example_short_circuit_operator to 2024-08-12 00:00:00+00:00, run_after=2024-08-13 00:00:00+00:00
[2024-08-13T11:56:49.492+0000] {processor.py:183} INFO - Processing /home/airflow/.local/lib/python3.12/site-packages/airflow/example_dags/example_short_circuit_operator.py took 0.045 seconds
