[2024-08-13T11:52:19.639+0000] {processor.py:161} INFO - Started process (PID=54) to work on /home/airflow/.local/lib/python3.12/site-packages/airflow/example_dags/example_dag_decorator.py
[2024-08-13T11:52:19.642+0000] {processor.py:830} INFO - Processing file /home/airflow/.local/lib/python3.12/site-packages/airflow/example_dags/example_dag_decorator.py for tasks to queue
[2024-08-13T11:52:19.647+0000] {logging_mixin.py:188} INFO - [2024-08-13T11:52:19.646+0000] {dagbag.py:545} INFO - Filling up the DagBag from /home/airflow/.local/lib/python3.12/site-packages/airflow/example_dags/example_dag_decorator.py
[2024-08-13T11:52:19.957+0000] {processor.py:840} INFO - DAG(s) 'example_dag_decorator' retrieved from /home/airflow/.local/lib/python3.12/site-packages/airflow/example_dags/example_dag_decorator.py
[2024-08-13T11:52:20.032+0000] {logging_mixin.py:188} INFO - [2024-08-13T11:52:20.032+0000] {override.py:1858} INFO - Created Permission View: can edit on DAG:example_dag_decorator
[2024-08-13T11:52:20.040+0000] {logging_mixin.py:188} INFO - [2024-08-13T11:52:20.040+0000] {override.py:1858} INFO - Created Permission View: can read on DAG:example_dag_decorator
[2024-08-13T11:52:20.046+0000] {logging_mixin.py:188} INFO - [2024-08-13T11:52:20.045+0000] {override.py:1858} INFO - Created Permission View: can delete on DAG:example_dag_decorator
[2024-08-13T11:52:20.047+0000] {logging_mixin.py:188} INFO - [2024-08-13T11:52:20.047+0000] {dag.py:3089} INFO - Sync 1 DAGs
[2024-08-13T11:52:20.055+0000] {logging_mixin.py:188} INFO - [2024-08-13T11:52:20.055+0000] {dag.py:3111} INFO - Creating ORM DAG for example_dag_decorator
[2024-08-13T11:52:20.056+0000] {logging_mixin.py:188} INFO - [2024-08-13T11:52:20.056+0000] {dag.py:3947} INFO - Setting next_dagrun for example_dag_decorator to None, run_after=None
[2024-08-13T11:52:20.093+0000] {processor.py:183} INFO - Processing /home/airflow/.local/lib/python3.12/site-packages/airflow/example_dags/example_dag_decorator.py took 0.457 seconds
[2024-08-13T11:52:50.340+0000] {processor.py:161} INFO - Started process (PID=112) to work on /home/airflow/.local/lib/python3.12/site-packages/airflow/example_dags/example_dag_decorator.py
[2024-08-13T11:52:50.341+0000] {processor.py:830} INFO - Processing file /home/airflow/.local/lib/python3.12/site-packages/airflow/example_dags/example_dag_decorator.py for tasks to queue
[2024-08-13T11:52:50.343+0000] {logging_mixin.py:188} INFO - [2024-08-13T11:52:50.343+0000] {dagbag.py:545} INFO - Filling up the DagBag from /home/airflow/.local/lib/python3.12/site-packages/airflow/example_dags/example_dag_decorator.py
[2024-08-13T11:52:50.441+0000] {processor.py:840} INFO - DAG(s) 'example_dag_decorator' retrieved from /home/airflow/.local/lib/python3.12/site-packages/airflow/example_dags/example_dag_decorator.py
[2024-08-13T11:52:50.529+0000] {logging_mixin.py:188} INFO - [2024-08-13T11:52:50.528+0000] {dag.py:3089} INFO - Sync 1 DAGs
[2024-08-13T11:52:50.537+0000] {logging_mixin.py:188} INFO - [2024-08-13T11:52:50.537+0000] {dag.py:3947} INFO - Setting next_dagrun for example_dag_decorator to None, run_after=None
[2024-08-13T11:52:50.559+0000] {processor.py:183} INFO - Processing /home/airflow/.local/lib/python3.12/site-packages/airflow/example_dags/example_dag_decorator.py took 0.224 seconds
[2024-08-13T11:53:20.586+0000] {processor.py:161} INFO - Started process (PID=171) to work on /home/airflow/.local/lib/python3.12/site-packages/airflow/example_dags/example_dag_decorator.py
[2024-08-13T11:53:20.586+0000] {processor.py:830} INFO - Processing file /home/airflow/.local/lib/python3.12/site-packages/airflow/example_dags/example_dag_decorator.py for tasks to queue
[2024-08-13T11:53:20.588+0000] {logging_mixin.py:188} INFO - [2024-08-13T11:53:20.587+0000] {dagbag.py:545} INFO - Filling up the DagBag from /home/airflow/.local/lib/python3.12/site-packages/airflow/example_dags/example_dag_decorator.py
[2024-08-13T11:53:20.662+0000] {processor.py:840} INFO - DAG(s) 'example_dag_decorator' retrieved from /home/airflow/.local/lib/python3.12/site-packages/airflow/example_dags/example_dag_decorator.py
[2024-08-13T11:53:20.727+0000] {logging_mixin.py:188} INFO - [2024-08-13T11:53:20.727+0000] {dag.py:3089} INFO - Sync 1 DAGs
[2024-08-13T11:53:20.732+0000] {logging_mixin.py:188} INFO - [2024-08-13T11:53:20.732+0000] {dag.py:3947} INFO - Setting next_dagrun for example_dag_decorator to None, run_after=None
[2024-08-13T11:53:20.742+0000] {processor.py:183} INFO - Processing /home/airflow/.local/lib/python3.12/site-packages/airflow/example_dags/example_dag_decorator.py took 0.160 seconds
[2024-08-13T11:53:51.002+0000] {processor.py:161} INFO - Started process (PID=231) to work on /home/airflow/.local/lib/python3.12/site-packages/airflow/example_dags/example_dag_decorator.py
[2024-08-13T11:53:51.003+0000] {processor.py:830} INFO - Processing file /home/airflow/.local/lib/python3.12/site-packages/airflow/example_dags/example_dag_decorator.py for tasks to queue
[2024-08-13T11:53:51.005+0000] {logging_mixin.py:188} INFO - [2024-08-13T11:53:51.005+0000] {dagbag.py:545} INFO - Filling up the DagBag from /home/airflow/.local/lib/python3.12/site-packages/airflow/example_dags/example_dag_decorator.py
[2024-08-13T11:53:51.116+0000] {processor.py:840} INFO - DAG(s) 'example_dag_decorator' retrieved from /home/airflow/.local/lib/python3.12/site-packages/airflow/example_dags/example_dag_decorator.py
[2024-08-13T11:53:51.211+0000] {logging_mixin.py:188} INFO - [2024-08-13T11:53:51.211+0000] {dag.py:3089} INFO - Sync 1 DAGs
[2024-08-13T11:53:51.220+0000] {logging_mixin.py:188} INFO - [2024-08-13T11:53:51.219+0000] {dag.py:3947} INFO - Setting next_dagrun for example_dag_decorator to None, run_after=None
[2024-08-13T11:53:51.235+0000] {processor.py:183} INFO - Processing /home/airflow/.local/lib/python3.12/site-packages/airflow/example_dags/example_dag_decorator.py took 0.239 seconds
[2024-08-13T11:54:21.286+0000] {processor.py:161} INFO - Started process (PID=291) to work on /home/airflow/.local/lib/python3.12/site-packages/airflow/example_dags/example_dag_decorator.py
[2024-08-13T11:54:21.286+0000] {processor.py:830} INFO - Processing file /home/airflow/.local/lib/python3.12/site-packages/airflow/example_dags/example_dag_decorator.py for tasks to queue
[2024-08-13T11:54:21.288+0000] {logging_mixin.py:188} INFO - [2024-08-13T11:54:21.288+0000] {dagbag.py:545} INFO - Filling up the DagBag from /home/airflow/.local/lib/python3.12/site-packages/airflow/example_dags/example_dag_decorator.py
[2024-08-13T11:54:21.346+0000] {processor.py:840} INFO - DAG(s) 'example_dag_decorator' retrieved from /home/airflow/.local/lib/python3.12/site-packages/airflow/example_dags/example_dag_decorator.py
[2024-08-13T11:54:21.396+0000] {logging_mixin.py:188} INFO - [2024-08-13T11:54:21.396+0000] {dag.py:3089} INFO - Sync 1 DAGs
[2024-08-13T11:54:21.401+0000] {logging_mixin.py:188} INFO - [2024-08-13T11:54:21.401+0000] {dag.py:3947} INFO - Setting next_dagrun for example_dag_decorator to None, run_after=None
[2024-08-13T11:54:21.417+0000] {processor.py:183} INFO - Processing /home/airflow/.local/lib/python3.12/site-packages/airflow/example_dags/example_dag_decorator.py took 0.135 seconds
[2024-08-13T11:54:51.480+0000] {processor.py:161} INFO - Started process (PID=346) to work on /home/airflow/.local/lib/python3.12/site-packages/airflow/example_dags/example_dag_decorator.py
[2024-08-13T11:54:51.481+0000] {processor.py:830} INFO - Processing file /home/airflow/.local/lib/python3.12/site-packages/airflow/example_dags/example_dag_decorator.py for tasks to queue
[2024-08-13T11:54:51.483+0000] {logging_mixin.py:188} INFO - [2024-08-13T11:54:51.483+0000] {dagbag.py:545} INFO - Filling up the DagBag from /home/airflow/.local/lib/python3.12/site-packages/airflow/example_dags/example_dag_decorator.py
[2024-08-13T11:54:51.556+0000] {processor.py:840} INFO - DAG(s) 'example_dag_decorator' retrieved from /home/airflow/.local/lib/python3.12/site-packages/airflow/example_dags/example_dag_decorator.py
[2024-08-13T11:54:51.616+0000] {logging_mixin.py:188} INFO - [2024-08-13T11:54:51.616+0000] {dag.py:3089} INFO - Sync 1 DAGs
[2024-08-13T11:54:51.624+0000] {logging_mixin.py:188} INFO - [2024-08-13T11:54:51.624+0000] {dag.py:3947} INFO - Setting next_dagrun for example_dag_decorator to None, run_after=None
[2024-08-13T11:54:51.634+0000] {processor.py:183} INFO - Processing /home/airflow/.local/lib/python3.12/site-packages/airflow/example_dags/example_dag_decorator.py took 0.158 seconds
[2024-08-13T11:55:21.694+0000] {processor.py:161} INFO - Started process (PID=401) to work on /home/airflow/.local/lib/python3.12/site-packages/airflow/example_dags/example_dag_decorator.py
[2024-08-13T11:55:21.695+0000] {processor.py:830} INFO - Processing file /home/airflow/.local/lib/python3.12/site-packages/airflow/example_dags/example_dag_decorator.py for tasks to queue
[2024-08-13T11:55:21.696+0000] {logging_mixin.py:188} INFO - [2024-08-13T11:55:21.696+0000] {dagbag.py:545} INFO - Filling up the DagBag from /home/airflow/.local/lib/python3.12/site-packages/airflow/example_dags/example_dag_decorator.py
[2024-08-13T11:55:21.760+0000] {processor.py:840} INFO - DAG(s) 'example_dag_decorator' retrieved from /home/airflow/.local/lib/python3.12/site-packages/airflow/example_dags/example_dag_decorator.py
[2024-08-13T11:55:21.826+0000] {logging_mixin.py:188} INFO - [2024-08-13T11:55:21.825+0000] {dag.py:3089} INFO - Sync 1 DAGs
[2024-08-13T11:55:21.832+0000] {logging_mixin.py:188} INFO - [2024-08-13T11:55:21.832+0000] {dag.py:3947} INFO - Setting next_dagrun for example_dag_decorator to None, run_after=None
[2024-08-13T11:55:21.845+0000] {processor.py:183} INFO - Processing /home/airflow/.local/lib/python3.12/site-packages/airflow/example_dags/example_dag_decorator.py took 0.155 seconds
[2024-08-13T11:55:51.886+0000] {processor.py:161} INFO - Started process (PID=460) to work on /home/airflow/.local/lib/python3.12/site-packages/airflow/example_dags/example_dag_decorator.py
[2024-08-13T11:55:51.887+0000] {processor.py:830} INFO - Processing file /home/airflow/.local/lib/python3.12/site-packages/airflow/example_dags/example_dag_decorator.py for tasks to queue
[2024-08-13T11:55:51.888+0000] {logging_mixin.py:188} INFO - [2024-08-13T11:55:51.888+0000] {dagbag.py:545} INFO - Filling up the DagBag from /home/airflow/.local/lib/python3.12/site-packages/airflow/example_dags/example_dag_decorator.py
[2024-08-13T11:55:51.951+0000] {processor.py:840} INFO - DAG(s) 'example_dag_decorator' retrieved from /home/airflow/.local/lib/python3.12/site-packages/airflow/example_dags/example_dag_decorator.py
[2024-08-13T11:55:52.008+0000] {logging_mixin.py:188} INFO - [2024-08-13T11:55:52.007+0000] {dag.py:3089} INFO - Sync 1 DAGs
[2024-08-13T11:55:52.013+0000] {logging_mixin.py:188} INFO - [2024-08-13T11:55:52.013+0000] {dag.py:3947} INFO - Setting next_dagrun for example_dag_decorator to None, run_after=None
[2024-08-13T11:55:52.023+0000] {processor.py:183} INFO - Processing /home/airflow/.local/lib/python3.12/site-packages/airflow/example_dags/example_dag_decorator.py took 0.141 seconds
[2024-08-13T11:56:22.079+0000] {processor.py:161} INFO - Started process (PID=519) to work on /home/airflow/.local/lib/python3.12/site-packages/airflow/example_dags/example_dag_decorator.py
[2024-08-13T11:56:22.080+0000] {processor.py:830} INFO - Processing file /home/airflow/.local/lib/python3.12/site-packages/airflow/example_dags/example_dag_decorator.py for tasks to queue
[2024-08-13T11:56:22.081+0000] {logging_mixin.py:188} INFO - [2024-08-13T11:56:22.081+0000] {dagbag.py:545} INFO - Filling up the DagBag from /home/airflow/.local/lib/python3.12/site-packages/airflow/example_dags/example_dag_decorator.py
[2024-08-13T11:56:22.144+0000] {processor.py:840} INFO - DAG(s) 'example_dag_decorator' retrieved from /home/airflow/.local/lib/python3.12/site-packages/airflow/example_dags/example_dag_decorator.py
[2024-08-13T11:56:22.206+0000] {logging_mixin.py:188} INFO - [2024-08-13T11:56:22.206+0000] {dag.py:3089} INFO - Sync 1 DAGs
[2024-08-13T11:56:22.212+0000] {logging_mixin.py:188} INFO - [2024-08-13T11:56:22.212+0000] {dag.py:3947} INFO - Setting next_dagrun for example_dag_decorator to None, run_after=None
[2024-08-13T11:56:22.224+0000] {processor.py:183} INFO - Processing /home/airflow/.local/lib/python3.12/site-packages/airflow/example_dags/example_dag_decorator.py took 0.149 seconds
