[2024-08-13T11:52:17.114+0000] {processor.py:161} INFO - Started process (PID=38) to work on /home/airflow/.local/lib/python3.12/site-packages/airflow/example_dags/tutorial.py
[2024-08-13T11:52:17.131+0000] {processor.py:830} INFO - Processing file /home/airflow/.local/lib/python3.12/site-packages/airflow/example_dags/tutorial.py for tasks to queue
[2024-08-13T11:52:17.134+0000] {logging_mixin.py:188} INFO - [2024-08-13T11:52:17.134+0000] {dagbag.py:545} INFO - Filling up the DagBag from /home/airflow/.local/lib/python3.12/site-packages/airflow/example_dags/tutorial.py
[2024-08-13T11:52:17.150+0000] {processor.py:840} INFO - DAG(s) 'tutorial' retrieved from /home/airflow/.local/lib/python3.12/site-packages/airflow/example_dags/tutorial.py
[2024-08-13T11:52:17.327+0000] {logging_mixin.py:188} INFO - [2024-08-13T11:52:17.327+0000] {override.py:1858} INFO - Created Permission View: can edit on DAG:tutorial
[2024-08-13T11:52:17.344+0000] {logging_mixin.py:188} INFO - [2024-08-13T11:52:17.344+0000] {override.py:1858} INFO - Created Permission View: can read on DAG:tutorial
[2024-08-13T11:52:17.347+0000] {logging_mixin.py:188} INFO - [2024-08-13T11:52:17.347+0000] {override.py:1858} INFO - Created Permission View: can delete on DAG:tutorial
[2024-08-13T11:52:17.347+0000] {logging_mixin.py:188} INFO - [2024-08-13T11:52:17.347+0000] {dag.py:3089} INFO - Sync 1 DAGs
[2024-08-13T11:52:17.356+0000] {logging_mixin.py:188} INFO - [2024-08-13T11:52:17.356+0000] {dag.py:3111} INFO - Creating ORM DAG for tutorial
[2024-08-13T11:52:17.366+0000] {logging_mixin.py:188} INFO - [2024-08-13T11:52:17.366+0000] {dag.py:3947} INFO - Setting next_dagrun for tutorial to 2024-08-12 00:00:00+00:00, run_after=2024-08-13 00:00:00+00:00
[2024-08-13T11:52:17.391+0000] {processor.py:183} INFO - Processing /home/airflow/.local/lib/python3.12/site-packages/airflow/example_dags/tutorial.py took 0.287 seconds
[2024-08-13T11:52:47.612+0000] {processor.py:161} INFO - Started process (PID=96) to work on /home/airflow/.local/lib/python3.12/site-packages/airflow/example_dags/tutorial.py
[2024-08-13T11:52:47.615+0000] {processor.py:830} INFO - Processing file /home/airflow/.local/lib/python3.12/site-packages/airflow/example_dags/tutorial.py for tasks to queue
[2024-08-13T11:52:47.616+0000] {logging_mixin.py:188} INFO - [2024-08-13T11:52:47.616+0000] {dagbag.py:545} INFO - Filling up the DagBag from /home/airflow/.local/lib/python3.12/site-packages/airflow/example_dags/tutorial.py
[2024-08-13T11:52:47.619+0000] {processor.py:840} INFO - DAG(s) 'tutorial' retrieved from /home/airflow/.local/lib/python3.12/site-packages/airflow/example_dags/tutorial.py
[2024-08-13T11:52:47.629+0000] {logging_mixin.py:188} INFO - [2024-08-13T11:52:47.629+0000] {dag.py:3089} INFO - Sync 1 DAGs
[2024-08-13T11:52:47.642+0000] {logging_mixin.py:188} INFO - [2024-08-13T11:52:47.642+0000] {dag.py:3947} INFO - Setting next_dagrun for tutorial to 2024-08-12 00:00:00+00:00, run_after=2024-08-13 00:00:00+00:00
[2024-08-13T11:52:47.651+0000] {processor.py:183} INFO - Processing /home/airflow/.local/lib/python3.12/site-packages/airflow/example_dags/tutorial.py took 0.043 seconds
[2024-08-13T11:53:17.987+0000] {processor.py:161} INFO - Started process (PID=154) to work on /home/airflow/.local/lib/python3.12/site-packages/airflow/example_dags/tutorial.py
[2024-08-13T11:53:17.987+0000] {processor.py:830} INFO - Processing file /home/airflow/.local/lib/python3.12/site-packages/airflow/example_dags/tutorial.py for tasks to queue
[2024-08-13T11:53:17.989+0000] {logging_mixin.py:188} INFO - [2024-08-13T11:53:17.988+0000] {dagbag.py:545} INFO - Filling up the DagBag from /home/airflow/.local/lib/python3.12/site-packages/airflow/example_dags/tutorial.py
[2024-08-13T11:53:17.993+0000] {processor.py:840} INFO - DAG(s) 'tutorial' retrieved from /home/airflow/.local/lib/python3.12/site-packages/airflow/example_dags/tutorial.py
[2024-08-13T11:53:18.005+0000] {logging_mixin.py:188} INFO - [2024-08-13T11:53:18.005+0000] {dag.py:3089} INFO - Sync 1 DAGs
[2024-08-13T11:53:18.019+0000] {logging_mixin.py:188} INFO - [2024-08-13T11:53:18.019+0000] {dag.py:3947} INFO - Setting next_dagrun for tutorial to 2024-08-12 00:00:00+00:00, run_after=2024-08-13 00:00:00+00:00
[2024-08-13T11:53:18.030+0000] {processor.py:183} INFO - Processing /home/airflow/.local/lib/python3.12/site-packages/airflow/example_dags/tutorial.py took 0.047 seconds
[2024-08-13T11:53:48.135+0000] {processor.py:161} INFO - Started process (PID=212) to work on /home/airflow/.local/lib/python3.12/site-packages/airflow/example_dags/tutorial.py
[2024-08-13T11:53:48.136+0000] {processor.py:830} INFO - Processing file /home/airflow/.local/lib/python3.12/site-packages/airflow/example_dags/tutorial.py for tasks to queue
[2024-08-13T11:53:48.140+0000] {logging_mixin.py:188} INFO - [2024-08-13T11:53:48.139+0000] {dagbag.py:545} INFO - Filling up the DagBag from /home/airflow/.local/lib/python3.12/site-packages/airflow/example_dags/tutorial.py
[2024-08-13T11:53:48.144+0000] {processor.py:840} INFO - DAG(s) 'tutorial' retrieved from /home/airflow/.local/lib/python3.12/site-packages/airflow/example_dags/tutorial.py
[2024-08-13T11:53:48.155+0000] {logging_mixin.py:188} INFO - [2024-08-13T11:53:48.155+0000] {dag.py:3089} INFO - Sync 1 DAGs
[2024-08-13T11:53:48.168+0000] {logging_mixin.py:188} INFO - [2024-08-13T11:53:48.167+0000] {dag.py:3947} INFO - Setting next_dagrun for tutorial to 2024-08-12 00:00:00+00:00, run_after=2024-08-13 00:00:00+00:00
[2024-08-13T11:53:48.178+0000] {processor.py:183} INFO - Processing /home/airflow/.local/lib/python3.12/site-packages/airflow/example_dags/tutorial.py took 0.047 seconds
[2024-08-13T11:54:18.525+0000] {processor.py:161} INFO - Started process (PID=270) to work on /home/airflow/.local/lib/python3.12/site-packages/airflow/example_dags/tutorial.py
[2024-08-13T11:54:18.526+0000] {processor.py:830} INFO - Processing file /home/airflow/.local/lib/python3.12/site-packages/airflow/example_dags/tutorial.py for tasks to queue
[2024-08-13T11:54:18.527+0000] {logging_mixin.py:188} INFO - [2024-08-13T11:54:18.527+0000] {dagbag.py:545} INFO - Filling up the DagBag from /home/airflow/.local/lib/python3.12/site-packages/airflow/example_dags/tutorial.py
[2024-08-13T11:54:18.531+0000] {processor.py:840} INFO - DAG(s) 'tutorial' retrieved from /home/airflow/.local/lib/python3.12/site-packages/airflow/example_dags/tutorial.py
[2024-08-13T11:54:18.544+0000] {logging_mixin.py:188} INFO - [2024-08-13T11:54:18.544+0000] {dag.py:3089} INFO - Sync 1 DAGs
[2024-08-13T11:54:18.556+0000] {logging_mixin.py:188} INFO - [2024-08-13T11:54:18.556+0000] {dag.py:3947} INFO - Setting next_dagrun for tutorial to 2024-08-12 00:00:00+00:00, run_after=2024-08-13 00:00:00+00:00
[2024-08-13T11:54:18.566+0000] {processor.py:183} INFO - Processing /home/airflow/.local/lib/python3.12/site-packages/airflow/example_dags/tutorial.py took 0.049 seconds
[2024-08-13T11:54:48.636+0000] {processor.py:161} INFO - Started process (PID=328) to work on /home/airflow/.local/lib/python3.12/site-packages/airflow/example_dags/tutorial.py
[2024-08-13T11:54:48.637+0000] {processor.py:830} INFO - Processing file /home/airflow/.local/lib/python3.12/site-packages/airflow/example_dags/tutorial.py for tasks to queue
[2024-08-13T11:54:48.639+0000] {logging_mixin.py:188} INFO - [2024-08-13T11:54:48.638+0000] {dagbag.py:545} INFO - Filling up the DagBag from /home/airflow/.local/lib/python3.12/site-packages/airflow/example_dags/tutorial.py
[2024-08-13T11:54:48.642+0000] {processor.py:840} INFO - DAG(s) 'tutorial' retrieved from /home/airflow/.local/lib/python3.12/site-packages/airflow/example_dags/tutorial.py
[2024-08-13T11:54:48.655+0000] {logging_mixin.py:188} INFO - [2024-08-13T11:54:48.655+0000] {dag.py:3089} INFO - Sync 1 DAGs
[2024-08-13T11:54:48.668+0000] {logging_mixin.py:188} INFO - [2024-08-13T11:54:48.668+0000] {dag.py:3947} INFO - Setting next_dagrun for tutorial to 2024-08-12 00:00:00+00:00, run_after=2024-08-13 00:00:00+00:00
[2024-08-13T11:54:48.679+0000] {processor.py:183} INFO - Processing /home/airflow/.local/lib/python3.12/site-packages/airflow/example_dags/tutorial.py took 0.046 seconds
[2024-08-13T11:55:19.002+0000] {processor.py:161} INFO - Started process (PID=385) to work on /home/airflow/.local/lib/python3.12/site-packages/airflow/example_dags/tutorial.py
[2024-08-13T11:55:19.003+0000] {processor.py:830} INFO - Processing file /home/airflow/.local/lib/python3.12/site-packages/airflow/example_dags/tutorial.py for tasks to queue
[2024-08-13T11:55:19.007+0000] {logging_mixin.py:188} INFO - [2024-08-13T11:55:19.006+0000] {dagbag.py:545} INFO - Filling up the DagBag from /home/airflow/.local/lib/python3.12/site-packages/airflow/example_dags/tutorial.py
[2024-08-13T11:55:19.012+0000] {processor.py:840} INFO - DAG(s) 'tutorial' retrieved from /home/airflow/.local/lib/python3.12/site-packages/airflow/example_dags/tutorial.py
[2024-08-13T11:55:19.024+0000] {logging_mixin.py:188} INFO - [2024-08-13T11:55:19.024+0000] {dag.py:3089} INFO - Sync 1 DAGs
[2024-08-13T11:55:19.038+0000] {logging_mixin.py:188} INFO - [2024-08-13T11:55:19.038+0000] {dag.py:3947} INFO - Setting next_dagrun for tutorial to 2024-08-12 00:00:00+00:00, run_after=2024-08-13 00:00:00+00:00
[2024-08-13T11:55:19.049+0000] {processor.py:183} INFO - Processing /home/airflow/.local/lib/python3.12/site-packages/airflow/example_dags/tutorial.py took 0.050 seconds
[2024-08-13T11:55:49.278+0000] {processor.py:161} INFO - Started process (PID=443) to work on /home/airflow/.local/lib/python3.12/site-packages/airflow/example_dags/tutorial.py
[2024-08-13T11:55:49.278+0000] {processor.py:830} INFO - Processing file /home/airflow/.local/lib/python3.12/site-packages/airflow/example_dags/tutorial.py for tasks to queue
[2024-08-13T11:55:49.280+0000] {logging_mixin.py:188} INFO - [2024-08-13T11:55:49.279+0000] {dagbag.py:545} INFO - Filling up the DagBag from /home/airflow/.local/lib/python3.12/site-packages/airflow/example_dags/tutorial.py
[2024-08-13T11:55:49.283+0000] {processor.py:840} INFO - DAG(s) 'tutorial' retrieved from /home/airflow/.local/lib/python3.12/site-packages/airflow/example_dags/tutorial.py
[2024-08-13T11:55:49.306+0000] {logging_mixin.py:188} INFO - [2024-08-13T11:55:49.306+0000] {dag.py:3089} INFO - Sync 1 DAGs
[2024-08-13T11:55:49.322+0000] {logging_mixin.py:188} INFO - [2024-08-13T11:55:49.321+0000] {dag.py:3947} INFO - Setting next_dagrun for tutorial to 2024-08-12 00:00:00+00:00, run_after=2024-08-13 00:00:00+00:00
[2024-08-13T11:55:49.336+0000] {processor.py:183} INFO - Processing /home/airflow/.local/lib/python3.12/site-packages/airflow/example_dags/tutorial.py took 0.061 seconds
[2024-08-13T11:56:19.459+0000] {processor.py:161} INFO - Started process (PID=501) to work on /home/airflow/.local/lib/python3.12/site-packages/airflow/example_dags/tutorial.py
[2024-08-13T11:56:19.459+0000] {processor.py:830} INFO - Processing file /home/airflow/.local/lib/python3.12/site-packages/airflow/example_dags/tutorial.py for tasks to queue
[2024-08-13T11:56:19.461+0000] {logging_mixin.py:188} INFO - [2024-08-13T11:56:19.460+0000] {dagbag.py:545} INFO - Filling up the DagBag from /home/airflow/.local/lib/python3.12/site-packages/airflow/example_dags/tutorial.py
[2024-08-13T11:56:19.465+0000] {processor.py:840} INFO - DAG(s) 'tutorial' retrieved from /home/airflow/.local/lib/python3.12/site-packages/airflow/example_dags/tutorial.py
[2024-08-13T11:56:19.479+0000] {logging_mixin.py:188} INFO - [2024-08-13T11:56:19.479+0000] {dag.py:3089} INFO - Sync 1 DAGs
[2024-08-13T11:56:19.492+0000] {logging_mixin.py:188} INFO - [2024-08-13T11:56:19.492+0000] {dag.py:3947} INFO - Setting next_dagrun for tutorial to 2024-08-12 00:00:00+00:00, run_after=2024-08-13 00:00:00+00:00
[2024-08-13T11:56:19.504+0000] {processor.py:183} INFO - Processing /home/airflow/.local/lib/python3.12/site-packages/airflow/example_dags/tutorial.py took 0.049 seconds
[2024-08-13T11:56:49.571+0000] {processor.py:161} INFO - Started process (PID=559) to work on /home/airflow/.local/lib/python3.12/site-packages/airflow/example_dags/tutorial.py
[2024-08-13T11:56:49.572+0000] {processor.py:830} INFO - Processing file /home/airflow/.local/lib/python3.12/site-packages/airflow/example_dags/tutorial.py for tasks to queue
[2024-08-13T11:56:49.573+0000] {logging_mixin.py:188} INFO - [2024-08-13T11:56:49.573+0000] {dagbag.py:545} INFO - Filling up the DagBag from /home/airflow/.local/lib/python3.12/site-packages/airflow/example_dags/tutorial.py
[2024-08-13T11:56:49.577+0000] {processor.py:840} INFO - DAG(s) 'tutorial' retrieved from /home/airflow/.local/lib/python3.12/site-packages/airflow/example_dags/tutorial.py
[2024-08-13T11:56:49.592+0000] {logging_mixin.py:188} INFO - [2024-08-13T11:56:49.592+0000] {dag.py:3089} INFO - Sync 1 DAGs
[2024-08-13T11:56:49.604+0000] {logging_mixin.py:188} INFO - [2024-08-13T11:56:49.604+0000] {dag.py:3947} INFO - Setting next_dagrun for tutorial to 2024-08-12 00:00:00+00:00, run_after=2024-08-13 00:00:00+00:00
[2024-08-13T11:56:49.616+0000] {processor.py:183} INFO - Processing /home/airflow/.local/lib/python3.12/site-packages/airflow/example_dags/tutorial.py took 0.049 seconds
