[2024-08-13T11:52:19.073+0000] {processor.py:161} INFO - Started process (PID=48) to work on /home/airflow/.local/lib/python3.12/site-packages/airflow/example_dags/tutorial_taskflow_api.py
[2024-08-13T11:52:19.073+0000] {processor.py:830} INFO - Processing file /home/airflow/.local/lib/python3.12/site-packages/airflow/example_dags/tutorial_taskflow_api.py for tasks to queue
[2024-08-13T11:52:19.074+0000] {logging_mixin.py:188} INFO - [2024-08-13T11:52:19.074+0000] {dagbag.py:545} INFO - Filling up the DagBag from /home/airflow/.local/lib/python3.12/site-packages/airflow/example_dags/tutorial_taskflow_api.py
[2024-08-13T11:52:19.078+0000] {processor.py:840} INFO - DAG(s) 'tutorial_taskflow_api' retrieved from /home/airflow/.local/lib/python3.12/site-packages/airflow/example_dags/tutorial_taskflow_api.py
[2024-08-13T11:52:19.157+0000] {logging_mixin.py:188} INFO - [2024-08-13T11:52:19.156+0000] {override.py:1858} INFO - Created Permission View: can edit on DAG:tutorial_taskflow_api
[2024-08-13T11:52:19.164+0000] {logging_mixin.py:188} INFO - [2024-08-13T11:52:19.163+0000] {override.py:1858} INFO - Created Permission View: can read on DAG:tutorial_taskflow_api
[2024-08-13T11:52:19.172+0000] {logging_mixin.py:188} INFO - [2024-08-13T11:52:19.172+0000] {override.py:1858} INFO - Created Permission View: can delete on DAG:tutorial_taskflow_api
[2024-08-13T11:52:19.173+0000] {logging_mixin.py:188} INFO - [2024-08-13T11:52:19.173+0000] {dag.py:3089} INFO - Sync 1 DAGs
[2024-08-13T11:52:19.185+0000] {logging_mixin.py:188} INFO - [2024-08-13T11:52:19.185+0000] {dag.py:3111} INFO - Creating ORM DAG for tutorial_taskflow_api
[2024-08-13T11:52:19.186+0000] {logging_mixin.py:188} INFO - [2024-08-13T11:52:19.185+0000] {dag.py:3947} INFO - Setting next_dagrun for tutorial_taskflow_api to None, run_after=None
[2024-08-13T11:52:19.202+0000] {processor.py:183} INFO - Processing /home/airflow/.local/lib/python3.12/site-packages/airflow/example_dags/tutorial_taskflow_api.py took 0.133 seconds
[2024-08-13T11:52:50.015+0000] {processor.py:161} INFO - Started process (PID=106) to work on /home/airflow/.local/lib/python3.12/site-packages/airflow/example_dags/tutorial_taskflow_api.py
[2024-08-13T11:52:50.016+0000] {processor.py:830} INFO - Processing file /home/airflow/.local/lib/python3.12/site-packages/airflow/example_dags/tutorial_taskflow_api.py for tasks to queue
[2024-08-13T11:52:50.018+0000] {logging_mixin.py:188} INFO - [2024-08-13T11:52:50.017+0000] {dagbag.py:545} INFO - Filling up the DagBag from /home/airflow/.local/lib/python3.12/site-packages/airflow/example_dags/tutorial_taskflow_api.py
[2024-08-13T11:52:50.022+0000] {processor.py:840} INFO - DAG(s) 'tutorial_taskflow_api' retrieved from /home/airflow/.local/lib/python3.12/site-packages/airflow/example_dags/tutorial_taskflow_api.py
[2024-08-13T11:52:50.036+0000] {logging_mixin.py:188} INFO - [2024-08-13T11:52:50.036+0000] {dag.py:3089} INFO - Sync 1 DAGs
[2024-08-13T11:52:50.044+0000] {logging_mixin.py:188} INFO - [2024-08-13T11:52:50.044+0000] {dag.py:3947} INFO - Setting next_dagrun for tutorial_taskflow_api to None, run_after=None
[2024-08-13T11:52:50.092+0000] {processor.py:183} INFO - Processing /home/airflow/.local/lib/python3.12/site-packages/airflow/example_dags/tutorial_taskflow_api.py took 0.080 seconds
[2024-08-13T11:53:20.341+0000] {processor.py:161} INFO - Started process (PID=164) to work on /home/airflow/.local/lib/python3.12/site-packages/airflow/example_dags/tutorial_taskflow_api.py
[2024-08-13T11:53:20.342+0000] {processor.py:830} INFO - Processing file /home/airflow/.local/lib/python3.12/site-packages/airflow/example_dags/tutorial_taskflow_api.py for tasks to queue
[2024-08-13T11:53:20.343+0000] {logging_mixin.py:188} INFO - [2024-08-13T11:53:20.343+0000] {dagbag.py:545} INFO - Filling up the DagBag from /home/airflow/.local/lib/python3.12/site-packages/airflow/example_dags/tutorial_taskflow_api.py
[2024-08-13T11:53:20.347+0000] {processor.py:840} INFO - DAG(s) 'tutorial_taskflow_api' retrieved from /home/airflow/.local/lib/python3.12/site-packages/airflow/example_dags/tutorial_taskflow_api.py
[2024-08-13T11:53:20.360+0000] {logging_mixin.py:188} INFO - [2024-08-13T11:53:20.360+0000] {dag.py:3089} INFO - Sync 1 DAGs
[2024-08-13T11:53:20.368+0000] {logging_mixin.py:188} INFO - [2024-08-13T11:53:20.368+0000] {dag.py:3947} INFO - Setting next_dagrun for tutorial_taskflow_api to None, run_after=None
[2024-08-13T11:53:20.379+0000] {processor.py:183} INFO - Processing /home/airflow/.local/lib/python3.12/site-packages/airflow/example_dags/tutorial_taskflow_api.py took 0.041 seconds
[2024-08-13T11:53:50.530+0000] {processor.py:161} INFO - Started process (PID=222) to work on /home/airflow/.local/lib/python3.12/site-packages/airflow/example_dags/tutorial_taskflow_api.py
[2024-08-13T11:53:50.531+0000] {processor.py:830} INFO - Processing file /home/airflow/.local/lib/python3.12/site-packages/airflow/example_dags/tutorial_taskflow_api.py for tasks to queue
[2024-08-13T11:53:50.533+0000] {logging_mixin.py:188} INFO - [2024-08-13T11:53:50.532+0000] {dagbag.py:545} INFO - Filling up the DagBag from /home/airflow/.local/lib/python3.12/site-packages/airflow/example_dags/tutorial_taskflow_api.py
[2024-08-13T11:53:50.538+0000] {processor.py:840} INFO - DAG(s) 'tutorial_taskflow_api' retrieved from /home/airflow/.local/lib/python3.12/site-packages/airflow/example_dags/tutorial_taskflow_api.py
[2024-08-13T11:53:50.562+0000] {logging_mixin.py:188} INFO - [2024-08-13T11:53:50.562+0000] {dag.py:3089} INFO - Sync 1 DAGs
[2024-08-13T11:53:50.574+0000] {logging_mixin.py:188} INFO - [2024-08-13T11:53:50.573+0000] {dag.py:3947} INFO - Setting next_dagrun for tutorial_taskflow_api to None, run_after=None
[2024-08-13T11:53:50.592+0000] {processor.py:183} INFO - Processing /home/airflow/.local/lib/python3.12/site-packages/airflow/example_dags/tutorial_taskflow_api.py took 0.067 seconds
[2024-08-13T11:54:20.877+0000] {processor.py:161} INFO - Started process (PID=280) to work on /home/airflow/.local/lib/python3.12/site-packages/airflow/example_dags/tutorial_taskflow_api.py
[2024-08-13T11:54:20.877+0000] {processor.py:830} INFO - Processing file /home/airflow/.local/lib/python3.12/site-packages/airflow/example_dags/tutorial_taskflow_api.py for tasks to queue
[2024-08-13T11:54:20.878+0000] {logging_mixin.py:188} INFO - [2024-08-13T11:54:20.878+0000] {dagbag.py:545} INFO - Filling up the DagBag from /home/airflow/.local/lib/python3.12/site-packages/airflow/example_dags/tutorial_taskflow_api.py
[2024-08-13T11:54:20.882+0000] {processor.py:840} INFO - DAG(s) 'tutorial_taskflow_api' retrieved from /home/airflow/.local/lib/python3.12/site-packages/airflow/example_dags/tutorial_taskflow_api.py
[2024-08-13T11:54:20.896+0000] {logging_mixin.py:188} INFO - [2024-08-13T11:54:20.896+0000] {dag.py:3089} INFO - Sync 1 DAGs
[2024-08-13T11:54:20.903+0000] {logging_mixin.py:188} INFO - [2024-08-13T11:54:20.903+0000] {dag.py:3947} INFO - Setting next_dagrun for tutorial_taskflow_api to None, run_after=None
[2024-08-13T11:54:20.914+0000] {processor.py:183} INFO - Processing /home/airflow/.local/lib/python3.12/site-packages/airflow/example_dags/tutorial_taskflow_api.py took 0.040 seconds
[2024-08-13T11:54:51.064+0000] {processor.py:161} INFO - Started process (PID=338) to work on /home/airflow/.local/lib/python3.12/site-packages/airflow/example_dags/tutorial_taskflow_api.py
[2024-08-13T11:54:51.064+0000] {processor.py:830} INFO - Processing file /home/airflow/.local/lib/python3.12/site-packages/airflow/example_dags/tutorial_taskflow_api.py for tasks to queue
[2024-08-13T11:54:51.066+0000] {logging_mixin.py:188} INFO - [2024-08-13T11:54:51.066+0000] {dagbag.py:545} INFO - Filling up the DagBag from /home/airflow/.local/lib/python3.12/site-packages/airflow/example_dags/tutorial_taskflow_api.py
[2024-08-13T11:54:51.071+0000] {processor.py:840} INFO - DAG(s) 'tutorial_taskflow_api' retrieved from /home/airflow/.local/lib/python3.12/site-packages/airflow/example_dags/tutorial_taskflow_api.py
[2024-08-13T11:54:51.086+0000] {logging_mixin.py:188} INFO - [2024-08-13T11:54:51.086+0000] {dag.py:3089} INFO - Sync 1 DAGs
[2024-08-13T11:54:51.094+0000] {logging_mixin.py:188} INFO - [2024-08-13T11:54:51.094+0000] {dag.py:3947} INFO - Setting next_dagrun for tutorial_taskflow_api to None, run_after=None
[2024-08-13T11:54:51.108+0000] {processor.py:183} INFO - Processing /home/airflow/.local/lib/python3.12/site-packages/airflow/example_dags/tutorial_taskflow_api.py took 0.049 seconds
[2024-08-13T11:55:21.489+0000] {processor.py:161} INFO - Started process (PID=395) to work on /home/airflow/.local/lib/python3.12/site-packages/airflow/example_dags/tutorial_taskflow_api.py
[2024-08-13T11:55:21.489+0000] {processor.py:830} INFO - Processing file /home/airflow/.local/lib/python3.12/site-packages/airflow/example_dags/tutorial_taskflow_api.py for tasks to queue
[2024-08-13T11:55:21.491+0000] {logging_mixin.py:188} INFO - [2024-08-13T11:55:21.491+0000] {dagbag.py:545} INFO - Filling up the DagBag from /home/airflow/.local/lib/python3.12/site-packages/airflow/example_dags/tutorial_taskflow_api.py
[2024-08-13T11:55:21.496+0000] {processor.py:840} INFO - DAG(s) 'tutorial_taskflow_api' retrieved from /home/airflow/.local/lib/python3.12/site-packages/airflow/example_dags/tutorial_taskflow_api.py
[2024-08-13T11:55:21.509+0000] {logging_mixin.py:188} INFO - [2024-08-13T11:55:21.508+0000] {dag.py:3089} INFO - Sync 1 DAGs
[2024-08-13T11:55:21.516+0000] {logging_mixin.py:188} INFO - [2024-08-13T11:55:21.515+0000] {dag.py:3947} INFO - Setting next_dagrun for tutorial_taskflow_api to None, run_after=None
[2024-08-13T11:55:21.526+0000] {processor.py:183} INFO - Processing /home/airflow/.local/lib/python3.12/site-packages/airflow/example_dags/tutorial_taskflow_api.py took 0.041 seconds
[2024-08-13T11:55:51.638+0000] {processor.py:161} INFO - Started process (PID=453) to work on /home/airflow/.local/lib/python3.12/site-packages/airflow/example_dags/tutorial_taskflow_api.py
[2024-08-13T11:55:51.638+0000] {processor.py:830} INFO - Processing file /home/airflow/.local/lib/python3.12/site-packages/airflow/example_dags/tutorial_taskflow_api.py for tasks to queue
[2024-08-13T11:55:51.640+0000] {logging_mixin.py:188} INFO - [2024-08-13T11:55:51.640+0000] {dagbag.py:545} INFO - Filling up the DagBag from /home/airflow/.local/lib/python3.12/site-packages/airflow/example_dags/tutorial_taskflow_api.py
[2024-08-13T11:55:51.644+0000] {processor.py:840} INFO - DAG(s) 'tutorial_taskflow_api' retrieved from /home/airflow/.local/lib/python3.12/site-packages/airflow/example_dags/tutorial_taskflow_api.py
[2024-08-13T11:55:51.656+0000] {logging_mixin.py:188} INFO - [2024-08-13T11:55:51.656+0000] {dag.py:3089} INFO - Sync 1 DAGs
[2024-08-13T11:55:51.663+0000] {logging_mixin.py:188} INFO - [2024-08-13T11:55:51.663+0000] {dag.py:3947} INFO - Setting next_dagrun for tutorial_taskflow_api to None, run_after=None
[2024-08-13T11:55:51.673+0000] {processor.py:183} INFO - Processing /home/airflow/.local/lib/python3.12/site-packages/airflow/example_dags/tutorial_taskflow_api.py took 0.039 seconds
[2024-08-13T11:56:21.824+0000] {processor.py:161} INFO - Started process (PID=511) to work on /home/airflow/.local/lib/python3.12/site-packages/airflow/example_dags/tutorial_taskflow_api.py
[2024-08-13T11:56:21.824+0000] {processor.py:830} INFO - Processing file /home/airflow/.local/lib/python3.12/site-packages/airflow/example_dags/tutorial_taskflow_api.py for tasks to queue
[2024-08-13T11:56:21.825+0000] {logging_mixin.py:188} INFO - [2024-08-13T11:56:21.825+0000] {dagbag.py:545} INFO - Filling up the DagBag from /home/airflow/.local/lib/python3.12/site-packages/airflow/example_dags/tutorial_taskflow_api.py
[2024-08-13T11:56:21.829+0000] {processor.py:840} INFO - DAG(s) 'tutorial_taskflow_api' retrieved from /home/airflow/.local/lib/python3.12/site-packages/airflow/example_dags/tutorial_taskflow_api.py
[2024-08-13T11:56:21.840+0000] {logging_mixin.py:188} INFO - [2024-08-13T11:56:21.840+0000] {dag.py:3089} INFO - Sync 1 DAGs
[2024-08-13T11:56:21.847+0000] {logging_mixin.py:188} INFO - [2024-08-13T11:56:21.847+0000] {dag.py:3947} INFO - Setting next_dagrun for tutorial_taskflow_api to None, run_after=None
[2024-08-13T11:56:21.857+0000] {processor.py:183} INFO - Processing /home/airflow/.local/lib/python3.12/site-packages/airflow/example_dags/tutorial_taskflow_api.py took 0.037 seconds
[2024-08-13T11:56:52.026+0000] {processor.py:161} INFO - Started process (PID=569) to work on /home/airflow/.local/lib/python3.12/site-packages/airflow/example_dags/tutorial_taskflow_api.py
[2024-08-13T11:56:52.028+0000] {processor.py:830} INFO - Processing file /home/airflow/.local/lib/python3.12/site-packages/airflow/example_dags/tutorial_taskflow_api.py for tasks to queue
[2024-08-13T11:56:52.033+0000] {logging_mixin.py:188} INFO - [2024-08-13T11:56:52.033+0000] {dagbag.py:545} INFO - Filling up the DagBag from /home/airflow/.local/lib/python3.12/site-packages/airflow/example_dags/tutorial_taskflow_api.py
[2024-08-13T11:56:52.045+0000] {processor.py:840} INFO - DAG(s) 'tutorial_taskflow_api' retrieved from /home/airflow/.local/lib/python3.12/site-packages/airflow/example_dags/tutorial_taskflow_api.py
[2024-08-13T11:56:52.073+0000] {logging_mixin.py:188} INFO - [2024-08-13T11:56:52.073+0000] {dag.py:3089} INFO - Sync 1 DAGs
[2024-08-13T11:56:52.094+0000] {logging_mixin.py:188} INFO - [2024-08-13T11:56:52.094+0000] {dag.py:3947} INFO - Setting next_dagrun for tutorial_taskflow_api to None, run_after=None
[2024-08-13T11:56:52.122+0000] {processor.py:183} INFO - Processing /home/airflow/.local/lib/python3.12/site-packages/airflow/example_dags/tutorial_taskflow_api.py took 0.099 seconds
