[2024-08-13T11:52:21.732+0000] {processor.py:161} INFO - Started process (PID=71) to work on /home/airflow/.local/lib/python3.12/site-packages/airflow/example_dags/tutorial_taskflow_api_virtualenv.py
[2024-08-13T11:52:21.733+0000] {processor.py:830} INFO - Processing file /home/airflow/.local/lib/python3.12/site-packages/airflow/example_dags/tutorial_taskflow_api_virtualenv.py for tasks to queue
[2024-08-13T11:52:21.734+0000] {logging_mixin.py:188} INFO - [2024-08-13T11:52:21.734+0000] {dagbag.py:545} INFO - Filling up the DagBag from /home/airflow/.local/lib/python3.12/site-packages/airflow/example_dags/tutorial_taskflow_api_virtualenv.py
[2024-08-13T11:52:21.749+0000] {processor.py:840} INFO - DAG(s) 'tutorial_taskflow_api_virtualenv' retrieved from /home/airflow/.local/lib/python3.12/site-packages/airflow/example_dags/tutorial_taskflow_api_virtualenv.py
[2024-08-13T11:52:21.850+0000] {logging_mixin.py:188} INFO - [2024-08-13T11:52:21.849+0000] {override.py:1858} INFO - Created Permission View: can edit on DAG:tutorial_taskflow_api_virtualenv
[2024-08-13T11:52:21.856+0000] {logging_mixin.py:188} INFO - [2024-08-13T11:52:21.856+0000] {override.py:1858} INFO - Created Permission View: can read on DAG:tutorial_taskflow_api_virtualenv
[2024-08-13T11:52:21.859+0000] {logging_mixin.py:188} INFO - [2024-08-13T11:52:21.859+0000] {override.py:1858} INFO - Created Permission View: can delete on DAG:tutorial_taskflow_api_virtualenv
[2024-08-13T11:52:21.860+0000] {logging_mixin.py:188} INFO - [2024-08-13T11:52:21.860+0000] {dag.py:3089} INFO - Sync 1 DAGs
[2024-08-13T11:52:21.866+0000] {logging_mixin.py:188} INFO - [2024-08-13T11:52:21.866+0000] {dag.py:3111} INFO - Creating ORM DAG for tutorial_taskflow_api_virtualenv
[2024-08-13T11:52:21.866+0000] {logging_mixin.py:188} INFO - [2024-08-13T11:52:21.866+0000] {dag.py:3947} INFO - Setting next_dagrun for tutorial_taskflow_api_virtualenv to None, run_after=None
[2024-08-13T11:52:21.893+0000] {processor.py:183} INFO - Processing /home/airflow/.local/lib/python3.12/site-packages/airflow/example_dags/tutorial_taskflow_api_virtualenv.py took 0.168 seconds
[2024-08-13T11:52:52.109+0000] {processor.py:161} INFO - Started process (PID=129) to work on /home/airflow/.local/lib/python3.12/site-packages/airflow/example_dags/tutorial_taskflow_api_virtualenv.py
[2024-08-13T11:52:52.109+0000] {processor.py:830} INFO - Processing file /home/airflow/.local/lib/python3.12/site-packages/airflow/example_dags/tutorial_taskflow_api_virtualenv.py for tasks to queue
[2024-08-13T11:52:52.110+0000] {logging_mixin.py:188} INFO - [2024-08-13T11:52:52.110+0000] {dagbag.py:545} INFO - Filling up the DagBag from /home/airflow/.local/lib/python3.12/site-packages/airflow/example_dags/tutorial_taskflow_api_virtualenv.py
[2024-08-13T11:52:52.116+0000] {processor.py:840} INFO - DAG(s) 'tutorial_taskflow_api_virtualenv' retrieved from /home/airflow/.local/lib/python3.12/site-packages/airflow/example_dags/tutorial_taskflow_api_virtualenv.py
[2024-08-13T11:52:52.128+0000] {logging_mixin.py:188} INFO - [2024-08-13T11:52:52.128+0000] {dag.py:3089} INFO - Sync 1 DAGs
[2024-08-13T11:52:52.135+0000] {logging_mixin.py:188} INFO - [2024-08-13T11:52:52.135+0000] {dag.py:3947} INFO - Setting next_dagrun for tutorial_taskflow_api_virtualenv to None, run_after=None
[2024-08-13T11:52:52.146+0000] {processor.py:183} INFO - Processing /home/airflow/.local/lib/python3.12/site-packages/airflow/example_dags/tutorial_taskflow_api_virtualenv.py took 0.041 seconds
[2024-08-13T11:53:22.265+0000] {processor.py:161} INFO - Started process (PID=187) to work on /home/airflow/.local/lib/python3.12/site-packages/airflow/example_dags/tutorial_taskflow_api_virtualenv.py
[2024-08-13T11:53:22.265+0000] {processor.py:830} INFO - Processing file /home/airflow/.local/lib/python3.12/site-packages/airflow/example_dags/tutorial_taskflow_api_virtualenv.py for tasks to queue
[2024-08-13T11:53:22.266+0000] {logging_mixin.py:188} INFO - [2024-08-13T11:53:22.266+0000] {dagbag.py:545} INFO - Filling up the DagBag from /home/airflow/.local/lib/python3.12/site-packages/airflow/example_dags/tutorial_taskflow_api_virtualenv.py
[2024-08-13T11:53:22.272+0000] {processor.py:840} INFO - DAG(s) 'tutorial_taskflow_api_virtualenv' retrieved from /home/airflow/.local/lib/python3.12/site-packages/airflow/example_dags/tutorial_taskflow_api_virtualenv.py
[2024-08-13T11:53:22.285+0000] {logging_mixin.py:188} INFO - [2024-08-13T11:53:22.285+0000] {dag.py:3089} INFO - Sync 1 DAGs
[2024-08-13T11:53:22.294+0000] {logging_mixin.py:188} INFO - [2024-08-13T11:53:22.293+0000] {dag.py:3947} INFO - Setting next_dagrun for tutorial_taskflow_api_virtualenv to None, run_after=None
[2024-08-13T11:53:22.308+0000] {processor.py:183} INFO - Processing /home/airflow/.local/lib/python3.12/site-packages/airflow/example_dags/tutorial_taskflow_api_virtualenv.py took 0.047 seconds
[2024-08-13T11:53:52.596+0000] {processor.py:161} INFO - Started process (PID=245) to work on /home/airflow/.local/lib/python3.12/site-packages/airflow/example_dags/tutorial_taskflow_api_virtualenv.py
[2024-08-13T11:53:52.596+0000] {processor.py:830} INFO - Processing file /home/airflow/.local/lib/python3.12/site-packages/airflow/example_dags/tutorial_taskflow_api_virtualenv.py for tasks to queue
[2024-08-13T11:53:52.600+0000] {logging_mixin.py:188} INFO - [2024-08-13T11:53:52.600+0000] {dagbag.py:545} INFO - Filling up the DagBag from /home/airflow/.local/lib/python3.12/site-packages/airflow/example_dags/tutorial_taskflow_api_virtualenv.py
[2024-08-13T11:53:52.612+0000] {processor.py:840} INFO - DAG(s) 'tutorial_taskflow_api_virtualenv' retrieved from /home/airflow/.local/lib/python3.12/site-packages/airflow/example_dags/tutorial_taskflow_api_virtualenv.py
[2024-08-13T11:53:52.623+0000] {logging_mixin.py:188} INFO - [2024-08-13T11:53:52.623+0000] {dag.py:3089} INFO - Sync 1 DAGs
[2024-08-13T11:53:52.631+0000] {logging_mixin.py:188} INFO - [2024-08-13T11:53:52.631+0000] {dag.py:3947} INFO - Setting next_dagrun for tutorial_taskflow_api_virtualenv to None, run_after=None
[2024-08-13T11:53:52.642+0000] {processor.py:183} INFO - Processing /home/airflow/.local/lib/python3.12/site-packages/airflow/example_dags/tutorial_taskflow_api_virtualenv.py took 0.050 seconds
[2024-08-13T11:54:22.680+0000] {processor.py:161} INFO - Started process (PID=303) to work on /home/airflow/.local/lib/python3.12/site-packages/airflow/example_dags/tutorial_taskflow_api_virtualenv.py
[2024-08-13T11:54:22.681+0000] {processor.py:830} INFO - Processing file /home/airflow/.local/lib/python3.12/site-packages/airflow/example_dags/tutorial_taskflow_api_virtualenv.py for tasks to queue
[2024-08-13T11:54:22.682+0000] {logging_mixin.py:188} INFO - [2024-08-13T11:54:22.681+0000] {dagbag.py:545} INFO - Filling up the DagBag from /home/airflow/.local/lib/python3.12/site-packages/airflow/example_dags/tutorial_taskflow_api_virtualenv.py
[2024-08-13T11:54:22.688+0000] {processor.py:840} INFO - DAG(s) 'tutorial_taskflow_api_virtualenv' retrieved from /home/airflow/.local/lib/python3.12/site-packages/airflow/example_dags/tutorial_taskflow_api_virtualenv.py
[2024-08-13T11:54:22.698+0000] {logging_mixin.py:188} INFO - [2024-08-13T11:54:22.698+0000] {dag.py:3089} INFO - Sync 1 DAGs
[2024-08-13T11:54:22.705+0000] {logging_mixin.py:188} INFO - [2024-08-13T11:54:22.705+0000] {dag.py:3947} INFO - Setting next_dagrun for tutorial_taskflow_api_virtualenv to None, run_after=None
[2024-08-13T11:54:22.716+0000] {processor.py:183} INFO - Processing /home/airflow/.local/lib/python3.12/site-packages/airflow/example_dags/tutorial_taskflow_api_virtualenv.py took 0.039 seconds
[2024-08-13T11:54:53.088+0000] {processor.py:161} INFO - Started process (PID=361) to work on /home/airflow/.local/lib/python3.12/site-packages/airflow/example_dags/tutorial_taskflow_api_virtualenv.py
[2024-08-13T11:54:53.088+0000] {processor.py:830} INFO - Processing file /home/airflow/.local/lib/python3.12/site-packages/airflow/example_dags/tutorial_taskflow_api_virtualenv.py for tasks to queue
[2024-08-13T11:54:53.090+0000] {logging_mixin.py:188} INFO - [2024-08-13T11:54:53.090+0000] {dagbag.py:545} INFO - Filling up the DagBag from /home/airflow/.local/lib/python3.12/site-packages/airflow/example_dags/tutorial_taskflow_api_virtualenv.py
[2024-08-13T11:54:53.097+0000] {processor.py:840} INFO - DAG(s) 'tutorial_taskflow_api_virtualenv' retrieved from /home/airflow/.local/lib/python3.12/site-packages/airflow/example_dags/tutorial_taskflow_api_virtualenv.py
[2024-08-13T11:54:53.109+0000] {logging_mixin.py:188} INFO - [2024-08-13T11:54:53.109+0000] {dag.py:3089} INFO - Sync 1 DAGs
[2024-08-13T11:54:53.116+0000] {logging_mixin.py:188} INFO - [2024-08-13T11:54:53.116+0000] {dag.py:3947} INFO - Setting next_dagrun for tutorial_taskflow_api_virtualenv to None, run_after=None
[2024-08-13T11:54:53.126+0000] {processor.py:183} INFO - Processing /home/airflow/.local/lib/python3.12/site-packages/airflow/example_dags/tutorial_taskflow_api_virtualenv.py took 0.045 seconds
[2024-08-13T11:55:23.419+0000] {processor.py:161} INFO - Started process (PID=418) to work on /home/airflow/.local/lib/python3.12/site-packages/airflow/example_dags/tutorial_taskflow_api_virtualenv.py
[2024-08-13T11:55:23.419+0000] {processor.py:830} INFO - Processing file /home/airflow/.local/lib/python3.12/site-packages/airflow/example_dags/tutorial_taskflow_api_virtualenv.py for tasks to queue
[2024-08-13T11:55:23.421+0000] {logging_mixin.py:188} INFO - [2024-08-13T11:55:23.420+0000] {dagbag.py:545} INFO - Filling up the DagBag from /home/airflow/.local/lib/python3.12/site-packages/airflow/example_dags/tutorial_taskflow_api_virtualenv.py
[2024-08-13T11:55:23.426+0000] {processor.py:840} INFO - DAG(s) 'tutorial_taskflow_api_virtualenv' retrieved from /home/airflow/.local/lib/python3.12/site-packages/airflow/example_dags/tutorial_taskflow_api_virtualenv.py
[2024-08-13T11:55:23.437+0000] {logging_mixin.py:188} INFO - [2024-08-13T11:55:23.437+0000] {dag.py:3089} INFO - Sync 1 DAGs
[2024-08-13T11:55:23.444+0000] {logging_mixin.py:188} INFO - [2024-08-13T11:55:23.444+0000] {dag.py:3947} INFO - Setting next_dagrun for tutorial_taskflow_api_virtualenv to None, run_after=None
[2024-08-13T11:55:23.453+0000] {processor.py:183} INFO - Processing /home/airflow/.local/lib/python3.12/site-packages/airflow/example_dags/tutorial_taskflow_api_virtualenv.py took 0.038 seconds
[2024-08-13T11:55:53.559+0000] {processor.py:161} INFO - Started process (PID=476) to work on /home/airflow/.local/lib/python3.12/site-packages/airflow/example_dags/tutorial_taskflow_api_virtualenv.py
[2024-08-13T11:55:53.560+0000] {processor.py:830} INFO - Processing file /home/airflow/.local/lib/python3.12/site-packages/airflow/example_dags/tutorial_taskflow_api_virtualenv.py for tasks to queue
[2024-08-13T11:55:53.561+0000] {logging_mixin.py:188} INFO - [2024-08-13T11:55:53.561+0000] {dagbag.py:545} INFO - Filling up the DagBag from /home/airflow/.local/lib/python3.12/site-packages/airflow/example_dags/tutorial_taskflow_api_virtualenv.py
[2024-08-13T11:55:53.568+0000] {processor.py:840} INFO - DAG(s) 'tutorial_taskflow_api_virtualenv' retrieved from /home/airflow/.local/lib/python3.12/site-packages/airflow/example_dags/tutorial_taskflow_api_virtualenv.py
[2024-08-13T11:55:53.581+0000] {logging_mixin.py:188} INFO - [2024-08-13T11:55:53.581+0000] {dag.py:3089} INFO - Sync 1 DAGs
[2024-08-13T11:55:53.590+0000] {logging_mixin.py:188} INFO - [2024-08-13T11:55:53.589+0000] {dag.py:3947} INFO - Setting next_dagrun for tutorial_taskflow_api_virtualenv to None, run_after=None
[2024-08-13T11:55:53.602+0000] {processor.py:183} INFO - Processing /home/airflow/.local/lib/python3.12/site-packages/airflow/example_dags/tutorial_taskflow_api_virtualenv.py took 0.046 seconds
[2024-08-13T11:56:23.693+0000] {processor.py:161} INFO - Started process (PID=534) to work on /home/airflow/.local/lib/python3.12/site-packages/airflow/example_dags/tutorial_taskflow_api_virtualenv.py
[2024-08-13T11:56:23.694+0000] {processor.py:830} INFO - Processing file /home/airflow/.local/lib/python3.12/site-packages/airflow/example_dags/tutorial_taskflow_api_virtualenv.py for tasks to queue
[2024-08-13T11:56:23.695+0000] {logging_mixin.py:188} INFO - [2024-08-13T11:56:23.695+0000] {dagbag.py:545} INFO - Filling up the DagBag from /home/airflow/.local/lib/python3.12/site-packages/airflow/example_dags/tutorial_taskflow_api_virtualenv.py
[2024-08-13T11:56:23.701+0000] {processor.py:840} INFO - DAG(s) 'tutorial_taskflow_api_virtualenv' retrieved from /home/airflow/.local/lib/python3.12/site-packages/airflow/example_dags/tutorial_taskflow_api_virtualenv.py
[2024-08-13T11:56:23.713+0000] {logging_mixin.py:188} INFO - [2024-08-13T11:56:23.713+0000] {dag.py:3089} INFO - Sync 1 DAGs
[2024-08-13T11:56:23.721+0000] {logging_mixin.py:188} INFO - [2024-08-13T11:56:23.721+0000] {dag.py:3947} INFO - Setting next_dagrun for tutorial_taskflow_api_virtualenv to None, run_after=None
[2024-08-13T11:56:23.737+0000] {processor.py:183} INFO - Processing /home/airflow/.local/lib/python3.12/site-packages/airflow/example_dags/tutorial_taskflow_api_virtualenv.py took 0.048 seconds
