[2024-08-13T11:52:21.344+0000] {processor.py:161} INFO - Started process (PID=67) to work on /home/airflow/.local/lib/python3.12/site-packages/airflow/example_dags/tutorial_objectstorage.py
[2024-08-13T11:52:21.345+0000] {processor.py:830} INFO - Processing file /home/airflow/.local/lib/python3.12/site-packages/airflow/example_dags/tutorial_objectstorage.py for tasks to queue
[2024-08-13T11:52:21.346+0000] {logging_mixin.py:188} INFO - [2024-08-13T11:52:21.346+0000] {dagbag.py:545} INFO - Filling up the DagBag from /home/airflow/.local/lib/python3.12/site-packages/airflow/example_dags/tutorial_objectstorage.py
[2024-08-13T11:52:21.352+0000] {processor.py:840} INFO - DAG(s) 'tutorial_objectstorage' retrieved from /home/airflow/.local/lib/python3.12/site-packages/airflow/example_dags/tutorial_objectstorage.py
[2024-08-13T11:52:21.441+0000] {logging_mixin.py:188} INFO - [2024-08-13T11:52:21.440+0000] {override.py:1858} INFO - Created Permission View: can edit on DAG:tutorial_objectstorage
[2024-08-13T11:52:21.445+0000] {logging_mixin.py:188} INFO - [2024-08-13T11:52:21.445+0000] {override.py:1858} INFO - Created Permission View: can read on DAG:tutorial_objectstorage
[2024-08-13T11:52:21.448+0000] {logging_mixin.py:188} INFO - [2024-08-13T11:52:21.448+0000] {override.py:1858} INFO - Created Permission View: can delete on DAG:tutorial_objectstorage
[2024-08-13T11:52:21.448+0000] {logging_mixin.py:188} INFO - [2024-08-13T11:52:21.448+0000] {dag.py:3089} INFO - Sync 1 DAGs
[2024-08-13T11:52:21.454+0000] {logging_mixin.py:188} INFO - [2024-08-13T11:52:21.454+0000] {dag.py:3111} INFO - Creating ORM DAG for tutorial_objectstorage
[2024-08-13T11:52:21.455+0000] {logging_mixin.py:188} INFO - [2024-08-13T11:52:21.455+0000] {dag.py:3947} INFO - Setting next_dagrun for tutorial_objectstorage to None, run_after=None
[2024-08-13T11:52:21.466+0000] {processor.py:183} INFO - Processing /home/airflow/.local/lib/python3.12/site-packages/airflow/example_dags/tutorial_objectstorage.py took 0.125 seconds
[2024-08-13T11:52:51.983+0000] {processor.py:161} INFO - Started process (PID=125) to work on /home/airflow/.local/lib/python3.12/site-packages/airflow/example_dags/tutorial_objectstorage.py
[2024-08-13T11:52:51.983+0000] {processor.py:830} INFO - Processing file /home/airflow/.local/lib/python3.12/site-packages/airflow/example_dags/tutorial_objectstorage.py for tasks to queue
[2024-08-13T11:52:51.986+0000] {logging_mixin.py:188} INFO - [2024-08-13T11:52:51.985+0000] {dagbag.py:545} INFO - Filling up the DagBag from /home/airflow/.local/lib/python3.12/site-packages/airflow/example_dags/tutorial_objectstorage.py
[2024-08-13T11:52:51.992+0000] {processor.py:840} INFO - DAG(s) 'tutorial_objectstorage' retrieved from /home/airflow/.local/lib/python3.12/site-packages/airflow/example_dags/tutorial_objectstorage.py
[2024-08-13T11:52:52.008+0000] {logging_mixin.py:188} INFO - [2024-08-13T11:52:52.008+0000] {dag.py:3089} INFO - Sync 1 DAGs
[2024-08-13T11:52:52.016+0000] {logging_mixin.py:188} INFO - [2024-08-13T11:52:52.016+0000] {dag.py:3947} INFO - Setting next_dagrun for tutorial_objectstorage to None, run_after=None
[2024-08-13T11:52:52.026+0000] {processor.py:183} INFO - Processing /home/airflow/.local/lib/python3.12/site-packages/airflow/example_dags/tutorial_objectstorage.py took 0.053 seconds
[2024-08-13T11:53:22.095+0000] {processor.py:161} INFO - Started process (PID=183) to work on /home/airflow/.local/lib/python3.12/site-packages/airflow/example_dags/tutorial_objectstorage.py
[2024-08-13T11:53:22.097+0000] {processor.py:830} INFO - Processing file /home/airflow/.local/lib/python3.12/site-packages/airflow/example_dags/tutorial_objectstorage.py for tasks to queue
[2024-08-13T11:53:22.098+0000] {logging_mixin.py:188} INFO - [2024-08-13T11:53:22.098+0000] {dagbag.py:545} INFO - Filling up the DagBag from /home/airflow/.local/lib/python3.12/site-packages/airflow/example_dags/tutorial_objectstorage.py
[2024-08-13T11:53:22.103+0000] {processor.py:840} INFO - DAG(s) 'tutorial_objectstorage' retrieved from /home/airflow/.local/lib/python3.12/site-packages/airflow/example_dags/tutorial_objectstorage.py
[2024-08-13T11:53:22.115+0000] {logging_mixin.py:188} INFO - [2024-08-13T11:53:22.114+0000] {dag.py:3089} INFO - Sync 1 DAGs
[2024-08-13T11:53:22.123+0000] {logging_mixin.py:188} INFO - [2024-08-13T11:53:22.123+0000] {dag.py:3947} INFO - Setting next_dagrun for tutorial_objectstorage to None, run_after=None
[2024-08-13T11:53:22.135+0000] {processor.py:183} INFO - Processing /home/airflow/.local/lib/python3.12/site-packages/airflow/example_dags/tutorial_objectstorage.py took 0.043 seconds
[2024-08-13T11:53:52.441+0000] {processor.py:161} INFO - Started process (PID=241) to work on /home/airflow/.local/lib/python3.12/site-packages/airflow/example_dags/tutorial_objectstorage.py
[2024-08-13T11:53:52.442+0000] {processor.py:830} INFO - Processing file /home/airflow/.local/lib/python3.12/site-packages/airflow/example_dags/tutorial_objectstorage.py for tasks to queue
[2024-08-13T11:53:52.444+0000] {logging_mixin.py:188} INFO - [2024-08-13T11:53:52.444+0000] {dagbag.py:545} INFO - Filling up the DagBag from /home/airflow/.local/lib/python3.12/site-packages/airflow/example_dags/tutorial_objectstorage.py
[2024-08-13T11:53:52.453+0000] {processor.py:840} INFO - DAG(s) 'tutorial_objectstorage' retrieved from /home/airflow/.local/lib/python3.12/site-packages/airflow/example_dags/tutorial_objectstorage.py
[2024-08-13T11:53:52.474+0000] {logging_mixin.py:188} INFO - [2024-08-13T11:53:52.473+0000] {dag.py:3089} INFO - Sync 1 DAGs
[2024-08-13T11:53:52.493+0000] {logging_mixin.py:188} INFO - [2024-08-13T11:53:52.492+0000] {dag.py:3947} INFO - Setting next_dagrun for tutorial_objectstorage to None, run_after=None
[2024-08-13T11:53:52.511+0000] {processor.py:183} INFO - Processing /home/airflow/.local/lib/python3.12/site-packages/airflow/example_dags/tutorial_objectstorage.py took 0.075 seconds
[2024-08-13T11:54:22.563+0000] {processor.py:161} INFO - Started process (PID=299) to work on /home/airflow/.local/lib/python3.12/site-packages/airflow/example_dags/tutorial_objectstorage.py
[2024-08-13T11:54:22.564+0000] {processor.py:830} INFO - Processing file /home/airflow/.local/lib/python3.12/site-packages/airflow/example_dags/tutorial_objectstorage.py for tasks to queue
[2024-08-13T11:54:22.565+0000] {logging_mixin.py:188} INFO - [2024-08-13T11:54:22.565+0000] {dagbag.py:545} INFO - Filling up the DagBag from /home/airflow/.local/lib/python3.12/site-packages/airflow/example_dags/tutorial_objectstorage.py
[2024-08-13T11:54:22.569+0000] {processor.py:840} INFO - DAG(s) 'tutorial_objectstorage' retrieved from /home/airflow/.local/lib/python3.12/site-packages/airflow/example_dags/tutorial_objectstorage.py
[2024-08-13T11:54:22.582+0000] {logging_mixin.py:188} INFO - [2024-08-13T11:54:22.582+0000] {dag.py:3089} INFO - Sync 1 DAGs
[2024-08-13T11:54:22.590+0000] {logging_mixin.py:188} INFO - [2024-08-13T11:54:22.589+0000] {dag.py:3947} INFO - Setting next_dagrun for tutorial_objectstorage to None, run_after=None
[2024-08-13T11:54:22.604+0000] {processor.py:183} INFO - Processing /home/airflow/.local/lib/python3.12/site-packages/airflow/example_dags/tutorial_objectstorage.py took 0.044 seconds
[2024-08-13T11:54:52.950+0000] {processor.py:161} INFO - Started process (PID=357) to work on /home/airflow/.local/lib/python3.12/site-packages/airflow/example_dags/tutorial_objectstorage.py
[2024-08-13T11:54:52.951+0000] {processor.py:830} INFO - Processing file /home/airflow/.local/lib/python3.12/site-packages/airflow/example_dags/tutorial_objectstorage.py for tasks to queue
[2024-08-13T11:54:52.953+0000] {logging_mixin.py:188} INFO - [2024-08-13T11:54:52.952+0000] {dagbag.py:545} INFO - Filling up the DagBag from /home/airflow/.local/lib/python3.12/site-packages/airflow/example_dags/tutorial_objectstorage.py
[2024-08-13T11:54:52.960+0000] {processor.py:840} INFO - DAG(s) 'tutorial_objectstorage' retrieved from /home/airflow/.local/lib/python3.12/site-packages/airflow/example_dags/tutorial_objectstorage.py
[2024-08-13T11:54:52.974+0000] {logging_mixin.py:188} INFO - [2024-08-13T11:54:52.974+0000] {dag.py:3089} INFO - Sync 1 DAGs
[2024-08-13T11:54:52.983+0000] {logging_mixin.py:188} INFO - [2024-08-13T11:54:52.983+0000] {dag.py:3947} INFO - Setting next_dagrun for tutorial_objectstorage to None, run_after=None
[2024-08-13T11:54:52.996+0000] {processor.py:183} INFO - Processing /home/airflow/.local/lib/python3.12/site-packages/airflow/example_dags/tutorial_objectstorage.py took 0.050 seconds
[2024-08-13T11:55:23.305+0000] {processor.py:161} INFO - Started process (PID=414) to work on /home/airflow/.local/lib/python3.12/site-packages/airflow/example_dags/tutorial_objectstorage.py
[2024-08-13T11:55:23.306+0000] {processor.py:830} INFO - Processing file /home/airflow/.local/lib/python3.12/site-packages/airflow/example_dags/tutorial_objectstorage.py for tasks to queue
[2024-08-13T11:55:23.308+0000] {logging_mixin.py:188} INFO - [2024-08-13T11:55:23.308+0000] {dagbag.py:545} INFO - Filling up the DagBag from /home/airflow/.local/lib/python3.12/site-packages/airflow/example_dags/tutorial_objectstorage.py
[2024-08-13T11:55:23.313+0000] {processor.py:840} INFO - DAG(s) 'tutorial_objectstorage' retrieved from /home/airflow/.local/lib/python3.12/site-packages/airflow/example_dags/tutorial_objectstorage.py
[2024-08-13T11:55:23.325+0000] {logging_mixin.py:188} INFO - [2024-08-13T11:55:23.325+0000] {dag.py:3089} INFO - Sync 1 DAGs
[2024-08-13T11:55:23.332+0000] {logging_mixin.py:188} INFO - [2024-08-13T11:55:23.332+0000] {dag.py:3947} INFO - Setting next_dagrun for tutorial_objectstorage to None, run_after=None
[2024-08-13T11:55:23.346+0000] {processor.py:183} INFO - Processing /home/airflow/.local/lib/python3.12/site-packages/airflow/example_dags/tutorial_objectstorage.py took 0.044 seconds
[2024-08-13T11:55:53.434+0000] {processor.py:161} INFO - Started process (PID=472) to work on /home/airflow/.local/lib/python3.12/site-packages/airflow/example_dags/tutorial_objectstorage.py
[2024-08-13T11:55:53.435+0000] {processor.py:830} INFO - Processing file /home/airflow/.local/lib/python3.12/site-packages/airflow/example_dags/tutorial_objectstorage.py for tasks to queue
[2024-08-13T11:55:53.439+0000] {logging_mixin.py:188} INFO - [2024-08-13T11:55:53.439+0000] {dagbag.py:545} INFO - Filling up the DagBag from /home/airflow/.local/lib/python3.12/site-packages/airflow/example_dags/tutorial_objectstorage.py
[2024-08-13T11:55:53.446+0000] {processor.py:840} INFO - DAG(s) 'tutorial_objectstorage' retrieved from /home/airflow/.local/lib/python3.12/site-packages/airflow/example_dags/tutorial_objectstorage.py
[2024-08-13T11:55:53.461+0000] {logging_mixin.py:188} INFO - [2024-08-13T11:55:53.461+0000] {dag.py:3089} INFO - Sync 1 DAGs
[2024-08-13T11:55:53.470+0000] {logging_mixin.py:188} INFO - [2024-08-13T11:55:53.470+0000] {dag.py:3947} INFO - Setting next_dagrun for tutorial_objectstorage to None, run_after=None
[2024-08-13T11:55:53.481+0000] {processor.py:183} INFO - Processing /home/airflow/.local/lib/python3.12/site-packages/airflow/example_dags/tutorial_objectstorage.py took 0.052 seconds
[2024-08-13T11:56:23.527+0000] {processor.py:161} INFO - Started process (PID=530) to work on /home/airflow/.local/lib/python3.12/site-packages/airflow/example_dags/tutorial_objectstorage.py
[2024-08-13T11:56:23.528+0000] {processor.py:830} INFO - Processing file /home/airflow/.local/lib/python3.12/site-packages/airflow/example_dags/tutorial_objectstorage.py for tasks to queue
[2024-08-13T11:56:23.529+0000] {logging_mixin.py:188} INFO - [2024-08-13T11:56:23.529+0000] {dagbag.py:545} INFO - Filling up the DagBag from /home/airflow/.local/lib/python3.12/site-packages/airflow/example_dags/tutorial_objectstorage.py
[2024-08-13T11:56:23.534+0000] {processor.py:840} INFO - DAG(s) 'tutorial_objectstorage' retrieved from /home/airflow/.local/lib/python3.12/site-packages/airflow/example_dags/tutorial_objectstorage.py
[2024-08-13T11:56:23.546+0000] {logging_mixin.py:188} INFO - [2024-08-13T11:56:23.546+0000] {dag.py:3089} INFO - Sync 1 DAGs
[2024-08-13T11:56:23.552+0000] {logging_mixin.py:188} INFO - [2024-08-13T11:56:23.552+0000] {dag.py:3947} INFO - Setting next_dagrun for tutorial_objectstorage to None, run_after=None
[2024-08-13T11:56:23.562+0000] {processor.py:183} INFO - Processing /home/airflow/.local/lib/python3.12/site-packages/airflow/example_dags/tutorial_objectstorage.py took 0.039 seconds
