[2024-08-13T15:21:15.050+0000] {local_task_job_runner.py:120} INFO - ::group::Pre task execution logs
[2024-08-13T15:21:15.063+0000] {taskinstance.py:2076} INFO - Dependencies all met for dep_context=non-requeueable deps ti=<TaskInstance: podcast_summary.create_table manual__2024-08-13T15:21:13.481804+00:00 [queued]>
[2024-08-13T15:21:15.068+0000] {taskinstance.py:2076} INFO - Dependencies all met for dep_context=requeueable deps ti=<TaskInstance: podcast_summary.create_table manual__2024-08-13T15:21:13.481804+00:00 [queued]>
[2024-08-13T15:21:15.068+0000] {taskinstance.py:2306} INFO - Starting attempt 1 of 1
[2024-08-13T15:21:15.075+0000] {taskinstance.py:2330} INFO - Executing <Task(SqliteOperator): create_table> on 2024-08-13 15:21:13.481804+00:00
[2024-08-13T15:21:15.078+0000] {warnings.py:112} WARNING - /home/***/.local/lib/python3.12/site-packages/***/task/task_runner/standard_task_runner.py:62: DeprecationWarning: This process (pid=262) is multi-threaded, use of fork() may lead to deadlocks in the child.
  pid = os.fork()

[2024-08-13T15:21:15.079+0000] {standard_task_runner.py:64} INFO - Started process 263 to run task
[2024-08-13T15:21:15.079+0000] {standard_task_runner.py:90} INFO - Running: ['***', 'tasks', 'run', 'podcast_summary', 'create_table', 'manual__2024-08-13T15:21:13.481804+00:00', '--job-id', '17', '--raw', '--subdir', 'DAGS_FOLDER/dag.py', '--cfg-path', '/tmp/tmpcq8qkn06']
[2024-08-13T15:21:15.080+0000] {standard_task_runner.py:91} INFO - Job 17: Subtask create_table
[2024-08-13T15:21:15.107+0000] {task_command.py:426} INFO - Running <TaskInstance: podcast_summary.create_table manual__2024-08-13T15:21:13.481804+00:00 [running]> on host 2370a6900c77
[2024-08-13T15:21:15.150+0000] {taskinstance.py:2648} INFO - Exporting env vars: AIRFLOW_CTX_DAG_OWNER='***' AIRFLOW_CTX_DAG_ID='podcast_summary' AIRFLOW_CTX_TASK_ID='create_table' AIRFLOW_CTX_EXECUTION_DATE='2024-08-13T15:21:13.481804+00:00' AIRFLOW_CTX_TRY_NUMBER='1' AIRFLOW_CTX_DAG_RUN_ID='manual__2024-08-13T15:21:13.481804+00:00'
[2024-08-13T15:21:15.151+0000] {taskinstance.py:430} INFO - ::endgroup::
[2024-08-13T15:21:15.151+0000] {sql.py:282} INFO - Executing: 
    CREATE TABLE IF NOT EXISTS episodes (
        link TEXT PRIMARY KEY,
        title TEXT,
        filename TEXT,
        published TEXT,
        description TEXT,
        transcript TEXT
    );
    
[2024-08-13T15:21:15.155+0000] {base.py:84} INFO - Using connection ID 'sqlite_default' for task execution.
[2024-08-13T15:21:15.165+0000] {base.py:84} INFO - Using connection ID 'sqlite_default' for task execution.
[2024-08-13T15:21:15.166+0000] {sql.py:495} INFO - Running statement: 
    CREATE TABLE IF NOT EXISTS episodes (
        link TEXT PRIMARY KEY,
        title TEXT,
        filename TEXT,
        published TEXT,
        description TEXT,
        transcript TEXT
    );
    , parameters: None
[2024-08-13T15:21:15.170+0000] {taskinstance.py:441} INFO - ::group::Post task execution logs
[2024-08-13T15:21:15.175+0000] {taskinstance.py:1206} INFO - Marking task as SUCCESS. dag_id=podcast_summary, task_id=create_table, run_id=manual__2024-08-13T15:21:13.481804+00:00, execution_date=20240813T152113, start_date=20240813T152115, end_date=20240813T152115
[2024-08-13T15:21:15.214+0000] {local_task_job_runner.py:243} INFO - Task exited with return code 0
[2024-08-13T15:21:15.221+0000] {warnings.py:112} WARNING - /home/***/.local/lib/python3.12/site-packages/***/models/baseoperator.py:1297: AirflowProviderDeprecationWarning: Call to deprecated class SqliteOperator. (Please use `***.providers.common.sql.operators.sql.SQLExecuteQueryOperator`.)
  result = cls.__new__(cls)

[2024-08-13T15:21:15.228+0000] {taskinstance.py:3503} INFO - 1 downstream tasks scheduled from follow-on schedule check
[2024-08-13T15:21:15.229+0000] {local_task_job_runner.py:222} INFO - ::endgroup::
