[2024-08-13T17:12:29.233+0000] {local_task_job_runner.py:120} INFO - ::group::Pre task execution logs
[2024-08-13T17:12:29.254+0000] {taskinstance.py:2076} INFO - Dependencies all met for dep_context=non-requeueable deps ti=<TaskInstance: podcast_summary.download_episodes manual__2024-08-13T17:12:25.738203+00:00 [queued]>
[2024-08-13T17:12:29.260+0000] {taskinstance.py:2076} INFO - Dependencies all met for dep_context=requeueable deps ti=<TaskInstance: podcast_summary.download_episodes manual__2024-08-13T17:12:25.738203+00:00 [queued]>
[2024-08-13T17:12:29.260+0000] {taskinstance.py:2306} INFO - Starting attempt 1 of 1
[2024-08-13T17:12:29.268+0000] {taskinstance.py:2330} INFO - Executing <Task(_PythonDecoratedOperator): download_episodes> on 2024-08-13 17:12:25.738203+00:00
[2024-08-13T17:12:29.272+0000] {warnings.py:112} WARNING - /home/***/.local/lib/python3.12/site-packages/***/task/task_runner/standard_task_runner.py:62: DeprecationWarning: This process (pid=55) is multi-threaded, use of fork() may lead to deadlocks in the child.
  pid = os.fork()

[2024-08-13T17:12:29.273+0000] {standard_task_runner.py:64} INFO - Started process 57 to run task
[2024-08-13T17:12:29.277+0000] {standard_task_runner.py:90} INFO - Running: ['***', 'tasks', 'run', 'podcast_summary', 'download_episodes', 'manual__2024-08-13T17:12:25.738203+00:00', '--job-id', '38', '--raw', '--subdir', 'DAGS_FOLDER/dag.py', '--cfg-path', '/tmp/tmpg8fomx6h']
[2024-08-13T17:12:29.279+0000] {standard_task_runner.py:91} INFO - Job 38: Subtask download_episodes
[2024-08-13T17:12:29.351+0000] {task_command.py:426} INFO - Running <TaskInstance: podcast_summary.download_episodes manual__2024-08-13T17:12:25.738203+00:00 [running]> on host aa75c9e1ff6b
[2024-08-13T17:12:29.434+0000] {taskinstance.py:2648} INFO - Exporting env vars: AIRFLOW_CTX_DAG_OWNER='***' AIRFLOW_CTX_DAG_ID='podcast_summary' AIRFLOW_CTX_TASK_ID='download_episodes' AIRFLOW_CTX_EXECUTION_DATE='2024-08-13T17:12:25.738203+00:00' AIRFLOW_CTX_TRY_NUMBER='1' AIRFLOW_CTX_DAG_RUN_ID='manual__2024-08-13T17:12:25.738203+00:00'
[2024-08-13T17:12:29.435+0000] {taskinstance.py:430} INFO - ::endgroup::
[2024-08-13T17:12:29.436+0000] {logging_mixin.py:188} INFO - Downloading the-ol-stock-bond-balancing-act.mp3
[2024-08-13T17:12:36.656+0000] {logging_mixin.py:188} INFO - Downloading the-politics-of-fed-independence.mp3
[2024-08-13T17:12:44.407+0000] {logging_mixin.py:188} INFO - Downloading this-back-to-school-season-value-is-at-the-top-of-americas-shopping-list.mp3
[2024-08-13T17:12:50.981+0000] {python.py:237} INFO - Done. Returned value was: [{'link': 'https://www.marketplace.org/shows/marketplace/the-ol-stock-bond-balancing-act', 'filename': 'the-ol-stock-bond-balancing-act.mp3'}, {'link': 'https://www.marketplace.org/shows/marketplace/the-politics-of-fed-independence', 'filename': 'the-politics-of-fed-independence.mp3'}, {'link': 'https://www.marketplace.org/shows/marketplace/this-back-to-school-season-value-is-at-the-top-of-americas-shopping-list', 'filename': 'this-back-to-school-season-value-is-at-the-top-of-americas-shopping-list.mp3'}]
[2024-08-13T17:12:50.982+0000] {taskinstance.py:441} INFO - ::group::Post task execution logs
[2024-08-13T17:12:50.996+0000] {taskinstance.py:1206} INFO - Marking task as SUCCESS. dag_id=podcast_summary, task_id=download_episodes, run_id=manual__2024-08-13T17:12:25.738203+00:00, execution_date=20240813T171225, start_date=20240813T171229, end_date=20240813T171250
[2024-08-13T17:12:51.037+0000] {local_task_job_runner.py:243} INFO - Task exited with return code 0
[2024-08-13T17:12:51.045+0000] {taskinstance.py:3503} INFO - 0 downstream tasks scheduled from follow-on schedule check
[2024-08-13T17:12:51.046+0000] {local_task_job_runner.py:222} INFO - ::endgroup::
