[2024-08-13T17:00:47.224+0000] {local_task_job_runner.py:120} INFO - ::group::Pre task execution logs
[2024-08-13T17:00:47.237+0000] {taskinstance.py:2076} INFO - Dependencies all met for dep_context=non-requeueable deps ti=<TaskInstance: podcast_summary.create_table manual__2024-08-13T17:00:46.576211+00:00 [queued]>
[2024-08-13T17:00:47.241+0000] {taskinstance.py:2076} INFO - Dependencies all met for dep_context=requeueable deps ti=<TaskInstance: podcast_summary.create_table manual__2024-08-13T17:00:46.576211+00:00 [queued]>
[2024-08-13T17:00:47.241+0000] {taskinstance.py:2306} INFO - Starting attempt 1 of 1
[2024-08-13T17:00:47.247+0000] {taskinstance.py:2330} INFO - Executing <Task(SqliteOperator): create_table> on 2024-08-13 17:00:46.576211+00:00
[2024-08-13T17:00:47.251+0000] {warnings.py:112} WARNING - /home/***/.local/lib/python3.12/site-packages/***/task/task_runner/standard_task_runner.py:62: DeprecationWarning: This process (pid=1323) is multi-threaded, use of fork() may lead to deadlocks in the child.
  pid = os.fork()

[2024-08-13T17:00:47.252+0000] {standard_task_runner.py:64} INFO - Started process 1324 to run task
[2024-08-13T17:00:47.252+0000] {standard_task_runner.py:90} INFO - Running: ['***', 'tasks', 'run', 'podcast_summary', 'create_table', 'manual__2024-08-13T17:00:46.576211+00:00', '--job-id', '29', '--raw', '--subdir', 'DAGS_FOLDER/dag.py', '--cfg-path', '/tmp/tmpnb5onb93']
[2024-08-13T17:00:47.254+0000] {standard_task_runner.py:91} INFO - Job 29: Subtask create_table
[2024-08-13T17:00:47.277+0000] {task_command.py:426} INFO - Running <TaskInstance: podcast_summary.create_table manual__2024-08-13T17:00:46.576211+00:00 [running]> on host 2370a6900c77
[2024-08-13T17:00:47.319+0000] {taskinstance.py:2648} INFO - Exporting env vars: AIRFLOW_CTX_DAG_OWNER='***' AIRFLOW_CTX_DAG_ID='podcast_summary' AIRFLOW_CTX_TASK_ID='create_table' AIRFLOW_CTX_EXECUTION_DATE='2024-08-13T17:00:46.576211+00:00' AIRFLOW_CTX_TRY_NUMBER='1' AIRFLOW_CTX_DAG_RUN_ID='manual__2024-08-13T17:00:46.576211+00:00'
[2024-08-13T17:00:47.320+0000] {taskinstance.py:430} INFO - ::endgroup::
[2024-08-13T17:00:47.321+0000] {sql.py:282} INFO - Executing: 
    CREATE TABLE IF NOT EXISTS episodes (
        link TEXT PRIMARY KEY,
        title TEXT,
        filename TEXT,
        published TEXT,
        description TEXT,
        transcript TEXT
    );
    
[2024-08-13T17:00:47.324+0000] {base.py:84} INFO - Using connection ID 'sqlite_default' for task execution.
[2024-08-13T17:00:47.329+0000] {base.py:84} INFO - Using connection ID 'sqlite_default' for task execution.
[2024-08-13T17:00:47.329+0000] {sql.py:495} INFO - Running statement: 
    CREATE TABLE IF NOT EXISTS episodes (
        link TEXT PRIMARY KEY,
        title TEXT,
        filename TEXT,
        published TEXT,
        description TEXT,
        transcript TEXT
    );
    , parameters: None
[2024-08-13T17:00:47.330+0000] {taskinstance.py:441} INFO - ::group::Post task execution logs
[2024-08-13T17:00:47.335+0000] {taskinstance.py:1206} INFO - Marking task as SUCCESS. dag_id=podcast_summary, task_id=create_table, run_id=manual__2024-08-13T17:00:46.576211+00:00, execution_date=20240813T170046, start_date=20240813T170047, end_date=20240813T170047
[2024-08-13T17:00:47.347+0000] {local_task_job_runner.py:243} INFO - Task exited with return code 0
[2024-08-13T17:00:47.353+0000] {warnings.py:112} WARNING - /home/***/.local/lib/python3.12/site-packages/***/models/baseoperator.py:1297: AirflowProviderDeprecationWarning: Call to deprecated class SqliteOperator. (Please use `***.providers.common.sql.operators.sql.SQLExecuteQueryOperator`.)
  result = cls.__new__(cls)

[2024-08-13T17:00:47.361+0000] {taskinstance.py:3503} INFO - 1 downstream tasks scheduled from follow-on schedule check
[2024-08-13T17:00:47.362+0000] {local_task_job_runner.py:222} INFO - ::endgroup::
