[2024-08-13T16:57:34.758+0000] {local_task_job_runner.py:120} INFO - ::group::Pre task execution logs
[2024-08-13T16:57:34.772+0000] {taskinstance.py:2076} INFO - Dependencies all met for dep_context=non-requeueable deps ti=<TaskInstance: podcast_summary.load_data manual__2024-08-13T16:57:30.080420+00:00 [queued]>
[2024-08-13T16:57:34.779+0000] {taskinstance.py:2076} INFO - Dependencies all met for dep_context=requeueable deps ti=<TaskInstance: podcast_summary.load_data manual__2024-08-13T16:57:30.080420+00:00 [queued]>
[2024-08-13T16:57:34.779+0000] {taskinstance.py:2306} INFO - Starting attempt 1 of 1
[2024-08-13T16:57:34.788+0000] {taskinstance.py:2330} INFO - Executing <Task(_PythonDecoratedOperator): load_data> on 2024-08-13 16:57:30.080420+00:00
[2024-08-13T16:57:34.793+0000] {warnings.py:112} WARNING - /home/***/.local/lib/python3.12/site-packages/***/task/task_runner/standard_task_runner.py:62: DeprecationWarning: This process (pid=1273) is multi-threaded, use of fork() may lead to deadlocks in the child.
  pid = os.fork()

[2024-08-13T16:57:34.794+0000] {standard_task_runner.py:64} INFO - Started process 1275 to run task
[2024-08-13T16:57:34.798+0000] {standard_task_runner.py:90} INFO - Running: ['***', 'tasks', 'run', 'podcast_summary', 'load_data', 'manual__2024-08-13T16:57:30.080420+00:00', '--job-id', '27', '--raw', '--subdir', 'DAGS_FOLDER/dag.py', '--cfg-path', '/tmp/tmphbwb_odz']
[2024-08-13T16:57:34.802+0000] {standard_task_runner.py:91} INFO - Job 27: Subtask load_data
[2024-08-13T16:57:34.835+0000] {task_command.py:426} INFO - Running <TaskInstance: podcast_summary.load_data manual__2024-08-13T16:57:30.080420+00:00 [running]> on host 2370a6900c77
[2024-08-13T16:57:34.891+0000] {taskinstance.py:2648} INFO - Exporting env vars: AIRFLOW_CTX_DAG_OWNER='***' AIRFLOW_CTX_DAG_ID='podcast_summary' AIRFLOW_CTX_TASK_ID='load_data' AIRFLOW_CTX_EXECUTION_DATE='2024-08-13T16:57:30.080420+00:00' AIRFLOW_CTX_TRY_NUMBER='1' AIRFLOW_CTX_DAG_RUN_ID='manual__2024-08-13T16:57:30.080420+00:00'
[2024-08-13T16:57:34.892+0000] {taskinstance.py:430} INFO - ::endgroup::
[2024-08-13T16:57:35.263+0000] {base.py:84} INFO - Using connection ID 'sqlite_default' for task execution.
[2024-08-13T16:57:35.271+0000] {base.py:84} INFO - Using connection ID 'sqlite_default' for task execution.
[2024-08-13T16:57:35.271+0000] {sql.py:621} INFO - Done loading. Loaded a total of 0 rows into episodes
[2024-08-13T16:57:35.272+0000] {python.py:237} INFO - Done. Returned value was: []
[2024-08-13T16:57:35.272+0000] {taskinstance.py:441} INFO - ::group::Post task execution logs
[2024-08-13T16:57:35.283+0000] {taskinstance.py:1206} INFO - Marking task as SUCCESS. dag_id=podcast_summary, task_id=load_data, run_id=manual__2024-08-13T16:57:30.080420+00:00, execution_date=20240813T165730, start_date=20240813T165734, end_date=20240813T165735
[2024-08-13T16:57:35.332+0000] {local_task_job_runner.py:243} INFO - Task exited with return code 0
[2024-08-13T16:57:35.342+0000] {taskinstance.py:3503} INFO - 0 downstream tasks scheduled from follow-on schedule check
[2024-08-13T16:57:35.343+0000] {local_task_job_runner.py:222} INFO - ::endgroup::
